[0.130s] DEBUG:colcon:Command line arguments: ['/usr/bin/colcon', 'build']
[0.130s] DEBUG:colcon:Parsed command line arguments: Namespace(log_base=None, log_level=None, verb_name='build', build_base='build', install_base='install', merge_install=False, symlink_install=False, test_result_base=None, continue_on_error=False, executor='parallel', parallel_workers=12, event_handlers=None, ignore_user_meta=False, metas=['./colcon.meta'], base_paths=['.'], packages_ignore=None, packages_ignore_regex=None, paths=None, packages_up_to=None, packages_up_to_regex=None, packages_above=None, packages_above_and_dependencies=None, packages_above_depth=None, packages_select_by_dep=None, packages_skip_by_dep=None, packages_skip_up_to=None, packages_select_build_failed=False, packages_skip_build_finished=False, packages_select_test_failures=False, packages_skip_test_passed=False, packages_select=None, packages_skip=None, packages_select_regex=None, packages_skip_regex=None, packages_start=None, packages_end=None, allow_overriding=[], cmake_args=None, cmake_target=None, cmake_target_skip_unavailable=False, cmake_clean_cache=False, cmake_clean_first=False, cmake_force_configure=False, ament_cmake_args=None, catkin_cmake_args=None, catkin_skip_building_tests=False, mixin_files=None, mixin=None, verb_parser=<colcon_mixin.mixin.mixin_argument.MixinArgumentDecorator object at 0x7f61c6429fa0>, verb_extension=<colcon_core.verb.build.BuildVerb object at 0x7f61c6429d30>, main=<bound method BuildVerb.main of <colcon_core.verb.build.BuildVerb object at 0x7f61c6429d30>>, mixin_verb=('build',))
[0.162s] Level 1:colcon.colcon_core.package_discovery:discover_packages(colcon_meta) check parameters
[0.162s] Level 1:colcon.colcon_core.package_discovery:discover_packages(recursive) check parameters
[0.163s] Level 1:colcon.colcon_core.package_discovery:discover_packages(ignore) check parameters
[0.163s] Level 1:colcon.colcon_core.package_discovery:discover_packages(path) check parameters
[0.163s] Level 1:colcon.colcon_core.package_discovery:discover_packages(colcon_meta) discover
[0.163s] Level 1:colcon.colcon_core.package_discovery:discover_packages(recursive) discover
[0.163s] INFO:colcon.colcon_core.package_discovery:Crawling recursively for packages in '/home/julian/workspace/Studium/ros2_ws'
[0.163s] Level 1:colcon.colcon_core.package_identification:_identify(.) by extensions ['ignore', 'ignore_ament_install']
[0.163s] Level 1:colcon.colcon_core.package_identification:_identify(.) by extension 'ignore'
[0.163s] Level 1:colcon.colcon_core.package_identification:_identify(.) by extension 'ignore_ament_install'
[0.163s] Level 1:colcon.colcon_core.package_identification:_identify(.) by extensions ['colcon_pkg']
[0.163s] Level 1:colcon.colcon_core.package_identification:_identify(.) by extension 'colcon_pkg'
[0.163s] Level 1:colcon.colcon_core.package_identification:_identify(.) by extensions ['colcon_meta']
[0.163s] Level 1:colcon.colcon_core.package_identification:_identify(.) by extension 'colcon_meta'
[0.163s] Level 1:colcon.colcon_core.package_identification:_identify(.) by extensions ['ros']
[0.163s] Level 1:colcon.colcon_core.package_identification:_identify(.) by extension 'ros'
[0.186s] Level 1:colcon.colcon_core.package_identification:_identify(.) by extensions ['cmake', 'python']
[0.186s] Level 1:colcon.colcon_core.package_identification:_identify(.) by extension 'cmake'
[0.186s] Level 1:colcon.colcon_core.package_identification:_identify(.) by extension 'python'
[0.186s] Level 1:colcon.colcon_core.package_identification:_identify(.) by extensions ['python_setup_py']
[0.186s] Level 1:colcon.colcon_core.package_identification:_identify(.) by extension 'python_setup_py'
[0.186s] Level 1:colcon.colcon_core.package_identification:_identify(build) by extensions ['ignore', 'ignore_ament_install']
[0.186s] Level 1:colcon.colcon_core.package_identification:_identify(build) by extension 'ignore'
[0.186s] Level 1:colcon.colcon_core.package_identification:_identify(build) ignored
[0.186s] Level 1:colcon.colcon_core.package_identification:_identify(install) by extensions ['ignore', 'ignore_ament_install']
[0.186s] Level 1:colcon.colcon_core.package_identification:_identify(install) by extension 'ignore'
[0.186s] Level 1:colcon.colcon_core.package_identification:_identify(install) ignored
[0.186s] Level 1:colcon.colcon_core.package_identification:_identify(log) by extensions ['ignore', 'ignore_ament_install']
[0.187s] Level 1:colcon.colcon_core.package_identification:_identify(log) by extension 'ignore'
[0.187s] Level 1:colcon.colcon_core.package_identification:_identify(log) ignored
[0.187s] Level 1:colcon.colcon_core.package_identification:_identify(py_pubsub) by extensions ['ignore', 'ignore_ament_install']
[0.187s] Level 1:colcon.colcon_core.package_identification:_identify(py_pubsub) by extension 'ignore'
[0.187s] Level 1:colcon.colcon_core.package_identification:_identify(py_pubsub) by extension 'ignore_ament_install'
[0.187s] Level 1:colcon.colcon_core.package_identification:_identify(py_pubsub) by extensions ['colcon_pkg']
[0.187s] Level 1:colcon.colcon_core.package_identification:_identify(py_pubsub) by extension 'colcon_pkg'
[0.187s] Level 1:colcon.colcon_core.package_identification:_identify(py_pubsub) by extensions ['colcon_meta']
[0.187s] Level 1:colcon.colcon_core.package_identification:_identify(py_pubsub) by extension 'colcon_meta'
[0.187s] Level 1:colcon.colcon_core.package_identification:_identify(py_pubsub) by extensions ['ros']
[0.187s] Level 1:colcon.colcon_core.package_identification:_identify(py_pubsub) by extension 'ros'
[0.189s] DEBUG:colcon.colcon_core.package_identification:Package 'py_pubsub' with type 'ros.ament_python' and name 'py_pubsub'
[0.189s] Level 1:colcon.colcon_core.package_identification:_identify(py_pubsub_interfaces) by extensions ['ignore', 'ignore_ament_install']
[0.189s] Level 1:colcon.colcon_core.package_identification:_identify(py_pubsub_interfaces) by extension 'ignore'
[0.189s] Level 1:colcon.colcon_core.package_identification:_identify(py_pubsub_interfaces) by extension 'ignore_ament_install'
[0.189s] Level 1:colcon.colcon_core.package_identification:_identify(py_pubsub_interfaces) by extensions ['colcon_pkg']
[0.189s] Level 1:colcon.colcon_core.package_identification:_identify(py_pubsub_interfaces) by extension 'colcon_pkg'
[0.189s] Level 1:colcon.colcon_core.package_identification:_identify(py_pubsub_interfaces) by extensions ['colcon_meta']
[0.189s] Level 1:colcon.colcon_core.package_identification:_identify(py_pubsub_interfaces) by extension 'colcon_meta'
[0.189s] Level 1:colcon.colcon_core.package_identification:_identify(py_pubsub_interfaces) by extensions ['ros']
[0.189s] Level 1:colcon.colcon_core.package_identification:_identify(py_pubsub_interfaces) by extension 'ros'
[0.189s] Level 1:colcon.colcon_core.package_identification:_identify(py_pubsub_interfaces) by extensions ['cmake', 'python']
[0.189s] Level 1:colcon.colcon_core.package_identification:_identify(py_pubsub_interfaces) by extension 'cmake'
[0.189s] Level 1:colcon.colcon_core.package_identification:_identify(py_pubsub_interfaces) by extension 'python'
[0.189s] Level 1:colcon.colcon_core.package_identification:_identify(py_pubsub_interfaces) by extensions ['python_setup_py']
[0.189s] Level 1:colcon.colcon_core.package_identification:_identify(py_pubsub_interfaces) by extension 'python_setup_py'
[0.190s] Level 1:colcon.colcon_core.package_identification:_identify(py_pubsub_interfaces/msg) by extensions ['ignore', 'ignore_ament_install']
[0.190s] Level 1:colcon.colcon_core.package_identification:_identify(py_pubsub_interfaces/msg) by extension 'ignore'
[0.190s] Level 1:colcon.colcon_core.package_identification:_identify(py_pubsub_interfaces/msg) by extension 'ignore_ament_install'
[0.190s] Level 1:colcon.colcon_core.package_identification:_identify(py_pubsub_interfaces/msg) by extensions ['colcon_pkg']
[0.190s] Level 1:colcon.colcon_core.package_identification:_identify(py_pubsub_interfaces/msg) by extension 'colcon_pkg'
[0.190s] Level 1:colcon.colcon_core.package_identification:_identify(py_pubsub_interfaces/msg) by extensions ['colcon_meta']
[0.190s] Level 1:colcon.colcon_core.package_identification:_identify(py_pubsub_interfaces/msg) by extension 'colcon_meta'
[0.190s] Level 1:colcon.colcon_core.package_identification:_identify(py_pubsub_interfaces/msg) by extensions ['ros']
[0.190s] Level 1:colcon.colcon_core.package_identification:_identify(py_pubsub_interfaces/msg) by extension 'ros'
[0.190s] Level 1:colcon.colcon_core.package_identification:_identify(py_pubsub_interfaces/msg) by extensions ['cmake', 'python']
[0.190s] Level 1:colcon.colcon_core.package_identification:_identify(py_pubsub_interfaces/msg) by extension 'cmake'
[0.190s] Level 1:colcon.colcon_core.package_identification:_identify(py_pubsub_interfaces/msg) by extension 'python'
[0.190s] Level 1:colcon.colcon_core.package_identification:_identify(py_pubsub_interfaces/msg) by extensions ['python_setup_py']
[0.190s] Level 1:colcon.colcon_core.package_identification:_identify(py_pubsub_interfaces/msg) by extension 'python_setup_py'
[0.190s] Level 1:colcon.colcon_core.package_identification:_identify(src) by extensions ['ignore', 'ignore_ament_install']
[0.190s] Level 1:colcon.colcon_core.package_identification:_identify(src) by extension 'ignore'
[0.190s] Level 1:colcon.colcon_core.package_identification:_identify(src) by extension 'ignore_ament_install'
[0.190s] Level 1:colcon.colcon_core.package_identification:_identify(src) by extensions ['colcon_pkg']
[0.190s] Level 1:colcon.colcon_core.package_identification:_identify(src) by extension 'colcon_pkg'
[0.190s] Level 1:colcon.colcon_core.package_identification:_identify(src) by extensions ['colcon_meta']
[0.190s] Level 1:colcon.colcon_core.package_identification:_identify(src) by extension 'colcon_meta'
[0.190s] Level 1:colcon.colcon_core.package_identification:_identify(src) by extensions ['ros']
[0.190s] Level 1:colcon.colcon_core.package_identification:_identify(src) by extension 'ros'
[0.191s] Level 1:colcon.colcon_core.package_identification:_identify(src) by extensions ['cmake', 'python']
[0.191s] Level 1:colcon.colcon_core.package_identification:_identify(src) by extension 'cmake'
[0.191s] Level 1:colcon.colcon_core.package_identification:_identify(src) by extension 'python'
[0.191s] Level 1:colcon.colcon_core.package_identification:_identify(src) by extensions ['python_setup_py']
[0.191s] Level 1:colcon.colcon_core.package_identification:_identify(src) by extension 'python_setup_py'
[0.191s] Level 1:colcon.colcon_core.package_identification:_identify(src/chatting) by extensions ['ignore', 'ignore_ament_install']
[0.191s] Level 1:colcon.colcon_core.package_identification:_identify(src/chatting) by extension 'ignore'
[0.191s] Level 1:colcon.colcon_core.package_identification:_identify(src/chatting) by extension 'ignore_ament_install'
[0.191s] Level 1:colcon.colcon_core.package_identification:_identify(src/chatting) by extensions ['colcon_pkg']
[0.191s] Level 1:colcon.colcon_core.package_identification:_identify(src/chatting) by extension 'colcon_pkg'
[0.191s] Level 1:colcon.colcon_core.package_identification:_identify(src/chatting) by extensions ['colcon_meta']
[0.191s] Level 1:colcon.colcon_core.package_identification:_identify(src/chatting) by extension 'colcon_meta'
[0.191s] Level 1:colcon.colcon_core.package_identification:_identify(src/chatting) by extensions ['ros']
[0.191s] Level 1:colcon.colcon_core.package_identification:_identify(src/chatting) by extension 'ros'
[0.192s] DEBUG:colcon.colcon_core.package_identification:Package 'src/chatting' with type 'ros.ament_cmake' and name 'chatting'
[0.192s] Level 1:colcon.colcon_core.package_identification:_identify(src/cpp_pubsub) by extensions ['ignore', 'ignore_ament_install']
[0.192s] Level 1:colcon.colcon_core.package_identification:_identify(src/cpp_pubsub) by extension 'ignore'
[0.192s] Level 1:colcon.colcon_core.package_identification:_identify(src/cpp_pubsub) by extension 'ignore_ament_install'
[0.192s] Level 1:colcon.colcon_core.package_identification:_identify(src/cpp_pubsub) by extensions ['colcon_pkg']
[0.192s] Level 1:colcon.colcon_core.package_identification:_identify(src/cpp_pubsub) by extension 'colcon_pkg'
[0.192s] Level 1:colcon.colcon_core.package_identification:_identify(src/cpp_pubsub) by extensions ['colcon_meta']
[0.192s] Level 1:colcon.colcon_core.package_identification:_identify(src/cpp_pubsub) by extension 'colcon_meta'
[0.192s] Level 1:colcon.colcon_core.package_identification:_identify(src/cpp_pubsub) by extensions ['ros']
[0.192s] Level 1:colcon.colcon_core.package_identification:_identify(src/cpp_pubsub) by extension 'ros'
[0.193s] DEBUG:colcon.colcon_core.package_identification:Package 'src/cpp_pubsub' with type 'ros.ament_cmake' and name 'cpp_pubsub'
[0.193s] Level 1:colcon.colcon_core.package_identification:_identify(src/log) by extensions ['ignore', 'ignore_ament_install']
[0.193s] Level 1:colcon.colcon_core.package_identification:_identify(src/log) by extension 'ignore'
[0.193s] Level 1:colcon.colcon_core.package_identification:_identify(src/log) ignored
[0.193s] Level 1:colcon.colcon_core.package_identification:_identify(src/more_interfaces) by extensions ['ignore', 'ignore_ament_install']
[0.193s] Level 1:colcon.colcon_core.package_identification:_identify(src/more_interfaces) by extension 'ignore'
[0.193s] Level 1:colcon.colcon_core.package_identification:_identify(src/more_interfaces) by extension 'ignore_ament_install'
[0.193s] Level 1:colcon.colcon_core.package_identification:_identify(src/more_interfaces) by extensions ['colcon_pkg']
[0.193s] Level 1:colcon.colcon_core.package_identification:_identify(src/more_interfaces) by extension 'colcon_pkg'
[0.193s] Level 1:colcon.colcon_core.package_identification:_identify(src/more_interfaces) by extensions ['colcon_meta']
[0.193s] Level 1:colcon.colcon_core.package_identification:_identify(src/more_interfaces) by extension 'colcon_meta'
[0.193s] Level 1:colcon.colcon_core.package_identification:_identify(src/more_interfaces) by extensions ['ros']
[0.193s] Level 1:colcon.colcon_core.package_identification:_identify(src/more_interfaces) by extension 'ros'
[0.194s] DEBUG:colcon.colcon_core.package_identification:Package 'src/more_interfaces' with type 'ros.ament_cmake' and name 'more_interfaces'
[0.194s] Level 1:colcon.colcon_core.package_identification:_identify(src/test_controller) by extensions ['ignore', 'ignore_ament_install']
[0.194s] Level 1:colcon.colcon_core.package_identification:_identify(src/test_controller) by extension 'ignore'
[0.194s] Level 1:colcon.colcon_core.package_identification:_identify(src/test_controller) by extension 'ignore_ament_install'
[0.194s] Level 1:colcon.colcon_core.package_identification:_identify(src/test_controller) by extensions ['colcon_pkg']
[0.194s] Level 1:colcon.colcon_core.package_identification:_identify(src/test_controller) by extension 'colcon_pkg'
[0.194s] Level 1:colcon.colcon_core.package_identification:_identify(src/test_controller) by extensions ['colcon_meta']
[0.194s] Level 1:colcon.colcon_core.package_identification:_identify(src/test_controller) by extension 'colcon_meta'
[0.194s] Level 1:colcon.colcon_core.package_identification:_identify(src/test_controller) by extensions ['ros']
[0.194s] Level 1:colcon.colcon_core.package_identification:_identify(src/test_controller) by extension 'ros'
[0.195s] DEBUG:colcon.colcon_core.package_identification:Package 'src/test_controller' with type 'ros.ament_python' and name 'test_controller'
[0.195s] Level 1:colcon.colcon_core.package_discovery:discover_packages(recursive) using defaults
[0.195s] Level 1:colcon.colcon_core.package_discovery:discover_packages(ignore) discover
[0.195s] Level 1:colcon.colcon_core.package_discovery:discover_packages(ignore) using defaults
[0.195s] Level 1:colcon.colcon_core.package_discovery:discover_packages(path) discover
[0.195s] Level 1:colcon.colcon_core.package_discovery:discover_packages(path) using defaults
[0.212s] Level 1:colcon.colcon_core.package_discovery:discover_packages(prefix_path) check parameters
[0.212s] Level 1:colcon.colcon_core.package_discovery:discover_packages(prefix_path) discover
[0.213s] DEBUG:colcon.colcon_installed_package_information.package_discovery:Found 5 installed packages in /home/julian/workspace/Studium/ros2_ws/install
[0.214s] DEBUG:colcon.colcon_installed_package_information.package_discovery:Found 322 installed packages in /opt/ros/kilted
[0.215s] Level 1:colcon.colcon_core.package_discovery:discover_packages(prefix_path) using defaults
[0.251s] Level 5:colcon.colcon_core.verb:set package 'chatting' build argument 'cmake_args' from command line to 'None'
[0.258s] Level 5:colcon.colcon_core.verb:set package 'chatting' build argument 'cmake_target' from command line to 'None'
[0.258s] Level 5:colcon.colcon_core.verb:set package 'chatting' build argument 'cmake_target_skip_unavailable' from command line to 'False'
[0.258s] Level 5:colcon.colcon_core.verb:set package 'chatting' build argument 'cmake_clean_cache' from command line to 'False'
[0.258s] Level 5:colcon.colcon_core.verb:set package 'chatting' build argument 'cmake_clean_first' from command line to 'False'
[0.258s] Level 5:colcon.colcon_core.verb:set package 'chatting' build argument 'cmake_force_configure' from command line to 'False'
[0.258s] Level 5:colcon.colcon_core.verb:set package 'chatting' build argument 'ament_cmake_args' from command line to 'None'
[0.258s] Level 5:colcon.colcon_core.verb:set package 'chatting' build argument 'catkin_cmake_args' from command line to 'None'
[0.258s] Level 5:colcon.colcon_core.verb:set package 'chatting' build argument 'catkin_skip_building_tests' from command line to 'False'
[0.258s] DEBUG:colcon.colcon_core.verb:Building package 'chatting' with the following arguments: {'ament_cmake_args': None, 'build_base': '/home/julian/workspace/Studium/ros2_ws/build/chatting', 'catkin_cmake_args': None, 'catkin_skip_building_tests': False, 'cmake_args': None, 'cmake_clean_cache': False, 'cmake_clean_first': False, 'cmake_force_configure': False, 'cmake_target': None, 'cmake_target_skip_unavailable': False, 'install_base': '/home/julian/workspace/Studium/ros2_ws/install/chatting', 'merge_install': False, 'path': '/home/julian/workspace/Studium/ros2_ws/src/chatting', 'symlink_install': False, 'test_result_base': None}
[0.258s] Level 5:colcon.colcon_core.verb:set package 'cpp_pubsub' build argument 'cmake_args' from command line to 'None'
[0.258s] Level 5:colcon.colcon_core.verb:set package 'cpp_pubsub' build argument 'cmake_target' from command line to 'None'
[0.258s] Level 5:colcon.colcon_core.verb:set package 'cpp_pubsub' build argument 'cmake_target_skip_unavailable' from command line to 'False'
[0.258s] Level 5:colcon.colcon_core.verb:set package 'cpp_pubsub' build argument 'cmake_clean_cache' from command line to 'False'
[0.258s] Level 5:colcon.colcon_core.verb:set package 'cpp_pubsub' build argument 'cmake_clean_first' from command line to 'False'
[0.258s] Level 5:colcon.colcon_core.verb:set package 'cpp_pubsub' build argument 'cmake_force_configure' from command line to 'False'
[0.258s] Level 5:colcon.colcon_core.verb:set package 'cpp_pubsub' build argument 'ament_cmake_args' from command line to 'None'
[0.258s] Level 5:colcon.colcon_core.verb:set package 'cpp_pubsub' build argument 'catkin_cmake_args' from command line to 'None'
[0.258s] Level 5:colcon.colcon_core.verb:set package 'cpp_pubsub' build argument 'catkin_skip_building_tests' from command line to 'False'
[0.258s] DEBUG:colcon.colcon_core.verb:Building package 'cpp_pubsub' with the following arguments: {'ament_cmake_args': None, 'build_base': '/home/julian/workspace/Studium/ros2_ws/build/cpp_pubsub', 'catkin_cmake_args': None, 'catkin_skip_building_tests': False, 'cmake_args': None, 'cmake_clean_cache': False, 'cmake_clean_first': False, 'cmake_force_configure': False, 'cmake_target': None, 'cmake_target_skip_unavailable': False, 'install_base': '/home/julian/workspace/Studium/ros2_ws/install/cpp_pubsub', 'merge_install': False, 'path': '/home/julian/workspace/Studium/ros2_ws/src/cpp_pubsub', 'symlink_install': False, 'test_result_base': None}
[0.259s] Level 5:colcon.colcon_core.verb:set package 'more_interfaces' build argument 'cmake_args' from command line to 'None'
[0.259s] Level 5:colcon.colcon_core.verb:set package 'more_interfaces' build argument 'cmake_target' from command line to 'None'
[0.259s] Level 5:colcon.colcon_core.verb:set package 'more_interfaces' build argument 'cmake_target_skip_unavailable' from command line to 'False'
[0.259s] Level 5:colcon.colcon_core.verb:set package 'more_interfaces' build argument 'cmake_clean_cache' from command line to 'False'
[0.259s] Level 5:colcon.colcon_core.verb:set package 'more_interfaces' build argument 'cmake_clean_first' from command line to 'False'
[0.259s] Level 5:colcon.colcon_core.verb:set package 'more_interfaces' build argument 'cmake_force_configure' from command line to 'False'
[0.259s] Level 5:colcon.colcon_core.verb:set package 'more_interfaces' build argument 'ament_cmake_args' from command line to 'None'
[0.259s] Level 5:colcon.colcon_core.verb:set package 'more_interfaces' build argument 'catkin_cmake_args' from command line to 'None'
[0.259s] Level 5:colcon.colcon_core.verb:set package 'more_interfaces' build argument 'catkin_skip_building_tests' from command line to 'False'
[0.259s] DEBUG:colcon.colcon_core.verb:Building package 'more_interfaces' with the following arguments: {'ament_cmake_args': None, 'build_base': '/home/julian/workspace/Studium/ros2_ws/build/more_interfaces', 'catkin_cmake_args': None, 'catkin_skip_building_tests': False, 'cmake_args': None, 'cmake_clean_cache': False, 'cmake_clean_first': False, 'cmake_force_configure': False, 'cmake_target': None, 'cmake_target_skip_unavailable': False, 'install_base': '/home/julian/workspace/Studium/ros2_ws/install/more_interfaces', 'merge_install': False, 'path': '/home/julian/workspace/Studium/ros2_ws/src/more_interfaces', 'symlink_install': False, 'test_result_base': None}
[0.259s] Level 5:colcon.colcon_core.verb:set package 'py_pubsub' build argument 'cmake_args' from command line to 'None'
[0.259s] Level 5:colcon.colcon_core.verb:set package 'py_pubsub' build argument 'cmake_target' from command line to 'None'
[0.259s] Level 5:colcon.colcon_core.verb:set package 'py_pubsub' build argument 'cmake_target_skip_unavailable' from command line to 'False'
[0.259s] Level 5:colcon.colcon_core.verb:set package 'py_pubsub' build argument 'cmake_clean_cache' from command line to 'False'
[0.259s] Level 5:colcon.colcon_core.verb:set package 'py_pubsub' build argument 'cmake_clean_first' from command line to 'False'
[0.259s] Level 5:colcon.colcon_core.verb:set package 'py_pubsub' build argument 'cmake_force_configure' from command line to 'False'
[0.259s] Level 5:colcon.colcon_core.verb:set package 'py_pubsub' build argument 'ament_cmake_args' from command line to 'None'
[0.259s] Level 5:colcon.colcon_core.verb:set package 'py_pubsub' build argument 'catkin_cmake_args' from command line to 'None'
[0.259s] Level 5:colcon.colcon_core.verb:set package 'py_pubsub' build argument 'catkin_skip_building_tests' from command line to 'False'
[0.259s] DEBUG:colcon.colcon_core.verb:Building package 'py_pubsub' with the following arguments: {'ament_cmake_args': None, 'build_base': '/home/julian/workspace/Studium/ros2_ws/build/py_pubsub', 'catkin_cmake_args': None, 'catkin_skip_building_tests': False, 'cmake_args': None, 'cmake_clean_cache': False, 'cmake_clean_first': False, 'cmake_force_configure': False, 'cmake_target': None, 'cmake_target_skip_unavailable': False, 'install_base': '/home/julian/workspace/Studium/ros2_ws/install/py_pubsub', 'merge_install': False, 'path': '/home/julian/workspace/Studium/ros2_ws/py_pubsub', 'symlink_install': False, 'test_result_base': None}
[0.259s] Level 5:colcon.colcon_core.verb:set package 'test_controller' build argument 'cmake_args' from command line to 'None'
[0.259s] Level 5:colcon.colcon_core.verb:set package 'test_controller' build argument 'cmake_target' from command line to 'None'
[0.259s] Level 5:colcon.colcon_core.verb:set package 'test_controller' build argument 'cmake_target_skip_unavailable' from command line to 'False'
[0.259s] Level 5:colcon.colcon_core.verb:set package 'test_controller' build argument 'cmake_clean_cache' from command line to 'False'
[0.259s] Level 5:colcon.colcon_core.verb:set package 'test_controller' build argument 'cmake_clean_first' from command line to 'False'
[0.259s] Level 5:colcon.colcon_core.verb:set package 'test_controller' build argument 'cmake_force_configure' from command line to 'False'
[0.259s] Level 5:colcon.colcon_core.verb:set package 'test_controller' build argument 'ament_cmake_args' from command line to 'None'
[0.259s] Level 5:colcon.colcon_core.verb:set package 'test_controller' build argument 'catkin_cmake_args' from command line to 'None'
[0.259s] Level 5:colcon.colcon_core.verb:set package 'test_controller' build argument 'catkin_skip_building_tests' from command line to 'False'
[0.259s] DEBUG:colcon.colcon_core.verb:Building package 'test_controller' with the following arguments: {'ament_cmake_args': None, 'build_base': '/home/julian/workspace/Studium/ros2_ws/build/test_controller', 'catkin_cmake_args': None, 'catkin_skip_building_tests': False, 'cmake_args': None, 'cmake_clean_cache': False, 'cmake_clean_first': False, 'cmake_force_configure': False, 'cmake_target': None, 'cmake_target_skip_unavailable': False, 'install_base': '/home/julian/workspace/Studium/ros2_ws/install/test_controller', 'merge_install': False, 'path': '/home/julian/workspace/Studium/ros2_ws/src/test_controller', 'symlink_install': False, 'test_result_base': None}
[0.259s] INFO:colcon.colcon_core.executor:Executing jobs using 'parallel' executor
[0.260s] DEBUG:colcon.colcon_parallel_executor.executor.parallel:run_until_complete
[0.261s] INFO:colcon.colcon_ros.task.ament_cmake.build:Building ROS package in '/home/julian/workspace/Studium/ros2_ws/src/chatting' with build type 'ament_cmake'
[0.262s] INFO:colcon.colcon_cmake.task.cmake.build:Building CMake package in '/home/julian/workspace/Studium/ros2_ws/src/chatting'
[0.264s] INFO:colcon.colcon_core.plugin_system:Skipping extension 'colcon_core.shell.bat': Not used on non-Windows systems
[0.264s] INFO:colcon.colcon_core.shell:Skip shell extension 'powershell' for command environment: Not usable outside of PowerShell
[0.264s] DEBUG:colcon.colcon_core.shell:Skip shell extension 'dsv' for command environment
[0.267s] INFO:colcon.colcon_ros.task.ament_cmake.build:Building ROS package in '/home/julian/workspace/Studium/ros2_ws/src/cpp_pubsub' with build type 'ament_cmake'
[0.267s] INFO:colcon.colcon_cmake.task.cmake.build:Building CMake package in '/home/julian/workspace/Studium/ros2_ws/src/cpp_pubsub'
[0.267s] INFO:colcon.colcon_core.shell:Skip shell extension 'powershell' for command environment: Not usable outside of PowerShell
[0.267s] DEBUG:colcon.colcon_core.shell:Skip shell extension 'dsv' for command environment
[0.270s] INFO:colcon.colcon_ros.task.ament_cmake.build:Building ROS package in '/home/julian/workspace/Studium/ros2_ws/src/more_interfaces' with build type 'ament_cmake'
[0.270s] INFO:colcon.colcon_cmake.task.cmake.build:Building CMake package in '/home/julian/workspace/Studium/ros2_ws/src/more_interfaces'
[0.270s] INFO:colcon.colcon_core.shell:Skip shell extension 'powershell' for command environment: Not usable outside of PowerShell
[0.270s] DEBUG:colcon.colcon_core.shell:Skip shell extension 'dsv' for command environment
[0.273s] INFO:colcon.colcon_ros.task.ament_python.build:Building ROS package in '/home/julian/workspace/Studium/ros2_ws/py_pubsub' with build type 'ament_python'
[0.273s] Level 1:colcon.colcon_core.shell:create_environment_hook('py_pubsub', 'ament_prefix_path')
[0.273s] INFO:colcon.colcon_core.shell:Creating environment hook '/home/julian/workspace/Studium/ros2_ws/install/py_pubsub/share/py_pubsub/hook/ament_prefix_path.ps1'
[0.274s] INFO:colcon.colcon_core.shell:Creating environment descriptor '/home/julian/workspace/Studium/ros2_ws/install/py_pubsub/share/py_pubsub/hook/ament_prefix_path.dsv'
[0.275s] INFO:colcon.colcon_core.shell:Creating environment hook '/home/julian/workspace/Studium/ros2_ws/install/py_pubsub/share/py_pubsub/hook/ament_prefix_path.sh'
[0.275s] INFO:colcon.colcon_core.shell:Skip shell extension 'powershell' for command environment: Not usable outside of PowerShell
[0.275s] DEBUG:colcon.colcon_core.shell:Skip shell extension 'dsv' for command environment
[0.279s] INFO:colcon.colcon_ros.task.ament_python.build:Building ROS package in '/home/julian/workspace/Studium/ros2_ws/src/test_controller' with build type 'ament_python'
[0.280s] Level 1:colcon.colcon_core.shell:create_environment_hook('test_controller', 'ament_prefix_path')
[0.281s] INFO:colcon.colcon_core.shell:Creating environment hook '/home/julian/workspace/Studium/ros2_ws/install/test_controller/share/test_controller/hook/ament_prefix_path.ps1'
[0.281s] INFO:colcon.colcon_core.shell:Creating environment descriptor '/home/julian/workspace/Studium/ros2_ws/install/test_controller/share/test_controller/hook/ament_prefix_path.dsv'
[0.282s] INFO:colcon.colcon_core.shell:Creating environment hook '/home/julian/workspace/Studium/ros2_ws/install/test_controller/share/test_controller/hook/ament_prefix_path.sh'
[0.282s] INFO:colcon.colcon_core.shell:Skip shell extension 'powershell' for command environment: Not usable outside of PowerShell
[0.282s] DEBUG:colcon.colcon_core.shell:Skip shell extension 'dsv' for command environment
[0.296s] DEBUG:colcon.colcon_core.event_handler.log_command:Invoking command in '/home/julian/workspace/Studium/ros2_ws/build/chatting': CMAKE_PREFIX_PATH=${CMAKE_PREFIX_PATH}:/home/julian/workspace/Studium/ros2_ws/install/py_pubsub:/home/julian/workspace/Studium/ros2_ws/install/test_controller:/opt/ros/kilted /usr/bin/cmake --build /home/julian/workspace/Studium/ros2_ws/build/chatting -- -j12 -l12
[0.297s] DEBUG:colcon.colcon_core.event_handler.log_command:Invoking command in '/home/julian/workspace/Studium/ros2_ws/build/cpp_pubsub': CMAKE_PREFIX_PATH=${CMAKE_PREFIX_PATH}:/home/julian/workspace/Studium/ros2_ws/install/py_pubsub:/home/julian/workspace/Studium/ros2_ws/install/test_controller:/opt/ros/kilted /usr/bin/cmake --build /home/julian/workspace/Studium/ros2_ws/build/cpp_pubsub -- -j12 -l12
[0.299s] DEBUG:colcon.colcon_core.event_handler.log_command:Invoking command in '/home/julian/workspace/Studium/ros2_ws/build/more_interfaces': CMAKE_PREFIX_PATH=${CMAKE_PREFIX_PATH}:/home/julian/workspace/Studium/ros2_ws/install/py_pubsub:/home/julian/workspace/Studium/ros2_ws/install/test_controller:/opt/ros/kilted /usr/bin/cmake --build /home/julian/workspace/Studium/ros2_ws/build/more_interfaces -- -j12 -l12
[0.546s] INFO:colcon.colcon_core.task.python.build:Building Python package in '/home/julian/workspace/Studium/ros2_ws/py_pubsub'
[0.547s] INFO:colcon.colcon_core.shell:Skip shell extension 'powershell' for command environment: Not usable outside of PowerShell
[0.547s] DEBUG:colcon.colcon_core.shell:Skip shell extension 'dsv' for command environment
[0.743s] INFO:colcon.colcon_core.task.python.build:Building Python package in '/home/julian/workspace/Studium/ros2_ws/src/test_controller'
[0.743s] INFO:colcon.colcon_core.shell:Skip shell extension 'powershell' for command environment: Not usable outside of PowerShell
[0.743s] DEBUG:colcon.colcon_core.shell:Skip shell extension 'dsv' for command environment
[0.747s] DEBUG:colcon.colcon_core.event_handler.log_command:Invoked command in '/home/julian/workspace/Studium/ros2_ws/build/cpp_pubsub' returned '0': CMAKE_PREFIX_PATH=${CMAKE_PREFIX_PATH}:/home/julian/workspace/Studium/ros2_ws/install/py_pubsub:/home/julian/workspace/Studium/ros2_ws/install/test_controller:/opt/ros/kilted /usr/bin/cmake --build /home/julian/workspace/Studium/ros2_ws/build/cpp_pubsub -- -j12 -l12
[0.755s] DEBUG:colcon.colcon_core.event_handler.log_command:Invoking command in '/home/julian/workspace/Studium/ros2_ws/build/cpp_pubsub': CMAKE_PREFIX_PATH=${CMAKE_PREFIX_PATH}:/home/julian/workspace/Studium/ros2_ws/install/py_pubsub:/home/julian/workspace/Studium/ros2_ws/install/test_controller:/opt/ros/kilted /usr/bin/cmake --install /home/julian/workspace/Studium/ros2_ws/build/cpp_pubsub
[0.756s] DEBUG:colcon.colcon_core.event_handler.log_command:Invoked command in '/home/julian/workspace/Studium/ros2_ws/build/more_interfaces' returned '0': CMAKE_PREFIX_PATH=${CMAKE_PREFIX_PATH}:/home/julian/workspace/Studium/ros2_ws/install/py_pubsub:/home/julian/workspace/Studium/ros2_ws/install/test_controller:/opt/ros/kilted /usr/bin/cmake --build /home/julian/workspace/Studium/ros2_ws/build/more_interfaces -- -j12 -l12
[0.757s] DEBUG:colcon.colcon_core.event_handler.log_command:Invoking command in '/home/julian/workspace/Studium/ros2_ws/build/more_interfaces': CMAKE_PREFIX_PATH=${CMAKE_PREFIX_PATH}:/home/julian/workspace/Studium/ros2_ws/install/py_pubsub:/home/julian/workspace/Studium/ros2_ws/install/test_controller:/opt/ros/kilted /usr/bin/cmake --install /home/julian/workspace/Studium/ros2_ws/build/more_interfaces
[0.768s] DEBUG:colcon.colcon_core.event_handler.log_command:Invoked command in '/home/julian/workspace/Studium/ros2_ws/build/chatting' returned '0': CMAKE_PREFIX_PATH=${CMAKE_PREFIX_PATH}:/home/julian/workspace/Studium/ros2_ws/install/py_pubsub:/home/julian/workspace/Studium/ros2_ws/install/test_controller:/opt/ros/kilted /usr/bin/cmake --build /home/julian/workspace/Studium/ros2_ws/build/chatting -- -j12 -l12
[0.777s] DEBUG:colcon.colcon_core.event_handler.log_command:Invoking command in '/home/julian/workspace/Studium/ros2_ws/build/chatting': CMAKE_PREFIX_PATH=${CMAKE_PREFIX_PATH}:/home/julian/workspace/Studium/ros2_ws/install/py_pubsub:/home/julian/workspace/Studium/ros2_ws/install/test_controller:/opt/ros/kilted /usr/bin/cmake --install /home/julian/workspace/Studium/ros2_ws/build/chatting
[0.787s] Level 1:colcon.colcon_core.environment:create_environment_scripts_only(more_interfaces)
[0.798s] DEBUG:colcon.colcon_core.event_handler.log_command:Invoked command in '/home/julian/workspace/Studium/ros2_ws/build/more_interfaces' returned '0': CMAKE_PREFIX_PATH=${CMAKE_PREFIX_PATH}:/home/julian/workspace/Studium/ros2_ws/install/py_pubsub:/home/julian/workspace/Studium/ros2_ws/install/test_controller:/opt/ros/kilted /usr/bin/cmake --install /home/julian/workspace/Studium/ros2_ws/build/more_interfaces
[0.801s] Level 1:colcon.colcon_core.environment:checking '/home/julian/workspace/Studium/ros2_ws/install/more_interfaces' for CMake module files
[0.802s] Level 1:colcon.colcon_core.environment:checking '/home/julian/workspace/Studium/ros2_ws/install/more_interfaces' for CMake config files
[0.802s] Level 1:colcon.colcon_core.shell:create_environment_hook('more_interfaces', 'cmake_prefix_path')
[0.802s] INFO:colcon.colcon_core.shell:Creating environment hook '/home/julian/workspace/Studium/ros2_ws/install/more_interfaces/share/more_interfaces/hook/cmake_prefix_path.ps1'
[0.803s] INFO:colcon.colcon_core.shell:Creating environment descriptor '/home/julian/workspace/Studium/ros2_ws/install/more_interfaces/share/more_interfaces/hook/cmake_prefix_path.dsv'
[0.803s] INFO:colcon.colcon_core.shell:Creating environment hook '/home/julian/workspace/Studium/ros2_ws/install/more_interfaces/share/more_interfaces/hook/cmake_prefix_path.sh'
[0.804s] Level 1:colcon.colcon_core.environment:checking '/home/julian/workspace/Studium/ros2_ws/install/more_interfaces/bin'
[0.804s] Level 1:colcon.colcon_core.environment:checking '/home/julian/workspace/Studium/ros2_ws/install/more_interfaces/lib/pkgconfig/more_interfaces.pc'
[0.805s] Level 1:colcon.colcon_core.environment:checking '/home/julian/workspace/Studium/ros2_ws/install/more_interfaces/lib/python3.12/site-packages'
[0.805s] Level 1:colcon.colcon_core.environment:checking '/home/julian/workspace/Studium/ros2_ws/install/more_interfaces/bin'
[0.805s] INFO:colcon.colcon_core.shell:Creating package script '/home/julian/workspace/Studium/ros2_ws/install/more_interfaces/share/more_interfaces/package.ps1'
[0.806s] INFO:colcon.colcon_core.shell:Creating package descriptor '/home/julian/workspace/Studium/ros2_ws/install/more_interfaces/share/more_interfaces/package.dsv'
[0.807s] INFO:colcon.colcon_core.shell:Creating package script '/home/julian/workspace/Studium/ros2_ws/install/more_interfaces/share/more_interfaces/package.sh'
[0.808s] INFO:colcon.colcon_core.shell:Creating package script '/home/julian/workspace/Studium/ros2_ws/install/more_interfaces/share/more_interfaces/package.bash'
[0.809s] INFO:colcon.colcon_core.shell:Creating package script '/home/julian/workspace/Studium/ros2_ws/install/more_interfaces/share/more_interfaces/package.zsh'
[0.809s] Level 1:colcon.colcon_core.environment:create_file_with_runtime_dependencies(/home/julian/workspace/Studium/ros2_ws/install/more_interfaces/share/colcon-core/packages/more_interfaces)
[0.810s] Level 1:colcon.colcon_core.environment:create_environment_scripts_only(more_interfaces)
[0.810s] Level 1:colcon.colcon_core.environment:checking '/home/julian/workspace/Studium/ros2_ws/install/more_interfaces' for CMake module files
[0.812s] Level 1:colcon.colcon_core.environment:checking '/home/julian/workspace/Studium/ros2_ws/install/more_interfaces' for CMake config files
[0.813s] Level 1:colcon.colcon_core.shell:create_environment_hook('more_interfaces', 'cmake_prefix_path')
[0.813s] INFO:colcon.colcon_core.shell:Creating environment hook '/home/julian/workspace/Studium/ros2_ws/install/more_interfaces/share/more_interfaces/hook/cmake_prefix_path.ps1'
[0.813s] INFO:colcon.colcon_core.shell:Creating environment descriptor '/home/julian/workspace/Studium/ros2_ws/install/more_interfaces/share/more_interfaces/hook/cmake_prefix_path.dsv'
[0.814s] INFO:colcon.colcon_core.shell:Creating environment hook '/home/julian/workspace/Studium/ros2_ws/install/more_interfaces/share/more_interfaces/hook/cmake_prefix_path.sh'
[0.815s] Level 1:colcon.colcon_core.environment:checking '/home/julian/workspace/Studium/ros2_ws/install/more_interfaces/bin'
[0.815s] Level 1:colcon.colcon_core.environment:checking '/home/julian/workspace/Studium/ros2_ws/install/more_interfaces/lib/pkgconfig/more_interfaces.pc'
[0.815s] Level 1:colcon.colcon_core.environment:checking '/home/julian/workspace/Studium/ros2_ws/install/more_interfaces/lib/python3.12/site-packages'
[0.816s] Level 1:colcon.colcon_core.environment:checking '/home/julian/workspace/Studium/ros2_ws/install/more_interfaces/bin'
[0.816s] INFO:colcon.colcon_core.shell:Creating package script '/home/julian/workspace/Studium/ros2_ws/install/more_interfaces/share/more_interfaces/package.ps1'
[0.817s] INFO:colcon.colcon_core.shell:Creating package descriptor '/home/julian/workspace/Studium/ros2_ws/install/more_interfaces/share/more_interfaces/package.dsv'
[0.817s] INFO:colcon.colcon_core.shell:Creating package script '/home/julian/workspace/Studium/ros2_ws/install/more_interfaces/share/more_interfaces/package.sh'
[0.817s] INFO:colcon.colcon_core.shell:Creating package script '/home/julian/workspace/Studium/ros2_ws/install/more_interfaces/share/more_interfaces/package.bash'
[0.820s] INFO:colcon.colcon_core.shell:Creating package script '/home/julian/workspace/Studium/ros2_ws/install/more_interfaces/share/more_interfaces/package.zsh'
[0.827s] Level 1:colcon.colcon_core.environment:create_file_with_runtime_dependencies(/home/julian/workspace/Studium/ros2_ws/install/more_interfaces/share/colcon-core/packages/more_interfaces)
[0.833s] Level 1:colcon.colcon_core.environment:create_environment_scripts_only(cpp_pubsub)
[0.834s] Level 1:colcon.colcon_core.environment:checking '/home/julian/workspace/Studium/ros2_ws/install/cpp_pubsub' for CMake module files
[0.835s] DEBUG:colcon.colcon_core.event_handler.log_command:Invoked command in '/home/julian/workspace/Studium/ros2_ws/build/cpp_pubsub' returned '0': CMAKE_PREFIX_PATH=${CMAKE_PREFIX_PATH}:/home/julian/workspace/Studium/ros2_ws/install/py_pubsub:/home/julian/workspace/Studium/ros2_ws/install/test_controller:/opt/ros/kilted /usr/bin/cmake --install /home/julian/workspace/Studium/ros2_ws/build/cpp_pubsub
[0.836s] Level 1:colcon.colcon_core.environment:checking '/home/julian/workspace/Studium/ros2_ws/install/cpp_pubsub' for CMake config files
[0.836s] Level 1:colcon.colcon_core.shell:create_environment_hook('cpp_pubsub', 'cmake_prefix_path')
[0.837s] INFO:colcon.colcon_core.shell:Creating environment hook '/home/julian/workspace/Studium/ros2_ws/install/cpp_pubsub/share/cpp_pubsub/hook/cmake_prefix_path.ps1'
[0.837s] INFO:colcon.colcon_core.shell:Creating environment descriptor '/home/julian/workspace/Studium/ros2_ws/install/cpp_pubsub/share/cpp_pubsub/hook/cmake_prefix_path.dsv'
[0.838s] INFO:colcon.colcon_core.shell:Creating environment hook '/home/julian/workspace/Studium/ros2_ws/install/cpp_pubsub/share/cpp_pubsub/hook/cmake_prefix_path.sh'
[0.838s] Level 1:colcon.colcon_core.environment:checking '/home/julian/workspace/Studium/ros2_ws/install/cpp_pubsub/lib'
[0.839s] Level 1:colcon.colcon_core.environment:checking '/home/julian/workspace/Studium/ros2_ws/install/cpp_pubsub/bin'
[0.839s] Level 1:colcon.colcon_core.environment:checking '/home/julian/workspace/Studium/ros2_ws/install/cpp_pubsub/lib/pkgconfig/cpp_pubsub.pc'
[0.839s] Level 1:colcon.colcon_core.environment:checking '/home/julian/workspace/Studium/ros2_ws/install/cpp_pubsub/lib/python3.12/site-packages'
[0.840s] Level 1:colcon.colcon_core.environment:checking '/home/julian/workspace/Studium/ros2_ws/install/cpp_pubsub/bin'
[0.840s] INFO:colcon.colcon_core.shell:Creating package script '/home/julian/workspace/Studium/ros2_ws/install/cpp_pubsub/share/cpp_pubsub/package.ps1'
[0.840s] INFO:colcon.colcon_core.shell:Creating package descriptor '/home/julian/workspace/Studium/ros2_ws/install/cpp_pubsub/share/cpp_pubsub/package.dsv'
[0.841s] INFO:colcon.colcon_core.shell:Creating package script '/home/julian/workspace/Studium/ros2_ws/install/cpp_pubsub/share/cpp_pubsub/package.sh'
[0.841s] INFO:colcon.colcon_core.shell:Creating package script '/home/julian/workspace/Studium/ros2_ws/install/cpp_pubsub/share/cpp_pubsub/package.bash'
[0.842s] INFO:colcon.colcon_core.shell:Creating package script '/home/julian/workspace/Studium/ros2_ws/install/cpp_pubsub/share/cpp_pubsub/package.zsh'
[0.842s] Level 1:colcon.colcon_core.environment:create_file_with_runtime_dependencies(/home/julian/workspace/Studium/ros2_ws/install/cpp_pubsub/share/colcon-core/packages/cpp_pubsub)
[0.842s] Level 1:colcon.colcon_core.environment:create_environment_scripts_only(cpp_pubsub)
[0.842s] Level 1:colcon.colcon_core.environment:checking '/home/julian/workspace/Studium/ros2_ws/install/cpp_pubsub' for CMake module files
[0.843s] Level 1:colcon.colcon_core.environment:checking '/home/julian/workspace/Studium/ros2_ws/install/cpp_pubsub' for CMake config files
[0.843s] Level 1:colcon.colcon_core.shell:create_environment_hook('cpp_pubsub', 'cmake_prefix_path')
[0.843s] INFO:colcon.colcon_core.shell:Creating environment hook '/home/julian/workspace/Studium/ros2_ws/install/cpp_pubsub/share/cpp_pubsub/hook/cmake_prefix_path.ps1'
[0.843s] INFO:colcon.colcon_core.shell:Creating environment descriptor '/home/julian/workspace/Studium/ros2_ws/install/cpp_pubsub/share/cpp_pubsub/hook/cmake_prefix_path.dsv'
[0.844s] INFO:colcon.colcon_core.shell:Creating environment hook '/home/julian/workspace/Studium/ros2_ws/install/cpp_pubsub/share/cpp_pubsub/hook/cmake_prefix_path.sh'
[0.844s] Level 1:colcon.colcon_core.environment:checking '/home/julian/workspace/Studium/ros2_ws/install/cpp_pubsub/lib'
[0.844s] Level 1:colcon.colcon_core.environment:checking '/home/julian/workspace/Studium/ros2_ws/install/cpp_pubsub/bin'
[0.844s] Level 1:colcon.colcon_core.environment:checking '/home/julian/workspace/Studium/ros2_ws/install/cpp_pubsub/lib/pkgconfig/cpp_pubsub.pc'
[0.844s] Level 1:colcon.colcon_core.environment:checking '/home/julian/workspace/Studium/ros2_ws/install/cpp_pubsub/lib/python3.12/site-packages'
[0.845s] Level 1:colcon.colcon_core.environment:checking '/home/julian/workspace/Studium/ros2_ws/install/cpp_pubsub/bin'
[0.845s] INFO:colcon.colcon_core.shell:Creating package script '/home/julian/workspace/Studium/ros2_ws/install/cpp_pubsub/share/cpp_pubsub/package.ps1'
[0.845s] INFO:colcon.colcon_core.shell:Creating package descriptor '/home/julian/workspace/Studium/ros2_ws/install/cpp_pubsub/share/cpp_pubsub/package.dsv'
[0.846s] INFO:colcon.colcon_core.shell:Creating package script '/home/julian/workspace/Studium/ros2_ws/install/cpp_pubsub/share/cpp_pubsub/package.sh'
[0.846s] INFO:colcon.colcon_core.shell:Creating package script '/home/julian/workspace/Studium/ros2_ws/install/cpp_pubsub/share/cpp_pubsub/package.bash'
[0.846s] INFO:colcon.colcon_core.shell:Creating package script '/home/julian/workspace/Studium/ros2_ws/install/cpp_pubsub/share/cpp_pubsub/package.zsh'
[0.847s] Level 1:colcon.colcon_core.environment:create_file_with_runtime_dependencies(/home/julian/workspace/Studium/ros2_ws/install/cpp_pubsub/share/colcon-core/packages/cpp_pubsub)
[0.849s] Level 1:colcon.colcon_core.environment:create_environment_scripts_only(chatting)
[0.849s] Level 1:colcon.colcon_core.environment:checking '/home/julian/workspace/Studium/ros2_ws/install/chatting' for CMake module files
[0.851s] DEBUG:colcon.colcon_core.event_handler.log_command:Invoked command in '/home/julian/workspace/Studium/ros2_ws/build/chatting' returned '0': CMAKE_PREFIX_PATH=${CMAKE_PREFIX_PATH}:/home/julian/workspace/Studium/ros2_ws/install/py_pubsub:/home/julian/workspace/Studium/ros2_ws/install/test_controller:/opt/ros/kilted /usr/bin/cmake --install /home/julian/workspace/Studium/ros2_ws/build/chatting
[0.852s] Level 1:colcon.colcon_core.environment:checking '/home/julian/workspace/Studium/ros2_ws/install/chatting' for CMake config files
[0.852s] Level 1:colcon.colcon_core.shell:create_environment_hook('chatting', 'cmake_prefix_path')
[0.853s] INFO:colcon.colcon_core.shell:Creating environment hook '/home/julian/workspace/Studium/ros2_ws/install/chatting/share/chatting/hook/cmake_prefix_path.ps1'
[0.853s] INFO:colcon.colcon_core.shell:Creating environment descriptor '/home/julian/workspace/Studium/ros2_ws/install/chatting/share/chatting/hook/cmake_prefix_path.dsv'
[0.854s] INFO:colcon.colcon_core.shell:Creating environment hook '/home/julian/workspace/Studium/ros2_ws/install/chatting/share/chatting/hook/cmake_prefix_path.sh'
[0.854s] Level 1:colcon.colcon_core.environment:checking '/home/julian/workspace/Studium/ros2_ws/install/chatting/lib'
[0.855s] Level 1:colcon.colcon_core.shell:create_environment_hook('chatting', 'ld_library_path_lib')
[0.855s] INFO:colcon.colcon_core.shell:Creating environment hook '/home/julian/workspace/Studium/ros2_ws/install/chatting/share/chatting/hook/ld_library_path_lib.ps1'
[0.855s] INFO:colcon.colcon_core.shell:Creating environment descriptor '/home/julian/workspace/Studium/ros2_ws/install/chatting/share/chatting/hook/ld_library_path_lib.dsv'
[0.856s] INFO:colcon.colcon_core.shell:Creating environment hook '/home/julian/workspace/Studium/ros2_ws/install/chatting/share/chatting/hook/ld_library_path_lib.sh'
[0.856s] Level 1:colcon.colcon_core.environment:checking '/home/julian/workspace/Studium/ros2_ws/install/chatting/bin'
[0.856s] Level 1:colcon.colcon_core.environment:checking '/home/julian/workspace/Studium/ros2_ws/install/chatting/lib/pkgconfig/chatting.pc'
[0.857s] Level 1:colcon.colcon_core.environment:checking '/home/julian/workspace/Studium/ros2_ws/install/chatting/lib/python3.12/site-packages'
[0.857s] Level 1:colcon.colcon_core.shell:create_environment_hook('chatting', 'pythonpath')
[0.857s] INFO:colcon.colcon_core.shell:Creating environment hook '/home/julian/workspace/Studium/ros2_ws/install/chatting/share/chatting/hook/pythonpath.ps1'
[0.858s] INFO:colcon.colcon_core.shell:Creating environment descriptor '/home/julian/workspace/Studium/ros2_ws/install/chatting/share/chatting/hook/pythonpath.dsv'
[0.858s] INFO:colcon.colcon_core.shell:Creating environment hook '/home/julian/workspace/Studium/ros2_ws/install/chatting/share/chatting/hook/pythonpath.sh'
[0.859s] Level 1:colcon.colcon_core.environment:checking '/home/julian/workspace/Studium/ros2_ws/install/chatting/bin'
[0.859s] INFO:colcon.colcon_core.shell:Creating package script '/home/julian/workspace/Studium/ros2_ws/install/chatting/share/chatting/package.ps1'
[0.860s] INFO:colcon.colcon_core.shell:Creating package descriptor '/home/julian/workspace/Studium/ros2_ws/install/chatting/share/chatting/package.dsv'
[0.860s] INFO:colcon.colcon_core.shell:Creating package script '/home/julian/workspace/Studium/ros2_ws/install/chatting/share/chatting/package.sh'
[0.860s] INFO:colcon.colcon_core.shell:Creating package script '/home/julian/workspace/Studium/ros2_ws/install/chatting/share/chatting/package.bash'
[0.861s] INFO:colcon.colcon_core.shell:Creating package script '/home/julian/workspace/Studium/ros2_ws/install/chatting/share/chatting/package.zsh'
[0.862s] Level 1:colcon.colcon_core.environment:create_file_with_runtime_dependencies(/home/julian/workspace/Studium/ros2_ws/install/chatting/share/colcon-core/packages/chatting)
[0.862s] Level 1:colcon.colcon_core.environment:create_environment_scripts_only(chatting)
[0.863s] Level 1:colcon.colcon_core.environment:checking '/home/julian/workspace/Studium/ros2_ws/install/chatting' for CMake module files
[0.865s] Level 1:colcon.colcon_core.environment:checking '/home/julian/workspace/Studium/ros2_ws/install/chatting' for CMake config files
[0.865s] Level 1:colcon.colcon_core.shell:create_environment_hook('chatting', 'cmake_prefix_path')
[0.865s] INFO:colcon.colcon_core.shell:Creating environment hook '/home/julian/workspace/Studium/ros2_ws/install/chatting/share/chatting/hook/cmake_prefix_path.ps1'
[0.865s] INFO:colcon.colcon_core.shell:Creating environment descriptor '/home/julian/workspace/Studium/ros2_ws/install/chatting/share/chatting/hook/cmake_prefix_path.dsv'
[0.866s] INFO:colcon.colcon_core.shell:Creating environment hook '/home/julian/workspace/Studium/ros2_ws/install/chatting/share/chatting/hook/cmake_prefix_path.sh'
[0.866s] Level 1:colcon.colcon_core.environment:checking '/home/julian/workspace/Studium/ros2_ws/install/chatting/lib'
[0.866s] Level 1:colcon.colcon_core.shell:create_environment_hook('chatting', 'ld_library_path_lib')
[0.867s] INFO:colcon.colcon_core.shell:Creating environment hook '/home/julian/workspace/Studium/ros2_ws/install/chatting/share/chatting/hook/ld_library_path_lib.ps1'
[0.867s] INFO:colcon.colcon_core.shell:Creating environment descriptor '/home/julian/workspace/Studium/ros2_ws/install/chatting/share/chatting/hook/ld_library_path_lib.dsv'
[0.867s] INFO:colcon.colcon_core.shell:Creating environment hook '/home/julian/workspace/Studium/ros2_ws/install/chatting/share/chatting/hook/ld_library_path_lib.sh'
[0.868s] Level 1:colcon.colcon_core.environment:checking '/home/julian/workspace/Studium/ros2_ws/install/chatting/bin'
[0.868s] Level 1:colcon.colcon_core.environment:checking '/home/julian/workspace/Studium/ros2_ws/install/chatting/lib/pkgconfig/chatting.pc'
[0.868s] Level 1:colcon.colcon_core.environment:checking '/home/julian/workspace/Studium/ros2_ws/install/chatting/lib/python3.12/site-packages'
[0.868s] Level 1:colcon.colcon_core.shell:create_environment_hook('chatting', 'pythonpath')
[0.868s] INFO:colcon.colcon_core.shell:Creating environment hook '/home/julian/workspace/Studium/ros2_ws/install/chatting/share/chatting/hook/pythonpath.ps1'
[0.868s] INFO:colcon.colcon_core.shell:Creating environment descriptor '/home/julian/workspace/Studium/ros2_ws/install/chatting/share/chatting/hook/pythonpath.dsv'
[0.869s] INFO:colcon.colcon_core.shell:Creating environment hook '/home/julian/workspace/Studium/ros2_ws/install/chatting/share/chatting/hook/pythonpath.sh'
[0.869s] Level 1:colcon.colcon_core.environment:checking '/home/julian/workspace/Studium/ros2_ws/install/chatting/bin'
[0.869s] INFO:colcon.colcon_core.shell:Creating package script '/home/julian/workspace/Studium/ros2_ws/install/chatting/share/chatting/package.ps1'
[0.870s] INFO:colcon.colcon_core.shell:Creating package descriptor '/home/julian/workspace/Studium/ros2_ws/install/chatting/share/chatting/package.dsv'
[0.870s] INFO:colcon.colcon_core.shell:Creating package script '/home/julian/workspace/Studium/ros2_ws/install/chatting/share/chatting/package.sh'
[0.870s] INFO:colcon.colcon_core.shell:Creating package script '/home/julian/workspace/Studium/ros2_ws/install/chatting/share/chatting/package.bash'
[0.871s] INFO:colcon.colcon_core.shell:Creating package script '/home/julian/workspace/Studium/ros2_ws/install/chatting/share/chatting/package.zsh'
[0.871s] Level 1:colcon.colcon_core.environment:create_file_with_runtime_dependencies(/home/julian/workspace/Studium/ros2_ws/install/chatting/share/colcon-core/packages/chatting)
[1.252s] DEBUG:colcon.colcon_core.event_handler.log_command:Invoking command in '/home/julian/workspace/Studium/ros2_ws/py_pubsub': PYTHONPATH=/home/julian/workspace/Studium/ros2_ws/build/py_pubsub/prefix_override:/usr/lib/python3/dist-packages/colcon_core/task/python/colcon_distutils_commands:/home/julian/workspace/Studium/ros2_ws/install/py_pubsub/lib/python3.12/site-packages:${PYTHONPATH} /usr/bin/python3 -W ignore:setup.py install is deprecated -W ignore:easy_install command is deprecated setup.py egg_info --egg-base ../build/py_pubsub build --build-base /home/julian/workspace/Studium/ros2_ws/build/py_pubsub/build install --record /home/julian/workspace/Studium/ros2_ws/build/py_pubsub/install.log --single-version-externally-managed install_data
[1.293s] DEBUG:colcon.colcon_core.event_handler.log_command:Invoking command in '/home/julian/workspace/Studium/ros2_ws/src/test_controller': PYTHONPATH=/home/julian/workspace/Studium/ros2_ws/build/test_controller/prefix_override:/usr/lib/python3/dist-packages/colcon_core/task/python/colcon_distutils_commands:/home/julian/workspace/Studium/ros2_ws/install/test_controller/lib/python3.12/site-packages:${PYTHONPATH} /usr/bin/python3 -W ignore:setup.py install is deprecated -W ignore:easy_install command is deprecated setup.py egg_info --egg-base ../../build/test_controller build --build-base /home/julian/workspace/Studium/ros2_ws/build/test_controller/build install --record /home/julian/workspace/Studium/ros2_ws/build/test_controller/install.log --single-version-externally-managed install_data
[1.696s] Level 1:colcon.colcon_core.environment:checking '/home/julian/workspace/Studium/ros2_ws/install/py_pubsub' for CMake module files
[1.698s] DEBUG:colcon.colcon_core.event_handler.log_command:Invoked command in '/home/julian/workspace/Studium/ros2_ws/py_pubsub' returned '0': PYTHONPATH=/home/julian/workspace/Studium/ros2_ws/build/py_pubsub/prefix_override:/usr/lib/python3/dist-packages/colcon_core/task/python/colcon_distutils_commands:/home/julian/workspace/Studium/ros2_ws/install/py_pubsub/lib/python3.12/site-packages:${PYTHONPATH} /usr/bin/python3 -W ignore:setup.py install is deprecated -W ignore:easy_install command is deprecated setup.py egg_info --egg-base ../build/py_pubsub build --build-base /home/julian/workspace/Studium/ros2_ws/build/py_pubsub/build install --record /home/julian/workspace/Studium/ros2_ws/build/py_pubsub/install.log --single-version-externally-managed install_data
[1.698s] Level 1:colcon.colcon_core.environment:checking '/home/julian/workspace/Studium/ros2_ws/install/py_pubsub' for CMake config files
[1.699s] Level 1:colcon.colcon_core.environment:checking '/home/julian/workspace/Studium/ros2_ws/install/py_pubsub/lib'
[1.699s] Level 1:colcon.colcon_core.environment:checking '/home/julian/workspace/Studium/ros2_ws/install/py_pubsub/bin'
[1.699s] Level 1:colcon.colcon_core.environment:checking '/home/julian/workspace/Studium/ros2_ws/install/py_pubsub/lib/pkgconfig/py_pubsub.pc'
[1.699s] Level 1:colcon.colcon_core.environment:checking '/home/julian/workspace/Studium/ros2_ws/install/py_pubsub/lib/python3.12/site-packages'
[1.699s] Level 1:colcon.colcon_core.shell:create_environment_hook('py_pubsub', 'pythonpath')
[1.699s] INFO:colcon.colcon_core.shell:Creating environment hook '/home/julian/workspace/Studium/ros2_ws/install/py_pubsub/share/py_pubsub/hook/pythonpath.ps1'
[1.700s] INFO:colcon.colcon_core.shell:Creating environment descriptor '/home/julian/workspace/Studium/ros2_ws/install/py_pubsub/share/py_pubsub/hook/pythonpath.dsv'
[1.700s] INFO:colcon.colcon_core.shell:Creating environment hook '/home/julian/workspace/Studium/ros2_ws/install/py_pubsub/share/py_pubsub/hook/pythonpath.sh'
[1.702s] Level 1:colcon.colcon_core.environment:checking '/home/julian/workspace/Studium/ros2_ws/install/py_pubsub/bin'
[1.702s] Level 1:colcon.colcon_core.environment:create_environment_scripts_only(py_pubsub)
[1.702s] INFO:colcon.colcon_core.shell:Creating package script '/home/julian/workspace/Studium/ros2_ws/install/py_pubsub/share/py_pubsub/package.ps1'
[1.703s] INFO:colcon.colcon_core.shell:Creating package descriptor '/home/julian/workspace/Studium/ros2_ws/install/py_pubsub/share/py_pubsub/package.dsv'
[1.703s] INFO:colcon.colcon_core.shell:Creating package script '/home/julian/workspace/Studium/ros2_ws/install/py_pubsub/share/py_pubsub/package.sh'
[1.704s] INFO:colcon.colcon_core.shell:Creating package script '/home/julian/workspace/Studium/ros2_ws/install/py_pubsub/share/py_pubsub/package.bash'
[1.704s] INFO:colcon.colcon_core.shell:Creating package script '/home/julian/workspace/Studium/ros2_ws/install/py_pubsub/share/py_pubsub/package.zsh'
[1.704s] Level 1:colcon.colcon_core.environment:create_file_with_runtime_dependencies(/home/julian/workspace/Studium/ros2_ws/install/py_pubsub/share/colcon-core/packages/py_pubsub)
[1.731s] Level 1:colcon.colcon_core.environment:checking '/home/julian/workspace/Studium/ros2_ws/install/test_controller' for CMake module files
[1.732s] DEBUG:colcon.colcon_core.event_handler.log_command:Invoked command in '/home/julian/workspace/Studium/ros2_ws/src/test_controller' returned '0': PYTHONPATH=/home/julian/workspace/Studium/ros2_ws/build/test_controller/prefix_override:/usr/lib/python3/dist-packages/colcon_core/task/python/colcon_distutils_commands:/home/julian/workspace/Studium/ros2_ws/install/test_controller/lib/python3.12/site-packages:${PYTHONPATH} /usr/bin/python3 -W ignore:setup.py install is deprecated -W ignore:easy_install command is deprecated setup.py egg_info --egg-base ../../build/test_controller build --build-base /home/julian/workspace/Studium/ros2_ws/build/test_controller/build install --record /home/julian/workspace/Studium/ros2_ws/build/test_controller/install.log --single-version-externally-managed install_data
[1.732s] Level 1:colcon.colcon_core.environment:checking '/home/julian/workspace/Studium/ros2_ws/install/test_controller' for CMake config files
[1.732s] Level 1:colcon.colcon_core.environment:checking '/home/julian/workspace/Studium/ros2_ws/install/test_controller/lib'
[1.733s] Level 1:colcon.colcon_core.environment:checking '/home/julian/workspace/Studium/ros2_ws/install/test_controller/bin'
[1.733s] Level 1:colcon.colcon_core.environment:checking '/home/julian/workspace/Studium/ros2_ws/install/test_controller/lib/pkgconfig/test_controller.pc'
[1.733s] Level 1:colcon.colcon_core.environment:checking '/home/julian/workspace/Studium/ros2_ws/install/test_controller/lib/python3.12/site-packages'
[1.733s] Level 1:colcon.colcon_core.shell:create_environment_hook('test_controller', 'pythonpath')
[1.733s] INFO:colcon.colcon_core.shell:Creating environment hook '/home/julian/workspace/Studium/ros2_ws/install/test_controller/share/test_controller/hook/pythonpath.ps1'
[1.734s] INFO:colcon.colcon_core.shell:Creating environment descriptor '/home/julian/workspace/Studium/ros2_ws/install/test_controller/share/test_controller/hook/pythonpath.dsv'
[1.734s] INFO:colcon.colcon_core.shell:Creating environment hook '/home/julian/workspace/Studium/ros2_ws/install/test_controller/share/test_controller/hook/pythonpath.sh'
[1.735s] Level 1:colcon.colcon_core.environment:checking '/home/julian/workspace/Studium/ros2_ws/install/test_controller/bin'
[1.735s] Level 1:colcon.colcon_core.environment:create_environment_scripts_only(test_controller)
[1.735s] INFO:colcon.colcon_core.shell:Creating package script '/home/julian/workspace/Studium/ros2_ws/install/test_controller/share/test_controller/package.ps1'
[1.735s] INFO:colcon.colcon_core.shell:Creating package descriptor '/home/julian/workspace/Studium/ros2_ws/install/test_controller/share/test_controller/package.dsv'
[1.736s] INFO:colcon.colcon_core.shell:Creating package script '/home/julian/workspace/Studium/ros2_ws/install/test_controller/share/test_controller/package.sh'
[1.736s] INFO:colcon.colcon_core.shell:Creating package script '/home/julian/workspace/Studium/ros2_ws/install/test_controller/share/test_controller/package.bash'
[1.736s] INFO:colcon.colcon_core.shell:Creating package script '/home/julian/workspace/Studium/ros2_ws/install/test_controller/share/test_controller/package.zsh'
[1.736s] Level 1:colcon.colcon_core.environment:create_file_with_runtime_dependencies(/home/julian/workspace/Studium/ros2_ws/install/test_controller/share/colcon-core/packages/test_controller)
[1.737s] DEBUG:colcon.colcon_parallel_executor.executor.parallel:closing loop
[1.737s] DEBUG:colcon.colcon_parallel_executor.executor.parallel:loop closed
[1.738s] DEBUG:colcon.colcon_parallel_executor.executor.parallel:run_until_complete finished with '0'
[1.738s] DEBUG:colcon.colcon_core.event_reactor:joining thread
[1.807s] INFO:colcon.colcon_core.plugin_system:Skipping extension 'colcon_notification.desktop_notification.notify_send': Could not find 'notify-send'
[1.807s] INFO:colcon.colcon_core.plugin_system:Skipping extension 'colcon_notification.desktop_notification.terminal_notifier': Not used on non-Darwin systems
[1.807s] INFO:colcon.colcon_core.plugin_system:Skipping extension 'colcon_notification.desktop_notification.win32': Not used on non-Windows systems
[1.807s] INFO:colcon.colcon_notification.desktop_notification:Sending desktop notification using 'notify2'
[1.809s] DEBUG:colcon.colcon_notification.desktop_notification.notify2:Failed to initialize notify2: org.freedesktop.DBus.Error.ServiceUnknown: The name org.freedesktop.Notifications was not provided by any .service files
[1.809s] DEBUG:colcon.colcon_core.event_reactor:joined thread
[1.809s] INFO:colcon.colcon_core.shell:Creating prefix script '/home/julian/workspace/Studium/ros2_ws/install/local_setup.ps1'
[1.810s] INFO:colcon.colcon_core.shell:Creating prefix util module '/home/julian/workspace/Studium/ros2_ws/install/_local_setup_util_ps1.py'
[1.812s] INFO:colcon.colcon_core.shell:Creating prefix chain script '/home/julian/workspace/Studium/ros2_ws/install/setup.ps1'
[1.813s] INFO:colcon.colcon_core.shell:Creating prefix script '/home/julian/workspace/Studium/ros2_ws/install/local_setup.sh'
[1.813s] INFO:colcon.colcon_core.shell:Creating prefix util module '/home/julian/workspace/Studium/ros2_ws/install/_local_setup_util_sh.py'
[1.814s] INFO:colcon.colcon_core.shell:Creating prefix chain script '/home/julian/workspace/Studium/ros2_ws/install/setup.sh'
[1.815s] INFO:colcon.colcon_core.shell:Creating prefix script '/home/julian/workspace/Studium/ros2_ws/install/local_setup.bash'
[1.815s] INFO:colcon.colcon_core.shell:Creating prefix chain script '/home/julian/workspace/Studium/ros2_ws/install/setup.bash'
[1.816s] INFO:colcon.colcon_core.shell:Creating prefix script '/home/julian/workspace/Studium/ros2_ws/install/local_setup.zsh'
[1.817s] INFO:colcon.colcon_core.shell:Creating prefix chain script '/home/julian/workspace/Studium/ros2_ws/install/setup.zsh'
