[1.040s] Invoking command in '/home/julian/workspace/Studium/ros2_ws/py_pubsub': PYTHONPATH=/home/julian/workspace/Studium/ros2_ws/build/py_pubsub/prefix_override:/usr/lib/python3/dist-packages/colcon_core/task/python/colcon_distutils_commands:/home/julian/workspace/Studium/ros2_ws/install/py_pubsub/lib/python3.12/site-packages:${PYTHONPATH} /usr/bin/python3 -W ignore:setup.py install is deprecated -W ignore:easy_install command is deprecated setup.py egg_info --egg-base ../build/py_pubsub build --build-base /home/julian/workspace/Studium/ros2_ws/build/py_pubsub/build install --record /home/julian/workspace/Studium/ros2_ws/build/py_pubsub/install.log --single-version-externally-managed install_data
[1.318s] running egg_info
[1.339s] writing ../build/py_pubsub/py_pubsub.egg-info/PKG-INFO
[1.340s] writing dependency_links to ../build/py_pubsub/py_pubsub.egg-info/dependency_links.txt
[1.340s] writing entry points to ../build/py_pubsub/py_pubsub.egg-info/entry_points.txt
[1.341s] writing requirements to ../build/py_pubsub/py_pubsub.egg-info/requires.txt
[1.341s] writing top-level names to ../build/py_pubsub/py_pubsub.egg-info/top_level.txt
[1.374s] reading manifest file '../build/py_pubsub/py_pubsub.egg-info/SOURCES.txt'
[1.374s] adding license file 'LICENSE'
[1.375s] writing manifest file '../build/py_pubsub/py_pubsub.egg-info/SOURCES.txt'
[1.376s] running build
[1.377s] running build_py
[1.377s] running install
[1.386s] running install_lib
[1.414s] running install_data
[1.414s] running install_egg_info
[1.432s] removing '/home/julian/workspace/Studium/ros2_ws/install/py_pubsub/lib/python3.12/site-packages/py_pubsub-0.0.0-py3.12.egg-info' (and everything under it)
[1.433s] Copying ../build/py_pubsub/py_pubsub.egg-info to /home/julian/workspace/Studium/ros2_ws/install/py_pubsub/lib/python3.12/site-packages/py_pubsub-0.0.0-py3.12.egg-info
[1.434s] running install_scripts
[1.582s] Installing listener script to /home/julian/workspace/Studium/ros2_ws/install/py_pubsub/lib/py_pubsub
[1.582s] Installing talker script to /home/julian/workspace/Studium/ros2_ws/install/py_pubsub/lib/py_pubsub
[1.583s] writing list of installed files to '/home/julian/workspace/Studium/ros2_ws/build/py_pubsub/install.log'
[1.626s] Invoked command in '/home/julian/workspace/Studium/ros2_ws/py_pubsub' returned '0': PYTHONPATH=/home/julian/workspace/Studium/ros2_ws/build/py_pubsub/prefix_override:/usr/lib/python3/dist-packages/colcon_core/task/python/colcon_distutils_commands:/home/julian/workspace/Studium/ros2_ws/install/py_pubsub/lib/python3.12/site-packages:${PYTHONPATH} /usr/bin/python3 -W ignore:setup.py install is deprecated -W ignore:easy_install command is deprecated setup.py egg_info --egg-base ../build/py_pubsub build --build-base /home/julian/workspace/Studium/ros2_ws/build/py_pubsub/build install --record /home/julian/workspace/Studium/ros2_ws/build/py_pubsub/install.log --single-version-externally-managed install_data
