[0.033s] Invoking command in '/home/julian/workspace/Studium/ros2_ws/build/cpp_pubsub': CMAKE_PREFIX_PATH=${CMAKE_PREFIX_PATH}:/home/julian/workspace/Studium/ros2_ws/install/py_pubsub:/home/julian/workspace/Studium/ros2_ws/install/test_controller:/opt/ros/kilted /usr/bin/cmake --build /home/julian/workspace/Studium/ros2_ws/build/cpp_pubsub -- -j12 -l12
[0.559s] [ 50%] Built target listener
[0.559s] [100%] Built target talker
[0.560s] Invoked command in '/home/julian/workspace/Studium/ros2_ws/build/cpp_pubsub' returned '0': CMAKE_PREFIX_PATH=${CMAKE_PREFIX_PATH}:/home/julian/workspace/Studium/ros2_ws/install/py_pubsub:/home/julian/workspace/Studium/ros2_ws/install/test_controller:/opt/ros/kilted /usr/bin/cmake --build /home/julian/workspace/Studium/ros2_ws/build/cpp_pubsub -- -j12 -l12
[0.571s] Invoking command in '/home/julian/workspace/Studium/ros2_ws/build/cpp_pubsub': CMAKE_PREFIX_PATH=${CMAKE_PREFIX_PATH}:/home/julian/workspace/Studium/ros2_ws/install/py_pubsub:/home/julian/workspace/Studium/ros2_ws/install/test_controller:/opt/ros/kilted /usr/bin/cmake --install /home/julian/workspace/Studium/ros2_ws/build/cpp_pubsub
[0.586s] -- Install configuration: ""
[0.586s] -- Up-to-date: /home/julian/workspace/Studium/ros2_ws/install/cpp_pubsub/lib/cpp_pubsub/talker
[0.586s] -- Up-to-date: /home/julian/workspace/Studium/ros2_ws/install/cpp_pubsub/lib/cpp_pubsub/talker
[0.587s] -- Up-to-date: /home/julian/workspace/Studium/ros2_ws/install/cpp_pubsub/lib/cpp_pubsub/listener
[0.587s] -- Up-to-date: /home/julian/workspace/Studium/ros2_ws/install/cpp_pubsub/share/ament_index/resource_index/package_run_dependencies/cpp_pubsub
[0.587s] -- Up-to-date: /home/julian/workspace/Studium/ros2_ws/install/cpp_pubsub/share/ament_index/resource_index/parent_prefix_path/cpp_pubsub
[0.587s] -- Up-to-date: /home/julian/workspace/Studium/ros2_ws/install/cpp_pubsub/share/cpp_pubsub/environment/ament_prefix_path.sh
[0.587s] -- Up-to-date: /home/julian/workspace/Studium/ros2_ws/install/cpp_pubsub/share/cpp_pubsub/environment/ament_prefix_path.dsv
[0.588s] -- Up-to-date: /home/julian/workspace/Studium/ros2_ws/install/cpp_pubsub/share/cpp_pubsub/environment/path.sh
[0.588s] -- Up-to-date: /home/julian/workspace/Studium/ros2_ws/install/cpp_pubsub/share/cpp_pubsub/environment/path.dsv
[0.588s] -- Up-to-date: /home/julian/workspace/Studium/ros2_ws/install/cpp_pubsub/share/cpp_pubsub/local_setup.bash
[0.588s] -- Up-to-date: /home/julian/workspace/Studium/ros2_ws/install/cpp_pubsub/share/cpp_pubsub/local_setup.sh
[0.588s] -- Up-to-date: /home/julian/workspace/Studium/ros2_ws/install/cpp_pubsub/share/cpp_pubsub/local_setup.zsh
[0.588s] -- Up-to-date: /home/julian/workspace/Studium/ros2_ws/install/cpp_pubsub/share/cpp_pubsub/local_setup.dsv
[0.588s] -- Installing: /home/julian/workspace/Studium/ros2_ws/install/cpp_pubsub/share/cpp_pubsub/package.dsv
[0.588s] -- Up-to-date: /home/julian/workspace/Studium/ros2_ws/install/cpp_pubsub/share/ament_index/resource_index/packages/cpp_pubsub
[0.588s] -- Up-to-date: /home/julian/workspace/Studium/ros2_ws/install/cpp_pubsub/share/cpp_pubsub/cmake/cpp_pubsubConfig.cmake
[0.589s] -- Up-to-date: /home/julian/workspace/Studium/ros2_ws/install/cpp_pubsub/share/cpp_pubsub/cmake/cpp_pubsubConfig-version.cmake
[0.589s] -- Up-to-date: /home/julian/workspace/Studium/ros2_ws/install/cpp_pubsub/share/cpp_pubsub/package.xml
[0.616s] Invoked command in '/home/julian/workspace/Studium/ros2_ws/build/cpp_pubsub' returned '0': CMAKE_PREFIX_PATH=${CMAKE_PREFIX_PATH}:/home/julian/workspace/Studium/ros2_ws/install/py_pubsub:/home/julian/workspace/Studium/ros2_ws/install/test_controller:/opt/ros/kilted /usr/bin/cmake --install /home/julian/workspace/Studium/ros2_ws/build/cpp_pubsub
