[0.027s] Invoking command in '/home/julian/workspace/Studium/ros2_ws/build/chatting': CMAKE_PREFIX_PATH=${CMAKE_PREFIX_PATH}:/home/julian/workspace/Studium/ros2_ws/install/py_pubsub:/home/julian/workspace/Studium/ros2_ws/install/test_controller:/opt/ros/kilted /usr/bin/cmake --build /home/julian/workspace/Studium/ros2_ws/build/chatting -- -j12 -l12
[0.305s] [  2%] Built target chatting__rosidl_generator_type_description
[0.306s] [  2%] Built target ament_cmake_python_copy_chatting
[0.307s] [  5%] Built target chatting__cpp
[0.307s] [ 18%] Built target chatting__rosidl_generator_c
[0.308s] [ 26%] Built target chatting__rosidl_typesupport_fastrtps_c
[0.308s] [ 34%] Built target chatting__rosidl_typesupport_fastrtps_cpp
[0.309s] [ 42%] Built target chatting__rosidl_typesupport_c
[0.310s] [ 50%] Built target chatting__rosidl_typesupport_introspection_c
[0.310s] [ 57%] Built target chatting__rosidl_typesupport_cpp
[0.311s] [ 65%] Built target chatting__rosidl_typesupport_introspection_cpp
[0.311s] [ 65%] Built target chatting
[0.311s] [ 68%] Built target chatting__py
[0.311s] [ 71%] [32mBuilding CXX object CMakeFiles/listener.dir/src/subscriber_lambda_function.cpp.o[0m
[0.312s] [ 73%] [32mBuilding CXX object CMakeFiles/talker.dir/src/publisher_lambda_function.cpp.o[0m
[0.312s] [ 78%] Built target chatting__rosidl_generator_py
[0.312s] [ 84%] Built target chatting_s__rosidl_typesupport_fastrtps_c
[0.313s] [ 89%] Built target chatting_s__rosidl_typesupport_c
[0.313s] [ 94%] Built target chatting_s__rosidl_typesupport_introspection_c
[0.366s] running egg_info
[0.382s] writing chatting.egg-info/PKG-INFO
[0.382s] writing dependency_links to chatting.egg-info/dependency_links.txt
[0.383s] writing top-level names to chatting.egg-info/top_level.txt
[0.460s] reading manifest file 'chatting.egg-info/SOURCES.txt'
[0.460s] writing manifest file 'chatting.egg-info/SOURCES.txt'
[0.491s] [ 94%] Built target ament_cmake_python_build_chatting_egg
[5.058s] [ 97%] [32m[1mLinking CXX executable talker[0m
[5.256s] [ 97%] Built target talker
[7.862s] [100%] [32m[1mLinking CXX executable listener[0m
[8.196s] [100%] Built target listener
[8.207s] Invoked command in '/home/julian/workspace/Studium/ros2_ws/build/chatting' returned '0': CMAKE_PREFIX_PATH=${CMAKE_PREFIX_PATH}:/home/julian/workspace/Studium/ros2_ws/install/py_pubsub:/home/julian/workspace/Studium/ros2_ws/install/test_controller:/opt/ros/kilted /usr/bin/cmake --build /home/julian/workspace/Studium/ros2_ws/build/chatting -- -j12 -l12
[8.207s] Invoking command in '/home/julian/workspace/Studium/ros2_ws/build/chatting': CMAKE_PREFIX_PATH=${CMAKE_PREFIX_PATH}:/home/julian/workspace/Studium/ros2_ws/install/py_pubsub:/home/julian/workspace/Studium/ros2_ws/install/test_controller:/opt/ros/kilted /usr/bin/cmake --install /home/julian/workspace/Studium/ros2_ws/build/chatting
[8.214s] -- Install configuration: ""
[8.214s] -- Up-to-date: /home/julian/workspace/Studium/ros2_ws/install/chatting/share/ament_index/resource_index/rosidl_interfaces/chatting
[8.214s] -- Up-to-date: /home/julian/workspace/Studium/ros2_ws/install/chatting/share/chatting/msg/Nachricht.json
[8.214s] -- Up-to-date: /home/julian/workspace/Studium/ros2_ws/install/chatting/include/chatting/chatting
[8.214s] -- Up-to-date: /home/julian/workspace/Studium/ros2_ws/install/chatting/include/chatting/chatting/msg
[8.214s] -- Up-to-date: /home/julian/workspace/Studium/ros2_ws/install/chatting/include/chatting/chatting/msg/rosidl_generator_c__visibility_control.h
[8.214s] -- Up-to-date: /home/julian/workspace/Studium/ros2_ws/install/chatting/include/chatting/chatting/msg/address_book.h
[8.214s] -- Up-to-date: /home/julian/workspace/Studium/ros2_ws/install/chatting/include/chatting/chatting/msg/detail
[8.215s] -- Up-to-date: /home/julian/workspace/Studium/ros2_ws/install/chatting/include/chatting/chatting/msg/detail/nachricht__functions.c
[8.215s] -- Up-to-date: /home/julian/workspace/Studium/ros2_ws/install/chatting/include/chatting/chatting/msg/detail/address_book__functions.h
[8.215s] -- Up-to-date: /home/julian/workspace/Studium/ros2_ws/install/chatting/include/chatting/chatting/msg/detail/nachricht__type_support.h
[8.215s] -- Up-to-date: /home/julian/workspace/Studium/ros2_ws/install/chatting/include/chatting/chatting/msg/detail/nachricht__struct.h
[8.215s] -- Up-to-date: /home/julian/workspace/Studium/ros2_ws/install/chatting/include/chatting/chatting/msg/detail/nachricht__type_support.c
[8.215s] -- Up-to-date: /home/julian/workspace/Studium/ros2_ws/install/chatting/include/chatting/chatting/msg/detail/address_book__functions.c
[8.215s] -- Up-to-date: /home/julian/workspace/Studium/ros2_ws/install/chatting/include/chatting/chatting/msg/detail/address_book__type_support.c
[8.215s] -- Up-to-date: /home/julian/workspace/Studium/ros2_ws/install/chatting/include/chatting/chatting/msg/detail/address_book__struct.h
[8.216s] -- Up-to-date: /home/julian/workspace/Studium/ros2_ws/install/chatting/include/chatting/chatting/msg/detail/address_book__description.c
[8.216s] -- Up-to-date: /home/julian/workspace/Studium/ros2_ws/install/chatting/include/chatting/chatting/msg/detail/address_book__type_support.h
[8.216s] -- Up-to-date: /home/julian/workspace/Studium/ros2_ws/install/chatting/include/chatting/chatting/msg/detail/nachricht__description.c
[8.216s] -- Up-to-date: /home/julian/workspace/Studium/ros2_ws/install/chatting/include/chatting/chatting/msg/detail/nachricht__functions.h
[8.216s] -- Up-to-date: /home/julian/workspace/Studium/ros2_ws/install/chatting/include/chatting/chatting/msg/nachricht.h
[8.216s] -- Up-to-date: /home/julian/workspace/Studium/ros2_ws/install/chatting/share/chatting/environment/library_path.sh
[8.216s] -- Up-to-date: /home/julian/workspace/Studium/ros2_ws/install/chatting/share/chatting/environment/library_path.dsv
[8.216s] -- Up-to-date: /home/julian/workspace/Studium/ros2_ws/install/chatting/lib/libchatting__rosidl_generator_c.so
[8.217s] -- Up-to-date: /home/julian/workspace/Studium/ros2_ws/install/chatting/include/chatting/chatting
[8.217s] -- Up-to-date: /home/julian/workspace/Studium/ros2_ws/install/chatting/include/chatting/chatting/msg
[8.217s] -- Up-to-date: /home/julian/workspace/Studium/ros2_ws/install/chatting/include/chatting/chatting/msg/detail
[8.217s] -- Up-to-date: /home/julian/workspace/Studium/ros2_ws/install/chatting/include/chatting/chatting/msg/detail/address_book__rosidl_typesupport_fastrtps_c.h
[8.217s] -- Up-to-date: /home/julian/workspace/Studium/ros2_ws/install/chatting/include/chatting/chatting/msg/detail/nachricht__rosidl_typesupport_fastrtps_c.h
[8.217s] -- Up-to-date: /home/julian/workspace/Studium/ros2_ws/install/chatting/include/chatting/chatting/msg/rosidl_typesupport_fastrtps_c__visibility_control.h
[8.218s] -- Up-to-date: /home/julian/workspace/Studium/ros2_ws/install/chatting/lib/libchatting__rosidl_typesupport_fastrtps_c.so
[8.218s] -- Up-to-date: /home/julian/workspace/Studium/ros2_ws/install/chatting/include/chatting/chatting
[8.218s] -- Up-to-date: /home/julian/workspace/Studium/ros2_ws/install/chatting/include/chatting/chatting/msg
[8.218s] -- Up-to-date: /home/julian/workspace/Studium/ros2_ws/install/chatting/include/chatting/chatting/msg/address_book.hpp
[8.218s] -- Up-to-date: /home/julian/workspace/Studium/ros2_ws/install/chatting/include/chatting/chatting/msg/rosidl_generator_cpp__visibility_control.hpp
[8.218s] -- Up-to-date: /home/julian/workspace/Studium/ros2_ws/install/chatting/include/chatting/chatting/msg/nachricht.hpp
[8.218s] -- Up-to-date: /home/julian/workspace/Studium/ros2_ws/install/chatting/include/chatting/chatting/msg/detail
[8.218s] -- Up-to-date: /home/julian/workspace/Studium/ros2_ws/install/chatting/include/chatting/chatting/msg/detail/address_book__builder.hpp
[8.218s] -- Up-to-date: /home/julian/workspace/Studium/ros2_ws/install/chatting/include/chatting/chatting/msg/detail/address_book__struct.hpp
[8.218s] -- Up-to-date: /home/julian/workspace/Studium/ros2_ws/install/chatting/include/chatting/chatting/msg/detail/address_book__type_support.hpp
[8.218s] -- Up-to-date: /home/julian/workspace/Studium/ros2_ws/install/chatting/include/chatting/chatting/msg/detail/nachricht__builder.hpp
[8.218s] -- Up-to-date: /home/julian/workspace/Studium/ros2_ws/install/chatting/include/chatting/chatting/msg/detail/address_book__traits.hpp
[8.218s] -- Up-to-date: /home/julian/workspace/Studium/ros2_ws/install/chatting/include/chatting/chatting/msg/detail/nachricht__struct.hpp
[8.218s] -- Up-to-date: /home/julian/workspace/Studium/ros2_ws/install/chatting/include/chatting/chatting/msg/detail/nachricht__traits.hpp
[8.218s] -- Up-to-date: /home/julian/workspace/Studium/ros2_ws/install/chatting/include/chatting/chatting/msg/detail/nachricht__type_support.hpp
[8.218s] -- Up-to-date: /home/julian/workspace/Studium/ros2_ws/install/chatting/include/chatting/chatting
[8.218s] -- Up-to-date: /home/julian/workspace/Studium/ros2_ws/install/chatting/include/chatting/chatting/msg
[8.218s] -- Up-to-date: /home/julian/workspace/Studium/ros2_ws/install/chatting/include/chatting/chatting/msg/detail
[8.218s] -- Up-to-date: /home/julian/workspace/Studium/ros2_ws/install/chatting/include/chatting/chatting/msg/detail/nachricht__rosidl_typesupport_fastrtps_cpp.hpp
[8.218s] -- Up-to-date: /home/julian/workspace/Studium/ros2_ws/install/chatting/include/chatting/chatting/msg/detail/dds_fastrtps
[8.219s] -- Up-to-date: /home/julian/workspace/Studium/ros2_ws/install/chatting/include/chatting/chatting/msg/detail/address_book__rosidl_typesupport_fastrtps_cpp.hpp
[8.219s] -- Up-to-date: /home/julian/workspace/Studium/ros2_ws/install/chatting/include/chatting/chatting/msg/rosidl_typesupport_fastrtps_cpp__visibility_control.h
[8.219s] -- Up-to-date: /home/julian/workspace/Studium/ros2_ws/install/chatting/lib/libchatting__rosidl_typesupport_fastrtps_cpp.so
[8.219s] -- Up-to-date: /home/julian/workspace/Studium/ros2_ws/install/chatting/include/chatting/chatting
[8.219s] -- Up-to-date: /home/julian/workspace/Studium/ros2_ws/install/chatting/include/chatting/chatting/msg
[8.219s] -- Up-to-date: /home/julian/workspace/Studium/ros2_ws/install/chatting/include/chatting/chatting/msg/detail
[8.219s] -- Up-to-date: /home/julian/workspace/Studium/ros2_ws/install/chatting/include/chatting/chatting/msg/detail/nachricht__type_support.c
[8.219s] -- Up-to-date: /home/julian/workspace/Studium/ros2_ws/install/chatting/include/chatting/chatting/msg/detail/address_book__type_support.c
[8.219s] -- Up-to-date: /home/julian/workspace/Studium/ros2_ws/install/chatting/include/chatting/chatting/msg/detail/address_book__rosidl_typesupport_introspection_c.h
[8.219s] -- Up-to-date: /home/julian/workspace/Studium/ros2_ws/install/chatting/include/chatting/chatting/msg/detail/nachricht__rosidl_typesupport_introspection_c.h
[8.219s] -- Up-to-date: /home/julian/workspace/Studium/ros2_ws/install/chatting/include/chatting/chatting/msg/rosidl_typesupport_introspection_c__visibility_control.h
[8.219s] -- Up-to-date: /home/julian/workspace/Studium/ros2_ws/install/chatting/lib/libchatting__rosidl_typesupport_introspection_c.so
[8.219s] -- Up-to-date: /home/julian/workspace/Studium/ros2_ws/install/chatting/lib/libchatting__rosidl_typesupport_c.so
[8.219s] -- Up-to-date: /home/julian/workspace/Studium/ros2_ws/install/chatting/include/chatting/chatting
[8.219s] -- Up-to-date: /home/julian/workspace/Studium/ros2_ws/install/chatting/include/chatting/chatting/msg
[8.219s] -- Up-to-date: /home/julian/workspace/Studium/ros2_ws/install/chatting/include/chatting/chatting/msg/detail
[8.219s] -- Up-to-date: /home/julian/workspace/Studium/ros2_ws/install/chatting/include/chatting/chatting/msg/detail/nachricht__type_support.cpp
[8.219s] -- Up-to-date: /home/julian/workspace/Studium/ros2_ws/install/chatting/include/chatting/chatting/msg/detail/nachricht__rosidl_typesupport_introspection_cpp.hpp
[8.219s] -- Up-to-date: /home/julian/workspace/Studium/ros2_ws/install/chatting/include/chatting/chatting/msg/detail/address_book__type_support.cpp
[8.219s] -- Up-to-date: /home/julian/workspace/Studium/ros2_ws/install/chatting/include/chatting/chatting/msg/detail/address_book__rosidl_typesupport_introspection_cpp.hpp
[8.219s] -- Up-to-date: /home/julian/workspace/Studium/ros2_ws/install/chatting/lib/libchatting__rosidl_typesupport_introspection_cpp.so
[8.219s] -- Up-to-date: /home/julian/workspace/Studium/ros2_ws/install/chatting/lib/libchatting__rosidl_typesupport_cpp.so
[8.219s] -- Up-to-date: /home/julian/workspace/Studium/ros2_ws/install/chatting/share/chatting/environment/pythonpath.sh
[8.220s] -- Up-to-date: /home/julian/workspace/Studium/ros2_ws/install/chatting/share/chatting/environment/pythonpath.dsv
[8.220s] -- Up-to-date: /home/julian/workspace/Studium/ros2_ws/install/chatting/lib/python3.12/site-packages/chatting-0.0.0-py3.12.egg-info
[8.220s] -- Installing: /home/julian/workspace/Studium/ros2_ws/install/chatting/lib/python3.12/site-packages/chatting-0.0.0-py3.12.egg-info/dependency_links.txt
[8.220s] -- Installing: /home/julian/workspace/Studium/ros2_ws/install/chatting/lib/python3.12/site-packages/chatting-0.0.0-py3.12.egg-info/SOURCES.txt
[8.220s] -- Installing: /home/julian/workspace/Studium/ros2_ws/install/chatting/lib/python3.12/site-packages/chatting-0.0.0-py3.12.egg-info/top_level.txt
[8.220s] -- Installing: /home/julian/workspace/Studium/ros2_ws/install/chatting/lib/python3.12/site-packages/chatting-0.0.0-py3.12.egg-info/PKG-INFO
[8.220s] -- Up-to-date: /home/julian/workspace/Studium/ros2_ws/install/chatting/lib/python3.12/site-packages/chatting
[8.220s] -- Up-to-date: /home/julian/workspace/Studium/ros2_ws/install/chatting/lib/python3.12/site-packages/chatting/_chatting_s.ep.rosidl_typesupport_introspection_c.c
[8.220s] -- Up-to-date: /home/julian/workspace/Studium/ros2_ws/install/chatting/lib/python3.12/site-packages/chatting/chatting_s__rosidl_typesupport_c.so
[8.220s] -- Up-to-date: /home/julian/workspace/Studium/ros2_ws/install/chatting/lib/python3.12/site-packages/chatting/chatting_s__rosidl_typesupport_introspection_c.so
[8.220s] -- Up-to-date: /home/julian/workspace/Studium/ros2_ws/install/chatting/lib/python3.12/site-packages/chatting/chatting_s__rosidl_typesupport_fastrtps_c.so
[8.220s] -- Up-to-date: /home/julian/workspace/Studium/ros2_ws/install/chatting/lib/python3.12/site-packages/chatting/_chatting_s.ep.rosidl_typesupport_c.c
[8.220s] -- Up-to-date: /home/julian/workspace/Studium/ros2_ws/install/chatting/lib/python3.12/site-packages/chatting/_chatting_s.ep.rosidl_typesupport_fastrtps_c.c
[8.220s] -- Up-to-date: /home/julian/workspace/Studium/ros2_ws/install/chatting/lib/python3.12/site-packages/chatting/__init__.py
[8.220s] -- Up-to-date: /home/julian/workspace/Studium/ros2_ws/install/chatting/lib/python3.12/site-packages/chatting/msg
[8.220s] -- Up-to-date: /home/julian/workspace/Studium/ros2_ws/install/chatting/lib/python3.12/site-packages/chatting/msg/_nachricht.py
[8.220s] -- Up-to-date: /home/julian/workspace/Studium/ros2_ws/install/chatting/lib/python3.12/site-packages/chatting/msg/_address_book_s.c
[8.220s] -- Up-to-date: /home/julian/workspace/Studium/ros2_ws/install/chatting/lib/python3.12/site-packages/chatting/msg/_nachricht_s.c
[8.220s] -- Up-to-date: /home/julian/workspace/Studium/ros2_ws/install/chatting/lib/python3.12/site-packages/chatting/msg/_address_book.py
[8.220s] -- Up-to-date: /home/julian/workspace/Studium/ros2_ws/install/chatting/lib/python3.12/site-packages/chatting/msg/__init__.py
[8.249s] Listing '/home/julian/workspace/Studium/ros2_ws/install/chatting/lib/python3.12/site-packages/chatting'...
[8.249s] Listing '/home/julian/workspace/Studium/ros2_ws/install/chatting/lib/python3.12/site-packages/chatting/msg'...
[8.254s] -- Up-to-date: /home/julian/workspace/Studium/ros2_ws/install/chatting/lib/python3.12/site-packages/chatting/chatting_s__rosidl_typesupport_fastrtps_c.so
[8.254s] -- Up-to-date: /home/julian/workspace/Studium/ros2_ws/install/chatting/lib/python3.12/site-packages/chatting/chatting_s__rosidl_typesupport_introspection_c.so
[8.255s] -- Up-to-date: /home/julian/workspace/Studium/ros2_ws/install/chatting/lib/python3.12/site-packages/chatting/chatting_s__rosidl_typesupport_c.so
[8.255s] -- Up-to-date: /home/julian/workspace/Studium/ros2_ws/install/chatting/lib/libchatting__rosidl_generator_py.so
[8.255s] -- Up-to-date: /home/julian/workspace/Studium/ros2_ws/install/chatting/share/chatting/msg/Nachricht.idl
[8.255s] -- Up-to-date: /home/julian/workspace/Studium/ros2_ws/install/chatting/share/chatting/msg/Nachricht.msg
[8.255s] -- Installing: /home/julian/workspace/Studium/ros2_ws/install/chatting/lib/chatting/talker
[8.256s] -- Set non-toolchain portion of runtime path of "/home/julian/workspace/Studium/ros2_ws/install/chatting/lib/chatting/talker" to ""
[8.256s] -- Installing: /home/julian/workspace/Studium/ros2_ws/install/chatting/lib/chatting/listener
[8.262s] -- Set non-toolchain portion of runtime path of "/home/julian/workspace/Studium/ros2_ws/install/chatting/lib/chatting/listener" to ""
[8.262s] -- Up-to-date: /home/julian/workspace/Studium/ros2_ws/install/chatting/share/ament_index/resource_index/package_run_dependencies/chatting
[8.262s] -- Up-to-date: /home/julian/workspace/Studium/ros2_ws/install/chatting/share/ament_index/resource_index/parent_prefix_path/chatting
[8.263s] -- Up-to-date: /home/julian/workspace/Studium/ros2_ws/install/chatting/share/chatting/environment/ament_prefix_path.sh
[8.263s] -- Up-to-date: /home/julian/workspace/Studium/ros2_ws/install/chatting/share/chatting/environment/ament_prefix_path.dsv
[8.263s] -- Up-to-date: /home/julian/workspace/Studium/ros2_ws/install/chatting/share/chatting/environment/path.sh
[8.263s] -- Up-to-date: /home/julian/workspace/Studium/ros2_ws/install/chatting/share/chatting/environment/path.dsv
[8.263s] -- Up-to-date: /home/julian/workspace/Studium/ros2_ws/install/chatting/share/chatting/local_setup.bash
[8.263s] -- Up-to-date: /home/julian/workspace/Studium/ros2_ws/install/chatting/share/chatting/local_setup.sh
[8.263s] -- Up-to-date: /home/julian/workspace/Studium/ros2_ws/install/chatting/share/chatting/local_setup.zsh
[8.263s] -- Up-to-date: /home/julian/workspace/Studium/ros2_ws/install/chatting/share/chatting/local_setup.dsv
[8.263s] -- Installing: /home/julian/workspace/Studium/ros2_ws/install/chatting/share/chatting/package.dsv
[8.263s] -- Up-to-date: /home/julian/workspace/Studium/ros2_ws/install/chatting/share/ament_index/resource_index/packages/chatting
[8.263s] -- Up-to-date: /home/julian/workspace/Studium/ros2_ws/install/chatting/share/chatting/cmake/export_chatting__rosidl_generator_cExport.cmake
[8.264s] -- Up-to-date: /home/julian/workspace/Studium/ros2_ws/install/chatting/share/chatting/cmake/export_chatting__rosidl_generator_cExport-noconfig.cmake
[8.264s] -- Up-to-date: /home/julian/workspace/Studium/ros2_ws/install/chatting/share/chatting/cmake/export_chatting__rosidl_typesupport_fastrtps_cExport.cmake
[8.264s] -- Up-to-date: /home/julian/workspace/Studium/ros2_ws/install/chatting/share/chatting/cmake/export_chatting__rosidl_typesupport_fastrtps_cExport-noconfig.cmake
[8.264s] -- Up-to-date: /home/julian/workspace/Studium/ros2_ws/install/chatting/share/chatting/cmake/export_chatting__rosidl_generator_cppExport.cmake
[8.264s] -- Up-to-date: /home/julian/workspace/Studium/ros2_ws/install/chatting/share/chatting/cmake/export_chatting__rosidl_typesupport_fastrtps_cppExport.cmake
[8.264s] -- Up-to-date: /home/julian/workspace/Studium/ros2_ws/install/chatting/share/chatting/cmake/export_chatting__rosidl_typesupport_fastrtps_cppExport-noconfig.cmake
[8.264s] -- Up-to-date: /home/julian/workspace/Studium/ros2_ws/install/chatting/share/chatting/cmake/chatting__rosidl_typesupport_introspection_cExport.cmake
[8.264s] -- Up-to-date: /home/julian/workspace/Studium/ros2_ws/install/chatting/share/chatting/cmake/chatting__rosidl_typesupport_introspection_cExport-noconfig.cmake
[8.264s] -- Up-to-date: /home/julian/workspace/Studium/ros2_ws/install/chatting/share/chatting/cmake/chatting__rosidl_typesupport_cExport.cmake
[8.264s] -- Up-to-date: /home/julian/workspace/Studium/ros2_ws/install/chatting/share/chatting/cmake/chatting__rosidl_typesupport_cExport-noconfig.cmake
[8.264s] -- Up-to-date: /home/julian/workspace/Studium/ros2_ws/install/chatting/share/chatting/cmake/chatting__rosidl_typesupport_introspection_cppExport.cmake
[8.264s] -- Up-to-date: /home/julian/workspace/Studium/ros2_ws/install/chatting/share/chatting/cmake/chatting__rosidl_typesupport_introspection_cppExport-noconfig.cmake
[8.264s] -- Up-to-date: /home/julian/workspace/Studium/ros2_ws/install/chatting/share/chatting/cmake/chatting__rosidl_typesupport_cppExport.cmake
[8.264s] -- Up-to-date: /home/julian/workspace/Studium/ros2_ws/install/chatting/share/chatting/cmake/chatting__rosidl_typesupport_cppExport-noconfig.cmake
[8.264s] -- Up-to-date: /home/julian/workspace/Studium/ros2_ws/install/chatting/share/chatting/cmake/export_chatting__rosidl_generator_pyExport.cmake
[8.264s] -- Up-to-date: /home/julian/workspace/Studium/ros2_ws/install/chatting/share/chatting/cmake/export_chatting__rosidl_generator_pyExport-noconfig.cmake
[8.264s] -- Up-to-date: /home/julian/workspace/Studium/ros2_ws/install/chatting/share/chatting/cmake/rosidl_cmake-extras.cmake
[8.264s] -- Up-to-date: /home/julian/workspace/Studium/ros2_ws/install/chatting/share/chatting/cmake/ament_cmake_export_include_directories-extras.cmake
[8.265s] -- Up-to-date: /home/julian/workspace/Studium/ros2_ws/install/chatting/share/chatting/cmake/ament_cmake_export_libraries-extras.cmake
[8.265s] -- Up-to-date: /home/julian/workspace/Studium/ros2_ws/install/chatting/share/chatting/cmake/ament_cmake_export_targets-extras.cmake
[8.265s] -- Up-to-date: /home/julian/workspace/Studium/ros2_ws/install/chatting/share/chatting/cmake/rosidl_cmake_export_typesupport_targets-extras.cmake
[8.265s] -- Up-to-date: /home/julian/workspace/Studium/ros2_ws/install/chatting/share/chatting/cmake/ament_cmake_export_dependencies-extras.cmake
[8.265s] -- Up-to-date: /home/julian/workspace/Studium/ros2_ws/install/chatting/share/chatting/cmake/rosidl_cmake_export_typesupport_libraries-extras.cmake
[8.265s] -- Up-to-date: /home/julian/workspace/Studium/ros2_ws/install/chatting/share/chatting/cmake/chattingConfig.cmake
[8.265s] -- Up-to-date: /home/julian/workspace/Studium/ros2_ws/install/chatting/share/chatting/cmake/chattingConfig-version.cmake
[8.265s] -- Up-to-date: /home/julian/workspace/Studium/ros2_ws/install/chatting/share/chatting/package.xml
[8.267s] Invoked command in '/home/julian/workspace/Studium/ros2_ws/build/chatting' returned '0': CMAKE_PREFIX_PATH=${CMAKE_PREFIX_PATH}:/home/julian/workspace/Studium/ros2_ws/install/py_pubsub:/home/julian/workspace/Studium/ros2_ws/install/test_controller:/opt/ros/kilted /usr/bin/cmake --install /home/julian/workspace/Studium/ros2_ws/build/chatting
