-- The C compiler identification is GNU 13.3.0
-- The CXX compiler identification is GNU 13.3.0
-- Detecting C compiler ABI info
-- Detecting C compiler ABI info - done
-- Check for working C compiler: /usr/bin/cc - skipped
-- Detecting C compile features
-- Detecting C compile features - done
-- Detecting CXX compiler ABI info
-- Detecting CXX compiler ABI info - done
-- Check for working CXX compiler: /usr/bin/c++ - skipped
-- Detecting CXX compile features
-- Detecting CXX compile features - done
-- Found ament_cmake: 2.7.3 (/opt/ros/kilted/share/ament_cmake/cmake)
-- Found Python3: /usr/bin/python3 (found version "3.12.3") found components: Interpreter 
-- Found ament_lint_auto: 0.19.2 (/opt/ros/kilted/share/ament_lint_auto/cmake)
-- Added test 'lint_cmake' to check CMake code style
-- Added test 'xmllint' to check XML markup files
-- Configuring done (2.0s)
-- Generating done (0.0s)
-- Build files have been written to: /home/julian/workspace/Studium/ros2_ws/build/more_interfaces
-- Install configuration: ""
-- Installing: /home/julian/workspace/Studium/ros2_ws/install/more_interfaces/share/ament_index/resource_index/package_run_dependencies/more_interfaces
-- Installing: /home/julian/workspace/Studium/ros2_ws/install/more_interfaces/share/ament_index/resource_index/parent_prefix_path/more_interfaces
-- Installing: /home/julian/workspace/Studium/ros2_ws/install/more_interfaces/share/more_interfaces/environment/ament_prefix_path.sh
-- Installing: /home/julian/workspace/Studium/ros2_ws/install/more_interfaces/share/more_interfaces/environment/ament_prefix_path.dsv
-- Installing: /home/julian/workspace/Studium/ros2_ws/install/more_interfaces/share/more_interfaces/environment/path.sh
-- Installing: /home/julian/workspace/Studium/ros2_ws/install/more_interfaces/share/more_interfaces/environment/path.dsv
-- Installing: /home/julian/workspace/Studium/ros2_ws/install/more_interfaces/share/more_interfaces/local_setup.bash
-- Installing: /home/julian/workspace/Studium/ros2_ws/install/more_interfaces/share/more_interfaces/local_setup.sh
-- Installing: /home/julian/workspace/Studium/ros2_ws/install/more_interfaces/share/more_interfaces/local_setup.zsh
-- Installing: /home/julian/workspace/Studium/ros2_ws/install/more_interfaces/share/more_interfaces/local_setup.dsv
-- Installing: /home/julian/workspace/Studium/ros2_ws/install/more_interfaces/share/more_interfaces/package.dsv
-- Installing: /home/julian/workspace/Studium/ros2_ws/install/more_interfaces/share/ament_index/resource_index/packages/more_interfaces
-- Installing: /home/julian/workspace/Studium/ros2_ws/install/more_interfaces/share/more_interfaces/cmake/more_interfacesConfig.cmake
-- Installing: /home/julian/workspace/Studium/ros2_ws/install/more_interfaces/share/more_interfaces/cmake/more_interfacesConfig-version.cmake
-- Installing: /home/julian/workspace/Studium/ros2_ws/install/more_interfaces/share/more_interfaces/package.xml
