[0.253s] DEBUG:colcon:Command line arguments: ['/usr/bin/colcon', 'build']
[0.253s] DEBUG:colcon:Parsed command line arguments: Namespace(log_base=None, log_level=None, verb_name='build', build_base='build', install_base='install', merge_install=False, symlink_install=False, test_result_base=None, continue_on_error=False, executor='parallel', parallel_workers=12, event_handlers=None, ignore_user_meta=False, metas=['./colcon.meta'], base_paths=['.'], packages_ignore=None, packages_ignore_regex=None, paths=None, packages_up_to=None, packages_up_to_regex=None, packages_above=None, packages_above_and_dependencies=None, packages_above_depth=None, packages_select_by_dep=None, packages_skip_by_dep=None, packages_skip_up_to=None, packages_select_build_failed=False, packages_skip_build_finished=False, packages_select_test_failures=False, packages_skip_test_passed=False, packages_select=None, packages_skip=None, packages_select_regex=None, packages_skip_regex=None, packages_start=None, packages_end=None, allow_overriding=[], cmake_args=None, cmake_target=None, cmake_target_skip_unavailable=False, cmake_clean_cache=False, cmake_clean_first=False, cmake_force_configure=False, ament_cmake_args=None, catkin_cmake_args=None, catkin_skip_building_tests=False, mixin_files=None, mixin=None, verb_parser=<colcon_mixin.mixin.mixin_argument.MixinArgumentDecorator object at 0x7f5a4ecb2360>, verb_extension=<colcon_core.verb.build.BuildVerb object at 0x7f5a4ecb2120>, main=<bound method BuildVerb.main of <colcon_core.verb.build.BuildVerb object at 0x7f5a4ecb2120>>, mixin_verb=('build',))
[0.293s] Level 1:colcon.colcon_core.package_discovery:discover_packages(colcon_meta) check parameters
[0.293s] Level 1:colcon.colcon_core.package_discovery:discover_packages(recursive) check parameters
[0.293s] Level 1:colcon.colcon_core.package_discovery:discover_packages(ignore) check parameters
[0.293s] Level 1:colcon.colcon_core.package_discovery:discover_packages(path) check parameters
[0.293s] Level 1:colcon.colcon_core.package_discovery:discover_packages(colcon_meta) discover
[0.293s] Level 1:colcon.colcon_core.package_discovery:discover_packages(recursive) discover
[0.293s] INFO:colcon.colcon_core.package_discovery:Crawling recursively for packages in '/home/julian/workspace/Studium/ros2_ws'
[0.293s] Level 1:colcon.colcon_core.package_identification:_identify(.) by extensions ['ignore', 'ignore_ament_install']
[0.293s] Level 1:colcon.colcon_core.package_identification:_identify(.) by extension 'ignore'
[0.293s] Level 1:colcon.colcon_core.package_identification:_identify(.) by extension 'ignore_ament_install'
[0.293s] Level 1:colcon.colcon_core.package_identification:_identify(.) by extensions ['colcon_pkg']
[0.293s] Level 1:colcon.colcon_core.package_identification:_identify(.) by extension 'colcon_pkg'
[0.293s] Level 1:colcon.colcon_core.package_identification:_identify(.) by extensions ['colcon_meta']
[0.293s] Level 1:colcon.colcon_core.package_identification:_identify(.) by extension 'colcon_meta'
[0.293s] Level 1:colcon.colcon_core.package_identification:_identify(.) by extensions ['ros']
[0.293s] Level 1:colcon.colcon_core.package_identification:_identify(.) by extension 'ros'
[0.331s] Level 1:colcon.colcon_core.package_identification:_identify(.) by extensions ['cmake', 'python']
[0.331s] Level 1:colcon.colcon_core.package_identification:_identify(.) by extension 'cmake'
[0.331s] Level 1:colcon.colcon_core.package_identification:_identify(.) by extension 'python'
[0.331s] Level 1:colcon.colcon_core.package_identification:_identify(.) by extensions ['python_setup_py']
[0.332s] Level 1:colcon.colcon_core.package_identification:_identify(.) by extension 'python_setup_py'
[0.332s] Level 1:colcon.colcon_core.package_identification:_identify(build) by extensions ['ignore', 'ignore_ament_install']
[0.332s] Level 1:colcon.colcon_core.package_identification:_identify(build) by extension 'ignore'
[0.332s] Level 1:colcon.colcon_core.package_identification:_identify(build) ignored
[0.332s] Level 1:colcon.colcon_core.package_identification:_identify(install) by extensions ['ignore', 'ignore_ament_install']
[0.332s] Level 1:colcon.colcon_core.package_identification:_identify(install) by extension 'ignore'
[0.332s] Level 1:colcon.colcon_core.package_identification:_identify(install) ignored
[0.333s] Level 1:colcon.colcon_core.package_identification:_identify(log) by extensions ['ignore', 'ignore_ament_install']
[0.333s] Level 1:colcon.colcon_core.package_identification:_identify(log) by extension 'ignore'
[0.333s] Level 1:colcon.colcon_core.package_identification:_identify(log) ignored
[0.333s] Level 1:colcon.colcon_core.package_identification:_identify(py_pubsub) by extensions ['ignore', 'ignore_ament_install']
[0.333s] Level 1:colcon.colcon_core.package_identification:_identify(py_pubsub) by extension 'ignore'
[0.333s] Level 1:colcon.colcon_core.package_identification:_identify(py_pubsub) by extension 'ignore_ament_install'
[0.333s] Level 1:colcon.colcon_core.package_identification:_identify(py_pubsub) by extensions ['colcon_pkg']
[0.333s] Level 1:colcon.colcon_core.package_identification:_identify(py_pubsub) by extension 'colcon_pkg'
[0.333s] Level 1:colcon.colcon_core.package_identification:_identify(py_pubsub) by extensions ['colcon_meta']
[0.333s] Level 1:colcon.colcon_core.package_identification:_identify(py_pubsub) by extension 'colcon_meta'
[0.333s] Level 1:colcon.colcon_core.package_identification:_identify(py_pubsub) by extensions ['ros']
[0.333s] Level 1:colcon.colcon_core.package_identification:_identify(py_pubsub) by extension 'ros'
[0.337s] DEBUG:colcon.colcon_core.package_identification:Package 'py_pubsub' with type 'ros.ament_python' and name 'py_pubsub'
[0.337s] Level 1:colcon.colcon_core.package_identification:_identify(py_pubsub_interfaces) by extensions ['ignore', 'ignore_ament_install']
[0.337s] Level 1:colcon.colcon_core.package_identification:_identify(py_pubsub_interfaces) by extension 'ignore'
[0.337s] Level 1:colcon.colcon_core.package_identification:_identify(py_pubsub_interfaces) by extension 'ignore_ament_install'
[0.337s] Level 1:colcon.colcon_core.package_identification:_identify(py_pubsub_interfaces) by extensions ['colcon_pkg']
[0.337s] Level 1:colcon.colcon_core.package_identification:_identify(py_pubsub_interfaces) by extension 'colcon_pkg'
[0.337s] Level 1:colcon.colcon_core.package_identification:_identify(py_pubsub_interfaces) by extensions ['colcon_meta']
[0.337s] Level 1:colcon.colcon_core.package_identification:_identify(py_pubsub_interfaces) by extension 'colcon_meta'
[0.338s] Level 1:colcon.colcon_core.package_identification:_identify(py_pubsub_interfaces) by extensions ['ros']
[0.338s] Level 1:colcon.colcon_core.package_identification:_identify(py_pubsub_interfaces) by extension 'ros'
[0.338s] Level 1:colcon.colcon_core.package_identification:_identify(py_pubsub_interfaces) by extensions ['cmake', 'python']
[0.338s] Level 1:colcon.colcon_core.package_identification:_identify(py_pubsub_interfaces) by extension 'cmake'
[0.338s] Level 1:colcon.colcon_core.package_identification:_identify(py_pubsub_interfaces) by extension 'python'
[0.338s] Level 1:colcon.colcon_core.package_identification:_identify(py_pubsub_interfaces) by extensions ['python_setup_py']
[0.338s] Level 1:colcon.colcon_core.package_identification:_identify(py_pubsub_interfaces) by extension 'python_setup_py'
[0.338s] Level 1:colcon.colcon_core.package_identification:_identify(py_pubsub_interfaces/msg) by extensions ['ignore', 'ignore_ament_install']
[0.338s] Level 1:colcon.colcon_core.package_identification:_identify(py_pubsub_interfaces/msg) by extension 'ignore'
[0.338s] Level 1:colcon.colcon_core.package_identification:_identify(py_pubsub_interfaces/msg) by extension 'ignore_ament_install'
[0.338s] Level 1:colcon.colcon_core.package_identification:_identify(py_pubsub_interfaces/msg) by extensions ['colcon_pkg']
[0.338s] Level 1:colcon.colcon_core.package_identification:_identify(py_pubsub_interfaces/msg) by extension 'colcon_pkg'
[0.338s] Level 1:colcon.colcon_core.package_identification:_identify(py_pubsub_interfaces/msg) by extensions ['colcon_meta']
[0.338s] Level 1:colcon.colcon_core.package_identification:_identify(py_pubsub_interfaces/msg) by extension 'colcon_meta'
[0.338s] Level 1:colcon.colcon_core.package_identification:_identify(py_pubsub_interfaces/msg) by extensions ['ros']
[0.338s] Level 1:colcon.colcon_core.package_identification:_identify(py_pubsub_interfaces/msg) by extension 'ros'
[0.339s] Level 1:colcon.colcon_core.package_identification:_identify(py_pubsub_interfaces/msg) by extensions ['cmake', 'python']
[0.339s] Level 1:colcon.colcon_core.package_identification:_identify(py_pubsub_interfaces/msg) by extension 'cmake'
[0.339s] Level 1:colcon.colcon_core.package_identification:_identify(py_pubsub_interfaces/msg) by extension 'python'
[0.339s] Level 1:colcon.colcon_core.package_identification:_identify(py_pubsub_interfaces/msg) by extensions ['python_setup_py']
[0.339s] Level 1:colcon.colcon_core.package_identification:_identify(py_pubsub_interfaces/msg) by extension 'python_setup_py'
[0.339s] Level 1:colcon.colcon_core.package_identification:_identify(src) by extensions ['ignore', 'ignore_ament_install']
[0.339s] Level 1:colcon.colcon_core.package_identification:_identify(src) by extension 'ignore'
[0.339s] Level 1:colcon.colcon_core.package_identification:_identify(src) by extension 'ignore_ament_install'
[0.339s] Level 1:colcon.colcon_core.package_identification:_identify(src) by extensions ['colcon_pkg']
[0.339s] Level 1:colcon.colcon_core.package_identification:_identify(src) by extension 'colcon_pkg'
[0.339s] Level 1:colcon.colcon_core.package_identification:_identify(src) by extensions ['colcon_meta']
[0.339s] Level 1:colcon.colcon_core.package_identification:_identify(src) by extension 'colcon_meta'
[0.339s] Level 1:colcon.colcon_core.package_identification:_identify(src) by extensions ['ros']
[0.339s] Level 1:colcon.colcon_core.package_identification:_identify(src) by extension 'ros'
[0.339s] Level 1:colcon.colcon_core.package_identification:_identify(src) by extensions ['cmake', 'python']
[0.339s] Level 1:colcon.colcon_core.package_identification:_identify(src) by extension 'cmake'
[0.339s] Level 1:colcon.colcon_core.package_identification:_identify(src) by extension 'python'
[0.339s] Level 1:colcon.colcon_core.package_identification:_identify(src) by extensions ['python_setup_py']
[0.339s] Level 1:colcon.colcon_core.package_identification:_identify(src) by extension 'python_setup_py'
[0.340s] Level 1:colcon.colcon_core.package_identification:_identify(src/chatting) by extensions ['ignore', 'ignore_ament_install']
[0.340s] Level 1:colcon.colcon_core.package_identification:_identify(src/chatting) by extension 'ignore'
[0.340s] Level 1:colcon.colcon_core.package_identification:_identify(src/chatting) by extension 'ignore_ament_install'
[0.340s] Level 1:colcon.colcon_core.package_identification:_identify(src/chatting) by extensions ['colcon_pkg']
[0.340s] Level 1:colcon.colcon_core.package_identification:_identify(src/chatting) by extension 'colcon_pkg'
[0.340s] Level 1:colcon.colcon_core.package_identification:_identify(src/chatting) by extensions ['colcon_meta']
[0.340s] Level 1:colcon.colcon_core.package_identification:_identify(src/chatting) by extension 'colcon_meta'
[0.340s] Level 1:colcon.colcon_core.package_identification:_identify(src/chatting) by extensions ['ros']
[0.340s] Level 1:colcon.colcon_core.package_identification:_identify(src/chatting) by extension 'ros'
[0.341s] DEBUG:colcon.colcon_core.package_identification:Package 'src/chatting' with type 'ros.ament_cmake' and name 'chatting'
[0.341s] Level 1:colcon.colcon_core.package_identification:_identify(src/cpp_pubsub) by extensions ['ignore', 'ignore_ament_install']
[0.341s] Level 1:colcon.colcon_core.package_identification:_identify(src/cpp_pubsub) by extension 'ignore'
[0.341s] Level 1:colcon.colcon_core.package_identification:_identify(src/cpp_pubsub) by extension 'ignore_ament_install'
[0.341s] Level 1:colcon.colcon_core.package_identification:_identify(src/cpp_pubsub) by extensions ['colcon_pkg']
[0.341s] Level 1:colcon.colcon_core.package_identification:_identify(src/cpp_pubsub) by extension 'colcon_pkg'
[0.341s] Level 1:colcon.colcon_core.package_identification:_identify(src/cpp_pubsub) by extensions ['colcon_meta']
[0.341s] Level 1:colcon.colcon_core.package_identification:_identify(src/cpp_pubsub) by extension 'colcon_meta'
[0.342s] Level 1:colcon.colcon_core.package_identification:_identify(src/cpp_pubsub) by extensions ['ros']
[0.342s] Level 1:colcon.colcon_core.package_identification:_identify(src/cpp_pubsub) by extension 'ros'
[0.342s] DEBUG:colcon.colcon_core.package_identification:Package 'src/cpp_pubsub' with type 'ros.ament_cmake' and name 'cpp_pubsub'
[0.342s] Level 1:colcon.colcon_core.package_identification:_identify(src/log) by extensions ['ignore', 'ignore_ament_install']
[0.342s] Level 1:colcon.colcon_core.package_identification:_identify(src/log) by extension 'ignore'
[0.343s] Level 1:colcon.colcon_core.package_identification:_identify(src/log) ignored
[0.343s] Level 1:colcon.colcon_core.package_identification:_identify(src/more_interfaces) by extensions ['ignore', 'ignore_ament_install']
[0.343s] Level 1:colcon.colcon_core.package_identification:_identify(src/more_interfaces) by extension 'ignore'
[0.343s] Level 1:colcon.colcon_core.package_identification:_identify(src/more_interfaces) by extension 'ignore_ament_install'
[0.343s] Level 1:colcon.colcon_core.package_identification:_identify(src/more_interfaces) by extensions ['colcon_pkg']
[0.343s] Level 1:colcon.colcon_core.package_identification:_identify(src/more_interfaces) by extension 'colcon_pkg'
[0.343s] Level 1:colcon.colcon_core.package_identification:_identify(src/more_interfaces) by extensions ['colcon_meta']
[0.343s] Level 1:colcon.colcon_core.package_identification:_identify(src/more_interfaces) by extension 'colcon_meta'
[0.343s] Level 1:colcon.colcon_core.package_identification:_identify(src/more_interfaces) by extensions ['ros']
[0.343s] Level 1:colcon.colcon_core.package_identification:_identify(src/more_interfaces) by extension 'ros'
[0.344s] DEBUG:colcon.colcon_core.package_identification:Package 'src/more_interfaces' with type 'ros.ament_cmake' and name 'more_interfaces'
[0.344s] Level 1:colcon.colcon_core.package_identification:_identify(src/test_controller) by extensions ['ignore', 'ignore_ament_install']
[0.344s] Level 1:colcon.colcon_core.package_identification:_identify(src/test_controller) by extension 'ignore'
[0.344s] Level 1:colcon.colcon_core.package_identification:_identify(src/test_controller) by extension 'ignore_ament_install'
[0.344s] Level 1:colcon.colcon_core.package_identification:_identify(src/test_controller) by extensions ['colcon_pkg']
[0.344s] Level 1:colcon.colcon_core.package_identification:_identify(src/test_controller) by extension 'colcon_pkg'
[0.344s] Level 1:colcon.colcon_core.package_identification:_identify(src/test_controller) by extensions ['colcon_meta']
[0.344s] Level 1:colcon.colcon_core.package_identification:_identify(src/test_controller) by extension 'colcon_meta'
[0.344s] Level 1:colcon.colcon_core.package_identification:_identify(src/test_controller) by extensions ['ros']
[0.345s] Level 1:colcon.colcon_core.package_identification:_identify(src/test_controller) by extension 'ros'
[0.345s] DEBUG:colcon.colcon_core.package_identification:Package 'src/test_controller' with type 'ros.ament_python' and name 'test_controller'
[0.345s] Level 1:colcon.colcon_core.package_discovery:discover_packages(recursive) using defaults
[0.345s] Level 1:colcon.colcon_core.package_discovery:discover_packages(ignore) discover
[0.345s] Level 1:colcon.colcon_core.package_discovery:discover_packages(ignore) using defaults
[0.345s] Level 1:colcon.colcon_core.package_discovery:discover_packages(path) discover
[0.345s] Level 1:colcon.colcon_core.package_discovery:discover_packages(path) using defaults
[0.366s] Level 1:colcon.colcon_core.package_discovery:discover_packages(prefix_path) check parameters
[0.367s] Level 1:colcon.colcon_core.package_discovery:discover_packages(prefix_path) discover
[0.368s] DEBUG:colcon.colcon_installed_package_information.package_discovery:Found 5 installed packages in /home/julian/workspace/Studium/ros2_ws/install
[0.369s] DEBUG:colcon.colcon_installed_package_information.package_discovery:Found 322 installed packages in /opt/ros/kilted
[0.370s] Level 1:colcon.colcon_core.package_discovery:discover_packages(prefix_path) using defaults
[0.414s] Level 5:colcon.colcon_core.verb:set package 'chatting' build argument 'cmake_args' from command line to 'None'
[0.414s] Level 5:colcon.colcon_core.verb:set package 'chatting' build argument 'cmake_target' from command line to 'None'
[0.414s] Level 5:colcon.colcon_core.verb:set package 'chatting' build argument 'cmake_target_skip_unavailable' from command line to 'False'
[0.414s] Level 5:colcon.colcon_core.verb:set package 'chatting' build argument 'cmake_clean_cache' from command line to 'False'
[0.415s] Level 5:colcon.colcon_core.verb:set package 'chatting' build argument 'cmake_clean_first' from command line to 'False'
[0.415s] Level 5:colcon.colcon_core.verb:set package 'chatting' build argument 'cmake_force_configure' from command line to 'False'
[0.415s] Level 5:colcon.colcon_core.verb:set package 'chatting' build argument 'ament_cmake_args' from command line to 'None'
[0.415s] Level 5:colcon.colcon_core.verb:set package 'chatting' build argument 'catkin_cmake_args' from command line to 'None'
[0.415s] Level 5:colcon.colcon_core.verb:set package 'chatting' build argument 'catkin_skip_building_tests' from command line to 'False'
[0.415s] DEBUG:colcon.colcon_core.verb:Building package 'chatting' with the following arguments: {'ament_cmake_args': None, 'build_base': '/home/julian/workspace/Studium/ros2_ws/build/chatting', 'catkin_cmake_args': None, 'catkin_skip_building_tests': False, 'cmake_args': None, 'cmake_clean_cache': False, 'cmake_clean_first': False, 'cmake_force_configure': False, 'cmake_target': None, 'cmake_target_skip_unavailable': False, 'install_base': '/home/julian/workspace/Studium/ros2_ws/install/chatting', 'merge_install': False, 'path': '/home/julian/workspace/Studium/ros2_ws/src/chatting', 'symlink_install': False, 'test_result_base': None}
[0.415s] Level 5:colcon.colcon_core.verb:set package 'cpp_pubsub' build argument 'cmake_args' from command line to 'None'
[0.415s] Level 5:colcon.colcon_core.verb:set package 'cpp_pubsub' build argument 'cmake_target' from command line to 'None'
[0.415s] Level 5:colcon.colcon_core.verb:set package 'cpp_pubsub' build argument 'cmake_target_skip_unavailable' from command line to 'False'
[0.415s] Level 5:colcon.colcon_core.verb:set package 'cpp_pubsub' build argument 'cmake_clean_cache' from command line to 'False'
[0.415s] Level 5:colcon.colcon_core.verb:set package 'cpp_pubsub' build argument 'cmake_clean_first' from command line to 'False'
[0.415s] Level 5:colcon.colcon_core.verb:set package 'cpp_pubsub' build argument 'cmake_force_configure' from command line to 'False'
[0.415s] Level 5:colcon.colcon_core.verb:set package 'cpp_pubsub' build argument 'ament_cmake_args' from command line to 'None'
[0.415s] Level 5:colcon.colcon_core.verb:set package 'cpp_pubsub' build argument 'catkin_cmake_args' from command line to 'None'
[0.415s] Level 5:colcon.colcon_core.verb:set package 'cpp_pubsub' build argument 'catkin_skip_building_tests' from command line to 'False'
[0.415s] DEBUG:colcon.colcon_core.verb:Building package 'cpp_pubsub' with the following arguments: {'ament_cmake_args': None, 'build_base': '/home/julian/workspace/Studium/ros2_ws/build/cpp_pubsub', 'catkin_cmake_args': None, 'catkin_skip_building_tests': False, 'cmake_args': None, 'cmake_clean_cache': False, 'cmake_clean_first': False, 'cmake_force_configure': False, 'cmake_target': None, 'cmake_target_skip_unavailable': False, 'install_base': '/home/julian/workspace/Studium/ros2_ws/install/cpp_pubsub', 'merge_install': False, 'path': '/home/julian/workspace/Studium/ros2_ws/src/cpp_pubsub', 'symlink_install': False, 'test_result_base': None}
[0.415s] Level 5:colcon.colcon_core.verb:set package 'more_interfaces' build argument 'cmake_args' from command line to 'None'
[0.415s] Level 5:colcon.colcon_core.verb:set package 'more_interfaces' build argument 'cmake_target' from command line to 'None'
[0.415s] Level 5:colcon.colcon_core.verb:set package 'more_interfaces' build argument 'cmake_target_skip_unavailable' from command line to 'False'
[0.415s] Level 5:colcon.colcon_core.verb:set package 'more_interfaces' build argument 'cmake_clean_cache' from command line to 'False'
[0.415s] Level 5:colcon.colcon_core.verb:set package 'more_interfaces' build argument 'cmake_clean_first' from command line to 'False'
[0.415s] Level 5:colcon.colcon_core.verb:set package 'more_interfaces' build argument 'cmake_force_configure' from command line to 'False'
[0.415s] Level 5:colcon.colcon_core.verb:set package 'more_interfaces' build argument 'ament_cmake_args' from command line to 'None'
[0.415s] Level 5:colcon.colcon_core.verb:set package 'more_interfaces' build argument 'catkin_cmake_args' from command line to 'None'
[0.415s] Level 5:colcon.colcon_core.verb:set package 'more_interfaces' build argument 'catkin_skip_building_tests' from command line to 'False'
[0.415s] DEBUG:colcon.colcon_core.verb:Building package 'more_interfaces' with the following arguments: {'ament_cmake_args': None, 'build_base': '/home/julian/workspace/Studium/ros2_ws/build/more_interfaces', 'catkin_cmake_args': None, 'catkin_skip_building_tests': False, 'cmake_args': None, 'cmake_clean_cache': False, 'cmake_clean_first': False, 'cmake_force_configure': False, 'cmake_target': None, 'cmake_target_skip_unavailable': False, 'install_base': '/home/julian/workspace/Studium/ros2_ws/install/more_interfaces', 'merge_install': False, 'path': '/home/julian/workspace/Studium/ros2_ws/src/more_interfaces', 'symlink_install': False, 'test_result_base': None}
[0.416s] Level 5:colcon.colcon_core.verb:set package 'py_pubsub' build argument 'cmake_args' from command line to 'None'
[0.416s] Level 5:colcon.colcon_core.verb:set package 'py_pubsub' build argument 'cmake_target' from command line to 'None'
[0.416s] Level 5:colcon.colcon_core.verb:set package 'py_pubsub' build argument 'cmake_target_skip_unavailable' from command line to 'False'
[0.416s] Level 5:colcon.colcon_core.verb:set package 'py_pubsub' build argument 'cmake_clean_cache' from command line to 'False'
[0.416s] Level 5:colcon.colcon_core.verb:set package 'py_pubsub' build argument 'cmake_clean_first' from command line to 'False'
[0.416s] Level 5:colcon.colcon_core.verb:set package 'py_pubsub' build argument 'cmake_force_configure' from command line to 'False'
[0.416s] Level 5:colcon.colcon_core.verb:set package 'py_pubsub' build argument 'ament_cmake_args' from command line to 'None'
[0.416s] Level 5:colcon.colcon_core.verb:set package 'py_pubsub' build argument 'catkin_cmake_args' from command line to 'None'
[0.416s] Level 5:colcon.colcon_core.verb:set package 'py_pubsub' build argument 'catkin_skip_building_tests' from command line to 'False'
[0.416s] DEBUG:colcon.colcon_core.verb:Building package 'py_pubsub' with the following arguments: {'ament_cmake_args': None, 'build_base': '/home/julian/workspace/Studium/ros2_ws/build/py_pubsub', 'catkin_cmake_args': None, 'catkin_skip_building_tests': False, 'cmake_args': None, 'cmake_clean_cache': False, 'cmake_clean_first': False, 'cmake_force_configure': False, 'cmake_target': None, 'cmake_target_skip_unavailable': False, 'install_base': '/home/julian/workspace/Studium/ros2_ws/install/py_pubsub', 'merge_install': False, 'path': '/home/julian/workspace/Studium/ros2_ws/py_pubsub', 'symlink_install': False, 'test_result_base': None}
[0.416s] Level 5:colcon.colcon_core.verb:set package 'test_controller' build argument 'cmake_args' from command line to 'None'
[0.416s] Level 5:colcon.colcon_core.verb:set package 'test_controller' build argument 'cmake_target' from command line to 'None'
[0.416s] Level 5:colcon.colcon_core.verb:set package 'test_controller' build argument 'cmake_target_skip_unavailable' from command line to 'False'
[0.416s] Level 5:colcon.colcon_core.verb:set package 'test_controller' build argument 'cmake_clean_cache' from command line to 'False'
[0.416s] Level 5:colcon.colcon_core.verb:set package 'test_controller' build argument 'cmake_clean_first' from command line to 'False'
[0.416s] Level 5:colcon.colcon_core.verb:set package 'test_controller' build argument 'cmake_force_configure' from command line to 'False'
[0.416s] Level 5:colcon.colcon_core.verb:set package 'test_controller' build argument 'ament_cmake_args' from command line to 'None'
[0.416s] Level 5:colcon.colcon_core.verb:set package 'test_controller' build argument 'catkin_cmake_args' from command line to 'None'
[0.416s] Level 5:colcon.colcon_core.verb:set package 'test_controller' build argument 'catkin_skip_building_tests' from command line to 'False'
[0.416s] DEBUG:colcon.colcon_core.verb:Building package 'test_controller' with the following arguments: {'ament_cmake_args': None, 'build_base': '/home/julian/workspace/Studium/ros2_ws/build/test_controller', 'catkin_cmake_args': None, 'catkin_skip_building_tests': False, 'cmake_args': None, 'cmake_clean_cache': False, 'cmake_clean_first': False, 'cmake_force_configure': False, 'cmake_target': None, 'cmake_target_skip_unavailable': False, 'install_base': '/home/julian/workspace/Studium/ros2_ws/install/test_controller', 'merge_install': False, 'path': '/home/julian/workspace/Studium/ros2_ws/src/test_controller', 'symlink_install': False, 'test_result_base': None}
[0.416s] INFO:colcon.colcon_core.executor:Executing jobs using 'parallel' executor
[0.418s] DEBUG:colcon.colcon_parallel_executor.executor.parallel:run_until_complete
[0.418s] INFO:colcon.colcon_ros.task.ament_cmake.build:Building ROS package in '/home/julian/workspace/Studium/ros2_ws/src/chatting' with build type 'ament_cmake'
[0.418s] INFO:colcon.colcon_cmake.task.cmake.build:Building CMake package in '/home/julian/workspace/Studium/ros2_ws/src/chatting'
[0.421s] INFO:colcon.colcon_core.plugin_system:Skipping extension 'colcon_core.shell.bat': Not used on non-Windows systems
[0.421s] INFO:colcon.colcon_core.shell:Skip shell extension 'powershell' for command environment: Not usable outside of PowerShell
[0.421s] DEBUG:colcon.colcon_core.shell:Skip shell extension 'dsv' for command environment
[0.425s] INFO:colcon.colcon_ros.task.ament_cmake.build:Building ROS package in '/home/julian/workspace/Studium/ros2_ws/src/cpp_pubsub' with build type 'ament_cmake'
[0.425s] INFO:colcon.colcon_cmake.task.cmake.build:Building CMake package in '/home/julian/workspace/Studium/ros2_ws/src/cpp_pubsub'
[0.425s] INFO:colcon.colcon_core.shell:Skip shell extension 'powershell' for command environment: Not usable outside of PowerShell
[0.425s] DEBUG:colcon.colcon_core.shell:Skip shell extension 'dsv' for command environment
[0.429s] INFO:colcon.colcon_ros.task.ament_cmake.build:Building ROS package in '/home/julian/workspace/Studium/ros2_ws/src/more_interfaces' with build type 'ament_cmake'
[0.429s] INFO:colcon.colcon_cmake.task.cmake.build:Building CMake package in '/home/julian/workspace/Studium/ros2_ws/src/more_interfaces'
[0.430s] INFO:colcon.colcon_core.shell:Skip shell extension 'powershell' for command environment: Not usable outside of PowerShell
[0.430s] DEBUG:colcon.colcon_core.shell:Skip shell extension 'dsv' for command environment
[0.434s] INFO:colcon.colcon_ros.task.ament_python.build:Building ROS package in '/home/julian/workspace/Studium/ros2_ws/py_pubsub' with build type 'ament_python'
[0.434s] Level 1:colcon.colcon_core.shell:create_environment_hook('py_pubsub', 'ament_prefix_path')
[0.434s] INFO:colcon.colcon_core.shell:Creating environment hook '/home/julian/workspace/Studium/ros2_ws/install/py_pubsub/share/py_pubsub/hook/ament_prefix_path.ps1'
[0.435s] INFO:colcon.colcon_core.shell:Creating environment descriptor '/home/julian/workspace/Studium/ros2_ws/install/py_pubsub/share/py_pubsub/hook/ament_prefix_path.dsv'
[0.436s] INFO:colcon.colcon_core.shell:Creating environment hook '/home/julian/workspace/Studium/ros2_ws/install/py_pubsub/share/py_pubsub/hook/ament_prefix_path.sh'
[0.437s] INFO:colcon.colcon_core.shell:Skip shell extension 'powershell' for command environment: Not usable outside of PowerShell
[0.437s] DEBUG:colcon.colcon_core.shell:Skip shell extension 'dsv' for command environment
[0.439s] INFO:colcon.colcon_ros.task.ament_python.build:Building ROS package in '/home/julian/workspace/Studium/ros2_ws/src/test_controller' with build type 'ament_python'
[0.440s] Level 1:colcon.colcon_core.shell:create_environment_hook('test_controller', 'ament_prefix_path')
[0.440s] INFO:colcon.colcon_core.shell:Creating environment hook '/home/julian/workspace/Studium/ros2_ws/install/test_controller/share/test_controller/hook/ament_prefix_path.ps1'
[0.440s] INFO:colcon.colcon_core.shell:Creating environment descriptor '/home/julian/workspace/Studium/ros2_ws/install/test_controller/share/test_controller/hook/ament_prefix_path.dsv'
[0.441s] INFO:colcon.colcon_core.shell:Creating environment hook '/home/julian/workspace/Studium/ros2_ws/install/test_controller/share/test_controller/hook/ament_prefix_path.sh'
[0.441s] INFO:colcon.colcon_core.shell:Skip shell extension 'powershell' for command environment: Not usable outside of PowerShell
[0.441s] DEBUG:colcon.colcon_core.shell:Skip shell extension 'dsv' for command environment
[0.449s] DEBUG:colcon.colcon_core.event_handler.log_command:Invoking command in '/home/julian/workspace/Studium/ros2_ws/build/chatting': CMAKE_PREFIX_PATH=${CMAKE_PREFIX_PATH}:/home/julian/workspace/Studium/ros2_ws/install/py_pubsub:/home/julian/workspace/Studium/ros2_ws/install/test_controller:/opt/ros/kilted /usr/bin/cmake --build /home/julian/workspace/Studium/ros2_ws/build/chatting -- -j12 -l12
[0.453s] DEBUG:colcon.colcon_core.event_handler.log_command:Invoking command in '/home/julian/workspace/Studium/ros2_ws/build/cpp_pubsub': CMAKE_PREFIX_PATH=${CMAKE_PREFIX_PATH}:/home/julian/workspace/Studium/ros2_ws/install/py_pubsub:/home/julian/workspace/Studium/ros2_ws/install/test_controller:/opt/ros/kilted /usr/bin/cmake --build /home/julian/workspace/Studium/ros2_ws/build/cpp_pubsub -- -j12 -l12
[0.458s] DEBUG:colcon.colcon_core.event_handler.log_command:Invoking command in '/home/julian/workspace/Studium/ros2_ws/build/more_interfaces': CMAKE_PREFIX_PATH=${CMAKE_PREFIX_PATH}:/home/julian/workspace/Studium/ros2_ws/install/py_pubsub:/home/julian/workspace/Studium/ros2_ws/install/test_controller:/opt/ros/kilted /usr/bin/cmake --build /home/julian/workspace/Studium/ros2_ws/build/more_interfaces -- -j12 -l12
[0.706s] INFO:colcon.colcon_core.task.python.build:Building Python package in '/home/julian/workspace/Studium/ros2_ws/py_pubsub'
[0.707s] INFO:colcon.colcon_core.shell:Skip shell extension 'powershell' for command environment: Not usable outside of PowerShell
[0.707s] DEBUG:colcon.colcon_core.shell:Skip shell extension 'dsv' for command environment
[0.727s] DEBUG:colcon.colcon_core.event_handler.log_command:Invoked command in '/home/julian/workspace/Studium/ros2_ws/build/cpp_pubsub' returned '0': CMAKE_PREFIX_PATH=${CMAKE_PREFIX_PATH}:/home/julian/workspace/Studium/ros2_ws/install/py_pubsub:/home/julian/workspace/Studium/ros2_ws/install/test_controller:/opt/ros/kilted /usr/bin/cmake --build /home/julian/workspace/Studium/ros2_ws/build/cpp_pubsub -- -j12 -l12
[0.738s] DEBUG:colcon.colcon_core.event_handler.log_command:Invoking command in '/home/julian/workspace/Studium/ros2_ws/build/cpp_pubsub': CMAKE_PREFIX_PATH=${CMAKE_PREFIX_PATH}:/home/julian/workspace/Studium/ros2_ws/install/py_pubsub:/home/julian/workspace/Studium/ros2_ws/install/test_controller:/opt/ros/kilted /usr/bin/cmake --install /home/julian/workspace/Studium/ros2_ws/build/cpp_pubsub
[0.739s] DEBUG:colcon.colcon_core.event_handler.log_command:Invoked command in '/home/julian/workspace/Studium/ros2_ws/build/more_interfaces' returned '0': CMAKE_PREFIX_PATH=${CMAKE_PREFIX_PATH}:/home/julian/workspace/Studium/ros2_ws/install/py_pubsub:/home/julian/workspace/Studium/ros2_ws/install/test_controller:/opt/ros/kilted /usr/bin/cmake --build /home/julian/workspace/Studium/ros2_ws/build/more_interfaces -- -j12 -l12
[0.741s] DEBUG:colcon.colcon_core.event_handler.log_command:Invoking command in '/home/julian/workspace/Studium/ros2_ws/build/more_interfaces': CMAKE_PREFIX_PATH=${CMAKE_PREFIX_PATH}:/home/julian/workspace/Studium/ros2_ws/install/py_pubsub:/home/julian/workspace/Studium/ros2_ws/install/test_controller:/opt/ros/kilted /usr/bin/cmake --install /home/julian/workspace/Studium/ros2_ws/build/more_interfaces
[0.935s] INFO:colcon.colcon_core.task.python.build:Building Python package in '/home/julian/workspace/Studium/ros2_ws/src/test_controller'
[0.935s] INFO:colcon.colcon_core.shell:Skip shell extension 'powershell' for command environment: Not usable outside of PowerShell
[0.936s] DEBUG:colcon.colcon_core.shell:Skip shell extension 'dsv' for command environment
[0.951s] Level 1:colcon.colcon_core.environment:create_environment_scripts_only(more_interfaces)
[0.952s] DEBUG:colcon.colcon_core.event_handler.log_command:Invoked command in '/home/julian/workspace/Studium/ros2_ws/build/more_interfaces' returned '0': CMAKE_PREFIX_PATH=${CMAKE_PREFIX_PATH}:/home/julian/workspace/Studium/ros2_ws/install/py_pubsub:/home/julian/workspace/Studium/ros2_ws/install/test_controller:/opt/ros/kilted /usr/bin/cmake --install /home/julian/workspace/Studium/ros2_ws/build/more_interfaces
[0.955s] Level 1:colcon.colcon_core.environment:checking '/home/julian/workspace/Studium/ros2_ws/install/more_interfaces' for CMake module files
[0.956s] Level 1:colcon.colcon_core.environment:checking '/home/julian/workspace/Studium/ros2_ws/install/more_interfaces' for CMake config files
[0.956s] Level 1:colcon.colcon_core.shell:create_environment_hook('more_interfaces', 'cmake_prefix_path')
[0.956s] INFO:colcon.colcon_core.shell:Creating environment hook '/home/julian/workspace/Studium/ros2_ws/install/more_interfaces/share/more_interfaces/hook/cmake_prefix_path.ps1'
[0.957s] INFO:colcon.colcon_core.shell:Creating environment descriptor '/home/julian/workspace/Studium/ros2_ws/install/more_interfaces/share/more_interfaces/hook/cmake_prefix_path.dsv'
[0.957s] INFO:colcon.colcon_core.shell:Creating environment hook '/home/julian/workspace/Studium/ros2_ws/install/more_interfaces/share/more_interfaces/hook/cmake_prefix_path.sh'
[0.958s] Level 1:colcon.colcon_core.environment:checking '/home/julian/workspace/Studium/ros2_ws/install/more_interfaces/bin'
[0.958s] Level 1:colcon.colcon_core.environment:checking '/home/julian/workspace/Studium/ros2_ws/install/more_interfaces/lib/pkgconfig/more_interfaces.pc'
[0.959s] Level 1:colcon.colcon_core.environment:checking '/home/julian/workspace/Studium/ros2_ws/install/more_interfaces/lib/python3.12/site-packages'
[0.959s] Level 1:colcon.colcon_core.environment:checking '/home/julian/workspace/Studium/ros2_ws/install/more_interfaces/bin'
[0.959s] INFO:colcon.colcon_core.shell:Creating package script '/home/julian/workspace/Studium/ros2_ws/install/more_interfaces/share/more_interfaces/package.ps1'
[0.960s] INFO:colcon.colcon_core.shell:Creating package descriptor '/home/julian/workspace/Studium/ros2_ws/install/more_interfaces/share/more_interfaces/package.dsv'
[0.961s] INFO:colcon.colcon_core.shell:Creating package script '/home/julian/workspace/Studium/ros2_ws/install/more_interfaces/share/more_interfaces/package.sh'
[0.962s] INFO:colcon.colcon_core.shell:Creating package script '/home/julian/workspace/Studium/ros2_ws/install/more_interfaces/share/more_interfaces/package.bash'
[0.962s] INFO:colcon.colcon_core.shell:Creating package script '/home/julian/workspace/Studium/ros2_ws/install/more_interfaces/share/more_interfaces/package.zsh'
[0.963s] Level 1:colcon.colcon_core.environment:create_file_with_runtime_dependencies(/home/julian/workspace/Studium/ros2_ws/install/more_interfaces/share/colcon-core/packages/more_interfaces)
[0.963s] Level 1:colcon.colcon_core.environment:create_environment_scripts_only(more_interfaces)
[0.963s] Level 1:colcon.colcon_core.environment:checking '/home/julian/workspace/Studium/ros2_ws/install/more_interfaces' for CMake module files
[0.964s] Level 1:colcon.colcon_core.environment:checking '/home/julian/workspace/Studium/ros2_ws/install/more_interfaces' for CMake config files
[0.964s] Level 1:colcon.colcon_core.shell:create_environment_hook('more_interfaces', 'cmake_prefix_path')
[0.964s] INFO:colcon.colcon_core.shell:Creating environment hook '/home/julian/workspace/Studium/ros2_ws/install/more_interfaces/share/more_interfaces/hook/cmake_prefix_path.ps1'
[0.964s] INFO:colcon.colcon_core.shell:Creating environment descriptor '/home/julian/workspace/Studium/ros2_ws/install/more_interfaces/share/more_interfaces/hook/cmake_prefix_path.dsv'
[0.965s] INFO:colcon.colcon_core.shell:Creating environment hook '/home/julian/workspace/Studium/ros2_ws/install/more_interfaces/share/more_interfaces/hook/cmake_prefix_path.sh'
[0.965s] Level 1:colcon.colcon_core.environment:checking '/home/julian/workspace/Studium/ros2_ws/install/more_interfaces/bin'
[0.965s] Level 1:colcon.colcon_core.environment:checking '/home/julian/workspace/Studium/ros2_ws/install/more_interfaces/lib/pkgconfig/more_interfaces.pc'
[0.965s] Level 1:colcon.colcon_core.environment:checking '/home/julian/workspace/Studium/ros2_ws/install/more_interfaces/lib/python3.12/site-packages'
[0.966s] Level 1:colcon.colcon_core.environment:checking '/home/julian/workspace/Studium/ros2_ws/install/more_interfaces/bin'
[0.966s] INFO:colcon.colcon_core.shell:Creating package script '/home/julian/workspace/Studium/ros2_ws/install/more_interfaces/share/more_interfaces/package.ps1'
[0.966s] INFO:colcon.colcon_core.shell:Creating package descriptor '/home/julian/workspace/Studium/ros2_ws/install/more_interfaces/share/more_interfaces/package.dsv'
[0.967s] INFO:colcon.colcon_core.shell:Creating package script '/home/julian/workspace/Studium/ros2_ws/install/more_interfaces/share/more_interfaces/package.sh'
[0.967s] INFO:colcon.colcon_core.shell:Creating package script '/home/julian/workspace/Studium/ros2_ws/install/more_interfaces/share/more_interfaces/package.bash'
[0.967s] INFO:colcon.colcon_core.shell:Creating package script '/home/julian/workspace/Studium/ros2_ws/install/more_interfaces/share/more_interfaces/package.zsh'
[0.968s] Level 1:colcon.colcon_core.environment:create_file_with_runtime_dependencies(/home/julian/workspace/Studium/ros2_ws/install/more_interfaces/share/colcon-core/packages/more_interfaces)
[0.968s] Level 1:colcon.colcon_core.environment:create_environment_scripts_only(cpp_pubsub)
[0.968s] Level 1:colcon.colcon_core.environment:checking '/home/julian/workspace/Studium/ros2_ws/install/cpp_pubsub' for CMake module files
[0.970s] DEBUG:colcon.colcon_core.event_handler.log_command:Invoked command in '/home/julian/workspace/Studium/ros2_ws/build/cpp_pubsub' returned '0': CMAKE_PREFIX_PATH=${CMAKE_PREFIX_PATH}:/home/julian/workspace/Studium/ros2_ws/install/py_pubsub:/home/julian/workspace/Studium/ros2_ws/install/test_controller:/opt/ros/kilted /usr/bin/cmake --install /home/julian/workspace/Studium/ros2_ws/build/cpp_pubsub
[0.970s] Level 1:colcon.colcon_core.environment:checking '/home/julian/workspace/Studium/ros2_ws/install/cpp_pubsub' for CMake config files
[0.970s] Level 1:colcon.colcon_core.shell:create_environment_hook('cpp_pubsub', 'cmake_prefix_path')
[0.971s] INFO:colcon.colcon_core.shell:Creating environment hook '/home/julian/workspace/Studium/ros2_ws/install/cpp_pubsub/share/cpp_pubsub/hook/cmake_prefix_path.ps1'
[0.971s] INFO:colcon.colcon_core.shell:Creating environment descriptor '/home/julian/workspace/Studium/ros2_ws/install/cpp_pubsub/share/cpp_pubsub/hook/cmake_prefix_path.dsv'
[0.972s] INFO:colcon.colcon_core.shell:Creating environment hook '/home/julian/workspace/Studium/ros2_ws/install/cpp_pubsub/share/cpp_pubsub/hook/cmake_prefix_path.sh'
[0.973s] Level 1:colcon.colcon_core.environment:checking '/home/julian/workspace/Studium/ros2_ws/install/cpp_pubsub/lib'
[0.973s] Level 1:colcon.colcon_core.environment:checking '/home/julian/workspace/Studium/ros2_ws/install/cpp_pubsub/bin'
[0.973s] Level 1:colcon.colcon_core.environment:checking '/home/julian/workspace/Studium/ros2_ws/install/cpp_pubsub/lib/pkgconfig/cpp_pubsub.pc'
[0.973s] Level 1:colcon.colcon_core.environment:checking '/home/julian/workspace/Studium/ros2_ws/install/cpp_pubsub/lib/python3.12/site-packages'
[0.974s] Level 1:colcon.colcon_core.environment:checking '/home/julian/workspace/Studium/ros2_ws/install/cpp_pubsub/bin'
[0.974s] INFO:colcon.colcon_core.shell:Creating package script '/home/julian/workspace/Studium/ros2_ws/install/cpp_pubsub/share/cpp_pubsub/package.ps1'
[0.975s] INFO:colcon.colcon_core.shell:Creating package descriptor '/home/julian/workspace/Studium/ros2_ws/install/cpp_pubsub/share/cpp_pubsub/package.dsv'
[0.975s] INFO:colcon.colcon_core.shell:Creating package script '/home/julian/workspace/Studium/ros2_ws/install/cpp_pubsub/share/cpp_pubsub/package.sh'
[0.976s] INFO:colcon.colcon_core.shell:Creating package script '/home/julian/workspace/Studium/ros2_ws/install/cpp_pubsub/share/cpp_pubsub/package.bash'
[0.976s] INFO:colcon.colcon_core.shell:Creating package script '/home/julian/workspace/Studium/ros2_ws/install/cpp_pubsub/share/cpp_pubsub/package.zsh'
[0.977s] Level 1:colcon.colcon_core.environment:create_file_with_runtime_dependencies(/home/julian/workspace/Studium/ros2_ws/install/cpp_pubsub/share/colcon-core/packages/cpp_pubsub)
[0.977s] Level 1:colcon.colcon_core.environment:create_environment_scripts_only(cpp_pubsub)
[0.978s] Level 1:colcon.colcon_core.environment:checking '/home/julian/workspace/Studium/ros2_ws/install/cpp_pubsub' for CMake module files
[0.978s] Level 1:colcon.colcon_core.environment:checking '/home/julian/workspace/Studium/ros2_ws/install/cpp_pubsub' for CMake config files
[0.978s] Level 1:colcon.colcon_core.shell:create_environment_hook('cpp_pubsub', 'cmake_prefix_path')
[0.979s] INFO:colcon.colcon_core.shell:Creating environment hook '/home/julian/workspace/Studium/ros2_ws/install/cpp_pubsub/share/cpp_pubsub/hook/cmake_prefix_path.ps1'
[0.979s] INFO:colcon.colcon_core.shell:Creating environment descriptor '/home/julian/workspace/Studium/ros2_ws/install/cpp_pubsub/share/cpp_pubsub/hook/cmake_prefix_path.dsv'
[0.980s] INFO:colcon.colcon_core.shell:Creating environment hook '/home/julian/workspace/Studium/ros2_ws/install/cpp_pubsub/share/cpp_pubsub/hook/cmake_prefix_path.sh'
[0.980s] Level 1:colcon.colcon_core.environment:checking '/home/julian/workspace/Studium/ros2_ws/install/cpp_pubsub/lib'
[0.981s] Level 1:colcon.colcon_core.environment:checking '/home/julian/workspace/Studium/ros2_ws/install/cpp_pubsub/bin'
[0.981s] Level 1:colcon.colcon_core.environment:checking '/home/julian/workspace/Studium/ros2_ws/install/cpp_pubsub/lib/pkgconfig/cpp_pubsub.pc'
[0.981s] Level 1:colcon.colcon_core.environment:checking '/home/julian/workspace/Studium/ros2_ws/install/cpp_pubsub/lib/python3.12/site-packages'
[0.981s] Level 1:colcon.colcon_core.environment:checking '/home/julian/workspace/Studium/ros2_ws/install/cpp_pubsub/bin'
[0.982s] INFO:colcon.colcon_core.shell:Creating package script '/home/julian/workspace/Studium/ros2_ws/install/cpp_pubsub/share/cpp_pubsub/package.ps1'
[0.983s] INFO:colcon.colcon_core.shell:Creating package descriptor '/home/julian/workspace/Studium/ros2_ws/install/cpp_pubsub/share/cpp_pubsub/package.dsv'
[0.984s] INFO:colcon.colcon_core.shell:Creating package script '/home/julian/workspace/Studium/ros2_ws/install/cpp_pubsub/share/cpp_pubsub/package.sh'
[0.985s] INFO:colcon.colcon_core.shell:Creating package script '/home/julian/workspace/Studium/ros2_ws/install/cpp_pubsub/share/cpp_pubsub/package.bash'
[0.986s] INFO:colcon.colcon_core.shell:Creating package script '/home/julian/workspace/Studium/ros2_ws/install/cpp_pubsub/share/cpp_pubsub/package.zsh'
[0.986s] Level 1:colcon.colcon_core.environment:create_file_with_runtime_dependencies(/home/julian/workspace/Studium/ros2_ws/install/cpp_pubsub/share/colcon-core/packages/cpp_pubsub)
[1.517s] DEBUG:colcon.colcon_core.event_handler.log_command:Invoking command in '/home/julian/workspace/Studium/ros2_ws/py_pubsub': PYTHONPATH=/home/julian/workspace/Studium/ros2_ws/build/py_pubsub/prefix_override:/usr/lib/python3/dist-packages/colcon_core/task/python/colcon_distutils_commands:/home/julian/workspace/Studium/ros2_ws/install/py_pubsub/lib/python3.12/site-packages:${PYTHONPATH} /usr/bin/python3 -W ignore:setup.py install is deprecated -W ignore:easy_install command is deprecated setup.py egg_info --egg-base ../build/py_pubsub build --build-base /home/julian/workspace/Studium/ros2_ws/build/py_pubsub/build install --record /home/julian/workspace/Studium/ros2_ws/build/py_pubsub/install.log --single-version-externally-managed install_data
[1.577s] DEBUG:colcon.colcon_core.event_handler.log_command:Invoking command in '/home/julian/workspace/Studium/ros2_ws/src/test_controller': PYTHONPATH=/home/julian/workspace/Studium/ros2_ws/build/test_controller/prefix_override:/usr/lib/python3/dist-packages/colcon_core/task/python/colcon_distutils_commands:/home/julian/workspace/Studium/ros2_ws/install/test_controller/lib/python3.12/site-packages:${PYTHONPATH} /usr/bin/python3 -W ignore:setup.py install is deprecated -W ignore:easy_install command is deprecated setup.py egg_info --egg-base ../../build/test_controller build --build-base /home/julian/workspace/Studium/ros2_ws/build/test_controller/build install --record /home/julian/workspace/Studium/ros2_ws/build/test_controller/install.log --single-version-externally-managed install_data
[2.063s] Level 1:colcon.colcon_core.environment:checking '/home/julian/workspace/Studium/ros2_ws/install/py_pubsub' for CMake module files
[2.064s] DEBUG:colcon.colcon_core.event_handler.log_command:Invoked command in '/home/julian/workspace/Studium/ros2_ws/py_pubsub' returned '0': PYTHONPATH=/home/julian/workspace/Studium/ros2_ws/build/py_pubsub/prefix_override:/usr/lib/python3/dist-packages/colcon_core/task/python/colcon_distutils_commands:/home/julian/workspace/Studium/ros2_ws/install/py_pubsub/lib/python3.12/site-packages:${PYTHONPATH} /usr/bin/python3 -W ignore:setup.py install is deprecated -W ignore:easy_install command is deprecated setup.py egg_info --egg-base ../build/py_pubsub build --build-base /home/julian/workspace/Studium/ros2_ws/build/py_pubsub/build install --record /home/julian/workspace/Studium/ros2_ws/build/py_pubsub/install.log --single-version-externally-managed install_data
[2.065s] Level 1:colcon.colcon_core.environment:checking '/home/julian/workspace/Studium/ros2_ws/install/py_pubsub' for CMake config files
[2.065s] Level 1:colcon.colcon_core.environment:checking '/home/julian/workspace/Studium/ros2_ws/install/py_pubsub/lib'
[2.066s] Level 1:colcon.colcon_core.environment:checking '/home/julian/workspace/Studium/ros2_ws/install/py_pubsub/bin'
[2.066s] Level 1:colcon.colcon_core.environment:checking '/home/julian/workspace/Studium/ros2_ws/install/py_pubsub/lib/pkgconfig/py_pubsub.pc'
[2.066s] Level 1:colcon.colcon_core.environment:checking '/home/julian/workspace/Studium/ros2_ws/install/py_pubsub/lib/python3.12/site-packages'
[2.066s] Level 1:colcon.colcon_core.shell:create_environment_hook('py_pubsub', 'pythonpath')
[2.066s] INFO:colcon.colcon_core.shell:Creating environment hook '/home/julian/workspace/Studium/ros2_ws/install/py_pubsub/share/py_pubsub/hook/pythonpath.ps1'
[2.067s] INFO:colcon.colcon_core.shell:Creating environment descriptor '/home/julian/workspace/Studium/ros2_ws/install/py_pubsub/share/py_pubsub/hook/pythonpath.dsv'
[2.068s] INFO:colcon.colcon_core.shell:Creating environment hook '/home/julian/workspace/Studium/ros2_ws/install/py_pubsub/share/py_pubsub/hook/pythonpath.sh'
[2.068s] Level 1:colcon.colcon_core.environment:checking '/home/julian/workspace/Studium/ros2_ws/install/py_pubsub/bin'
[2.068s] Level 1:colcon.colcon_core.environment:create_environment_scripts_only(py_pubsub)
[2.068s] INFO:colcon.colcon_core.shell:Creating package script '/home/julian/workspace/Studium/ros2_ws/install/py_pubsub/share/py_pubsub/package.ps1'
[2.069s] INFO:colcon.colcon_core.shell:Creating package descriptor '/home/julian/workspace/Studium/ros2_ws/install/py_pubsub/share/py_pubsub/package.dsv'
[2.069s] INFO:colcon.colcon_core.shell:Creating package script '/home/julian/workspace/Studium/ros2_ws/install/py_pubsub/share/py_pubsub/package.sh'
[2.069s] INFO:colcon.colcon_core.shell:Creating package script '/home/julian/workspace/Studium/ros2_ws/install/py_pubsub/share/py_pubsub/package.bash'
[2.070s] INFO:colcon.colcon_core.shell:Creating package script '/home/julian/workspace/Studium/ros2_ws/install/py_pubsub/share/py_pubsub/package.zsh'
[2.070s] Level 1:colcon.colcon_core.environment:create_file_with_runtime_dependencies(/home/julian/workspace/Studium/ros2_ws/install/py_pubsub/share/colcon-core/packages/py_pubsub)
[2.131s] Level 1:colcon.colcon_core.environment:checking '/home/julian/workspace/Studium/ros2_ws/install/test_controller' for CMake module files
[2.132s] DEBUG:colcon.colcon_core.event_handler.log_command:Invoked command in '/home/julian/workspace/Studium/ros2_ws/src/test_controller' returned '0': PYTHONPATH=/home/julian/workspace/Studium/ros2_ws/build/test_controller/prefix_override:/usr/lib/python3/dist-packages/colcon_core/task/python/colcon_distutils_commands:/home/julian/workspace/Studium/ros2_ws/install/test_controller/lib/python3.12/site-packages:${PYTHONPATH} /usr/bin/python3 -W ignore:setup.py install is deprecated -W ignore:easy_install command is deprecated setup.py egg_info --egg-base ../../build/test_controller build --build-base /home/julian/workspace/Studium/ros2_ws/build/test_controller/build install --record /home/julian/workspace/Studium/ros2_ws/build/test_controller/install.log --single-version-externally-managed install_data
[2.132s] Level 1:colcon.colcon_core.environment:checking '/home/julian/workspace/Studium/ros2_ws/install/test_controller' for CMake config files
[2.133s] Level 1:colcon.colcon_core.environment:checking '/home/julian/workspace/Studium/ros2_ws/install/test_controller/lib'
[2.133s] Level 1:colcon.colcon_core.environment:checking '/home/julian/workspace/Studium/ros2_ws/install/test_controller/bin'
[2.133s] Level 1:colcon.colcon_core.environment:checking '/home/julian/workspace/Studium/ros2_ws/install/test_controller/lib/pkgconfig/test_controller.pc'
[2.134s] Level 1:colcon.colcon_core.environment:checking '/home/julian/workspace/Studium/ros2_ws/install/test_controller/lib/python3.12/site-packages'
[2.134s] Level 1:colcon.colcon_core.shell:create_environment_hook('test_controller', 'pythonpath')
[2.134s] INFO:colcon.colcon_core.shell:Creating environment hook '/home/julian/workspace/Studium/ros2_ws/install/test_controller/share/test_controller/hook/pythonpath.ps1'
[2.135s] INFO:colcon.colcon_core.shell:Creating environment descriptor '/home/julian/workspace/Studium/ros2_ws/install/test_controller/share/test_controller/hook/pythonpath.dsv'
[2.135s] INFO:colcon.colcon_core.shell:Creating environment hook '/home/julian/workspace/Studium/ros2_ws/install/test_controller/share/test_controller/hook/pythonpath.sh'
[2.136s] Level 1:colcon.colcon_core.environment:checking '/home/julian/workspace/Studium/ros2_ws/install/test_controller/bin'
[2.136s] Level 1:colcon.colcon_core.environment:create_environment_scripts_only(test_controller)
[2.136s] INFO:colcon.colcon_core.shell:Creating package script '/home/julian/workspace/Studium/ros2_ws/install/test_controller/share/test_controller/package.ps1'
[2.136s] INFO:colcon.colcon_core.shell:Creating package descriptor '/home/julian/workspace/Studium/ros2_ws/install/test_controller/share/test_controller/package.dsv'
[2.137s] INFO:colcon.colcon_core.shell:Creating package script '/home/julian/workspace/Studium/ros2_ws/install/test_controller/share/test_controller/package.sh'
[2.137s] INFO:colcon.colcon_core.shell:Creating package script '/home/julian/workspace/Studium/ros2_ws/install/test_controller/share/test_controller/package.bash'
[2.137s] INFO:colcon.colcon_core.shell:Creating package script '/home/julian/workspace/Studium/ros2_ws/install/test_controller/share/test_controller/package.zsh'
[2.137s] Level 1:colcon.colcon_core.environment:create_file_with_runtime_dependencies(/home/julian/workspace/Studium/ros2_ws/install/test_controller/share/colcon-core/packages/test_controller)
[5.231s] DEBUG:colcon.colcon_core.event_handler.log_command:Invoked command in '/home/julian/workspace/Studium/ros2_ws/build/chatting' returned '0': CMAKE_PREFIX_PATH=${CMAKE_PREFIX_PATH}:/home/julian/workspace/Studium/ros2_ws/install/py_pubsub:/home/julian/workspace/Studium/ros2_ws/install/test_controller:/opt/ros/kilted /usr/bin/cmake --build /home/julian/workspace/Studium/ros2_ws/build/chatting -- -j12 -l12
[5.232s] DEBUG:colcon.colcon_core.event_handler.log_command:Invoking command in '/home/julian/workspace/Studium/ros2_ws/build/chatting': CMAKE_PREFIX_PATH=${CMAKE_PREFIX_PATH}:/home/julian/workspace/Studium/ros2_ws/install/py_pubsub:/home/julian/workspace/Studium/ros2_ws/install/test_controller:/opt/ros/kilted /usr/bin/cmake --install /home/julian/workspace/Studium/ros2_ws/build/chatting
[5.290s] Level 1:colcon.colcon_core.environment:create_environment_scripts_only(chatting)
[5.290s] DEBUG:colcon.colcon_core.event_handler.log_command:Invoked command in '/home/julian/workspace/Studium/ros2_ws/build/chatting' returned '0': CMAKE_PREFIX_PATH=${CMAKE_PREFIX_PATH}:/home/julian/workspace/Studium/ros2_ws/install/py_pubsub:/home/julian/workspace/Studium/ros2_ws/install/test_controller:/opt/ros/kilted /usr/bin/cmake --install /home/julian/workspace/Studium/ros2_ws/build/chatting
[5.290s] Level 1:colcon.colcon_core.environment:checking '/home/julian/workspace/Studium/ros2_ws/install/chatting' for CMake module files
[5.291s] Level 1:colcon.colcon_core.environment:checking '/home/julian/workspace/Studium/ros2_ws/install/chatting' for CMake config files
[5.291s] Level 1:colcon.colcon_core.shell:create_environment_hook('chatting', 'cmake_prefix_path')
[5.291s] INFO:colcon.colcon_core.shell:Creating environment hook '/home/julian/workspace/Studium/ros2_ws/install/chatting/share/chatting/hook/cmake_prefix_path.ps1'
[5.292s] INFO:colcon.colcon_core.shell:Creating environment descriptor '/home/julian/workspace/Studium/ros2_ws/install/chatting/share/chatting/hook/cmake_prefix_path.dsv'
[5.292s] INFO:colcon.colcon_core.shell:Creating environment hook '/home/julian/workspace/Studium/ros2_ws/install/chatting/share/chatting/hook/cmake_prefix_path.sh'
[5.293s] Level 1:colcon.colcon_core.environment:checking '/home/julian/workspace/Studium/ros2_ws/install/chatting/lib'
[5.293s] Level 1:colcon.colcon_core.shell:create_environment_hook('chatting', 'ld_library_path_lib')
[5.293s] INFO:colcon.colcon_core.shell:Creating environment hook '/home/julian/workspace/Studium/ros2_ws/install/chatting/share/chatting/hook/ld_library_path_lib.ps1'
[5.293s] INFO:colcon.colcon_core.shell:Creating environment descriptor '/home/julian/workspace/Studium/ros2_ws/install/chatting/share/chatting/hook/ld_library_path_lib.dsv'
[5.293s] INFO:colcon.colcon_core.shell:Creating environment hook '/home/julian/workspace/Studium/ros2_ws/install/chatting/share/chatting/hook/ld_library_path_lib.sh'
[5.294s] Level 1:colcon.colcon_core.environment:checking '/home/julian/workspace/Studium/ros2_ws/install/chatting/bin'
[5.294s] Level 1:colcon.colcon_core.environment:checking '/home/julian/workspace/Studium/ros2_ws/install/chatting/lib/pkgconfig/chatting.pc'
[5.294s] Level 1:colcon.colcon_core.environment:checking '/home/julian/workspace/Studium/ros2_ws/install/chatting/lib/python3.12/site-packages'
[5.294s] Level 1:colcon.colcon_core.shell:create_environment_hook('chatting', 'pythonpath')
[5.294s] INFO:colcon.colcon_core.shell:Creating environment hook '/home/julian/workspace/Studium/ros2_ws/install/chatting/share/chatting/hook/pythonpath.ps1'
[5.294s] INFO:colcon.colcon_core.shell:Creating environment descriptor '/home/julian/workspace/Studium/ros2_ws/install/chatting/share/chatting/hook/pythonpath.dsv'
[5.295s] INFO:colcon.colcon_core.shell:Creating environment hook '/home/julian/workspace/Studium/ros2_ws/install/chatting/share/chatting/hook/pythonpath.sh'
[5.295s] Level 1:colcon.colcon_core.environment:checking '/home/julian/workspace/Studium/ros2_ws/install/chatting/bin'
[5.295s] INFO:colcon.colcon_core.shell:Creating package script '/home/julian/workspace/Studium/ros2_ws/install/chatting/share/chatting/package.ps1'
[5.296s] INFO:colcon.colcon_core.shell:Creating package descriptor '/home/julian/workspace/Studium/ros2_ws/install/chatting/share/chatting/package.dsv'
[5.296s] INFO:colcon.colcon_core.shell:Creating package script '/home/julian/workspace/Studium/ros2_ws/install/chatting/share/chatting/package.sh'
[5.296s] INFO:colcon.colcon_core.shell:Creating package script '/home/julian/workspace/Studium/ros2_ws/install/chatting/share/chatting/package.bash'
[5.297s] INFO:colcon.colcon_core.shell:Creating package script '/home/julian/workspace/Studium/ros2_ws/install/chatting/share/chatting/package.zsh'
[5.297s] Level 1:colcon.colcon_core.environment:create_file_with_runtime_dependencies(/home/julian/workspace/Studium/ros2_ws/install/chatting/share/colcon-core/packages/chatting)
[5.297s] Level 1:colcon.colcon_core.environment:create_environment_scripts_only(chatting)
[5.297s] Level 1:colcon.colcon_core.environment:checking '/home/julian/workspace/Studium/ros2_ws/install/chatting' for CMake module files
[5.298s] Level 1:colcon.colcon_core.environment:checking '/home/julian/workspace/Studium/ros2_ws/install/chatting' for CMake config files
[5.298s] Level 1:colcon.colcon_core.shell:create_environment_hook('chatting', 'cmake_prefix_path')
[5.298s] INFO:colcon.colcon_core.shell:Creating environment hook '/home/julian/workspace/Studium/ros2_ws/install/chatting/share/chatting/hook/cmake_prefix_path.ps1'
[5.298s] INFO:colcon.colcon_core.shell:Creating environment descriptor '/home/julian/workspace/Studium/ros2_ws/install/chatting/share/chatting/hook/cmake_prefix_path.dsv'
[5.299s] INFO:colcon.colcon_core.shell:Creating environment hook '/home/julian/workspace/Studium/ros2_ws/install/chatting/share/chatting/hook/cmake_prefix_path.sh'
[5.299s] Level 1:colcon.colcon_core.environment:checking '/home/julian/workspace/Studium/ros2_ws/install/chatting/lib'
[5.299s] Level 1:colcon.colcon_core.shell:create_environment_hook('chatting', 'ld_library_path_lib')
[5.299s] INFO:colcon.colcon_core.shell:Creating environment hook '/home/julian/workspace/Studium/ros2_ws/install/chatting/share/chatting/hook/ld_library_path_lib.ps1'
[5.300s] INFO:colcon.colcon_core.shell:Creating environment descriptor '/home/julian/workspace/Studium/ros2_ws/install/chatting/share/chatting/hook/ld_library_path_lib.dsv'
[5.300s] INFO:colcon.colcon_core.shell:Creating environment hook '/home/julian/workspace/Studium/ros2_ws/install/chatting/share/chatting/hook/ld_library_path_lib.sh'
[5.300s] Level 1:colcon.colcon_core.environment:checking '/home/julian/workspace/Studium/ros2_ws/install/chatting/bin'
[5.300s] Level 1:colcon.colcon_core.environment:checking '/home/julian/workspace/Studium/ros2_ws/install/chatting/lib/pkgconfig/chatting.pc'
[5.300s] Level 1:colcon.colcon_core.environment:checking '/home/julian/workspace/Studium/ros2_ws/install/chatting/lib/python3.12/site-packages'
[5.300s] Level 1:colcon.colcon_core.shell:create_environment_hook('chatting', 'pythonpath')
[5.300s] INFO:colcon.colcon_core.shell:Creating environment hook '/home/julian/workspace/Studium/ros2_ws/install/chatting/share/chatting/hook/pythonpath.ps1'
[5.301s] INFO:colcon.colcon_core.shell:Creating environment descriptor '/home/julian/workspace/Studium/ros2_ws/install/chatting/share/chatting/hook/pythonpath.dsv'
[5.301s] INFO:colcon.colcon_core.shell:Creating environment hook '/home/julian/workspace/Studium/ros2_ws/install/chatting/share/chatting/hook/pythonpath.sh'
[5.301s] Level 1:colcon.colcon_core.environment:checking '/home/julian/workspace/Studium/ros2_ws/install/chatting/bin'
[5.302s] INFO:colcon.colcon_core.shell:Creating package script '/home/julian/workspace/Studium/ros2_ws/install/chatting/share/chatting/package.ps1'
[5.302s] INFO:colcon.colcon_core.shell:Creating package descriptor '/home/julian/workspace/Studium/ros2_ws/install/chatting/share/chatting/package.dsv'
[5.302s] INFO:colcon.colcon_core.shell:Creating package script '/home/julian/workspace/Studium/ros2_ws/install/chatting/share/chatting/package.sh'
[5.303s] INFO:colcon.colcon_core.shell:Creating package script '/home/julian/workspace/Studium/ros2_ws/install/chatting/share/chatting/package.bash'
[5.303s] INFO:colcon.colcon_core.shell:Creating package script '/home/julian/workspace/Studium/ros2_ws/install/chatting/share/chatting/package.zsh'
[5.303s] Level 1:colcon.colcon_core.environment:create_file_with_runtime_dependencies(/home/julian/workspace/Studium/ros2_ws/install/chatting/share/colcon-core/packages/chatting)
[5.304s] DEBUG:colcon.colcon_parallel_executor.executor.parallel:closing loop
[5.304s] DEBUG:colcon.colcon_parallel_executor.executor.parallel:loop closed
[5.305s] DEBUG:colcon.colcon_parallel_executor.executor.parallel:run_until_complete finished with '0'
[5.305s] DEBUG:colcon.colcon_core.event_reactor:joining thread
[5.328s] INFO:colcon.colcon_core.plugin_system:Skipping extension 'colcon_notification.desktop_notification.notify_send': Could not find 'notify-send'
[5.328s] INFO:colcon.colcon_core.plugin_system:Skipping extension 'colcon_notification.desktop_notification.terminal_notifier': Not used on non-Darwin systems
[5.328s] INFO:colcon.colcon_core.plugin_system:Skipping extension 'colcon_notification.desktop_notification.win32': Not used on non-Windows systems
[5.329s] INFO:colcon.colcon_notification.desktop_notification:Sending desktop notification using 'notify2'
[5.330s] DEBUG:colcon.colcon_notification.desktop_notification.notify2:Failed to initialize notify2: org.freedesktop.DBus.Error.ServiceUnknown: The name org.freedesktop.Notifications was not provided by any .service files
[5.330s] DEBUG:colcon.colcon_core.event_reactor:joined thread
[5.331s] INFO:colcon.colcon_core.shell:Creating prefix script '/home/julian/workspace/Studium/ros2_ws/install/local_setup.ps1'
[5.331s] INFO:colcon.colcon_core.shell:Creating prefix util module '/home/julian/workspace/Studium/ros2_ws/install/_local_setup_util_ps1.py'
[5.332s] INFO:colcon.colcon_core.shell:Creating prefix chain script '/home/julian/workspace/Studium/ros2_ws/install/setup.ps1'
[5.333s] INFO:colcon.colcon_core.shell:Creating prefix script '/home/julian/workspace/Studium/ros2_ws/install/local_setup.sh'
[5.334s] INFO:colcon.colcon_core.shell:Creating prefix util module '/home/julian/workspace/Studium/ros2_ws/install/_local_setup_util_sh.py'
[5.334s] INFO:colcon.colcon_core.shell:Creating prefix chain script '/home/julian/workspace/Studium/ros2_ws/install/setup.sh'
[5.335s] INFO:colcon.colcon_core.shell:Creating prefix script '/home/julian/workspace/Studium/ros2_ws/install/local_setup.bash'
[5.335s] INFO:colcon.colcon_core.shell:Creating prefix chain script '/home/julian/workspace/Studium/ros2_ws/install/setup.bash'
[5.336s] INFO:colcon.colcon_core.shell:Creating prefix script '/home/julian/workspace/Studium/ros2_ws/install/local_setup.zsh'
[5.336s] INFO:colcon.colcon_core.shell:Creating prefix chain script '/home/julian/workspace/Studium/ros2_ws/install/setup.zsh'
