[1.082s] Invoking command in '/home/julian/workspace/Studium/ros2_ws/py_pubsub': PYTHONPATH=/home/julian/workspace/Studium/ros2_ws/build/py_pubsub/prefix_override:/usr/lib/python3/dist-packages/colcon_core/task/python/colcon_distutils_commands:/home/julian/workspace/Studium/ros2_ws/install/py_pubsub/lib/python3.12/site-packages:${PYTHONPATH} /usr/bin/python3 -W ignore:setup.py install is deprecated -W ignore:easy_install command is deprecated setup.py egg_info --egg-base ../build/py_pubsub build --build-base /home/julian/workspace/Studium/ros2_ws/build/py_pubsub/build install --record /home/julian/workspace/Studium/ros2_ws/build/py_pubsub/install.log --single-version-externally-managed install_data
[1.355s] running egg_info
[1.370s] writing ../build/py_pubsub/py_pubsub.egg-info/PKG-INFO
[1.370s] writing dependency_links to ../build/py_pubsub/py_pubsub.egg-info/dependency_links.txt
[1.370s] writing entry points to ../build/py_pubsub/py_pubsub.egg-info/entry_points.txt
[1.370s] writing requirements to ../build/py_pubsub/py_pubsub.egg-info/requires.txt
[1.371s] writing top-level names to ../build/py_pubsub/py_pubsub.egg-info/top_level.txt
[1.402s] reading manifest file '../build/py_pubsub/py_pubsub.egg-info/SOURCES.txt'
[1.403s] adding license file 'LICENSE'
[1.403s] writing manifest file '../build/py_pubsub/py_pubsub.egg-info/SOURCES.txt'
[1.404s] running build
[1.404s] running build_py
[1.404s] running install
[1.409s] running install_lib
[1.425s] running install_data
[1.425s] running install_egg_info
[1.454s] removing '/home/julian/workspace/Studium/ros2_ws/install/py_pubsub/lib/python3.12/site-packages/py_pubsub-0.0.0-py3.12.egg-info' (and everything under it)
[1.454s] Copying ../build/py_pubsub/py_pubsub.egg-info to /home/julian/workspace/Studium/ros2_ws/install/py_pubsub/lib/python3.12/site-packages/py_pubsub-0.0.0-py3.12.egg-info
[1.456s] running install_scripts
[1.596s] Installing listener script to /home/julian/workspace/Studium/ros2_ws/install/py_pubsub/lib/py_pubsub
[1.596s] Installing talker script to /home/julian/workspace/Studium/ros2_ws/install/py_pubsub/lib/py_pubsub
[1.596s] writing list of installed files to '/home/julian/workspace/Studium/ros2_ws/build/py_pubsub/install.log'
[1.629s] Invoked command in '/home/julian/workspace/Studium/ros2_ws/py_pubsub' returned '0': PYTHONPATH=/home/julian/workspace/Studium/ros2_ws/build/py_pubsub/prefix_override:/usr/lib/python3/dist-packages/colcon_core/task/python/colcon_distutils_commands:/home/julian/workspace/Studium/ros2_ws/install/py_pubsub/lib/python3.12/site-packages:${PYTHONPATH} /usr/bin/python3 -W ignore:setup.py install is deprecated -W ignore:easy_install command is deprecated setup.py egg_info --egg-base ../build/py_pubsub build --build-base /home/julian/workspace/Studium/ros2_ws/build/py_pubsub/build install --record /home/julian/workspace/Studium/ros2_ws/build/py_pubsub/install.log --single-version-externally-managed install_data
