[0.132s] DEBUG:colcon:Command line arguments: ['/usr/bin/colcon', 'build']
[0.132s] DEBUG:colcon:Parsed command line arguments: Namespace(log_base=None, log_level=None, verb_name='build', build_base='build', install_base='install', merge_install=False, symlink_install=False, test_result_base=None, continue_on_error=False, executor='parallel', parallel_workers=12, event_handlers=None, ignore_user_meta=False, metas=['./colcon.meta'], base_paths=['.'], packages_ignore=None, packages_ignore_regex=None, paths=None, packages_up_to=None, packages_up_to_regex=None, packages_above=None, packages_above_and_dependencies=None, packages_above_depth=None, packages_select_by_dep=None, packages_skip_by_dep=None, packages_skip_up_to=None, packages_select_build_failed=False, packages_skip_build_finished=False, packages_select_test_failures=False, packages_skip_test_passed=False, packages_select=None, packages_skip=None, packages_select_regex=None, packages_skip_regex=None, packages_start=None, packages_end=None, allow_overriding=[], cmake_args=None, cmake_target=None, cmake_target_skip_unavailable=False, cmake_clean_cache=False, cmake_clean_first=False, cmake_force_configure=False, ament_cmake_args=None, catkin_cmake_args=None, catkin_skip_building_tests=False, mixin_files=None, mixin=None, verb_parser=<colcon_mixin.mixin.mixin_argument.MixinArgumentDecorator object at 0x7eff8ba76300>, verb_extension=<colcon_core.verb.build.BuildVerb object at 0x7eff8ba75fd0>, main=<bound method BuildVerb.main of <colcon_core.verb.build.BuildVerb object at 0x7eff8ba75fd0>>, mixin_verb=('build',))
[0.168s] Level 1:colcon.colcon_core.package_discovery:discover_packages(colcon_meta) check parameters
[0.168s] Level 1:colcon.colcon_core.package_discovery:discover_packages(recursive) check parameters
[0.168s] Level 1:colcon.colcon_core.package_discovery:discover_packages(ignore) check parameters
[0.169s] Level 1:colcon.colcon_core.package_discovery:discover_packages(path) check parameters
[0.169s] Level 1:colcon.colcon_core.package_discovery:discover_packages(colcon_meta) discover
[0.169s] Level 1:colcon.colcon_core.package_discovery:discover_packages(recursive) discover
[0.169s] INFO:colcon.colcon_core.package_discovery:Crawling recursively for packages in '/home/julian/workspace/Studium/ros2_ws'
[0.169s] Level 1:colcon.colcon_core.package_identification:_identify(.) by extensions ['ignore', 'ignore_ament_install']
[0.169s] Level 1:colcon.colcon_core.package_identification:_identify(.) by extension 'ignore'
[0.169s] Level 1:colcon.colcon_core.package_identification:_identify(.) by extension 'ignore_ament_install'
[0.169s] Level 1:colcon.colcon_core.package_identification:_identify(.) by extensions ['colcon_pkg']
[0.169s] Level 1:colcon.colcon_core.package_identification:_identify(.) by extension 'colcon_pkg'
[0.169s] Level 1:colcon.colcon_core.package_identification:_identify(.) by extensions ['colcon_meta']
[0.169s] Level 1:colcon.colcon_core.package_identification:_identify(.) by extension 'colcon_meta'
[0.169s] Level 1:colcon.colcon_core.package_identification:_identify(.) by extensions ['ros']
[0.169s] Level 1:colcon.colcon_core.package_identification:_identify(.) by extension 'ros'
[0.193s] Level 1:colcon.colcon_core.package_identification:_identify(.) by extensions ['cmake', 'python']
[0.193s] Level 1:colcon.colcon_core.package_identification:_identify(.) by extension 'cmake'
[0.193s] Level 1:colcon.colcon_core.package_identification:_identify(.) by extension 'python'
[0.193s] Level 1:colcon.colcon_core.package_identification:_identify(.) by extensions ['python_setup_py']
[0.193s] Level 1:colcon.colcon_core.package_identification:_identify(.) by extension 'python_setup_py'
[0.193s] Level 1:colcon.colcon_core.package_identification:_identify(build) by extensions ['ignore', 'ignore_ament_install']
[0.193s] Level 1:colcon.colcon_core.package_identification:_identify(build) by extension 'ignore'
[0.194s] Level 1:colcon.colcon_core.package_identification:_identify(build) ignored
[0.194s] Level 1:colcon.colcon_core.package_identification:_identify(install) by extensions ['ignore', 'ignore_ament_install']
[0.194s] Level 1:colcon.colcon_core.package_identification:_identify(install) by extension 'ignore'
[0.194s] Level 1:colcon.colcon_core.package_identification:_identify(install) ignored
[0.194s] Level 1:colcon.colcon_core.package_identification:_identify(log) by extensions ['ignore', 'ignore_ament_install']
[0.194s] Level 1:colcon.colcon_core.package_identification:_identify(log) by extension 'ignore'
[0.194s] Level 1:colcon.colcon_core.package_identification:_identify(log) ignored
[0.194s] Level 1:colcon.colcon_core.package_identification:_identify(py_pubsub) by extensions ['ignore', 'ignore_ament_install']
[0.194s] Level 1:colcon.colcon_core.package_identification:_identify(py_pubsub) by extension 'ignore'
[0.194s] Level 1:colcon.colcon_core.package_identification:_identify(py_pubsub) by extension 'ignore_ament_install'
[0.194s] Level 1:colcon.colcon_core.package_identification:_identify(py_pubsub) by extensions ['colcon_pkg']
[0.194s] Level 1:colcon.colcon_core.package_identification:_identify(py_pubsub) by extension 'colcon_pkg'
[0.194s] Level 1:colcon.colcon_core.package_identification:_identify(py_pubsub) by extensions ['colcon_meta']
[0.194s] Level 1:colcon.colcon_core.package_identification:_identify(py_pubsub) by extension 'colcon_meta'
[0.194s] Level 1:colcon.colcon_core.package_identification:_identify(py_pubsub) by extensions ['ros']
[0.194s] Level 1:colcon.colcon_core.package_identification:_identify(py_pubsub) by extension 'ros'
[0.196s] DEBUG:colcon.colcon_core.package_identification:Package 'py_pubsub' with type 'ros.ament_python' and name 'py_pubsub'
[0.196s] Level 1:colcon.colcon_core.package_identification:_identify(py_pubsub_interfaces) by extensions ['ignore', 'ignore_ament_install']
[0.196s] Level 1:colcon.colcon_core.package_identification:_identify(py_pubsub_interfaces) by extension 'ignore'
[0.196s] Level 1:colcon.colcon_core.package_identification:_identify(py_pubsub_interfaces) by extension 'ignore_ament_install'
[0.197s] Level 1:colcon.colcon_core.package_identification:_identify(py_pubsub_interfaces) by extensions ['colcon_pkg']
[0.197s] Level 1:colcon.colcon_core.package_identification:_identify(py_pubsub_interfaces) by extension 'colcon_pkg'
[0.197s] Level 1:colcon.colcon_core.package_identification:_identify(py_pubsub_interfaces) by extensions ['colcon_meta']
[0.197s] Level 1:colcon.colcon_core.package_identification:_identify(py_pubsub_interfaces) by extension 'colcon_meta'
[0.197s] Level 1:colcon.colcon_core.package_identification:_identify(py_pubsub_interfaces) by extensions ['ros']
[0.197s] Level 1:colcon.colcon_core.package_identification:_identify(py_pubsub_interfaces) by extension 'ros'
[0.197s] Level 1:colcon.colcon_core.package_identification:_identify(py_pubsub_interfaces) by extensions ['cmake', 'python']
[0.197s] Level 1:colcon.colcon_core.package_identification:_identify(py_pubsub_interfaces) by extension 'cmake'
[0.197s] Level 1:colcon.colcon_core.package_identification:_identify(py_pubsub_interfaces) by extension 'python'
[0.197s] Level 1:colcon.colcon_core.package_identification:_identify(py_pubsub_interfaces) by extensions ['python_setup_py']
[0.197s] Level 1:colcon.colcon_core.package_identification:_identify(py_pubsub_interfaces) by extension 'python_setup_py'
[0.197s] Level 1:colcon.colcon_core.package_identification:_identify(py_pubsub_interfaces/msg) by extensions ['ignore', 'ignore_ament_install']
[0.197s] Level 1:colcon.colcon_core.package_identification:_identify(py_pubsub_interfaces/msg) by extension 'ignore'
[0.197s] Level 1:colcon.colcon_core.package_identification:_identify(py_pubsub_interfaces/msg) by extension 'ignore_ament_install'
[0.197s] Level 1:colcon.colcon_core.package_identification:_identify(py_pubsub_interfaces/msg) by extensions ['colcon_pkg']
[0.197s] Level 1:colcon.colcon_core.package_identification:_identify(py_pubsub_interfaces/msg) by extension 'colcon_pkg'
[0.197s] Level 1:colcon.colcon_core.package_identification:_identify(py_pubsub_interfaces/msg) by extensions ['colcon_meta']
[0.197s] Level 1:colcon.colcon_core.package_identification:_identify(py_pubsub_interfaces/msg) by extension 'colcon_meta'
[0.197s] Level 1:colcon.colcon_core.package_identification:_identify(py_pubsub_interfaces/msg) by extensions ['ros']
[0.197s] Level 1:colcon.colcon_core.package_identification:_identify(py_pubsub_interfaces/msg) by extension 'ros'
[0.197s] Level 1:colcon.colcon_core.package_identification:_identify(py_pubsub_interfaces/msg) by extensions ['cmake', 'python']
[0.197s] Level 1:colcon.colcon_core.package_identification:_identify(py_pubsub_interfaces/msg) by extension 'cmake'
[0.197s] Level 1:colcon.colcon_core.package_identification:_identify(py_pubsub_interfaces/msg) by extension 'python'
[0.197s] Level 1:colcon.colcon_core.package_identification:_identify(py_pubsub_interfaces/msg) by extensions ['python_setup_py']
[0.197s] Level 1:colcon.colcon_core.package_identification:_identify(py_pubsub_interfaces/msg) by extension 'python_setup_py'
[0.197s] Level 1:colcon.colcon_core.package_identification:_identify(src) by extensions ['ignore', 'ignore_ament_install']
[0.197s] Level 1:colcon.colcon_core.package_identification:_identify(src) by extension 'ignore'
[0.197s] Level 1:colcon.colcon_core.package_identification:_identify(src) by extension 'ignore_ament_install'
[0.197s] Level 1:colcon.colcon_core.package_identification:_identify(src) by extensions ['colcon_pkg']
[0.197s] Level 1:colcon.colcon_core.package_identification:_identify(src) by extension 'colcon_pkg'
[0.197s] Level 1:colcon.colcon_core.package_identification:_identify(src) by extensions ['colcon_meta']
[0.198s] Level 1:colcon.colcon_core.package_identification:_identify(src) by extension 'colcon_meta'
[0.198s] Level 1:colcon.colcon_core.package_identification:_identify(src) by extensions ['ros']
[0.198s] Level 1:colcon.colcon_core.package_identification:_identify(src) by extension 'ros'
[0.198s] Level 1:colcon.colcon_core.package_identification:_identify(src) by extensions ['cmake', 'python']
[0.198s] Level 1:colcon.colcon_core.package_identification:_identify(src) by extension 'cmake'
[0.198s] Level 1:colcon.colcon_core.package_identification:_identify(src) by extension 'python'
[0.198s] Level 1:colcon.colcon_core.package_identification:_identify(src) by extensions ['python_setup_py']
[0.198s] Level 1:colcon.colcon_core.package_identification:_identify(src) by extension 'python_setup_py'
[0.198s] Level 1:colcon.colcon_core.package_identification:_identify(src/chatting) by extensions ['ignore', 'ignore_ament_install']
[0.198s] Level 1:colcon.colcon_core.package_identification:_identify(src/chatting) by extension 'ignore'
[0.198s] Level 1:colcon.colcon_core.package_identification:_identify(src/chatting) by extension 'ignore_ament_install'
[0.198s] Level 1:colcon.colcon_core.package_identification:_identify(src/chatting) by extensions ['colcon_pkg']
[0.198s] Level 1:colcon.colcon_core.package_identification:_identify(src/chatting) by extension 'colcon_pkg'
[0.198s] Level 1:colcon.colcon_core.package_identification:_identify(src/chatting) by extensions ['colcon_meta']
[0.198s] Level 1:colcon.colcon_core.package_identification:_identify(src/chatting) by extension 'colcon_meta'
[0.198s] Level 1:colcon.colcon_core.package_identification:_identify(src/chatting) by extensions ['ros']
[0.198s] Level 1:colcon.colcon_core.package_identification:_identify(src/chatting) by extension 'ros'
[0.198s] DEBUG:colcon.colcon_core.package_identification:Package 'src/chatting' with type 'ros.ament_cmake' and name 'chatting'
[0.199s] Level 1:colcon.colcon_core.package_identification:_identify(src/cpp_pubsub) by extensions ['ignore', 'ignore_ament_install']
[0.199s] Level 1:colcon.colcon_core.package_identification:_identify(src/cpp_pubsub) by extension 'ignore'
[0.199s] Level 1:colcon.colcon_core.package_identification:_identify(src/cpp_pubsub) by extension 'ignore_ament_install'
[0.199s] Level 1:colcon.colcon_core.package_identification:_identify(src/cpp_pubsub) by extensions ['colcon_pkg']
[0.199s] Level 1:colcon.colcon_core.package_identification:_identify(src/cpp_pubsub) by extension 'colcon_pkg'
[0.199s] Level 1:colcon.colcon_core.package_identification:_identify(src/cpp_pubsub) by extensions ['colcon_meta']
[0.199s] Level 1:colcon.colcon_core.package_identification:_identify(src/cpp_pubsub) by extension 'colcon_meta'
[0.199s] Level 1:colcon.colcon_core.package_identification:_identify(src/cpp_pubsub) by extensions ['ros']
[0.199s] Level 1:colcon.colcon_core.package_identification:_identify(src/cpp_pubsub) by extension 'ros'
[0.199s] DEBUG:colcon.colcon_core.package_identification:Package 'src/cpp_pubsub' with type 'ros.ament_cmake' and name 'cpp_pubsub'
[0.199s] Level 1:colcon.colcon_core.package_identification:_identify(src/log) by extensions ['ignore', 'ignore_ament_install']
[0.199s] Level 1:colcon.colcon_core.package_identification:_identify(src/log) by extension 'ignore'
[0.199s] Level 1:colcon.colcon_core.package_identification:_identify(src/log) ignored
[0.199s] Level 1:colcon.colcon_core.package_identification:_identify(src/more_interfaces) by extensions ['ignore', 'ignore_ament_install']
[0.199s] Level 1:colcon.colcon_core.package_identification:_identify(src/more_interfaces) by extension 'ignore'
[0.199s] Level 1:colcon.colcon_core.package_identification:_identify(src/more_interfaces) by extension 'ignore_ament_install'
[0.200s] Level 1:colcon.colcon_core.package_identification:_identify(src/more_interfaces) by extensions ['colcon_pkg']
[0.200s] Level 1:colcon.colcon_core.package_identification:_identify(src/more_interfaces) by extension 'colcon_pkg'
[0.200s] Level 1:colcon.colcon_core.package_identification:_identify(src/more_interfaces) by extensions ['colcon_meta']
[0.200s] Level 1:colcon.colcon_core.package_identification:_identify(src/more_interfaces) by extension 'colcon_meta'
[0.200s] Level 1:colcon.colcon_core.package_identification:_identify(src/more_interfaces) by extensions ['ros']
[0.200s] Level 1:colcon.colcon_core.package_identification:_identify(src/more_interfaces) by extension 'ros'
[0.200s] DEBUG:colcon.colcon_core.package_identification:Package 'src/more_interfaces' with type 'ros.ament_cmake' and name 'more_interfaces'
[0.200s] Level 1:colcon.colcon_core.package_identification:_identify(src/test_controller) by extensions ['ignore', 'ignore_ament_install']
[0.200s] Level 1:colcon.colcon_core.package_identification:_identify(src/test_controller) by extension 'ignore'
[0.200s] Level 1:colcon.colcon_core.package_identification:_identify(src/test_controller) by extension 'ignore_ament_install'
[0.200s] Level 1:colcon.colcon_core.package_identification:_identify(src/test_controller) by extensions ['colcon_pkg']
[0.200s] Level 1:colcon.colcon_core.package_identification:_identify(src/test_controller) by extension 'colcon_pkg'
[0.200s] Level 1:colcon.colcon_core.package_identification:_identify(src/test_controller) by extensions ['colcon_meta']
[0.200s] Level 1:colcon.colcon_core.package_identification:_identify(src/test_controller) by extension 'colcon_meta'
[0.200s] Level 1:colcon.colcon_core.package_identification:_identify(src/test_controller) by extensions ['ros']
[0.200s] Level 1:colcon.colcon_core.package_identification:_identify(src/test_controller) by extension 'ros'
[0.201s] DEBUG:colcon.colcon_core.package_identification:Package 'src/test_controller' with type 'ros.ament_python' and name 'test_controller'
[0.201s] Level 1:colcon.colcon_core.package_discovery:discover_packages(recursive) using defaults
[0.201s] Level 1:colcon.colcon_core.package_discovery:discover_packages(ignore) discover
[0.201s] Level 1:colcon.colcon_core.package_discovery:discover_packages(ignore) using defaults
[0.201s] Level 1:colcon.colcon_core.package_discovery:discover_packages(path) discover
[0.201s] Level 1:colcon.colcon_core.package_discovery:discover_packages(path) using defaults
[0.218s] Level 1:colcon.colcon_core.package_discovery:discover_packages(prefix_path) check parameters
[0.219s] Level 1:colcon.colcon_core.package_discovery:discover_packages(prefix_path) discover
[0.220s] DEBUG:colcon.colcon_installed_package_information.package_discovery:Found 5 installed packages in /home/julian/workspace/Studium/ros2_ws/install
[0.221s] DEBUG:colcon.colcon_installed_package_information.package_discovery:Found 322 installed packages in /opt/ros/kilted
[0.222s] Level 1:colcon.colcon_core.package_discovery:discover_packages(prefix_path) using defaults
[0.257s] Level 5:colcon.colcon_core.verb:set package 'chatting' build argument 'cmake_args' from command line to 'None'
[0.258s] Level 5:colcon.colcon_core.verb:set package 'chatting' build argument 'cmake_target' from command line to 'None'
[0.258s] Level 5:colcon.colcon_core.verb:set package 'chatting' build argument 'cmake_target_skip_unavailable' from command line to 'False'
[0.258s] Level 5:colcon.colcon_core.verb:set package 'chatting' build argument 'cmake_clean_cache' from command line to 'False'
[0.258s] Level 5:colcon.colcon_core.verb:set package 'chatting' build argument 'cmake_clean_first' from command line to 'False'
[0.258s] Level 5:colcon.colcon_core.verb:set package 'chatting' build argument 'cmake_force_configure' from command line to 'False'
[0.258s] Level 5:colcon.colcon_core.verb:set package 'chatting' build argument 'ament_cmake_args' from command line to 'None'
[0.258s] Level 5:colcon.colcon_core.verb:set package 'chatting' build argument 'catkin_cmake_args' from command line to 'None'
[0.258s] Level 5:colcon.colcon_core.verb:set package 'chatting' build argument 'catkin_skip_building_tests' from command line to 'False'
[0.258s] DEBUG:colcon.colcon_core.verb:Building package 'chatting' with the following arguments: {'ament_cmake_args': None, 'build_base': '/home/julian/workspace/Studium/ros2_ws/build/chatting', 'catkin_cmake_args': None, 'catkin_skip_building_tests': False, 'cmake_args': None, 'cmake_clean_cache': False, 'cmake_clean_first': False, 'cmake_force_configure': False, 'cmake_target': None, 'cmake_target_skip_unavailable': False, 'install_base': '/home/julian/workspace/Studium/ros2_ws/install/chatting', 'merge_install': False, 'path': '/home/julian/workspace/Studium/ros2_ws/src/chatting', 'symlink_install': False, 'test_result_base': None}
[0.258s] Level 5:colcon.colcon_core.verb:set package 'cpp_pubsub' build argument 'cmake_args' from command line to 'None'
[0.258s] Level 5:colcon.colcon_core.verb:set package 'cpp_pubsub' build argument 'cmake_target' from command line to 'None'
[0.258s] Level 5:colcon.colcon_core.verb:set package 'cpp_pubsub' build argument 'cmake_target_skip_unavailable' from command line to 'False'
[0.258s] Level 5:colcon.colcon_core.verb:set package 'cpp_pubsub' build argument 'cmake_clean_cache' from command line to 'False'
[0.258s] Level 5:colcon.colcon_core.verb:set package 'cpp_pubsub' build argument 'cmake_clean_first' from command line to 'False'
[0.258s] Level 5:colcon.colcon_core.verb:set package 'cpp_pubsub' build argument 'cmake_force_configure' from command line to 'False'
[0.258s] Level 5:colcon.colcon_core.verb:set package 'cpp_pubsub' build argument 'ament_cmake_args' from command line to 'None'
[0.258s] Level 5:colcon.colcon_core.verb:set package 'cpp_pubsub' build argument 'catkin_cmake_args' from command line to 'None'
[0.258s] Level 5:colcon.colcon_core.verb:set package 'cpp_pubsub' build argument 'catkin_skip_building_tests' from command line to 'False'
[0.258s] DEBUG:colcon.colcon_core.verb:Building package 'cpp_pubsub' with the following arguments: {'ament_cmake_args': None, 'build_base': '/home/julian/workspace/Studium/ros2_ws/build/cpp_pubsub', 'catkin_cmake_args': None, 'catkin_skip_building_tests': False, 'cmake_args': None, 'cmake_clean_cache': False, 'cmake_clean_first': False, 'cmake_force_configure': False, 'cmake_target': None, 'cmake_target_skip_unavailable': False, 'install_base': '/home/julian/workspace/Studium/ros2_ws/install/cpp_pubsub', 'merge_install': False, 'path': '/home/julian/workspace/Studium/ros2_ws/src/cpp_pubsub', 'symlink_install': False, 'test_result_base': None}
[0.258s] Level 5:colcon.colcon_core.verb:set package 'more_interfaces' build argument 'cmake_args' from command line to 'None'
[0.258s] Level 5:colcon.colcon_core.verb:set package 'more_interfaces' build argument 'cmake_target' from command line to 'None'
[0.258s] Level 5:colcon.colcon_core.verb:set package 'more_interfaces' build argument 'cmake_target_skip_unavailable' from command line to 'False'
[0.258s] Level 5:colcon.colcon_core.verb:set package 'more_interfaces' build argument 'cmake_clean_cache' from command line to 'False'
[0.258s] Level 5:colcon.colcon_core.verb:set package 'more_interfaces' build argument 'cmake_clean_first' from command line to 'False'
[0.258s] Level 5:colcon.colcon_core.verb:set package 'more_interfaces' build argument 'cmake_force_configure' from command line to 'False'
[0.258s] Level 5:colcon.colcon_core.verb:set package 'more_interfaces' build argument 'ament_cmake_args' from command line to 'None'
[0.258s] Level 5:colcon.colcon_core.verb:set package 'more_interfaces' build argument 'catkin_cmake_args' from command line to 'None'
[0.258s] Level 5:colcon.colcon_core.verb:set package 'more_interfaces' build argument 'catkin_skip_building_tests' from command line to 'False'
[0.258s] DEBUG:colcon.colcon_core.verb:Building package 'more_interfaces' with the following arguments: {'ament_cmake_args': None, 'build_base': '/home/julian/workspace/Studium/ros2_ws/build/more_interfaces', 'catkin_cmake_args': None, 'catkin_skip_building_tests': False, 'cmake_args': None, 'cmake_clean_cache': False, 'cmake_clean_first': False, 'cmake_force_configure': False, 'cmake_target': None, 'cmake_target_skip_unavailable': False, 'install_base': '/home/julian/workspace/Studium/ros2_ws/install/more_interfaces', 'merge_install': False, 'path': '/home/julian/workspace/Studium/ros2_ws/src/more_interfaces', 'symlink_install': False, 'test_result_base': None}
[0.259s] Level 5:colcon.colcon_core.verb:set package 'py_pubsub' build argument 'cmake_args' from command line to 'None'
[0.259s] Level 5:colcon.colcon_core.verb:set package 'py_pubsub' build argument 'cmake_target' from command line to 'None'
[0.259s] Level 5:colcon.colcon_core.verb:set package 'py_pubsub' build argument 'cmake_target_skip_unavailable' from command line to 'False'
[0.259s] Level 5:colcon.colcon_core.verb:set package 'py_pubsub' build argument 'cmake_clean_cache' from command line to 'False'
[0.259s] Level 5:colcon.colcon_core.verb:set package 'py_pubsub' build argument 'cmake_clean_first' from command line to 'False'
[0.259s] Level 5:colcon.colcon_core.verb:set package 'py_pubsub' build argument 'cmake_force_configure' from command line to 'False'
[0.259s] Level 5:colcon.colcon_core.verb:set package 'py_pubsub' build argument 'ament_cmake_args' from command line to 'None'
[0.259s] Level 5:colcon.colcon_core.verb:set package 'py_pubsub' build argument 'catkin_cmake_args' from command line to 'None'
[0.259s] Level 5:colcon.colcon_core.verb:set package 'py_pubsub' build argument 'catkin_skip_building_tests' from command line to 'False'
[0.259s] DEBUG:colcon.colcon_core.verb:Building package 'py_pubsub' with the following arguments: {'ament_cmake_args': None, 'build_base': '/home/julian/workspace/Studium/ros2_ws/build/py_pubsub', 'catkin_cmake_args': None, 'catkin_skip_building_tests': False, 'cmake_args': None, 'cmake_clean_cache': False, 'cmake_clean_first': False, 'cmake_force_configure': False, 'cmake_target': None, 'cmake_target_skip_unavailable': False, 'install_base': '/home/julian/workspace/Studium/ros2_ws/install/py_pubsub', 'merge_install': False, 'path': '/home/julian/workspace/Studium/ros2_ws/py_pubsub', 'symlink_install': False, 'test_result_base': None}
[0.259s] Level 5:colcon.colcon_core.verb:set package 'test_controller' build argument 'cmake_args' from command line to 'None'
[0.259s] Level 5:colcon.colcon_core.verb:set package 'test_controller' build argument 'cmake_target' from command line to 'None'
[0.259s] Level 5:colcon.colcon_core.verb:set package 'test_controller' build argument 'cmake_target_skip_unavailable' from command line to 'False'
[0.259s] Level 5:colcon.colcon_core.verb:set package 'test_controller' build argument 'cmake_clean_cache' from command line to 'False'
[0.259s] Level 5:colcon.colcon_core.verb:set package 'test_controller' build argument 'cmake_clean_first' from command line to 'False'
[0.259s] Level 5:colcon.colcon_core.verb:set package 'test_controller' build argument 'cmake_force_configure' from command line to 'False'
[0.259s] Level 5:colcon.colcon_core.verb:set package 'test_controller' build argument 'ament_cmake_args' from command line to 'None'
[0.259s] Level 5:colcon.colcon_core.verb:set package 'test_controller' build argument 'catkin_cmake_args' from command line to 'None'
[0.259s] Level 5:colcon.colcon_core.verb:set package 'test_controller' build argument 'catkin_skip_building_tests' from command line to 'False'
[0.259s] DEBUG:colcon.colcon_core.verb:Building package 'test_controller' with the following arguments: {'ament_cmake_args': None, 'build_base': '/home/julian/workspace/Studium/ros2_ws/build/test_controller', 'catkin_cmake_args': None, 'catkin_skip_building_tests': False, 'cmake_args': None, 'cmake_clean_cache': False, 'cmake_clean_first': False, 'cmake_force_configure': False, 'cmake_target': None, 'cmake_target_skip_unavailable': False, 'install_base': '/home/julian/workspace/Studium/ros2_ws/install/test_controller', 'merge_install': False, 'path': '/home/julian/workspace/Studium/ros2_ws/src/test_controller', 'symlink_install': False, 'test_result_base': None}
[0.259s] INFO:colcon.colcon_core.executor:Executing jobs using 'parallel' executor
[0.260s] DEBUG:colcon.colcon_parallel_executor.executor.parallel:run_until_complete
[0.260s] INFO:colcon.colcon_ros.task.ament_cmake.build:Building ROS package in '/home/julian/workspace/Studium/ros2_ws/src/chatting' with build type 'ament_cmake'
[0.260s] INFO:colcon.colcon_cmake.task.cmake.build:Building CMake package in '/home/julian/workspace/Studium/ros2_ws/src/chatting'
[0.262s] INFO:colcon.colcon_core.plugin_system:Skipping extension 'colcon_core.shell.bat': Not used on non-Windows systems
[0.263s] INFO:colcon.colcon_core.shell:Skip shell extension 'powershell' for command environment: Not usable outside of PowerShell
[0.263s] DEBUG:colcon.colcon_core.shell:Skip shell extension 'dsv' for command environment
[0.267s] INFO:colcon.colcon_ros.task.ament_cmake.build:Building ROS package in '/home/julian/workspace/Studium/ros2_ws/src/cpp_pubsub' with build type 'ament_cmake'
[0.268s] INFO:colcon.colcon_cmake.task.cmake.build:Building CMake package in '/home/julian/workspace/Studium/ros2_ws/src/cpp_pubsub'
[0.268s] INFO:colcon.colcon_core.shell:Skip shell extension 'powershell' for command environment: Not usable outside of PowerShell
[0.268s] DEBUG:colcon.colcon_core.shell:Skip shell extension 'dsv' for command environment
[0.271s] INFO:colcon.colcon_ros.task.ament_cmake.build:Building ROS package in '/home/julian/workspace/Studium/ros2_ws/src/more_interfaces' with build type 'ament_cmake'
[0.271s] INFO:colcon.colcon_cmake.task.cmake.build:Building CMake package in '/home/julian/workspace/Studium/ros2_ws/src/more_interfaces'
[0.271s] INFO:colcon.colcon_core.shell:Skip shell extension 'powershell' for command environment: Not usable outside of PowerShell
[0.271s] DEBUG:colcon.colcon_core.shell:Skip shell extension 'dsv' for command environment
[0.274s] INFO:colcon.colcon_ros.task.ament_python.build:Building ROS package in '/home/julian/workspace/Studium/ros2_ws/py_pubsub' with build type 'ament_python'
[0.274s] Level 1:colcon.colcon_core.shell:create_environment_hook('py_pubsub', 'ament_prefix_path')
[0.275s] INFO:colcon.colcon_core.shell:Creating environment hook '/home/julian/workspace/Studium/ros2_ws/install/py_pubsub/share/py_pubsub/hook/ament_prefix_path.ps1'
[0.276s] INFO:colcon.colcon_core.shell:Creating environment descriptor '/home/julian/workspace/Studium/ros2_ws/install/py_pubsub/share/py_pubsub/hook/ament_prefix_path.dsv'
[0.276s] INFO:colcon.colcon_core.shell:Creating environment hook '/home/julian/workspace/Studium/ros2_ws/install/py_pubsub/share/py_pubsub/hook/ament_prefix_path.sh'
[0.277s] INFO:colcon.colcon_core.shell:Skip shell extension 'powershell' for command environment: Not usable outside of PowerShell
[0.277s] DEBUG:colcon.colcon_core.shell:Skip shell extension 'dsv' for command environment
[0.280s] INFO:colcon.colcon_ros.task.ament_python.build:Building ROS package in '/home/julian/workspace/Studium/ros2_ws/src/test_controller' with build type 'ament_python'
[0.280s] Level 1:colcon.colcon_core.shell:create_environment_hook('test_controller', 'ament_prefix_path')
[0.280s] INFO:colcon.colcon_core.shell:Creating environment hook '/home/julian/workspace/Studium/ros2_ws/install/test_controller/share/test_controller/hook/ament_prefix_path.ps1'
[0.281s] INFO:colcon.colcon_core.shell:Creating environment descriptor '/home/julian/workspace/Studium/ros2_ws/install/test_controller/share/test_controller/hook/ament_prefix_path.dsv'
[0.281s] INFO:colcon.colcon_core.shell:Creating environment hook '/home/julian/workspace/Studium/ros2_ws/install/test_controller/share/test_controller/hook/ament_prefix_path.sh'
[0.282s] INFO:colcon.colcon_core.shell:Skip shell extension 'powershell' for command environment: Not usable outside of PowerShell
[0.282s] DEBUG:colcon.colcon_core.shell:Skip shell extension 'dsv' for command environment
[0.291s] DEBUG:colcon.colcon_core.event_handler.log_command:Invoking command in '/home/julian/workspace/Studium/ros2_ws/build/chatting': CMAKE_PREFIX_PATH=${CMAKE_PREFIX_PATH}:/home/julian/workspace/Studium/ros2_ws/install/py_pubsub:/home/julian/workspace/Studium/ros2_ws/install/test_controller:/opt/ros/kilted /usr/bin/cmake --build /home/julian/workspace/Studium/ros2_ws/build/chatting -- -j12 -l12
[0.296s] DEBUG:colcon.colcon_core.event_handler.log_command:Invoking command in '/home/julian/workspace/Studium/ros2_ws/build/cpp_pubsub': CMAKE_PREFIX_PATH=${CMAKE_PREFIX_PATH}:/home/julian/workspace/Studium/ros2_ws/install/py_pubsub:/home/julian/workspace/Studium/ros2_ws/install/test_controller:/opt/ros/kilted /usr/bin/cmake --build /home/julian/workspace/Studium/ros2_ws/build/cpp_pubsub -- -j12 -l12
[0.297s] DEBUG:colcon.colcon_core.event_handler.log_command:Invoking command in '/home/julian/workspace/Studium/ros2_ws/build/more_interfaces': CMAKE_PREFIX_PATH=${CMAKE_PREFIX_PATH}:/home/julian/workspace/Studium/ros2_ws/install/py_pubsub:/home/julian/workspace/Studium/ros2_ws/install/test_controller:/opt/ros/kilted /usr/bin/cmake --build /home/julian/workspace/Studium/ros2_ws/build/more_interfaces -- -j12 -l12
[0.504s] INFO:colcon.colcon_core.task.python.build:Building Python package in '/home/julian/workspace/Studium/ros2_ws/py_pubsub'
[0.504s] INFO:colcon.colcon_core.shell:Skip shell extension 'powershell' for command environment: Not usable outside of PowerShell
[0.504s] DEBUG:colcon.colcon_core.shell:Skip shell extension 'dsv' for command environment
[0.698s] INFO:colcon.colcon_core.task.python.build:Building Python package in '/home/julian/workspace/Studium/ros2_ws/src/test_controller'
[0.699s] INFO:colcon.colcon_core.shell:Skip shell extension 'powershell' for command environment: Not usable outside of PowerShell
[0.699s] DEBUG:colcon.colcon_core.shell:Skip shell extension 'dsv' for command environment
[0.703s] DEBUG:colcon.colcon_core.event_handler.log_command:Invoked command in '/home/julian/workspace/Studium/ros2_ws/build/more_interfaces' returned '0': CMAKE_PREFIX_PATH=${CMAKE_PREFIX_PATH}:/home/julian/workspace/Studium/ros2_ws/install/py_pubsub:/home/julian/workspace/Studium/ros2_ws/install/test_controller:/opt/ros/kilted /usr/bin/cmake --build /home/julian/workspace/Studium/ros2_ws/build/more_interfaces -- -j12 -l12
[0.714s] DEBUG:colcon.colcon_core.event_handler.log_command:Invoking command in '/home/julian/workspace/Studium/ros2_ws/build/more_interfaces': CMAKE_PREFIX_PATH=${CMAKE_PREFIX_PATH}:/home/julian/workspace/Studium/ros2_ws/install/py_pubsub:/home/julian/workspace/Studium/ros2_ws/install/test_controller:/opt/ros/kilted /usr/bin/cmake --install /home/julian/workspace/Studium/ros2_ws/build/more_interfaces
[0.716s] DEBUG:colcon.colcon_core.event_handler.log_command:Invoked command in '/home/julian/workspace/Studium/ros2_ws/build/cpp_pubsub' returned '0': CMAKE_PREFIX_PATH=${CMAKE_PREFIX_PATH}:/home/julian/workspace/Studium/ros2_ws/install/py_pubsub:/home/julian/workspace/Studium/ros2_ws/install/test_controller:/opt/ros/kilted /usr/bin/cmake --build /home/julian/workspace/Studium/ros2_ws/build/cpp_pubsub -- -j12 -l12
[0.716s] DEBUG:colcon.colcon_core.event_handler.log_command:Invoking command in '/home/julian/workspace/Studium/ros2_ws/build/cpp_pubsub': CMAKE_PREFIX_PATH=${CMAKE_PREFIX_PATH}:/home/julian/workspace/Studium/ros2_ws/install/py_pubsub:/home/julian/workspace/Studium/ros2_ws/install/test_controller:/opt/ros/kilted /usr/bin/cmake --install /home/julian/workspace/Studium/ros2_ws/build/cpp_pubsub
[0.737s] Level 1:colcon.colcon_core.environment:create_environment_scripts_only(more_interfaces)
[0.738s] DEBUG:colcon.colcon_core.event_handler.log_command:Invoked command in '/home/julian/workspace/Studium/ros2_ws/build/more_interfaces' returned '0': CMAKE_PREFIX_PATH=${CMAKE_PREFIX_PATH}:/home/julian/workspace/Studium/ros2_ws/install/py_pubsub:/home/julian/workspace/Studium/ros2_ws/install/test_controller:/opt/ros/kilted /usr/bin/cmake --install /home/julian/workspace/Studium/ros2_ws/build/more_interfaces
[0.740s] Level 1:colcon.colcon_core.environment:checking '/home/julian/workspace/Studium/ros2_ws/install/more_interfaces' for CMake module files
[0.742s] Level 1:colcon.colcon_core.environment:checking '/home/julian/workspace/Studium/ros2_ws/install/more_interfaces' for CMake config files
[0.742s] Level 1:colcon.colcon_core.shell:create_environment_hook('more_interfaces', 'cmake_prefix_path')
[0.742s] INFO:colcon.colcon_core.shell:Creating environment hook '/home/julian/workspace/Studium/ros2_ws/install/more_interfaces/share/more_interfaces/hook/cmake_prefix_path.ps1'
[0.743s] INFO:colcon.colcon_core.shell:Creating environment descriptor '/home/julian/workspace/Studium/ros2_ws/install/more_interfaces/share/more_interfaces/hook/cmake_prefix_path.dsv'
[0.743s] INFO:colcon.colcon_core.shell:Creating environment hook '/home/julian/workspace/Studium/ros2_ws/install/more_interfaces/share/more_interfaces/hook/cmake_prefix_path.sh'
[0.744s] Level 1:colcon.colcon_core.environment:checking '/home/julian/workspace/Studium/ros2_ws/install/more_interfaces/bin'
[0.744s] Level 1:colcon.colcon_core.environment:checking '/home/julian/workspace/Studium/ros2_ws/install/more_interfaces/lib/pkgconfig/more_interfaces.pc'
[0.744s] Level 1:colcon.colcon_core.environment:checking '/home/julian/workspace/Studium/ros2_ws/install/more_interfaces/lib/python3.12/site-packages'
[0.745s] Level 1:colcon.colcon_core.environment:checking '/home/julian/workspace/Studium/ros2_ws/install/more_interfaces/bin'
[0.745s] INFO:colcon.colcon_core.shell:Creating package script '/home/julian/workspace/Studium/ros2_ws/install/more_interfaces/share/more_interfaces/package.ps1'
[0.746s] INFO:colcon.colcon_core.shell:Creating package descriptor '/home/julian/workspace/Studium/ros2_ws/install/more_interfaces/share/more_interfaces/package.dsv'
[0.747s] INFO:colcon.colcon_core.shell:Creating package script '/home/julian/workspace/Studium/ros2_ws/install/more_interfaces/share/more_interfaces/package.sh'
[0.748s] INFO:colcon.colcon_core.shell:Creating package script '/home/julian/workspace/Studium/ros2_ws/install/more_interfaces/share/more_interfaces/package.bash'
[0.748s] INFO:colcon.colcon_core.shell:Creating package script '/home/julian/workspace/Studium/ros2_ws/install/more_interfaces/share/more_interfaces/package.zsh'
[0.750s] Level 1:colcon.colcon_core.environment:create_file_with_runtime_dependencies(/home/julian/workspace/Studium/ros2_ws/install/more_interfaces/share/colcon-core/packages/more_interfaces)
[0.752s] Level 1:colcon.colcon_core.environment:create_environment_scripts_only(more_interfaces)
[0.752s] Level 1:colcon.colcon_core.environment:checking '/home/julian/workspace/Studium/ros2_ws/install/more_interfaces' for CMake module files
[0.753s] Level 1:colcon.colcon_core.environment:checking '/home/julian/workspace/Studium/ros2_ws/install/more_interfaces' for CMake config files
[0.753s] Level 1:colcon.colcon_core.shell:create_environment_hook('more_interfaces', 'cmake_prefix_path')
[0.753s] INFO:colcon.colcon_core.shell:Creating environment hook '/home/julian/workspace/Studium/ros2_ws/install/more_interfaces/share/more_interfaces/hook/cmake_prefix_path.ps1'
[0.754s] INFO:colcon.colcon_core.shell:Creating environment descriptor '/home/julian/workspace/Studium/ros2_ws/install/more_interfaces/share/more_interfaces/hook/cmake_prefix_path.dsv'
[0.754s] INFO:colcon.colcon_core.shell:Creating environment hook '/home/julian/workspace/Studium/ros2_ws/install/more_interfaces/share/more_interfaces/hook/cmake_prefix_path.sh'
[0.755s] Level 1:colcon.colcon_core.environment:checking '/home/julian/workspace/Studium/ros2_ws/install/more_interfaces/bin'
[0.755s] Level 1:colcon.colcon_core.environment:checking '/home/julian/workspace/Studium/ros2_ws/install/more_interfaces/lib/pkgconfig/more_interfaces.pc'
[0.755s] Level 1:colcon.colcon_core.environment:checking '/home/julian/workspace/Studium/ros2_ws/install/more_interfaces/lib/python3.12/site-packages'
[0.756s] Level 1:colcon.colcon_core.environment:checking '/home/julian/workspace/Studium/ros2_ws/install/more_interfaces/bin'
[0.756s] INFO:colcon.colcon_core.shell:Creating package script '/home/julian/workspace/Studium/ros2_ws/install/more_interfaces/share/more_interfaces/package.ps1'
[0.757s] INFO:colcon.colcon_core.shell:Creating package descriptor '/home/julian/workspace/Studium/ros2_ws/install/more_interfaces/share/more_interfaces/package.dsv'
[0.758s] INFO:colcon.colcon_core.shell:Creating package script '/home/julian/workspace/Studium/ros2_ws/install/more_interfaces/share/more_interfaces/package.sh'
[0.758s] INFO:colcon.colcon_core.shell:Creating package script '/home/julian/workspace/Studium/ros2_ws/install/more_interfaces/share/more_interfaces/package.bash'
[0.759s] INFO:colcon.colcon_core.shell:Creating package script '/home/julian/workspace/Studium/ros2_ws/install/more_interfaces/share/more_interfaces/package.zsh'
[0.759s] Level 1:colcon.colcon_core.environment:create_file_with_runtime_dependencies(/home/julian/workspace/Studium/ros2_ws/install/more_interfaces/share/colcon-core/packages/more_interfaces)
[0.760s] Level 1:colcon.colcon_core.environment:create_environment_scripts_only(cpp_pubsub)
[0.760s] Level 1:colcon.colcon_core.environment:checking '/home/julian/workspace/Studium/ros2_ws/install/cpp_pubsub' for CMake module files
[0.763s] Level 1:colcon.colcon_core.environment:checking '/home/julian/workspace/Studium/ros2_ws/install/cpp_pubsub' for CMake config files
[0.764s] DEBUG:colcon.colcon_core.event_handler.log_command:Invoked command in '/home/julian/workspace/Studium/ros2_ws/build/cpp_pubsub' returned '0': CMAKE_PREFIX_PATH=${CMAKE_PREFIX_PATH}:/home/julian/workspace/Studium/ros2_ws/install/py_pubsub:/home/julian/workspace/Studium/ros2_ws/install/test_controller:/opt/ros/kilted /usr/bin/cmake --install /home/julian/workspace/Studium/ros2_ws/build/cpp_pubsub
[0.765s] Level 1:colcon.colcon_core.shell:create_environment_hook('cpp_pubsub', 'cmake_prefix_path')
[0.765s] INFO:colcon.colcon_core.shell:Creating environment hook '/home/julian/workspace/Studium/ros2_ws/install/cpp_pubsub/share/cpp_pubsub/hook/cmake_prefix_path.ps1'
[0.766s] INFO:colcon.colcon_core.shell:Creating environment descriptor '/home/julian/workspace/Studium/ros2_ws/install/cpp_pubsub/share/cpp_pubsub/hook/cmake_prefix_path.dsv'
[0.766s] INFO:colcon.colcon_core.shell:Creating environment hook '/home/julian/workspace/Studium/ros2_ws/install/cpp_pubsub/share/cpp_pubsub/hook/cmake_prefix_path.sh'
[0.767s] Level 1:colcon.colcon_core.environment:checking '/home/julian/workspace/Studium/ros2_ws/install/cpp_pubsub/lib'
[0.768s] Level 1:colcon.colcon_core.environment:checking '/home/julian/workspace/Studium/ros2_ws/install/cpp_pubsub/bin'
[0.768s] Level 1:colcon.colcon_core.environment:checking '/home/julian/workspace/Studium/ros2_ws/install/cpp_pubsub/lib/pkgconfig/cpp_pubsub.pc'
[0.768s] Level 1:colcon.colcon_core.environment:checking '/home/julian/workspace/Studium/ros2_ws/install/cpp_pubsub/lib/python3.12/site-packages'
[0.768s] Level 1:colcon.colcon_core.environment:checking '/home/julian/workspace/Studium/ros2_ws/install/cpp_pubsub/bin'
[0.769s] INFO:colcon.colcon_core.shell:Creating package script '/home/julian/workspace/Studium/ros2_ws/install/cpp_pubsub/share/cpp_pubsub/package.ps1'
[0.769s] INFO:colcon.colcon_core.shell:Creating package descriptor '/home/julian/workspace/Studium/ros2_ws/install/cpp_pubsub/share/cpp_pubsub/package.dsv'
[0.770s] INFO:colcon.colcon_core.shell:Creating package script '/home/julian/workspace/Studium/ros2_ws/install/cpp_pubsub/share/cpp_pubsub/package.sh'
[0.771s] INFO:colcon.colcon_core.shell:Creating package script '/home/julian/workspace/Studium/ros2_ws/install/cpp_pubsub/share/cpp_pubsub/package.bash'
[0.771s] INFO:colcon.colcon_core.shell:Creating package script '/home/julian/workspace/Studium/ros2_ws/install/cpp_pubsub/share/cpp_pubsub/package.zsh'
[0.772s] Level 1:colcon.colcon_core.environment:create_file_with_runtime_dependencies(/home/julian/workspace/Studium/ros2_ws/install/cpp_pubsub/share/colcon-core/packages/cpp_pubsub)
[0.773s] Level 1:colcon.colcon_core.environment:create_environment_scripts_only(cpp_pubsub)
[0.773s] Level 1:colcon.colcon_core.environment:checking '/home/julian/workspace/Studium/ros2_ws/install/cpp_pubsub' for CMake module files
[0.774s] Level 1:colcon.colcon_core.environment:checking '/home/julian/workspace/Studium/ros2_ws/install/cpp_pubsub' for CMake config files
[0.774s] Level 1:colcon.colcon_core.shell:create_environment_hook('cpp_pubsub', 'cmake_prefix_path')
[0.774s] INFO:colcon.colcon_core.shell:Creating environment hook '/home/julian/workspace/Studium/ros2_ws/install/cpp_pubsub/share/cpp_pubsub/hook/cmake_prefix_path.ps1'
[0.775s] INFO:colcon.colcon_core.shell:Creating environment descriptor '/home/julian/workspace/Studium/ros2_ws/install/cpp_pubsub/share/cpp_pubsub/hook/cmake_prefix_path.dsv'
[0.775s] INFO:colcon.colcon_core.shell:Creating environment hook '/home/julian/workspace/Studium/ros2_ws/install/cpp_pubsub/share/cpp_pubsub/hook/cmake_prefix_path.sh'
[0.776s] Level 1:colcon.colcon_core.environment:checking '/home/julian/workspace/Studium/ros2_ws/install/cpp_pubsub/lib'
[0.776s] Level 1:colcon.colcon_core.environment:checking '/home/julian/workspace/Studium/ros2_ws/install/cpp_pubsub/bin'
[0.776s] Level 1:colcon.colcon_core.environment:checking '/home/julian/workspace/Studium/ros2_ws/install/cpp_pubsub/lib/pkgconfig/cpp_pubsub.pc'
[0.777s] Level 1:colcon.colcon_core.environment:checking '/home/julian/workspace/Studium/ros2_ws/install/cpp_pubsub/lib/python3.12/site-packages'
[0.777s] Level 1:colcon.colcon_core.environment:checking '/home/julian/workspace/Studium/ros2_ws/install/cpp_pubsub/bin'
[0.777s] INFO:colcon.colcon_core.shell:Creating package script '/home/julian/workspace/Studium/ros2_ws/install/cpp_pubsub/share/cpp_pubsub/package.ps1'
[0.778s] INFO:colcon.colcon_core.shell:Creating package descriptor '/home/julian/workspace/Studium/ros2_ws/install/cpp_pubsub/share/cpp_pubsub/package.dsv'
[0.779s] INFO:colcon.colcon_core.shell:Creating package script '/home/julian/workspace/Studium/ros2_ws/install/cpp_pubsub/share/cpp_pubsub/package.sh'
[0.779s] INFO:colcon.colcon_core.shell:Creating package script '/home/julian/workspace/Studium/ros2_ws/install/cpp_pubsub/share/cpp_pubsub/package.bash'
[0.780s] INFO:colcon.colcon_core.shell:Creating package script '/home/julian/workspace/Studium/ros2_ws/install/cpp_pubsub/share/cpp_pubsub/package.zsh'
[0.780s] Level 1:colcon.colcon_core.environment:create_file_with_runtime_dependencies(/home/julian/workspace/Studium/ros2_ws/install/cpp_pubsub/share/colcon-core/packages/cpp_pubsub)
[1.315s] DEBUG:colcon.colcon_core.event_handler.log_command:Invoking command in '/home/julian/workspace/Studium/ros2_ws/py_pubsub': PYTHONPATH=/home/julian/workspace/Studium/ros2_ws/build/py_pubsub/prefix_override:/usr/lib/python3/dist-packages/colcon_core/task/python/colcon_distutils_commands:/home/julian/workspace/Studium/ros2_ws/install/py_pubsub/lib/python3.12/site-packages:${PYTHONPATH} /usr/bin/python3 -W ignore:setup.py install is deprecated -W ignore:easy_install command is deprecated setup.py egg_info --egg-base ../build/py_pubsub build --build-base /home/julian/workspace/Studium/ros2_ws/build/py_pubsub/build install --record /home/julian/workspace/Studium/ros2_ws/build/py_pubsub/install.log --single-version-externally-managed install_data
[1.327s] DEBUG:colcon.colcon_core.event_handler.log_command:Invoking command in '/home/julian/workspace/Studium/ros2_ws/src/test_controller': PYTHONPATH=/home/julian/workspace/Studium/ros2_ws/build/test_controller/prefix_override:/usr/lib/python3/dist-packages/colcon_core/task/python/colcon_distutils_commands:/home/julian/workspace/Studium/ros2_ws/install/test_controller/lib/python3.12/site-packages:${PYTHONPATH} /usr/bin/python3 -W ignore:setup.py install is deprecated -W ignore:easy_install command is deprecated setup.py egg_info --egg-base ../../build/test_controller build --build-base /home/julian/workspace/Studium/ros2_ws/build/test_controller/build install --record /home/julian/workspace/Studium/ros2_ws/build/test_controller/install.log --single-version-externally-managed install_data
[1.900s] Level 1:colcon.colcon_core.environment:checking '/home/julian/workspace/Studium/ros2_ws/install/py_pubsub' for CMake module files
[1.901s] DEBUG:colcon.colcon_core.event_handler.log_command:Invoked command in '/home/julian/workspace/Studium/ros2_ws/py_pubsub' returned '0': PYTHONPATH=/home/julian/workspace/Studium/ros2_ws/build/py_pubsub/prefix_override:/usr/lib/python3/dist-packages/colcon_core/task/python/colcon_distutils_commands:/home/julian/workspace/Studium/ros2_ws/install/py_pubsub/lib/python3.12/site-packages:${PYTHONPATH} /usr/bin/python3 -W ignore:setup.py install is deprecated -W ignore:easy_install command is deprecated setup.py egg_info --egg-base ../build/py_pubsub build --build-base /home/julian/workspace/Studium/ros2_ws/build/py_pubsub/build install --record /home/julian/workspace/Studium/ros2_ws/build/py_pubsub/install.log --single-version-externally-managed install_data
[1.902s] Level 1:colcon.colcon_core.environment:checking '/home/julian/workspace/Studium/ros2_ws/install/py_pubsub' for CMake config files
[1.903s] Level 1:colcon.colcon_core.environment:checking '/home/julian/workspace/Studium/ros2_ws/install/py_pubsub/lib'
[1.903s] Level 1:colcon.colcon_core.environment:checking '/home/julian/workspace/Studium/ros2_ws/install/py_pubsub/bin'
[1.903s] Level 1:colcon.colcon_core.environment:checking '/home/julian/workspace/Studium/ros2_ws/install/py_pubsub/lib/pkgconfig/py_pubsub.pc'
[1.904s] Level 1:colcon.colcon_core.environment:checking '/home/julian/workspace/Studium/ros2_ws/install/py_pubsub/lib/python3.12/site-packages'
[1.904s] Level 1:colcon.colcon_core.shell:create_environment_hook('py_pubsub', 'pythonpath')
[1.904s] INFO:colcon.colcon_core.shell:Creating environment hook '/home/julian/workspace/Studium/ros2_ws/install/py_pubsub/share/py_pubsub/hook/pythonpath.ps1'
[1.906s] INFO:colcon.colcon_core.shell:Creating environment descriptor '/home/julian/workspace/Studium/ros2_ws/install/py_pubsub/share/py_pubsub/hook/pythonpath.dsv'
[1.906s] INFO:colcon.colcon_core.shell:Creating environment hook '/home/julian/workspace/Studium/ros2_ws/install/py_pubsub/share/py_pubsub/hook/pythonpath.sh'
[1.907s] Level 1:colcon.colcon_core.environment:checking '/home/julian/workspace/Studium/ros2_ws/install/py_pubsub/bin'
[1.907s] Level 1:colcon.colcon_core.environment:create_environment_scripts_only(py_pubsub)
[1.908s] INFO:colcon.colcon_core.shell:Creating package script '/home/julian/workspace/Studium/ros2_ws/install/py_pubsub/share/py_pubsub/package.ps1'
[1.908s] INFO:colcon.colcon_core.shell:Creating package descriptor '/home/julian/workspace/Studium/ros2_ws/install/py_pubsub/share/py_pubsub/package.dsv'
[1.909s] INFO:colcon.colcon_core.shell:Creating package script '/home/julian/workspace/Studium/ros2_ws/install/py_pubsub/share/py_pubsub/package.sh'
[1.909s] INFO:colcon.colcon_core.shell:Creating package script '/home/julian/workspace/Studium/ros2_ws/install/py_pubsub/share/py_pubsub/package.bash'
[1.909s] INFO:colcon.colcon_core.shell:Creating package script '/home/julian/workspace/Studium/ros2_ws/install/py_pubsub/share/py_pubsub/package.zsh'
[1.910s] Level 1:colcon.colcon_core.environment:create_file_with_runtime_dependencies(/home/julian/workspace/Studium/ros2_ws/install/py_pubsub/share/colcon-core/packages/py_pubsub)
[1.913s] Level 1:colcon.colcon_core.environment:checking '/home/julian/workspace/Studium/ros2_ws/install/test_controller' for CMake module files
[1.914s] DEBUG:colcon.colcon_core.event_handler.log_command:Invoked command in '/home/julian/workspace/Studium/ros2_ws/src/test_controller' returned '0': PYTHONPATH=/home/julian/workspace/Studium/ros2_ws/build/test_controller/prefix_override:/usr/lib/python3/dist-packages/colcon_core/task/python/colcon_distutils_commands:/home/julian/workspace/Studium/ros2_ws/install/test_controller/lib/python3.12/site-packages:${PYTHONPATH} /usr/bin/python3 -W ignore:setup.py install is deprecated -W ignore:easy_install command is deprecated setup.py egg_info --egg-base ../../build/test_controller build --build-base /home/julian/workspace/Studium/ros2_ws/build/test_controller/build install --record /home/julian/workspace/Studium/ros2_ws/build/test_controller/install.log --single-version-externally-managed install_data
[1.915s] Level 1:colcon.colcon_core.environment:checking '/home/julian/workspace/Studium/ros2_ws/install/test_controller' for CMake config files
[1.916s] Level 1:colcon.colcon_core.environment:checking '/home/julian/workspace/Studium/ros2_ws/install/test_controller/lib'
[1.916s] Level 1:colcon.colcon_core.environment:checking '/home/julian/workspace/Studium/ros2_ws/install/test_controller/bin'
[1.916s] Level 1:colcon.colcon_core.environment:checking '/home/julian/workspace/Studium/ros2_ws/install/test_controller/lib/pkgconfig/test_controller.pc'
[1.917s] Level 1:colcon.colcon_core.environment:checking '/home/julian/workspace/Studium/ros2_ws/install/test_controller/lib/python3.12/site-packages'
[1.917s] Level 1:colcon.colcon_core.shell:create_environment_hook('test_controller', 'pythonpath')
[1.917s] INFO:colcon.colcon_core.shell:Creating environment hook '/home/julian/workspace/Studium/ros2_ws/install/test_controller/share/test_controller/hook/pythonpath.ps1'
[1.918s] INFO:colcon.colcon_core.shell:Creating environment descriptor '/home/julian/workspace/Studium/ros2_ws/install/test_controller/share/test_controller/hook/pythonpath.dsv'
[1.918s] INFO:colcon.colcon_core.shell:Creating environment hook '/home/julian/workspace/Studium/ros2_ws/install/test_controller/share/test_controller/hook/pythonpath.sh'
[1.919s] Level 1:colcon.colcon_core.environment:checking '/home/julian/workspace/Studium/ros2_ws/install/test_controller/bin'
[1.919s] Level 1:colcon.colcon_core.environment:create_environment_scripts_only(test_controller)
[1.919s] INFO:colcon.colcon_core.shell:Creating package script '/home/julian/workspace/Studium/ros2_ws/install/test_controller/share/test_controller/package.ps1'
[1.919s] INFO:colcon.colcon_core.shell:Creating package descriptor '/home/julian/workspace/Studium/ros2_ws/install/test_controller/share/test_controller/package.dsv'
[1.920s] INFO:colcon.colcon_core.shell:Creating package script '/home/julian/workspace/Studium/ros2_ws/install/test_controller/share/test_controller/package.sh'
[1.920s] INFO:colcon.colcon_core.shell:Creating package script '/home/julian/workspace/Studium/ros2_ws/install/test_controller/share/test_controller/package.bash'
[1.920s] INFO:colcon.colcon_core.shell:Creating package script '/home/julian/workspace/Studium/ros2_ws/install/test_controller/share/test_controller/package.zsh'
[1.921s] Level 1:colcon.colcon_core.environment:create_file_with_runtime_dependencies(/home/julian/workspace/Studium/ros2_ws/install/test_controller/share/colcon-core/packages/test_controller)
[12.315s] DEBUG:colcon.colcon_core.event_handler.log_command:Invoked command in '/home/julian/workspace/Studium/ros2_ws/build/chatting' returned '0': CMAKE_PREFIX_PATH=${CMAKE_PREFIX_PATH}:/home/julian/workspace/Studium/ros2_ws/install/py_pubsub:/home/julian/workspace/Studium/ros2_ws/install/test_controller:/opt/ros/kilted /usr/bin/cmake --build /home/julian/workspace/Studium/ros2_ws/build/chatting -- -j12 -l12
[12.315s] DEBUG:colcon.colcon_core.event_handler.log_command:Invoking command in '/home/julian/workspace/Studium/ros2_ws/build/chatting': CMAKE_PREFIX_PATH=${CMAKE_PREFIX_PATH}:/home/julian/workspace/Studium/ros2_ws/install/py_pubsub:/home/julian/workspace/Studium/ros2_ws/install/test_controller:/opt/ros/kilted /usr/bin/cmake --install /home/julian/workspace/Studium/ros2_ws/build/chatting
[12.389s] Level 1:colcon.colcon_core.environment:create_environment_scripts_only(chatting)
[12.389s] DEBUG:colcon.colcon_core.event_handler.log_command:Invoked command in '/home/julian/workspace/Studium/ros2_ws/build/chatting' returned '0': CMAKE_PREFIX_PATH=${CMAKE_PREFIX_PATH}:/home/julian/workspace/Studium/ros2_ws/install/py_pubsub:/home/julian/workspace/Studium/ros2_ws/install/test_controller:/opt/ros/kilted /usr/bin/cmake --install /home/julian/workspace/Studium/ros2_ws/build/chatting
[12.390s] Level 1:colcon.colcon_core.environment:checking '/home/julian/workspace/Studium/ros2_ws/install/chatting' for CMake module files
[12.390s] Level 1:colcon.colcon_core.environment:checking '/home/julian/workspace/Studium/ros2_ws/install/chatting' for CMake config files
[12.391s] Level 1:colcon.colcon_core.shell:create_environment_hook('chatting', 'cmake_prefix_path')
[12.391s] INFO:colcon.colcon_core.shell:Creating environment hook '/home/julian/workspace/Studium/ros2_ws/install/chatting/share/chatting/hook/cmake_prefix_path.ps1'
[12.391s] INFO:colcon.colcon_core.shell:Creating environment descriptor '/home/julian/workspace/Studium/ros2_ws/install/chatting/share/chatting/hook/cmake_prefix_path.dsv'
[12.391s] INFO:colcon.colcon_core.shell:Creating environment hook '/home/julian/workspace/Studium/ros2_ws/install/chatting/share/chatting/hook/cmake_prefix_path.sh'
[12.392s] Level 1:colcon.colcon_core.environment:checking '/home/julian/workspace/Studium/ros2_ws/install/chatting/lib'
[12.392s] Level 1:colcon.colcon_core.shell:create_environment_hook('chatting', 'ld_library_path_lib')
[12.392s] INFO:colcon.colcon_core.shell:Creating environment hook '/home/julian/workspace/Studium/ros2_ws/install/chatting/share/chatting/hook/ld_library_path_lib.ps1'
[12.393s] INFO:colcon.colcon_core.shell:Creating environment descriptor '/home/julian/workspace/Studium/ros2_ws/install/chatting/share/chatting/hook/ld_library_path_lib.dsv'
[12.393s] INFO:colcon.colcon_core.shell:Creating environment hook '/home/julian/workspace/Studium/ros2_ws/install/chatting/share/chatting/hook/ld_library_path_lib.sh'
[12.393s] Level 1:colcon.colcon_core.environment:checking '/home/julian/workspace/Studium/ros2_ws/install/chatting/bin'
[12.393s] Level 1:colcon.colcon_core.environment:checking '/home/julian/workspace/Studium/ros2_ws/install/chatting/lib/pkgconfig/chatting.pc'
[12.393s] Level 1:colcon.colcon_core.environment:checking '/home/julian/workspace/Studium/ros2_ws/install/chatting/lib/python3.12/site-packages'
[12.393s] Level 1:colcon.colcon_core.shell:create_environment_hook('chatting', 'pythonpath')
[12.393s] INFO:colcon.colcon_core.shell:Creating environment hook '/home/julian/workspace/Studium/ros2_ws/install/chatting/share/chatting/hook/pythonpath.ps1'
[12.394s] INFO:colcon.colcon_core.shell:Creating environment descriptor '/home/julian/workspace/Studium/ros2_ws/install/chatting/share/chatting/hook/pythonpath.dsv'
[12.394s] INFO:colcon.colcon_core.shell:Creating environment hook '/home/julian/workspace/Studium/ros2_ws/install/chatting/share/chatting/hook/pythonpath.sh'
[12.395s] Level 1:colcon.colcon_core.environment:checking '/home/julian/workspace/Studium/ros2_ws/install/chatting/bin'
[12.395s] INFO:colcon.colcon_core.shell:Creating package script '/home/julian/workspace/Studium/ros2_ws/install/chatting/share/chatting/package.ps1'
[12.395s] INFO:colcon.colcon_core.shell:Creating package descriptor '/home/julian/workspace/Studium/ros2_ws/install/chatting/share/chatting/package.dsv'
[12.395s] INFO:colcon.colcon_core.shell:Creating package script '/home/julian/workspace/Studium/ros2_ws/install/chatting/share/chatting/package.sh'
[12.396s] INFO:colcon.colcon_core.shell:Creating package script '/home/julian/workspace/Studium/ros2_ws/install/chatting/share/chatting/package.bash'
[12.396s] INFO:colcon.colcon_core.shell:Creating package script '/home/julian/workspace/Studium/ros2_ws/install/chatting/share/chatting/package.zsh'
[12.396s] Level 1:colcon.colcon_core.environment:create_file_with_runtime_dependencies(/home/julian/workspace/Studium/ros2_ws/install/chatting/share/colcon-core/packages/chatting)
[12.397s] Level 1:colcon.colcon_core.environment:create_environment_scripts_only(chatting)
[12.397s] Level 1:colcon.colcon_core.environment:checking '/home/julian/workspace/Studium/ros2_ws/install/chatting' for CMake module files
[12.397s] Level 1:colcon.colcon_core.environment:checking '/home/julian/workspace/Studium/ros2_ws/install/chatting' for CMake config files
[12.397s] Level 1:colcon.colcon_core.shell:create_environment_hook('chatting', 'cmake_prefix_path')
[12.397s] INFO:colcon.colcon_core.shell:Creating environment hook '/home/julian/workspace/Studium/ros2_ws/install/chatting/share/chatting/hook/cmake_prefix_path.ps1'
[12.398s] INFO:colcon.colcon_core.shell:Creating environment descriptor '/home/julian/workspace/Studium/ros2_ws/install/chatting/share/chatting/hook/cmake_prefix_path.dsv'
[12.398s] INFO:colcon.colcon_core.shell:Creating environment hook '/home/julian/workspace/Studium/ros2_ws/install/chatting/share/chatting/hook/cmake_prefix_path.sh'
[12.398s] Level 1:colcon.colcon_core.environment:checking '/home/julian/workspace/Studium/ros2_ws/install/chatting/lib'
[12.398s] Level 1:colcon.colcon_core.shell:create_environment_hook('chatting', 'ld_library_path_lib')
[12.398s] INFO:colcon.colcon_core.shell:Creating environment hook '/home/julian/workspace/Studium/ros2_ws/install/chatting/share/chatting/hook/ld_library_path_lib.ps1'
[12.399s] INFO:colcon.colcon_core.shell:Creating environment descriptor '/home/julian/workspace/Studium/ros2_ws/install/chatting/share/chatting/hook/ld_library_path_lib.dsv'
[12.399s] INFO:colcon.colcon_core.shell:Creating environment hook '/home/julian/workspace/Studium/ros2_ws/install/chatting/share/chatting/hook/ld_library_path_lib.sh'
[12.399s] Level 1:colcon.colcon_core.environment:checking '/home/julian/workspace/Studium/ros2_ws/install/chatting/bin'
[12.399s] Level 1:colcon.colcon_core.environment:checking '/home/julian/workspace/Studium/ros2_ws/install/chatting/lib/pkgconfig/chatting.pc'
[12.400s] Level 1:colcon.colcon_core.environment:checking '/home/julian/workspace/Studium/ros2_ws/install/chatting/lib/python3.12/site-packages'
[12.400s] Level 1:colcon.colcon_core.shell:create_environment_hook('chatting', 'pythonpath')
[12.400s] INFO:colcon.colcon_core.shell:Creating environment hook '/home/julian/workspace/Studium/ros2_ws/install/chatting/share/chatting/hook/pythonpath.ps1'
[12.400s] INFO:colcon.colcon_core.shell:Creating environment descriptor '/home/julian/workspace/Studium/ros2_ws/install/chatting/share/chatting/hook/pythonpath.dsv'
[12.400s] INFO:colcon.colcon_core.shell:Creating environment hook '/home/julian/workspace/Studium/ros2_ws/install/chatting/share/chatting/hook/pythonpath.sh'
[12.401s] Level 1:colcon.colcon_core.environment:checking '/home/julian/workspace/Studium/ros2_ws/install/chatting/bin'
[12.401s] INFO:colcon.colcon_core.shell:Creating package script '/home/julian/workspace/Studium/ros2_ws/install/chatting/share/chatting/package.ps1'
[12.401s] INFO:colcon.colcon_core.shell:Creating package descriptor '/home/julian/workspace/Studium/ros2_ws/install/chatting/share/chatting/package.dsv'
[12.402s] INFO:colcon.colcon_core.shell:Creating package script '/home/julian/workspace/Studium/ros2_ws/install/chatting/share/chatting/package.sh'
[12.402s] INFO:colcon.colcon_core.shell:Creating package script '/home/julian/workspace/Studium/ros2_ws/install/chatting/share/chatting/package.bash'
[12.402s] INFO:colcon.colcon_core.shell:Creating package script '/home/julian/workspace/Studium/ros2_ws/install/chatting/share/chatting/package.zsh'
[12.403s] Level 1:colcon.colcon_core.environment:create_file_with_runtime_dependencies(/home/julian/workspace/Studium/ros2_ws/install/chatting/share/colcon-core/packages/chatting)
[12.403s] DEBUG:colcon.colcon_parallel_executor.executor.parallel:closing loop
[12.403s] DEBUG:colcon.colcon_parallel_executor.executor.parallel:loop closed
[12.403s] DEBUG:colcon.colcon_parallel_executor.executor.parallel:run_until_complete finished with '0'
[12.403s] DEBUG:colcon.colcon_core.event_reactor:joining thread
[12.476s] INFO:colcon.colcon_core.plugin_system:Skipping extension 'colcon_notification.desktop_notification.notify_send': Could not find 'notify-send'
[12.476s] INFO:colcon.colcon_core.plugin_system:Skipping extension 'colcon_notification.desktop_notification.terminal_notifier': Not used on non-Darwin systems
[12.476s] INFO:colcon.colcon_core.plugin_system:Skipping extension 'colcon_notification.desktop_notification.win32': Not used on non-Windows systems
[12.476s] INFO:colcon.colcon_notification.desktop_notification:Sending desktop notification using 'notify2'
[12.478s] DEBUG:colcon.colcon_notification.desktop_notification.notify2:Failed to initialize notify2: org.freedesktop.DBus.Error.ServiceUnknown: The name org.freedesktop.Notifications was not provided by any .service files
[12.478s] DEBUG:colcon.colcon_core.event_reactor:joined thread
[12.479s] INFO:colcon.colcon_core.shell:Creating prefix script '/home/julian/workspace/Studium/ros2_ws/install/local_setup.ps1'
[12.480s] INFO:colcon.colcon_core.shell:Creating prefix util module '/home/julian/workspace/Studium/ros2_ws/install/_local_setup_util_ps1.py'
[12.481s] INFO:colcon.colcon_core.shell:Creating prefix chain script '/home/julian/workspace/Studium/ros2_ws/install/setup.ps1'
[12.482s] INFO:colcon.colcon_core.shell:Creating prefix script '/home/julian/workspace/Studium/ros2_ws/install/local_setup.sh'
[12.483s] INFO:colcon.colcon_core.shell:Creating prefix util module '/home/julian/workspace/Studium/ros2_ws/install/_local_setup_util_sh.py'
[12.484s] INFO:colcon.colcon_core.shell:Creating prefix chain script '/home/julian/workspace/Studium/ros2_ws/install/setup.sh'
[12.485s] INFO:colcon.colcon_core.shell:Creating prefix script '/home/julian/workspace/Studium/ros2_ws/install/local_setup.bash'
[12.485s] INFO:colcon.colcon_core.shell:Creating prefix chain script '/home/julian/workspace/Studium/ros2_ws/install/setup.bash'
[12.486s] INFO:colcon.colcon_core.shell:Creating prefix script '/home/julian/workspace/Studium/ros2_ws/install/local_setup.zsh'
[12.487s] INFO:colcon.colcon_core.shell:Creating prefix chain script '/home/julian/workspace/Studium/ros2_ws/install/setup.zsh'
