[0.025s] Invoking command in '/home/julian/workspace/Studium/ros2_ws/build/chatting': CMAKE_PREFIX_PATH=${CMAKE_PREFIX_PATH}:/home/julian/workspace/Studium/ros2_ws/install/py_pubsub:/home/julian/workspace/Studium/ros2_ws/install/test_controller:/opt/ros/kilted /usr/bin/cmake --build /home/julian/workspace/Studium/ros2_ws/build/chatting -- -j12 -l12
[0.537s] [  2%] Built target chatting__rosidl_generator_type_description
[0.541s] [  2%] Built target ament_cmake_python_copy_chatting
[0.541s] [  5%] Built target chatting__cpp
[0.541s] [ 18%] Built target chatting__rosidl_generator_c
[0.542s] [ 26%] Built target chatting__rosidl_typesupport_introspection_c
[0.543s] [ 34%] Built target chatting__rosidl_typesupport_cpp
[0.543s] [ 42%] Built target chatting__rosidl_typesupport_fastrtps_c
[0.544s] [ 50%] Built target chatting__rosidl_typesupport_introspection_cpp
[0.544s] [ 65%] Built target chatting__rosidl_typesupport_fastrtps_cpp
[0.545s] [ 63%] Built target chatting__rosidl_typesupport_c
[0.545s] [ 65%] Built target chatting
[0.545s] [ 68%] Built target chatting__py
[0.546s] [ 71%] [32mBuilding CXX object CMakeFiles/listener.dir/src/subscriber_lambda_function.cpp.o[0m
[0.546s] [ 73%] [32mBuilding CXX object CMakeFiles/talker.dir/src/publisher_lambda_function.cpp.o[0m
[0.546s] [ 78%] Built target chatting__rosidl_generator_py
[0.547s] [ 84%] Built target chatting_s__rosidl_typesupport_fastrtps_c
[0.547s] [ 89%] Built target chatting_s__rosidl_typesupport_introspection_c
[0.547s] [ 94%] Built target chatting_s__rosidl_typesupport_c
[0.547s] running egg_info
[0.548s] writing chatting.egg-info/PKG-INFO
[0.548s] writing dependency_links to chatting.egg-info/dependency_links.txt
[0.549s] writing top-level names to chatting.egg-info/top_level.txt
[0.549s] reading manifest file 'chatting.egg-info/SOURCES.txt'
[0.549s] writing manifest file 'chatting.egg-info/SOURCES.txt'
[0.549s] [ 94%] Built target ament_cmake_python_build_chatting_egg
[4.868s] [ 97%] [32m[1mLinking CXX executable talker[0m
[5.107s] [ 97%] Built target talker
[7.596s] [100%] [32m[1mLinking CXX executable listener[0m
[7.922s] [100%] Built target listener
[7.932s] Invoked command in '/home/julian/workspace/Studium/ros2_ws/build/chatting' returned '0': CMAKE_PREFIX_PATH=${CMAKE_PREFIX_PATH}:/home/julian/workspace/Studium/ros2_ws/install/py_pubsub:/home/julian/workspace/Studium/ros2_ws/install/test_controller:/opt/ros/kilted /usr/bin/cmake --build /home/julian/workspace/Studium/ros2_ws/build/chatting -- -j12 -l12
[7.933s] Invoking command in '/home/julian/workspace/Studium/ros2_ws/build/chatting': CMAKE_PREFIX_PATH=${CMAKE_PREFIX_PATH}:/home/julian/workspace/Studium/ros2_ws/install/py_pubsub:/home/julian/workspace/Studium/ros2_ws/install/test_controller:/opt/ros/kilted /usr/bin/cmake --install /home/julian/workspace/Studium/ros2_ws/build/chatting
[7.941s] -- Install configuration: ""
[7.941s] -- Up-to-date: /home/julian/workspace/Studium/ros2_ws/install/chatting/share/ament_index/resource_index/rosidl_interfaces/chatting
[7.941s] -- Up-to-date: /home/julian/workspace/Studium/ros2_ws/install/chatting/share/chatting/msg/Nachricht.json
[7.941s] -- Up-to-date: /home/julian/workspace/Studium/ros2_ws/install/chatting/include/chatting/chatting
[7.941s] -- Up-to-date: /home/julian/workspace/Studium/ros2_ws/install/chatting/include/chatting/chatting/msg
[7.941s] -- Up-to-date: /home/julian/workspace/Studium/ros2_ws/install/chatting/include/chatting/chatting/msg/rosidl_generator_c__visibility_control.h
[7.942s] -- Up-to-date: /home/julian/workspace/Studium/ros2_ws/install/chatting/include/chatting/chatting/msg/address_book.h
[7.942s] -- Up-to-date: /home/julian/workspace/Studium/ros2_ws/install/chatting/include/chatting/chatting/msg/detail
[7.942s] -- Up-to-date: /home/julian/workspace/Studium/ros2_ws/install/chatting/include/chatting/chatting/msg/detail/nachricht__functions.c
[7.942s] -- Up-to-date: /home/julian/workspace/Studium/ros2_ws/install/chatting/include/chatting/chatting/msg/detail/address_book__functions.h
[7.942s] -- Up-to-date: /home/julian/workspace/Studium/ros2_ws/install/chatting/include/chatting/chatting/msg/detail/nachricht__type_support.h
[7.942s] -- Up-to-date: /home/julian/workspace/Studium/ros2_ws/install/chatting/include/chatting/chatting/msg/detail/nachricht__struct.h
[7.942s] -- Up-to-date: /home/julian/workspace/Studium/ros2_ws/install/chatting/include/chatting/chatting/msg/detail/nachricht__type_support.c
[7.942s] -- Up-to-date: /home/julian/workspace/Studium/ros2_ws/install/chatting/include/chatting/chatting/msg/detail/address_book__functions.c
[7.942s] -- Up-to-date: /home/julian/workspace/Studium/ros2_ws/install/chatting/include/chatting/chatting/msg/detail/address_book__type_support.c
[7.942s] -- Up-to-date: /home/julian/workspace/Studium/ros2_ws/install/chatting/include/chatting/chatting/msg/detail/address_book__struct.h
[7.942s] -- Up-to-date: /home/julian/workspace/Studium/ros2_ws/install/chatting/include/chatting/chatting/msg/detail/address_book__description.c
[7.942s] -- Up-to-date: /home/julian/workspace/Studium/ros2_ws/install/chatting/include/chatting/chatting/msg/detail/address_book__type_support.h
[7.942s] -- Up-to-date: /home/julian/workspace/Studium/ros2_ws/install/chatting/include/chatting/chatting/msg/detail/nachricht__description.c
[7.942s] -- Up-to-date: /home/julian/workspace/Studium/ros2_ws/install/chatting/include/chatting/chatting/msg/detail/nachricht__functions.h
[7.942s] -- Up-to-date: /home/julian/workspace/Studium/ros2_ws/install/chatting/include/chatting/chatting/msg/nachricht.h
[7.942s] -- Up-to-date: /home/julian/workspace/Studium/ros2_ws/install/chatting/share/chatting/environment/library_path.sh
[7.942s] -- Up-to-date: /home/julian/workspace/Studium/ros2_ws/install/chatting/share/chatting/environment/library_path.dsv
[7.943s] -- Up-to-date: /home/julian/workspace/Studium/ros2_ws/install/chatting/lib/libchatting__rosidl_generator_c.so
[7.943s] -- Up-to-date: /home/julian/workspace/Studium/ros2_ws/install/chatting/include/chatting/chatting
[7.943s] -- Up-to-date: /home/julian/workspace/Studium/ros2_ws/install/chatting/include/chatting/chatting/msg
[7.943s] -- Up-to-date: /home/julian/workspace/Studium/ros2_ws/install/chatting/include/chatting/chatting/msg/detail
[7.943s] -- Up-to-date: /home/julian/workspace/Studium/ros2_ws/install/chatting/include/chatting/chatting/msg/detail/address_book__rosidl_typesupport_fastrtps_c.h
[7.943s] -- Up-to-date: /home/julian/workspace/Studium/ros2_ws/install/chatting/include/chatting/chatting/msg/detail/nachricht__rosidl_typesupport_fastrtps_c.h
[7.943s] -- Up-to-date: /home/julian/workspace/Studium/ros2_ws/install/chatting/include/chatting/chatting/msg/rosidl_typesupport_fastrtps_c__visibility_control.h
[7.943s] -- Up-to-date: /home/julian/workspace/Studium/ros2_ws/install/chatting/lib/libchatting__rosidl_typesupport_fastrtps_c.so
[7.943s] -- Up-to-date: /home/julian/workspace/Studium/ros2_ws/install/chatting/include/chatting/chatting
[7.943s] -- Up-to-date: /home/julian/workspace/Studium/ros2_ws/install/chatting/include/chatting/chatting/msg
[7.943s] -- Up-to-date: /home/julian/workspace/Studium/ros2_ws/install/chatting/include/chatting/chatting/msg/address_book.hpp
[7.943s] -- Up-to-date: /home/julian/workspace/Studium/ros2_ws/install/chatting/include/chatting/chatting/msg/rosidl_generator_cpp__visibility_control.hpp
[7.943s] -- Up-to-date: /home/julian/workspace/Studium/ros2_ws/install/chatting/include/chatting/chatting/msg/nachricht.hpp
[7.943s] -- Up-to-date: /home/julian/workspace/Studium/ros2_ws/install/chatting/include/chatting/chatting/msg/detail
[7.943s] -- Up-to-date: /home/julian/workspace/Studium/ros2_ws/install/chatting/include/chatting/chatting/msg/detail/address_book__builder.hpp
[7.943s] -- Up-to-date: /home/julian/workspace/Studium/ros2_ws/install/chatting/include/chatting/chatting/msg/detail/address_book__struct.hpp
[7.943s] -- Up-to-date: /home/julian/workspace/Studium/ros2_ws/install/chatting/include/chatting/chatting/msg/detail/address_book__type_support.hpp
[7.943s] -- Up-to-date: /home/julian/workspace/Studium/ros2_ws/install/chatting/include/chatting/chatting/msg/detail/nachricht__builder.hpp
[7.944s] -- Up-to-date: /home/julian/workspace/Studium/ros2_ws/install/chatting/include/chatting/chatting/msg/detail/address_book__traits.hpp
[7.944s] -- Up-to-date: /home/julian/workspace/Studium/ros2_ws/install/chatting/include/chatting/chatting/msg/detail/nachricht__struct.hpp
[7.944s] -- Up-to-date: /home/julian/workspace/Studium/ros2_ws/install/chatting/include/chatting/chatting/msg/detail/nachricht__traits.hpp
[7.944s] -- Up-to-date: /home/julian/workspace/Studium/ros2_ws/install/chatting/include/chatting/chatting/msg/detail/nachricht__type_support.hpp
[7.944s] -- Up-to-date: /home/julian/workspace/Studium/ros2_ws/install/chatting/include/chatting/chatting
[7.944s] -- Up-to-date: /home/julian/workspace/Studium/ros2_ws/install/chatting/include/chatting/chatting/msg
[7.944s] -- Up-to-date: /home/julian/workspace/Studium/ros2_ws/install/chatting/include/chatting/chatting/msg/detail
[7.944s] -- Up-to-date: /home/julian/workspace/Studium/ros2_ws/install/chatting/include/chatting/chatting/msg/detail/nachricht__rosidl_typesupport_fastrtps_cpp.hpp
[7.944s] -- Up-to-date: /home/julian/workspace/Studium/ros2_ws/install/chatting/include/chatting/chatting/msg/detail/dds_fastrtps
[7.944s] -- Up-to-date: /home/julian/workspace/Studium/ros2_ws/install/chatting/include/chatting/chatting/msg/detail/address_book__rosidl_typesupport_fastrtps_cpp.hpp
[7.944s] -- Up-to-date: /home/julian/workspace/Studium/ros2_ws/install/chatting/include/chatting/chatting/msg/rosidl_typesupport_fastrtps_cpp__visibility_control.h
[7.944s] -- Up-to-date: /home/julian/workspace/Studium/ros2_ws/install/chatting/lib/libchatting__rosidl_typesupport_fastrtps_cpp.so
[7.944s] -- Up-to-date: /home/julian/workspace/Studium/ros2_ws/install/chatting/include/chatting/chatting
[7.944s] -- Up-to-date: /home/julian/workspace/Studium/ros2_ws/install/chatting/include/chatting/chatting/msg
[7.944s] -- Up-to-date: /home/julian/workspace/Studium/ros2_ws/install/chatting/include/chatting/chatting/msg/detail
[7.944s] -- Up-to-date: /home/julian/workspace/Studium/ros2_ws/install/chatting/include/chatting/chatting/msg/detail/nachricht__type_support.c
[7.944s] -- Up-to-date: /home/julian/workspace/Studium/ros2_ws/install/chatting/include/chatting/chatting/msg/detail/address_book__type_support.c
[7.945s] -- Up-to-date: /home/julian/workspace/Studium/ros2_ws/install/chatting/include/chatting/chatting/msg/detail/address_book__rosidl_typesupport_introspection_c.h
[7.945s] -- Up-to-date: /home/julian/workspace/Studium/ros2_ws/install/chatting/include/chatting/chatting/msg/detail/nachricht__rosidl_typesupport_introspection_c.h
[7.945s] -- Up-to-date: /home/julian/workspace/Studium/ros2_ws/install/chatting/include/chatting/chatting/msg/rosidl_typesupport_introspection_c__visibility_control.h
[7.945s] -- Up-to-date: /home/julian/workspace/Studium/ros2_ws/install/chatting/lib/libchatting__rosidl_typesupport_introspection_c.so
[7.945s] -- Up-to-date: /home/julian/workspace/Studium/ros2_ws/install/chatting/lib/libchatting__rosidl_typesupport_c.so
[7.945s] -- Up-to-date: /home/julian/workspace/Studium/ros2_ws/install/chatting/include/chatting/chatting
[7.945s] -- Up-to-date: /home/julian/workspace/Studium/ros2_ws/install/chatting/include/chatting/chatting/msg
[7.945s] -- Up-to-date: /home/julian/workspace/Studium/ros2_ws/install/chatting/include/chatting/chatting/msg/detail
[7.945s] -- Up-to-date: /home/julian/workspace/Studium/ros2_ws/install/chatting/include/chatting/chatting/msg/detail/nachricht__type_support.cpp
[7.945s] -- Up-to-date: /home/julian/workspace/Studium/ros2_ws/install/chatting/include/chatting/chatting/msg/detail/nachricht__rosidl_typesupport_introspection_cpp.hpp
[7.945s] -- Up-to-date: /home/julian/workspace/Studium/ros2_ws/install/chatting/include/chatting/chatting/msg/detail/address_book__type_support.cpp
[7.945s] -- Up-to-date: /home/julian/workspace/Studium/ros2_ws/install/chatting/include/chatting/chatting/msg/detail/address_book__rosidl_typesupport_introspection_cpp.hpp
[7.945s] -- Up-to-date: /home/julian/workspace/Studium/ros2_ws/install/chatting/lib/libchatting__rosidl_typesupport_introspection_cpp.so
[7.945s] -- Up-to-date: /home/julian/workspace/Studium/ros2_ws/install/chatting/lib/libchatting__rosidl_typesupport_cpp.so
[7.945s] -- Up-to-date: /home/julian/workspace/Studium/ros2_ws/install/chatting/share/chatting/environment/pythonpath.sh
[7.945s] -- Up-to-date: /home/julian/workspace/Studium/ros2_ws/install/chatting/share/chatting/environment/pythonpath.dsv
[7.946s] -- Up-to-date: /home/julian/workspace/Studium/ros2_ws/install/chatting/lib/python3.12/site-packages/chatting-0.0.0-py3.12.egg-info
[7.946s] -- Installing: /home/julian/workspace/Studium/ros2_ws/install/chatting/lib/python3.12/site-packages/chatting-0.0.0-py3.12.egg-info/dependency_links.txt
[7.946s] -- Installing: /home/julian/workspace/Studium/ros2_ws/install/chatting/lib/python3.12/site-packages/chatting-0.0.0-py3.12.egg-info/SOURCES.txt
[7.946s] -- Installing: /home/julian/workspace/Studium/ros2_ws/install/chatting/lib/python3.12/site-packages/chatting-0.0.0-py3.12.egg-info/top_level.txt
[7.946s] -- Installing: /home/julian/workspace/Studium/ros2_ws/install/chatting/lib/python3.12/site-packages/chatting-0.0.0-py3.12.egg-info/PKG-INFO
[7.946s] -- Up-to-date: /home/julian/workspace/Studium/ros2_ws/install/chatting/lib/python3.12/site-packages/chatting
[7.946s] -- Up-to-date: /home/julian/workspace/Studium/ros2_ws/install/chatting/lib/python3.12/site-packages/chatting/_chatting_s.ep.rosidl_typesupport_introspection_c.c
[7.946s] -- Up-to-date: /home/julian/workspace/Studium/ros2_ws/install/chatting/lib/python3.12/site-packages/chatting/chatting_s__rosidl_typesupport_c.so
[7.946s] -- Up-to-date: /home/julian/workspace/Studium/ros2_ws/install/chatting/lib/python3.12/site-packages/chatting/chatting_s__rosidl_typesupport_introspection_c.so
[7.946s] -- Up-to-date: /home/julian/workspace/Studium/ros2_ws/install/chatting/lib/python3.12/site-packages/chatting/chatting_s__rosidl_typesupport_fastrtps_c.so
[7.946s] -- Up-to-date: /home/julian/workspace/Studium/ros2_ws/install/chatting/lib/python3.12/site-packages/chatting/_chatting_s.ep.rosidl_typesupport_c.c
[7.946s] -- Up-to-date: /home/julian/workspace/Studium/ros2_ws/install/chatting/lib/python3.12/site-packages/chatting/_chatting_s.ep.rosidl_typesupport_fastrtps_c.c
[7.946s] -- Up-to-date: /home/julian/workspace/Studium/ros2_ws/install/chatting/lib/python3.12/site-packages/chatting/__init__.py
[7.946s] -- Up-to-date: /home/julian/workspace/Studium/ros2_ws/install/chatting/lib/python3.12/site-packages/chatting/msg
[7.946s] -- Up-to-date: /home/julian/workspace/Studium/ros2_ws/install/chatting/lib/python3.12/site-packages/chatting/msg/_nachricht.py
[7.946s] -- Up-to-date: /home/julian/workspace/Studium/ros2_ws/install/chatting/lib/python3.12/site-packages/chatting/msg/_address_book_s.c
[7.946s] -- Up-to-date: /home/julian/workspace/Studium/ros2_ws/install/chatting/lib/python3.12/site-packages/chatting/msg/_nachricht_s.c
[7.946s] -- Up-to-date: /home/julian/workspace/Studium/ros2_ws/install/chatting/lib/python3.12/site-packages/chatting/msg/_address_book.py
[7.946s] -- Up-to-date: /home/julian/workspace/Studium/ros2_ws/install/chatting/lib/python3.12/site-packages/chatting/msg/__init__.py
[7.977s] Listing '/home/julian/workspace/Studium/ros2_ws/install/chatting/lib/python3.12/site-packages/chatting'...
[7.977s] Listing '/home/julian/workspace/Studium/ros2_ws/install/chatting/lib/python3.12/site-packages/chatting/msg'...
[7.982s] -- Up-to-date: /home/julian/workspace/Studium/ros2_ws/install/chatting/lib/python3.12/site-packages/chatting/chatting_s__rosidl_typesupport_fastrtps_c.so
[7.983s] -- Up-to-date: /home/julian/workspace/Studium/ros2_ws/install/chatting/lib/python3.12/site-packages/chatting/chatting_s__rosidl_typesupport_introspection_c.so
[7.983s] -- Up-to-date: /home/julian/workspace/Studium/ros2_ws/install/chatting/lib/python3.12/site-packages/chatting/chatting_s__rosidl_typesupport_c.so
[7.983s] -- Up-to-date: /home/julian/workspace/Studium/ros2_ws/install/chatting/lib/libchatting__rosidl_generator_py.so
[7.983s] -- Up-to-date: /home/julian/workspace/Studium/ros2_ws/install/chatting/share/chatting/msg/Nachricht.idl
[7.983s] -- Up-to-date: /home/julian/workspace/Studium/ros2_ws/install/chatting/share/chatting/msg/Nachricht.msg
[7.983s] -- Installing: /home/julian/workspace/Studium/ros2_ws/install/chatting/lib/chatting/talker
[7.985s] -- Set non-toolchain portion of runtime path of "/home/julian/workspace/Studium/ros2_ws/install/chatting/lib/chatting/talker" to ""
[7.985s] -- Installing: /home/julian/workspace/Studium/ros2_ws/install/chatting/lib/chatting/listener
[7.989s] -- Set non-toolchain portion of runtime path of "/home/julian/workspace/Studium/ros2_ws/install/chatting/lib/chatting/listener" to ""
[7.989s] -- Up-to-date: /home/julian/workspace/Studium/ros2_ws/install/chatting/share/ament_index/resource_index/package_run_dependencies/chatting
[7.989s] -- Up-to-date: /home/julian/workspace/Studium/ros2_ws/install/chatting/share/ament_index/resource_index/parent_prefix_path/chatting
[7.989s] -- Up-to-date: /home/julian/workspace/Studium/ros2_ws/install/chatting/share/chatting/environment/ament_prefix_path.sh
[7.989s] -- Up-to-date: /home/julian/workspace/Studium/ros2_ws/install/chatting/share/chatting/environment/ament_prefix_path.dsv
[7.990s] -- Up-to-date: /home/julian/workspace/Studium/ros2_ws/install/chatting/share/chatting/environment/path.sh
[7.990s] -- Up-to-date: /home/julian/workspace/Studium/ros2_ws/install/chatting/share/chatting/environment/path.dsv
[7.990s] -- Up-to-date: /home/julian/workspace/Studium/ros2_ws/install/chatting/share/chatting/local_setup.bash
[7.990s] -- Up-to-date: /home/julian/workspace/Studium/ros2_ws/install/chatting/share/chatting/local_setup.sh
[7.990s] -- Up-to-date: /home/julian/workspace/Studium/ros2_ws/install/chatting/share/chatting/local_setup.zsh
[7.990s] -- Up-to-date: /home/julian/workspace/Studium/ros2_ws/install/chatting/share/chatting/local_setup.dsv
[7.990s] -- Installing: /home/julian/workspace/Studium/ros2_ws/install/chatting/share/chatting/package.dsv
[7.990s] -- Up-to-date: /home/julian/workspace/Studium/ros2_ws/install/chatting/share/ament_index/resource_index/packages/chatting
[7.990s] -- Up-to-date: /home/julian/workspace/Studium/ros2_ws/install/chatting/share/chatting/cmake/export_chatting__rosidl_generator_cExport.cmake
[7.990s] -- Up-to-date: /home/julian/workspace/Studium/ros2_ws/install/chatting/share/chatting/cmake/export_chatting__rosidl_generator_cExport-noconfig.cmake
[7.990s] -- Up-to-date: /home/julian/workspace/Studium/ros2_ws/install/chatting/share/chatting/cmake/export_chatting__rosidl_typesupport_fastrtps_cExport.cmake
[7.990s] -- Up-to-date: /home/julian/workspace/Studium/ros2_ws/install/chatting/share/chatting/cmake/export_chatting__rosidl_typesupport_fastrtps_cExport-noconfig.cmake
[7.990s] -- Up-to-date: /home/julian/workspace/Studium/ros2_ws/install/chatting/share/chatting/cmake/export_chatting__rosidl_generator_cppExport.cmake
[7.990s] -- Up-to-date: /home/julian/workspace/Studium/ros2_ws/install/chatting/share/chatting/cmake/export_chatting__rosidl_typesupport_fastrtps_cppExport.cmake
[7.990s] -- Up-to-date: /home/julian/workspace/Studium/ros2_ws/install/chatting/share/chatting/cmake/export_chatting__rosidl_typesupport_fastrtps_cppExport-noconfig.cmake
[7.991s] -- Up-to-date: /home/julian/workspace/Studium/ros2_ws/install/chatting/share/chatting/cmake/chatting__rosidl_typesupport_introspection_cExport.cmake
[7.991s] -- Up-to-date: /home/julian/workspace/Studium/ros2_ws/install/chatting/share/chatting/cmake/chatting__rosidl_typesupport_introspection_cExport-noconfig.cmake
[7.991s] -- Up-to-date: /home/julian/workspace/Studium/ros2_ws/install/chatting/share/chatting/cmake/chatting__rosidl_typesupport_cExport.cmake
[7.991s] -- Up-to-date: /home/julian/workspace/Studium/ros2_ws/install/chatting/share/chatting/cmake/chatting__rosidl_typesupport_cExport-noconfig.cmake
[7.991s] -- Up-to-date: /home/julian/workspace/Studium/ros2_ws/install/chatting/share/chatting/cmake/chatting__rosidl_typesupport_introspection_cppExport.cmake
[7.991s] -- Up-to-date: /home/julian/workspace/Studium/ros2_ws/install/chatting/share/chatting/cmake/chatting__rosidl_typesupport_introspection_cppExport-noconfig.cmake
[7.991s] -- Up-to-date: /home/julian/workspace/Studium/ros2_ws/install/chatting/share/chatting/cmake/chatting__rosidl_typesupport_cppExport.cmake
[7.991s] -- Up-to-date: /home/julian/workspace/Studium/ros2_ws/install/chatting/share/chatting/cmake/chatting__rosidl_typesupport_cppExport-noconfig.cmake
[7.991s] -- Up-to-date: /home/julian/workspace/Studium/ros2_ws/install/chatting/share/chatting/cmake/export_chatting__rosidl_generator_pyExport.cmake
[7.991s] -- Up-to-date: /home/julian/workspace/Studium/ros2_ws/install/chatting/share/chatting/cmake/export_chatting__rosidl_generator_pyExport-noconfig.cmake
[7.991s] -- Up-to-date: /home/julian/workspace/Studium/ros2_ws/install/chatting/share/chatting/cmake/rosidl_cmake-extras.cmake
[7.991s] -- Up-to-date: /home/julian/workspace/Studium/ros2_ws/install/chatting/share/chatting/cmake/ament_cmake_export_include_directories-extras.cmake
[7.991s] -- Up-to-date: /home/julian/workspace/Studium/ros2_ws/install/chatting/share/chatting/cmake/ament_cmake_export_libraries-extras.cmake
[7.991s] -- Up-to-date: /home/julian/workspace/Studium/ros2_ws/install/chatting/share/chatting/cmake/ament_cmake_export_targets-extras.cmake
[7.991s] -- Up-to-date: /home/julian/workspace/Studium/ros2_ws/install/chatting/share/chatting/cmake/rosidl_cmake_export_typesupport_targets-extras.cmake
[7.991s] -- Up-to-date: /home/julian/workspace/Studium/ros2_ws/install/chatting/share/chatting/cmake/ament_cmake_export_dependencies-extras.cmake
[7.992s] -- Up-to-date: /home/julian/workspace/Studium/ros2_ws/install/chatting/share/chatting/cmake/rosidl_cmake_export_typesupport_libraries-extras.cmake
[7.992s] -- Up-to-date: /home/julian/workspace/Studium/ros2_ws/install/chatting/share/chatting/cmake/chattingConfig.cmake
[7.992s] -- Up-to-date: /home/julian/workspace/Studium/ros2_ws/install/chatting/share/chatting/cmake/chattingConfig-version.cmake
[7.992s] -- Up-to-date: /home/julian/workspace/Studium/ros2_ws/install/chatting/share/chatting/package.xml
[7.994s] Invoked command in '/home/julian/workspace/Studium/ros2_ws/build/chatting' returned '0': CMAKE_PREFIX_PATH=${CMAKE_PREFIX_PATH}:/home/julian/workspace/Studium/ros2_ws/install/py_pubsub:/home/julian/workspace/Studium/ros2_ws/install/test_controller:/opt/ros/kilted /usr/bin/cmake --install /home/julian/workspace/Studium/ros2_ws/build/chatting
