[0.028s] Invoking command in '/home/julian/workspace/Studium/ros2_ws/build/chatting': CMAKE_PREFIX_PATH=${CMAKE_PREFIX_PATH}:/home/julian/workspace/Studium/ros2_ws/install/py_pubsub:/home/julian/workspace/Studium/ros2_ws/install/test_controller:/opt/ros/kilted /usr/bin/cmake --build /home/julian/workspace/Studium/ros2_ws/build/chatting -- -j12 -l12
[0.246s] -- Found ament_cmake: 2.7.3 (/opt/ros/kilted/share/ament_cmake/cmake)
[0.246s] -- Found Python3: /usr/bin/python3 (found version "3.12.3") found components: Interpreter 
[0.246s] -- Found rclcpp: 29.5.3 (/opt/ros/kilted/share/rclcpp/cmake)
[0.398s] -- Found rosidl_generator_c: 4.9.5 (/opt/ros/kilted/share/rosidl_generator_c/cmake)
[0.406s] -- Found rosidl_generator_cpp: 4.9.5 (/opt/ros/kilted/share/rosidl_generator_cpp/cmake)
[0.416s] -- Using all available rosidl_typesupport_c: rosidl_typesupport_fastrtps_c;rosidl_typesupport_introspection_c
[0.427s] -- Using all available rosidl_typesupport_cpp: rosidl_typesupport_fastrtps_cpp;rosidl_typesupport_introspection_cpp
[0.487s] -- Found rmw_implementation_cmake: 7.8.2 (/opt/ros/kilted/share/rmw_implementation_cmake/cmake)
[0.488s] -- Found rmw_fastrtps_cpp: 9.3.3 (/opt/ros/kilted/share/rmw_fastrtps_cpp/cmake)
[0.541s] -- Using RMW implementation 'rmw_fastrtps_cpp' as default
[0.776s] -- Found std_msgs: 5.5.1 (/opt/ros/kilted/share/std_msgs/cmake)
[0.788s] -- Found rosidl_default_generators: 1.7.1 (/opt/ros/kilted/share/rosidl_default_generators/cmake)
[0.796s] -- Found rosidl_adapter: 4.9.5 (/opt/ros/kilted/share/rosidl_adapter/cmake)
[1.084s] -- Found ament_cmake_ros_core: 0.14.3 (/opt/ros/kilted/share/ament_cmake_ros_core/cmake)
[1.258s] -- Using all available rosidl_typesupport_c: rosidl_typesupport_fastrtps_c;rosidl_typesupport_introspection_c
[1.334s] -- Using all available rosidl_typesupport_cpp: rosidl_typesupport_fastrtps_cpp;rosidl_typesupport_introspection_cpp
[1.652s] -- Found Python3: /usr/bin/python3 (found version "3.12.3") found components: Interpreter Development NumPy Development.Module Development.Embed 
[1.661s] [0mCMake Deprecation Warning at /opt/ros/kilted/share/ament_cmake_target_dependencies/cmake/ament_target_dependencies.cmake:87 (message):
[1.661s]   ament_target_dependencies() is deprecated.  Use target_link_libraries()
[1.661s]   with modern CMake targets instead.  Try replacing this call with:
[1.661s] 
[1.661s]     target_link_libraries(talker PUBLIC
[1.661s]       ${std_msgs_TARGETS}
[1.661s]       rclcpp::rclcpp
[1.662s]     )
[1.662s] 
[1.662s] Call Stack (most recent call first):
[1.662s]   CMakeLists.txt:27 (ament_target_dependencies)
[1.663s] 
[1.663s] [0m
[1.663s] [0mCMake Deprecation Warning at /opt/ros/kilted/share/rosidl_cmake/cmake/rosidl_target_interfaces.cmake:32 (message):
[1.663s]   Use rosidl_get_typesupport_target() and target_link_libraries() instead of
[1.663s]   rosidl_target_interfaces().  i.e:
[1.663s] 
[1.663s]     rosidl_get_typesupport_target(cpp_typesupport_target "${PROJECT_NAME}" "rosidl_typesupport_cpp")
[1.663s]     target_link_libraries(${PROJECT_NAME}_node "${cpp_typesupport_target}")
[1.663s] 
[1.663s] Call Stack (most recent call first):
[1.663s]   CMakeLists.txt:28 (rosidl_target_interfaces)
[1.663s] 
[1.664s] [0m
[1.664s] [0mCMake Deprecation Warning at /opt/ros/kilted/share/ament_cmake_target_dependencies/cmake/ament_target_dependencies.cmake:87 (message):
[1.664s]   ament_target_dependencies() is deprecated.  Use target_link_libraries()
[1.664s]   with modern CMake targets instead.  Try replacing this call with:
[1.664s] 
[1.664s]     target_link_libraries(listener PUBLIC
[1.664s]       ${std_msgs_TARGETS}
[1.664s]       rclcpp::rclcpp
[1.664s]     )
[1.664s] 
[1.664s] Call Stack (most recent call first):
[1.664s]   CMakeLists.txt:36 (ament_target_dependencies)
[1.664s] 
[1.664s] [0m
[1.664s] [0mCMake Deprecation Warning at /opt/ros/kilted/share/rosidl_cmake/cmake/rosidl_target_interfaces.cmake:32 (message):
[1.664s]   Use rosidl_get_typesupport_target() and target_link_libraries() instead of
[1.664s]   rosidl_target_interfaces().  i.e:
[1.664s] 
[1.664s]     rosidl_get_typesupport_target(cpp_typesupport_target "${PROJECT_NAME}" "rosidl_typesupport_cpp")
[1.665s]     target_link_libraries(${PROJECT_NAME}_node "${cpp_typesupport_target}")
[1.665s] 
[1.665s] Call Stack (most recent call first):
[1.665s]   CMakeLists.txt:37 (rosidl_target_interfaces)
[1.665s] 
[1.665s] [0m
[1.668s] -- Configuring done (1.6s)
[1.708s] -- Generating done (0.0s)
[1.724s] -- Build files have been written to: /home/julian/workspace/Studium/ros2_ws/build/chatting
[1.760s] [  2%] [34m[1mGenerating type hashes for ROS interfaces[0m
[1.768s] [  2%] Built target ament_cmake_python_copy_chatting
[1.972s] [  2%] Built target chatting__rosidl_generator_type_description
[1.982s] [  5%] [34m[1mGenerating C code for ROS interfaces[0m
[1.996s] [  7%] [34m[1mGenerating C++ code for ROS interfaces[0m
[1.997s] running egg_info
[2.014s] writing chatting.egg-info/PKG-INFO
[2.014s] writing dependency_links to chatting.egg-info/dependency_links.txt
[2.014s] writing top-level names to chatting.egg-info/top_level.txt
[2.102s] reading manifest file 'chatting.egg-info/SOURCES.txt'
[2.103s] writing manifest file 'chatting.egg-info/SOURCES.txt'
[2.138s] [  7%] Built target ament_cmake_python_build_chatting_egg
[2.245s] [  7%] Built target chatting__cpp
[2.290s] [ 10%] [32mBuilding C object CMakeFiles/chatting__rosidl_generator_c.dir/rosidl_generator_c/chatting/msg/detail/address_book__description.c.o[0m
[2.291s] [ 13%] [32mBuilding C object CMakeFiles/chatting__rosidl_generator_c.dir/rosidl_generator_c/chatting/msg/detail/address_book__functions.c.o[0m
[2.292s] [ 15%] [32mBuilding C object CMakeFiles/chatting__rosidl_generator_c.dir/rosidl_generator_c/chatting/msg/detail/address_book__type_support.c.o[0m
[2.341s] [ 18%] [32m[1mLinking C shared library libchatting__rosidl_generator_c.so[0m
[2.483s] [ 18%] Built target chatting__rosidl_generator_c
[2.494s] [ 23%] [34m[1mGenerating C type support dispatch for ROS interfaces[0m
[2.494s] [ 23%] [34m[1mGenerating C introspection for ROS interfaces[0m
[2.498s] [ 26%] [34m[1mGenerating C++ introspection for ROS interfaces[0m
[2.498s] [ 28%] [34m[1mGenerating C type support for eProsima Fast-RTPS[0m
[2.499s] [ 31%] [34m[1mGenerating C++ type support dispatch for ROS interfaces[0m
[2.500s] [ 34%] [34m[1mGenerating C++ type support for eProsima Fast-RTPS[0m
[2.776s] [ 36%] [32mBuilding CXX object CMakeFiles/chatting__rosidl_typesupport_cpp.dir/rosidl_typesupport_cpp/chatting/msg/address_book__type_support.cpp.o[0m
[2.788s] [ 39%] [32mBuilding CXX object CMakeFiles/chatting__rosidl_typesupport_c.dir/rosidl_typesupport_c/chatting/msg/address_book__type_support.cpp.o[0m
[2.791s] [ 42%] [32mBuilding C object CMakeFiles/chatting__rosidl_typesupport_introspection_c.dir/rosidl_typesupport_introspection_c/chatting/msg/detail/address_book__type_support.c.o[0m
[2.801s] [ 44%] [32mBuilding CXX object CMakeFiles/chatting__rosidl_typesupport_introspection_cpp.dir/rosidl_typesupport_introspection_cpp/chatting/msg/detail/address_book__type_support.cpp.o[0m
[2.820s] [ 47%] [32mBuilding CXX object CMakeFiles/chatting__rosidl_typesupport_fastrtps_c.dir/rosidl_typesupport_fastrtps_c/chatting/msg/detail/address_book__type_support_c.cpp.o[0m
[2.821s] [ 50%] [32mBuilding CXX object CMakeFiles/chatting__rosidl_typesupport_fastrtps_cpp.dir/rosidl_typesupport_fastrtps_cpp/chatting/msg/detail/dds_fastrtps/address_book__type_support.cpp.o[0m
[2.832s] [ 52%] [32m[1mLinking C shared library libchatting__rosidl_typesupport_introspection_c.so[0m
[2.844s] [ 55%] [32m[1mLinking CXX shared library libchatting__rosidl_typesupport_c.so[0m
[2.934s] [ 55%] Built target chatting__rosidl_typesupport_introspection_c
[2.965s] [ 55%] Built target chatting__rosidl_typesupport_c
[3.139s] [ 57%] [32m[1mLinking CXX shared library libchatting__rosidl_typesupport_cpp.so[0m
[3.198s] [ 60%] [32m[1mLinking CXX shared library libchatting__rosidl_typesupport_introspection_cpp.so[0m
[3.271s] [ 60%] Built target chatting__rosidl_typesupport_cpp
[3.276s] [ 63%] [32m[1mLinking CXX shared library libchatting__rosidl_typesupport_fastrtps_c.so[0m
[3.332s] [ 63%] Built target chatting__rosidl_typesupport_introspection_cpp
[3.354s] [ 65%] [32m[1mLinking CXX shared library libchatting__rosidl_typesupport_fastrtps_cpp.so[0m
[3.432s] [ 65%] Built target chatting__rosidl_typesupport_fastrtps_c
[3.552s] [ 65%] Built target chatting__rosidl_typesupport_fastrtps_cpp
[3.572s] [ 65%] Built target chatting
[3.597s] [ 68%] [34m[1mGenerating Python code for ROS interfaces[0m
[3.598s] [ 71%] [32mBuilding CXX object CMakeFiles/talker.dir/src/publisher_lambda_function.cpp.o[0m
[3.601s] [ 73%] [32mBuilding CXX object CMakeFiles/listener.dir/src/subscriber_lambda_function.cpp.o[0m
[3.845s] [ 73%] Built target chatting__py
[3.874s] [ 76%] [32mBuilding C object CMakeFiles/chatting__rosidl_generator_py.dir/rosidl_generator_py/chatting/msg/_address_book_s.c.o[0m
[4.003s] [ 78%] [32m[1mLinking C shared library libchatting__rosidl_generator_py.so[0m
[4.172s] [ 78%] Built target chatting__rosidl_generator_py
[4.195s] [ 81%] [32mBuilding C object CMakeFiles/chatting_s__rosidl_typesupport_introspection_c.dir/rosidl_generator_py/chatting/_chatting_s.ep.rosidl_typesupport_introspection_c.c.o[0m
[4.202s] [ 84%] [32mBuilding C object CMakeFiles/chatting_s__rosidl_typesupport_c.dir/rosidl_generator_py/chatting/_chatting_s.ep.rosidl_typesupport_c.c.o[0m
[4.205s] [ 86%] [32mBuilding C object CMakeFiles/chatting_s__rosidl_typesupport_fastrtps_c.dir/rosidl_generator_py/chatting/_chatting_s.ep.rosidl_typesupport_fastrtps_c.c.o[0m
[4.296s] [ 89%] [32m[1mLinking C shared module rosidl_generator_py/chatting/chatting_s__rosidl_typesupport_introspection_c.so[0m
[4.318s] [ 92%] [32m[1mLinking C shared module rosidl_generator_py/chatting/chatting_s__rosidl_typesupport_c.so[0m
[4.351s] [ 94%] [32m[1mLinking C shared module rosidl_generator_py/chatting/chatting_s__rosidl_typesupport_fastrtps_c.so[0m
[4.411s] [ 94%] Built target chatting_s__rosidl_typesupport_introspection_c
[4.433s] [ 94%] Built target chatting_s__rosidl_typesupport_c
[4.451s] [ 94%] Built target chatting_s__rosidl_typesupport_fastrtps_c
[8.069s] [ 97%] [32m[1mLinking CXX executable talker[0m
[8.274s] [ 97%] Built target talker
[11.018s] [100%] [32m[1mLinking CXX executable listener[0m
[11.281s] [100%] Built target listener
[11.293s] Invoked command in '/home/julian/workspace/Studium/ros2_ws/build/chatting' returned '0': CMAKE_PREFIX_PATH=${CMAKE_PREFIX_PATH}:/home/julian/workspace/Studium/ros2_ws/install/py_pubsub:/home/julian/workspace/Studium/ros2_ws/install/test_controller:/opt/ros/kilted /usr/bin/cmake --build /home/julian/workspace/Studium/ros2_ws/build/chatting -- -j12 -l12
[11.293s] Invoking command in '/home/julian/workspace/Studium/ros2_ws/build/chatting': CMAKE_PREFIX_PATH=${CMAKE_PREFIX_PATH}:/home/julian/workspace/Studium/ros2_ws/install/py_pubsub:/home/julian/workspace/Studium/ros2_ws/install/test_controller:/opt/ros/kilted /usr/bin/cmake --install /home/julian/workspace/Studium/ros2_ws/build/chatting
[11.300s] -- Install configuration: ""
[11.300s] -- Up-to-date: /home/julian/workspace/Studium/ros2_ws/install/chatting/share/ament_index/resource_index/rosidl_interfaces/chatting
[11.301s] -- Installing: /home/julian/workspace/Studium/ros2_ws/install/chatting/share/chatting/msg/AddressBook.json
[11.301s] -- Up-to-date: /home/julian/workspace/Studium/ros2_ws/install/chatting/include/chatting/chatting
[11.301s] -- Up-to-date: /home/julian/workspace/Studium/ros2_ws/install/chatting/include/chatting/chatting/msg
[11.301s] -- Up-to-date: /home/julian/workspace/Studium/ros2_ws/install/chatting/include/chatting/chatting/msg/rosidl_generator_c__visibility_control.h
[11.301s] -- Installing: /home/julian/workspace/Studium/ros2_ws/install/chatting/include/chatting/chatting/msg/address_book.h
[11.301s] -- Up-to-date: /home/julian/workspace/Studium/ros2_ws/install/chatting/include/chatting/chatting/msg/detail
[11.302s] -- Installing: /home/julian/workspace/Studium/ros2_ws/install/chatting/include/chatting/chatting/msg/detail/address_book__functions.h
[11.302s] -- Installing: /home/julian/workspace/Studium/ros2_ws/install/chatting/include/chatting/chatting/msg/detail/address_book__functions.c
[11.302s] -- Installing: /home/julian/workspace/Studium/ros2_ws/install/chatting/include/chatting/chatting/msg/detail/address_book__type_support.c
[11.302s] -- Installing: /home/julian/workspace/Studium/ros2_ws/install/chatting/include/chatting/chatting/msg/detail/address_book__struct.h
[11.302s] -- Installing: /home/julian/workspace/Studium/ros2_ws/install/chatting/include/chatting/chatting/msg/detail/address_book__description.c
[11.302s] -- Installing: /home/julian/workspace/Studium/ros2_ws/install/chatting/include/chatting/chatting/msg/detail/address_book__type_support.h
[11.302s] -- Up-to-date: /home/julian/workspace/Studium/ros2_ws/install/chatting/share/chatting/environment/library_path.sh
[11.302s] -- Up-to-date: /home/julian/workspace/Studium/ros2_ws/install/chatting/share/chatting/environment/library_path.dsv
[11.303s] -- Installing: /home/julian/workspace/Studium/ros2_ws/install/chatting/lib/libchatting__rosidl_generator_c.so
[11.303s] -- Set non-toolchain portion of runtime path of "/home/julian/workspace/Studium/ros2_ws/install/chatting/lib/libchatting__rosidl_generator_c.so" to ""
[11.303s] -- Up-to-date: /home/julian/workspace/Studium/ros2_ws/install/chatting/include/chatting/chatting
[11.303s] -- Up-to-date: /home/julian/workspace/Studium/ros2_ws/install/chatting/include/chatting/chatting/msg
[11.303s] -- Up-to-date: /home/julian/workspace/Studium/ros2_ws/install/chatting/include/chatting/chatting/msg/detail
[11.303s] -- Installing: /home/julian/workspace/Studium/ros2_ws/install/chatting/include/chatting/chatting/msg/detail/address_book__rosidl_typesupport_fastrtps_c.h
[11.303s] -- Up-to-date: /home/julian/workspace/Studium/ros2_ws/install/chatting/include/chatting/chatting/msg/rosidl_typesupport_fastrtps_c__visibility_control.h
[11.304s] -- Installing: /home/julian/workspace/Studium/ros2_ws/install/chatting/lib/libchatting__rosidl_typesupport_fastrtps_c.so
[11.304s] -- Set non-toolchain portion of runtime path of "/home/julian/workspace/Studium/ros2_ws/install/chatting/lib/libchatting__rosidl_typesupport_fastrtps_c.so" to ""
[11.304s] -- Up-to-date: /home/julian/workspace/Studium/ros2_ws/install/chatting/include/chatting/chatting
[11.304s] -- Up-to-date: /home/julian/workspace/Studium/ros2_ws/install/chatting/include/chatting/chatting/msg
[11.304s] -- Installing: /home/julian/workspace/Studium/ros2_ws/install/chatting/include/chatting/chatting/msg/address_book.hpp
[11.304s] -- Installing: /home/julian/workspace/Studium/ros2_ws/install/chatting/include/chatting/chatting/msg/rosidl_generator_cpp__visibility_control.hpp
[11.304s] -- Up-to-date: /home/julian/workspace/Studium/ros2_ws/install/chatting/include/chatting/chatting/msg/detail
[11.305s] -- Installing: /home/julian/workspace/Studium/ros2_ws/install/chatting/include/chatting/chatting/msg/detail/address_book__builder.hpp
[11.305s] -- Installing: /home/julian/workspace/Studium/ros2_ws/install/chatting/include/chatting/chatting/msg/detail/address_book__struct.hpp
[11.305s] -- Installing: /home/julian/workspace/Studium/ros2_ws/install/chatting/include/chatting/chatting/msg/detail/address_book__type_support.hpp
[11.305s] -- Installing: /home/julian/workspace/Studium/ros2_ws/install/chatting/include/chatting/chatting/msg/detail/address_book__traits.hpp
[11.305s] -- Up-to-date: /home/julian/workspace/Studium/ros2_ws/install/chatting/include/chatting/chatting
[11.306s] -- Up-to-date: /home/julian/workspace/Studium/ros2_ws/install/chatting/include/chatting/chatting/msg
[11.306s] -- Up-to-date: /home/julian/workspace/Studium/ros2_ws/install/chatting/include/chatting/chatting/msg/detail
[11.306s] -- Up-to-date: /home/julian/workspace/Studium/ros2_ws/install/chatting/include/chatting/chatting/msg/detail/dds_fastrtps
[11.306s] -- Installing: /home/julian/workspace/Studium/ros2_ws/install/chatting/include/chatting/chatting/msg/detail/address_book__rosidl_typesupport_fastrtps_cpp.hpp
[11.306s] -- Up-to-date: /home/julian/workspace/Studium/ros2_ws/install/chatting/include/chatting/chatting/msg/rosidl_typesupport_fastrtps_cpp__visibility_control.h
[11.306s] -- Installing: /home/julian/workspace/Studium/ros2_ws/install/chatting/lib/libchatting__rosidl_typesupport_fastrtps_cpp.so
[11.306s] -- Set non-toolchain portion of runtime path of "/home/julian/workspace/Studium/ros2_ws/install/chatting/lib/libchatting__rosidl_typesupport_fastrtps_cpp.so" to ""
[11.306s] -- Up-to-date: /home/julian/workspace/Studium/ros2_ws/install/chatting/include/chatting/chatting
[11.307s] -- Up-to-date: /home/julian/workspace/Studium/ros2_ws/install/chatting/include/chatting/chatting/msg
[11.307s] -- Up-to-date: /home/julian/workspace/Studium/ros2_ws/install/chatting/include/chatting/chatting/msg/detail
[11.307s] -- Up-to-date: /home/julian/workspace/Studium/ros2_ws/install/chatting/include/chatting/chatting/msg/detail/address_book__type_support.c
[11.307s] -- Installing: /home/julian/workspace/Studium/ros2_ws/install/chatting/include/chatting/chatting/msg/detail/address_book__rosidl_typesupport_introspection_c.h
[11.307s] -- Up-to-date: /home/julian/workspace/Studium/ros2_ws/install/chatting/include/chatting/chatting/msg/rosidl_typesupport_introspection_c__visibility_control.h
[11.307s] -- Installing: /home/julian/workspace/Studium/ros2_ws/install/chatting/lib/libchatting__rosidl_typesupport_introspection_c.so
[11.307s] -- Set non-toolchain portion of runtime path of "/home/julian/workspace/Studium/ros2_ws/install/chatting/lib/libchatting__rosidl_typesupport_introspection_c.so" to ""
[11.307s] -- Installing: /home/julian/workspace/Studium/ros2_ws/install/chatting/lib/libchatting__rosidl_typesupport_c.so
[11.308s] -- Set non-toolchain portion of runtime path of "/home/julian/workspace/Studium/ros2_ws/install/chatting/lib/libchatting__rosidl_typesupport_c.so" to ""
[11.308s] -- Up-to-date: /home/julian/workspace/Studium/ros2_ws/install/chatting/include/chatting/chatting
[11.308s] -- Up-to-date: /home/julian/workspace/Studium/ros2_ws/install/chatting/include/chatting/chatting/msg
[11.308s] -- Up-to-date: /home/julian/workspace/Studium/ros2_ws/install/chatting/include/chatting/chatting/msg/detail
[11.309s] -- Installing: /home/julian/workspace/Studium/ros2_ws/install/chatting/include/chatting/chatting/msg/detail/address_book__type_support.cpp
[11.309s] -- Installing: /home/julian/workspace/Studium/ros2_ws/install/chatting/include/chatting/chatting/msg/detail/address_book__rosidl_typesupport_introspection_cpp.hpp
[11.309s] -- Installing: /home/julian/workspace/Studium/ros2_ws/install/chatting/lib/libchatting__rosidl_typesupport_introspection_cpp.so
[11.309s] -- Set non-toolchain portion of runtime path of "/home/julian/workspace/Studium/ros2_ws/install/chatting/lib/libchatting__rosidl_typesupport_introspection_cpp.so" to ""
[11.309s] -- Installing: /home/julian/workspace/Studium/ros2_ws/install/chatting/lib/libchatting__rosidl_typesupport_cpp.so
[11.309s] -- Set non-toolchain portion of runtime path of "/home/julian/workspace/Studium/ros2_ws/install/chatting/lib/libchatting__rosidl_typesupport_cpp.so" to ""
[11.310s] -- Up-to-date: /home/julian/workspace/Studium/ros2_ws/install/chatting/share/chatting/environment/pythonpath.sh
[11.310s] -- Up-to-date: /home/julian/workspace/Studium/ros2_ws/install/chatting/share/chatting/environment/pythonpath.dsv
[11.310s] -- Up-to-date: /home/julian/workspace/Studium/ros2_ws/install/chatting/lib/python3.12/site-packages/chatting-0.0.0-py3.12.egg-info
[11.310s] -- Installing: /home/julian/workspace/Studium/ros2_ws/install/chatting/lib/python3.12/site-packages/chatting-0.0.0-py3.12.egg-info/dependency_links.txt
[11.310s] -- Installing: /home/julian/workspace/Studium/ros2_ws/install/chatting/lib/python3.12/site-packages/chatting-0.0.0-py3.12.egg-info/SOURCES.txt
[11.310s] -- Installing: /home/julian/workspace/Studium/ros2_ws/install/chatting/lib/python3.12/site-packages/chatting-0.0.0-py3.12.egg-info/top_level.txt
[11.310s] -- Installing: /home/julian/workspace/Studium/ros2_ws/install/chatting/lib/python3.12/site-packages/chatting-0.0.0-py3.12.egg-info/PKG-INFO
[11.310s] -- Up-to-date: /home/julian/workspace/Studium/ros2_ws/install/chatting/lib/python3.12/site-packages/chatting
[11.310s] -- Installing: /home/julian/workspace/Studium/ros2_ws/install/chatting/lib/python3.12/site-packages/chatting/_chatting_s.ep.rosidl_typesupport_introspection_c.c
[11.310s] -- Installing: /home/julian/workspace/Studium/ros2_ws/install/chatting/lib/python3.12/site-packages/chatting/chatting_s__rosidl_typesupport_c.so
[11.311s] -- Installing: /home/julian/workspace/Studium/ros2_ws/install/chatting/lib/python3.12/site-packages/chatting/chatting_s__rosidl_typesupport_introspection_c.so
[11.311s] -- Installing: /home/julian/workspace/Studium/ros2_ws/install/chatting/lib/python3.12/site-packages/chatting/chatting_s__rosidl_typesupport_fastrtps_c.so
[11.311s] -- Installing: /home/julian/workspace/Studium/ros2_ws/install/chatting/lib/python3.12/site-packages/chatting/_chatting_s.ep.rosidl_typesupport_c.c
[11.311s] -- Installing: /home/julian/workspace/Studium/ros2_ws/install/chatting/lib/python3.12/site-packages/chatting/_chatting_s.ep.rosidl_typesupport_fastrtps_c.c
[11.311s] -- Installing: /home/julian/workspace/Studium/ros2_ws/install/chatting/lib/python3.12/site-packages/chatting/__init__.py
[11.311s] -- Up-to-date: /home/julian/workspace/Studium/ros2_ws/install/chatting/lib/python3.12/site-packages/chatting/msg
[11.311s] -- Installing: /home/julian/workspace/Studium/ros2_ws/install/chatting/lib/python3.12/site-packages/chatting/msg/_address_book_s.c
[11.311s] -- Installing: /home/julian/workspace/Studium/ros2_ws/install/chatting/lib/python3.12/site-packages/chatting/msg/_address_book.py
[11.311s] -- Installing: /home/julian/workspace/Studium/ros2_ws/install/chatting/lib/python3.12/site-packages/chatting/msg/__init__.py
[11.345s] Listing '/home/julian/workspace/Studium/ros2_ws/install/chatting/lib/python3.12/site-packages/chatting'...
[11.345s] Compiling '/home/julian/workspace/Studium/ros2_ws/install/chatting/lib/python3.12/site-packages/chatting/__init__.py'...
[11.345s] Listing '/home/julian/workspace/Studium/ros2_ws/install/chatting/lib/python3.12/site-packages/chatting/msg'...
[11.345s] Compiling '/home/julian/workspace/Studium/ros2_ws/install/chatting/lib/python3.12/site-packages/chatting/msg/__init__.py'...
[11.345s] Compiling '/home/julian/workspace/Studium/ros2_ws/install/chatting/lib/python3.12/site-packages/chatting/msg/_address_book.py'...
[11.352s] -- Installing: /home/julian/workspace/Studium/ros2_ws/install/chatting/lib/python3.12/site-packages/chatting/chatting_s__rosidl_typesupport_fastrtps_c.so
[11.352s] -- Set non-toolchain portion of runtime path of "/home/julian/workspace/Studium/ros2_ws/install/chatting/lib/python3.12/site-packages/chatting/chatting_s__rosidl_typesupport_fastrtps_c.so" to ""
[11.353s] -- Installing: /home/julian/workspace/Studium/ros2_ws/install/chatting/lib/python3.12/site-packages/chatting/chatting_s__rosidl_typesupport_introspection_c.so
[11.353s] -- Set non-toolchain portion of runtime path of "/home/julian/workspace/Studium/ros2_ws/install/chatting/lib/python3.12/site-packages/chatting/chatting_s__rosidl_typesupport_introspection_c.so" to ""
[11.353s] -- Installing: /home/julian/workspace/Studium/ros2_ws/install/chatting/lib/python3.12/site-packages/chatting/chatting_s__rosidl_typesupport_c.so
[11.353s] -- Set non-toolchain portion of runtime path of "/home/julian/workspace/Studium/ros2_ws/install/chatting/lib/python3.12/site-packages/chatting/chatting_s__rosidl_typesupport_c.so" to ""
[11.353s] -- Installing: /home/julian/workspace/Studium/ros2_ws/install/chatting/lib/libchatting__rosidl_generator_py.so
[11.354s] -- Set non-toolchain portion of runtime path of "/home/julian/workspace/Studium/ros2_ws/install/chatting/lib/libchatting__rosidl_generator_py.so" to ""
[11.354s] -- Installing: /home/julian/workspace/Studium/ros2_ws/install/chatting/share/chatting/msg/AddressBook.idl
[11.354s] -- Installing: /home/julian/workspace/Studium/ros2_ws/install/chatting/share/chatting/msg/AddressBook.msg
[11.354s] -- Installing: /home/julian/workspace/Studium/ros2_ws/install/chatting/lib/chatting/talker
[11.356s] -- Set non-toolchain portion of runtime path of "/home/julian/workspace/Studium/ros2_ws/install/chatting/lib/chatting/talker" to ""
[11.356s] -- Installing: /home/julian/workspace/Studium/ros2_ws/install/chatting/lib/chatting/listener
[11.362s] -- Set non-toolchain portion of runtime path of "/home/julian/workspace/Studium/ros2_ws/install/chatting/lib/chatting/listener" to ""
[11.362s] -- Up-to-date: /home/julian/workspace/Studium/ros2_ws/install/chatting/share/ament_index/resource_index/package_run_dependencies/chatting
[11.362s] -- Installing: /home/julian/workspace/Studium/ros2_ws/install/chatting/share/ament_index/resource_index/parent_prefix_path/chatting
[11.362s] -- Up-to-date: /home/julian/workspace/Studium/ros2_ws/install/chatting/share/chatting/environment/ament_prefix_path.sh
[11.362s] -- Up-to-date: /home/julian/workspace/Studium/ros2_ws/install/chatting/share/chatting/environment/ament_prefix_path.dsv
[11.362s] -- Up-to-date: /home/julian/workspace/Studium/ros2_ws/install/chatting/share/chatting/environment/path.sh
[11.362s] -- Up-to-date: /home/julian/workspace/Studium/ros2_ws/install/chatting/share/chatting/environment/path.dsv
[11.362s] -- Up-to-date: /home/julian/workspace/Studium/ros2_ws/install/chatting/share/chatting/local_setup.bash
[11.363s] -- Up-to-date: /home/julian/workspace/Studium/ros2_ws/install/chatting/share/chatting/local_setup.sh
[11.363s] -- Up-to-date: /home/julian/workspace/Studium/ros2_ws/install/chatting/share/chatting/local_setup.zsh
[11.363s] -- Up-to-date: /home/julian/workspace/Studium/ros2_ws/install/chatting/share/chatting/local_setup.dsv
[11.363s] -- Installing: /home/julian/workspace/Studium/ros2_ws/install/chatting/share/chatting/package.dsv
[11.363s] -- Up-to-date: /home/julian/workspace/Studium/ros2_ws/install/chatting/share/ament_index/resource_index/packages/chatting
[11.363s] -- Up-to-date: /home/julian/workspace/Studium/ros2_ws/install/chatting/share/chatting/cmake/export_chatting__rosidl_generator_cExport.cmake
[11.364s] -- Up-to-date: /home/julian/workspace/Studium/ros2_ws/install/chatting/share/chatting/cmake/export_chatting__rosidl_generator_cExport-noconfig.cmake
[11.364s] -- Up-to-date: /home/julian/workspace/Studium/ros2_ws/install/chatting/share/chatting/cmake/export_chatting__rosidl_typesupport_fastrtps_cExport.cmake
[11.364s] -- Up-to-date: /home/julian/workspace/Studium/ros2_ws/install/chatting/share/chatting/cmake/export_chatting__rosidl_typesupport_fastrtps_cExport-noconfig.cmake
[11.364s] -- Up-to-date: /home/julian/workspace/Studium/ros2_ws/install/chatting/share/chatting/cmake/export_chatting__rosidl_generator_cppExport.cmake
[11.364s] -- Up-to-date: /home/julian/workspace/Studium/ros2_ws/install/chatting/share/chatting/cmake/export_chatting__rosidl_typesupport_fastrtps_cppExport.cmake
[11.364s] -- Up-to-date: /home/julian/workspace/Studium/ros2_ws/install/chatting/share/chatting/cmake/export_chatting__rosidl_typesupport_fastrtps_cppExport-noconfig.cmake
[11.365s] -- Up-to-date: /home/julian/workspace/Studium/ros2_ws/install/chatting/share/chatting/cmake/chatting__rosidl_typesupport_introspection_cExport.cmake
[11.365s] -- Up-to-date: /home/julian/workspace/Studium/ros2_ws/install/chatting/share/chatting/cmake/chatting__rosidl_typesupport_introspection_cExport-noconfig.cmake
[11.365s] -- Up-to-date: /home/julian/workspace/Studium/ros2_ws/install/chatting/share/chatting/cmake/chatting__rosidl_typesupport_cExport.cmake
[11.365s] -- Up-to-date: /home/julian/workspace/Studium/ros2_ws/install/chatting/share/chatting/cmake/chatting__rosidl_typesupport_cExport-noconfig.cmake
[11.365s] -- Up-to-date: /home/julian/workspace/Studium/ros2_ws/install/chatting/share/chatting/cmake/chatting__rosidl_typesupport_introspection_cppExport.cmake
[11.365s] -- Up-to-date: /home/julian/workspace/Studium/ros2_ws/install/chatting/share/chatting/cmake/chatting__rosidl_typesupport_introspection_cppExport-noconfig.cmake
[11.365s] -- Up-to-date: /home/julian/workspace/Studium/ros2_ws/install/chatting/share/chatting/cmake/chatting__rosidl_typesupport_cppExport.cmake
[11.365s] -- Up-to-date: /home/julian/workspace/Studium/ros2_ws/install/chatting/share/chatting/cmake/chatting__rosidl_typesupport_cppExport-noconfig.cmake
[11.365s] -- Up-to-date: /home/julian/workspace/Studium/ros2_ws/install/chatting/share/chatting/cmake/export_chatting__rosidl_generator_pyExport.cmake
[11.365s] -- Up-to-date: /home/julian/workspace/Studium/ros2_ws/install/chatting/share/chatting/cmake/export_chatting__rosidl_generator_pyExport-noconfig.cmake
[11.365s] -- Up-to-date: /home/julian/workspace/Studium/ros2_ws/install/chatting/share/chatting/cmake/rosidl_cmake-extras.cmake
[11.366s] -- Up-to-date: /home/julian/workspace/Studium/ros2_ws/install/chatting/share/chatting/cmake/ament_cmake_export_include_directories-extras.cmake
[11.366s] -- Up-to-date: /home/julian/workspace/Studium/ros2_ws/install/chatting/share/chatting/cmake/ament_cmake_export_libraries-extras.cmake
[11.366s] -- Up-to-date: /home/julian/workspace/Studium/ros2_ws/install/chatting/share/chatting/cmake/ament_cmake_export_targets-extras.cmake
[11.366s] -- Up-to-date: /home/julian/workspace/Studium/ros2_ws/install/chatting/share/chatting/cmake/rosidl_cmake_export_typesupport_targets-extras.cmake
[11.366s] -- Up-to-date: /home/julian/workspace/Studium/ros2_ws/install/chatting/share/chatting/cmake/ament_cmake_export_dependencies-extras.cmake
[11.366s] -- Up-to-date: /home/julian/workspace/Studium/ros2_ws/install/chatting/share/chatting/cmake/rosidl_cmake_export_typesupport_libraries-extras.cmake
[11.366s] -- Up-to-date: /home/julian/workspace/Studium/ros2_ws/install/chatting/share/chatting/cmake/chattingConfig.cmake
[11.366s] -- Up-to-date: /home/julian/workspace/Studium/ros2_ws/install/chatting/share/chatting/cmake/chattingConfig-version.cmake
[11.366s] -- Up-to-date: /home/julian/workspace/Studium/ros2_ws/install/chatting/share/chatting/package.xml
[11.367s] Invoked command in '/home/julian/workspace/Studium/ros2_ws/build/chatting' returned '0': CMAKE_PREFIX_PATH=${CMAKE_PREFIX_PATH}:/home/julian/workspace/Studium/ros2_ws/install/py_pubsub:/home/julian/workspace/Studium/ros2_ws/install/test_controller:/opt/ros/kilted /usr/bin/cmake --install /home/julian/workspace/Studium/ros2_ws/build/chatting
