[  2%] Built target chatting__rosidl_generator_type_description
[  2%] Built target ament_cmake_python_copy_chatting
[ 15%] Built target chatting__rosidl_generator_c
[ 18%] Built target chatting__cpp
[ 26%] Built target chatting__rosidl_typesupport_introspection_c
[ 36%] Built target chatting__rosidl_typesupport_fastrtps_c
[ 42%] Built target chatting__rosidl_typesupport_cpp
[ 50%] Built target chatting__rosidl_typesupport_fastrtps_cpp
[ 57%] Built target chatting__rosidl_typesupport_c
[ 65%] Built target chatting__rosidl_typesupport_introspection_cpp
[ 65%] Built target chatting
[ 68%] Built target chatting__py
[ 71%] [32mBuilding CXX object CMakeFiles/talker.dir/src/publisher_lambda_function.cpp.o[0m
[ 76%] Built target listener
[ 81%] Built target chatting__rosidl_generator_py
[ 86%] Built target chatting_s__rosidl_typesupport_introspection_c
[ 92%] Built target chatting_s__rosidl_typesupport_c
[ 97%] Built target chatting_s__rosidl_typesupport_fastrtps_c
running egg_info
writing chatting.egg-info/PKG-INFO
writing dependency_links to chatting.egg-info/dependency_links.txt
writing top-level names to chatting.egg-info/top_level.txt
reading manifest file 'chatting.egg-info/SOURCES.txt'
writing manifest file 'chatting.egg-info/SOURCES.txt'
[ 97%] Built target ament_cmake_python_build_chatting_egg
