[0.013s] Invoking command in '/home/julian/workspace/Studium/ros2_ws/build/chatting': CMAKE_PREFIX_PATH=${CMAKE_PREFIX_PATH}:/home/julian/workspace/Studium/ros2_ws/install/py_pubsub:/home/julian/workspace/Studium/ros2_ws/install/test_controller:/opt/ros/kilted /usr/bin/cmake --build /home/julian/workspace/Studium/ros2_ws/build/chatting -- -j12 -l12
[0.037s] -- Found ament_cmake: 2.7.3 (/opt/ros/kilted/share/ament_cmake/cmake)
[0.067s] -- Found Python3: /usr/bin/python3 (found version "3.12.3") found components: Interpreter 
[0.157s] -- Found rclcpp: 29.5.3 (/opt/ros/kilted/share/rclcpp/cmake)
[0.438s] -- Found rosidl_generator_c: 4.9.5 (/opt/ros/kilted/share/rosidl_generator_c/cmake)
[0.446s] -- Found rosidl_generator_cpp: 4.9.5 (/opt/ros/kilted/share/rosidl_generator_cpp/cmake)
[0.456s] -- Using all available rosidl_typesupport_c: rosidl_typesupport_fastrtps_c;rosidl_typesupport_introspection_c
[0.470s] -- Using all available rosidl_typesupport_cpp: rosidl_typesupport_fastrtps_cpp;rosidl_typesupport_introspection_cpp
[0.530s] -- Found rmw_implementation_cmake: 7.8.2 (/opt/ros/kilted/share/rmw_implementation_cmake/cmake)
[0.532s] -- Found rmw_fastrtps_cpp: 9.3.3 (/opt/ros/kilted/share/rmw_fastrtps_cpp/cmake)
[0.572s] -- Using RMW implementation 'rmw_fastrtps_cpp' as default
[0.840s] -- Found std_msgs: 5.5.1 (/opt/ros/kilted/share/std_msgs/cmake)
[0.855s] -- Found rosidl_default_generators: 1.7.1 (/opt/ros/kilted/share/rosidl_default_generators/cmake)
[0.864s] -- Found rosidl_adapter: 4.9.5 (/opt/ros/kilted/share/rosidl_adapter/cmake)
[1.120s] -- Found ament_cmake_ros_core: 0.14.3 (/opt/ros/kilted/share/ament_cmake_ros_core/cmake)
[1.263s] -- Using all available rosidl_typesupport_c: rosidl_typesupport_fastrtps_c;rosidl_typesupport_introspection_c
[1.320s] -- Using all available rosidl_typesupport_cpp: rosidl_typesupport_fastrtps_cpp;rosidl_typesupport_introspection_cpp
[1.561s] -- Found Python3: /usr/bin/python3 (found version "3.12.3") found components: Interpreter Development NumPy Development.Module Development.Embed 
[1.569s] [0mCMake Deprecation Warning at /opt/ros/kilted/share/ament_cmake_target_dependencies/cmake/ament_target_dependencies.cmake:87 (message):
[1.569s]   ament_target_dependencies() is deprecated.  Use target_link_libraries()
[1.569s]   with modern CMake targets instead.  Try replacing this call with:
[1.569s] 
[1.569s]     target_link_libraries(talker PUBLIC
[1.569s]       ${std_msgs_TARGETS}
[1.569s]       rclcpp::rclcpp
[1.569s]     )
[1.569s] 
[1.569s] Call Stack (most recent call first):
[1.569s]   CMakeLists.txt:27 (ament_target_dependencies)
[1.569s] 
[1.569s] [0m
[1.570s] [0mCMake Deprecation Warning at /opt/ros/kilted/share/rosidl_cmake/cmake/rosidl_target_interfaces.cmake:32 (message):
[1.570s]   Use rosidl_get_typesupport_target() and target_link_libraries() instead of
[1.570s]   rosidl_target_interfaces().  i.e:
[1.570s] 
[1.570s]     rosidl_get_typesupport_target(cpp_typesupport_target "${PROJECT_NAME}" "rosidl_typesupport_cpp")
[1.570s]     target_link_libraries(${PROJECT_NAME}_node "${cpp_typesupport_target}")
[1.570s] 
[1.570s] Call Stack (most recent call first):
[1.570s]   CMakeLists.txt:28 (rosidl_target_interfaces)
[1.570s] 
[1.570s] [0m
[1.571s] [0mCMake Deprecation Warning at /opt/ros/kilted/share/ament_cmake_target_dependencies/cmake/ament_target_dependencies.cmake:87 (message):
[1.571s]   ament_target_dependencies() is deprecated.  Use target_link_libraries()
[1.571s]   with modern CMake targets instead.  Try replacing this call with:
[1.571s] 
[1.571s]     target_link_libraries(listener PUBLIC
[1.571s]       ${std_msgs_TARGETS}
[1.571s]       rclcpp::rclcpp
[1.571s]     )
[1.571s] 
[1.571s] Call Stack (most recent call first):
[1.571s]   CMakeLists.txt:36 (ament_target_dependencies)
[1.571s] 
[1.571s] [0m
[1.574s] [0mCMake Deprecation Warning at /opt/ros/kilted/share/rosidl_cmake/cmake/rosidl_target_interfaces.cmake:32 (message):
[1.574s]   Use rosidl_get_typesupport_target() and target_link_libraries() instead of
[1.574s]   rosidl_target_interfaces().  i.e:
[1.574s] 
[1.574s]     rosidl_get_typesupport_target(cpp_typesupport_target "${PROJECT_NAME}" "rosidl_typesupport_cpp")
[1.574s]     target_link_libraries(${PROJECT_NAME}_node "${cpp_typesupport_target}")
[1.574s] 
[1.574s] Call Stack (most recent call first):
[1.574s]   CMakeLists.txt:37 (rosidl_target_interfaces)
[1.574s] 
[1.574s] [0m
[1.580s] -- Configuring done (1.5s)
[1.618s] -- Generating done (0.0s)
[1.634s] -- Build files have been written to: /home/julian/workspace/Studium/ros2_ws/build/chatting
[1.670s] [  2%] Built target chatting__rosidl_generator_type_description
[1.678s] [  2%] Built target ament_cmake_python_copy_chatting
[1.693s] [  7%] Built target chatting__cpp
[1.694s] [ 18%] Built target chatting__rosidl_generator_c
[1.719s] [ 26%] Built target chatting__rosidl_typesupport_introspection_c
[1.723s] [ 34%] Built target chatting__rosidl_typesupport_introspection_cpp
[1.723s] [ 42%] Built target chatting__rosidl_typesupport_c
[1.725s] [ 50%] Built target chatting__rosidl_typesupport_cpp
[1.727s] [ 57%] Built target chatting__rosidl_typesupport_fastrtps_c
[1.727s] [ 65%] Built target chatting__rosidl_typesupport_fastrtps_cpp
[1.744s] [ 65%] Built target chatting
[1.765s] [ 68%] Built target chatting__py
[1.768s] [ 71%] [32mBuilding CXX object CMakeFiles/talker.dir/src/publisher_lambda_function.cpp.o[0m
[1.776s] [ 73%] [32mBuilding CXX object CMakeFiles/listener.dir/src/subscriber_lambda_function.cpp.o[0m
[1.789s] [ 76%] [32mBuilding C object CMakeFiles/chatting__rosidl_generator_py.dir/rosidl_generator_py/chatting/msg/_address_book_s.c.o[0m
[1.942s] running egg_info
[1.969s] writing chatting.egg-info/PKG-INFO
[1.970s] writing dependency_links to chatting.egg-info/dependency_links.txt
[1.970s] writing top-level names to chatting.egg-info/top_level.txt
[2.025s] reading manifest file 'chatting.egg-info/SOURCES.txt'
[2.026s] writing manifest file 'chatting.egg-info/SOURCES.txt'
[2.036s] [ 78%] [32m[1mLinking C shared library libchatting__rosidl_generator_py.so[0m
[2.059s] [ 78%] Built target ament_cmake_python_build_chatting_egg
[2.191s] [ 78%] Built target chatting__rosidl_generator_py
[2.214s] [ 81%] [32mBuilding C object CMakeFiles/chatting_s__rosidl_typesupport_c.dir/rosidl_generator_py/chatting/_chatting_s.ep.rosidl_typesupport_c.c.o[0m
[2.215s] [ 84%] [32mBuilding C object CMakeFiles/chatting_s__rosidl_typesupport_fastrtps_c.dir/rosidl_generator_py/chatting/_chatting_s.ep.rosidl_typesupport_fastrtps_c.c.o[0m
[2.217s] [ 86%] [32mBuilding C object CMakeFiles/chatting_s__rosidl_typesupport_introspection_c.dir/rosidl_generator_py/chatting/_chatting_s.ep.rosidl_typesupport_introspection_c.c.o[0m
[2.334s] [ 89%] [32m[1mLinking C shared module rosidl_generator_py/chatting/chatting_s__rosidl_typesupport_introspection_c.so[0m
[2.334s] [ 92%] [32m[1mLinking C shared module rosidl_generator_py/chatting/chatting_s__rosidl_typesupport_c.so[0m
[2.356s] [ 94%] [32m[1mLinking C shared module rosidl_generator_py/chatting/chatting_s__rosidl_typesupport_fastrtps_c.so[0m
[2.426s] [ 94%] Built target chatting_s__rosidl_typesupport_c
[2.428s] [ 94%] Built target chatting_s__rosidl_typesupport_introspection_c
[2.469s] [ 94%] Built target chatting_s__rosidl_typesupport_fastrtps_c
[6.634s] [ 97%] [32m[1mLinking CXX executable talker[0m
[6.925s] [ 97%] Built target talker
[9.754s] [100%] [32m[1mLinking CXX executable listener[0m
[10.193s] [100%] Built target listener
[10.204s] Invoked command in '/home/julian/workspace/Studium/ros2_ws/build/chatting' returned '0': CMAKE_PREFIX_PATH=${CMAKE_PREFIX_PATH}:/home/julian/workspace/Studium/ros2_ws/install/py_pubsub:/home/julian/workspace/Studium/ros2_ws/install/test_controller:/opt/ros/kilted /usr/bin/cmake --build /home/julian/workspace/Studium/ros2_ws/build/chatting -- -j12 -l12
[10.214s] Invoking command in '/home/julian/workspace/Studium/ros2_ws/build/chatting': CMAKE_PREFIX_PATH=${CMAKE_PREFIX_PATH}:/home/julian/workspace/Studium/ros2_ws/install/py_pubsub:/home/julian/workspace/Studium/ros2_ws/install/test_controller:/opt/ros/kilted /usr/bin/cmake --install /home/julian/workspace/Studium/ros2_ws/build/chatting
[10.224s] -- Install configuration: ""
[10.224s] -- Installing: /home/julian/workspace/Studium/ros2_ws/install/chatting/share/ament_index/resource_index/rosidl_interfaces/chatting
[10.225s] -- Installing: /home/julian/workspace/Studium/ros2_ws/install/chatting/share/chatting/msg/AddressBook.json
[10.225s] -- Installing: /home/julian/workspace/Studium/ros2_ws/install/chatting/include/chatting/chatting
[10.225s] -- Installing: /home/julian/workspace/Studium/ros2_ws/install/chatting/include/chatting/chatting/msg
[10.225s] -- Installing: /home/julian/workspace/Studium/ros2_ws/install/chatting/include/chatting/chatting/msg/rosidl_generator_c__visibility_control.h
[10.226s] -- Installing: /home/julian/workspace/Studium/ros2_ws/install/chatting/include/chatting/chatting/msg/address_book.h
[10.226s] -- Installing: /home/julian/workspace/Studium/ros2_ws/install/chatting/include/chatting/chatting/msg/detail
[10.226s] -- Installing: /home/julian/workspace/Studium/ros2_ws/install/chatting/include/chatting/chatting/msg/detail/address_book__functions.h
[10.226s] -- Installing: /home/julian/workspace/Studium/ros2_ws/install/chatting/include/chatting/chatting/msg/detail/address_book__functions.c
[10.227s] -- Installing: /home/julian/workspace/Studium/ros2_ws/install/chatting/include/chatting/chatting/msg/detail/address_book__type_support.c
[10.227s] -- Installing: /home/julian/workspace/Studium/ros2_ws/install/chatting/include/chatting/chatting/msg/detail/address_book__struct.h
[10.227s] -- Installing: /home/julian/workspace/Studium/ros2_ws/install/chatting/include/chatting/chatting/msg/detail/address_book__description.c
[10.227s] -- Installing: /home/julian/workspace/Studium/ros2_ws/install/chatting/include/chatting/chatting/msg/detail/address_book__type_support.h
[10.227s] -- Installing: /home/julian/workspace/Studium/ros2_ws/install/chatting/share/chatting/environment/library_path.sh
[10.227s] -- Installing: /home/julian/workspace/Studium/ros2_ws/install/chatting/share/chatting/environment/library_path.dsv
[10.227s] -- Installing: /home/julian/workspace/Studium/ros2_ws/install/chatting/lib/libchatting__rosidl_generator_c.so
[10.227s] -- Set non-toolchain portion of runtime path of "/home/julian/workspace/Studium/ros2_ws/install/chatting/lib/libchatting__rosidl_generator_c.so" to ""
[10.227s] -- Up-to-date: /home/julian/workspace/Studium/ros2_ws/install/chatting/include/chatting/chatting
[10.227s] -- Up-to-date: /home/julian/workspace/Studium/ros2_ws/install/chatting/include/chatting/chatting/msg
[10.227s] -- Up-to-date: /home/julian/workspace/Studium/ros2_ws/install/chatting/include/chatting/chatting/msg/detail
[10.227s] -- Installing: /home/julian/workspace/Studium/ros2_ws/install/chatting/include/chatting/chatting/msg/detail/address_book__rosidl_typesupport_fastrtps_c.h
[10.228s] -- Installing: /home/julian/workspace/Studium/ros2_ws/install/chatting/include/chatting/chatting/msg/rosidl_typesupport_fastrtps_c__visibility_control.h
[10.228s] -- Installing: /home/julian/workspace/Studium/ros2_ws/install/chatting/lib/libchatting__rosidl_typesupport_fastrtps_c.so
[10.228s] -- Set non-toolchain portion of runtime path of "/home/julian/workspace/Studium/ros2_ws/install/chatting/lib/libchatting__rosidl_typesupport_fastrtps_c.so" to ""
[10.228s] -- Up-to-date: /home/julian/workspace/Studium/ros2_ws/install/chatting/include/chatting/chatting
[10.228s] -- Up-to-date: /home/julian/workspace/Studium/ros2_ws/install/chatting/include/chatting/chatting/msg
[10.228s] -- Installing: /home/julian/workspace/Studium/ros2_ws/install/chatting/include/chatting/chatting/msg/address_book.hpp
[10.229s] -- Installing: /home/julian/workspace/Studium/ros2_ws/install/chatting/include/chatting/chatting/msg/rosidl_generator_cpp__visibility_control.hpp
[10.229s] -- Up-to-date: /home/julian/workspace/Studium/ros2_ws/install/chatting/include/chatting/chatting/msg/detail
[10.229s] -- Installing: /home/julian/workspace/Studium/ros2_ws/install/chatting/include/chatting/chatting/msg/detail/address_book__builder.hpp
[10.229s] -- Installing: /home/julian/workspace/Studium/ros2_ws/install/chatting/include/chatting/chatting/msg/detail/address_book__struct.hpp
[10.229s] -- Installing: /home/julian/workspace/Studium/ros2_ws/install/chatting/include/chatting/chatting/msg/detail/address_book__type_support.hpp
[10.229s] -- Installing: /home/julian/workspace/Studium/ros2_ws/install/chatting/include/chatting/chatting/msg/detail/address_book__traits.hpp
[10.229s] -- Up-to-date: /home/julian/workspace/Studium/ros2_ws/install/chatting/include/chatting/chatting
[10.230s] -- Up-to-date: /home/julian/workspace/Studium/ros2_ws/install/chatting/include/chatting/chatting/msg
[10.230s] -- Up-to-date: /home/julian/workspace/Studium/ros2_ws/install/chatting/include/chatting/chatting/msg/detail
[10.230s] -- Installing: /home/julian/workspace/Studium/ros2_ws/install/chatting/include/chatting/chatting/msg/detail/dds_fastrtps
[10.230s] -- Installing: /home/julian/workspace/Studium/ros2_ws/install/chatting/include/chatting/chatting/msg/detail/address_book__rosidl_typesupport_fastrtps_cpp.hpp
[10.230s] -- Installing: /home/julian/workspace/Studium/ros2_ws/install/chatting/include/chatting/chatting/msg/rosidl_typesupport_fastrtps_cpp__visibility_control.h
[10.230s] -- Installing: /home/julian/workspace/Studium/ros2_ws/install/chatting/lib/libchatting__rosidl_typesupport_fastrtps_cpp.so
[10.230s] -- Set non-toolchain portion of runtime path of "/home/julian/workspace/Studium/ros2_ws/install/chatting/lib/libchatting__rosidl_typesupport_fastrtps_cpp.so" to ""
[10.231s] -- Up-to-date: /home/julian/workspace/Studium/ros2_ws/install/chatting/include/chatting/chatting
[10.231s] -- Up-to-date: /home/julian/workspace/Studium/ros2_ws/install/chatting/include/chatting/chatting/msg
[10.231s] -- Up-to-date: /home/julian/workspace/Studium/ros2_ws/install/chatting/include/chatting/chatting/msg/detail
[10.231s] -- Installing: /home/julian/workspace/Studium/ros2_ws/install/chatting/include/chatting/chatting/msg/detail/address_book__type_support.c
[10.231s] -- Installing: /home/julian/workspace/Studium/ros2_ws/install/chatting/include/chatting/chatting/msg/detail/address_book__rosidl_typesupport_introspection_c.h
[10.231s] -- Installing: /home/julian/workspace/Studium/ros2_ws/install/chatting/include/chatting/chatting/msg/rosidl_typesupport_introspection_c__visibility_control.h
[10.231s] -- Installing: /home/julian/workspace/Studium/ros2_ws/install/chatting/lib/libchatting__rosidl_typesupport_introspection_c.so
[10.231s] -- Set non-toolchain portion of runtime path of "/home/julian/workspace/Studium/ros2_ws/install/chatting/lib/libchatting__rosidl_typesupport_introspection_c.so" to ""
[10.231s] -- Installing: /home/julian/workspace/Studium/ros2_ws/install/chatting/lib/libchatting__rosidl_typesupport_c.so
[10.231s] -- Set non-toolchain portion of runtime path of "/home/julian/workspace/Studium/ros2_ws/install/chatting/lib/libchatting__rosidl_typesupport_c.so" to ""
[10.231s] -- Up-to-date: /home/julian/workspace/Studium/ros2_ws/install/chatting/include/chatting/chatting
[10.232s] -- Up-to-date: /home/julian/workspace/Studium/ros2_ws/install/chatting/include/chatting/chatting/msg
[10.232s] -- Up-to-date: /home/julian/workspace/Studium/ros2_ws/install/chatting/include/chatting/chatting/msg/detail
[10.232s] -- Installing: /home/julian/workspace/Studium/ros2_ws/install/chatting/include/chatting/chatting/msg/detail/address_book__type_support.cpp
[10.233s] -- Installing: /home/julian/workspace/Studium/ros2_ws/install/chatting/include/chatting/chatting/msg/detail/address_book__rosidl_typesupport_introspection_cpp.hpp
[10.233s] -- Installing: /home/julian/workspace/Studium/ros2_ws/install/chatting/lib/libchatting__rosidl_typesupport_introspection_cpp.so
[10.234s] -- Set non-toolchain portion of runtime path of "/home/julian/workspace/Studium/ros2_ws/install/chatting/lib/libchatting__rosidl_typesupport_introspection_cpp.so" to ""
[10.234s] -- Installing: /home/julian/workspace/Studium/ros2_ws/install/chatting/lib/libchatting__rosidl_typesupport_cpp.so
[10.234s] -- Set non-toolchain portion of runtime path of "/home/julian/workspace/Studium/ros2_ws/install/chatting/lib/libchatting__rosidl_typesupport_cpp.so" to ""
[10.234s] -- Installing: /home/julian/workspace/Studium/ros2_ws/install/chatting/share/chatting/environment/pythonpath.sh
[10.234s] -- Installing: /home/julian/workspace/Studium/ros2_ws/install/chatting/share/chatting/environment/pythonpath.dsv
[10.235s] -- Installing: /home/julian/workspace/Studium/ros2_ws/install/chatting/lib/python3.12/site-packages/chatting-0.0.0-py3.12.egg-info
[10.235s] -- Installing: /home/julian/workspace/Studium/ros2_ws/install/chatting/lib/python3.12/site-packages/chatting-0.0.0-py3.12.egg-info/dependency_links.txt
[10.235s] -- Installing: /home/julian/workspace/Studium/ros2_ws/install/chatting/lib/python3.12/site-packages/chatting-0.0.0-py3.12.egg-info/SOURCES.txt
[10.235s] -- Installing: /home/julian/workspace/Studium/ros2_ws/install/chatting/lib/python3.12/site-packages/chatting-0.0.0-py3.12.egg-info/top_level.txt
[10.235s] -- Installing: /home/julian/workspace/Studium/ros2_ws/install/chatting/lib/python3.12/site-packages/chatting-0.0.0-py3.12.egg-info/PKG-INFO
[10.235s] -- Installing: /home/julian/workspace/Studium/ros2_ws/install/chatting/lib/python3.12/site-packages/chatting
[10.235s] -- Installing: /home/julian/workspace/Studium/ros2_ws/install/chatting/lib/python3.12/site-packages/chatting/_chatting_s.ep.rosidl_typesupport_introspection_c.c
[10.235s] -- Installing: /home/julian/workspace/Studium/ros2_ws/install/chatting/lib/python3.12/site-packages/chatting/chatting_s__rosidl_typesupport_c.so
[10.236s] -- Installing: /home/julian/workspace/Studium/ros2_ws/install/chatting/lib/python3.12/site-packages/chatting/chatting_s__rosidl_typesupport_introspection_c.so
[10.236s] -- Installing: /home/julian/workspace/Studium/ros2_ws/install/chatting/lib/python3.12/site-packages/chatting/chatting_s__rosidl_typesupport_fastrtps_c.so
[10.236s] -- Installing: /home/julian/workspace/Studium/ros2_ws/install/chatting/lib/python3.12/site-packages/chatting/_chatting_s.ep.rosidl_typesupport_c.c
[10.236s] -- Installing: /home/julian/workspace/Studium/ros2_ws/install/chatting/lib/python3.12/site-packages/chatting/_chatting_s.ep.rosidl_typesupport_fastrtps_c.c
[10.236s] -- Installing: /home/julian/workspace/Studium/ros2_ws/install/chatting/lib/python3.12/site-packages/chatting/__init__.py
[10.236s] -- Installing: /home/julian/workspace/Studium/ros2_ws/install/chatting/lib/python3.12/site-packages/chatting/msg
[10.236s] -- Installing: /home/julian/workspace/Studium/ros2_ws/install/chatting/lib/python3.12/site-packages/chatting/msg/_address_book_s.c
[10.236s] -- Installing: /home/julian/workspace/Studium/ros2_ws/install/chatting/lib/python3.12/site-packages/chatting/msg/_address_book.py
[10.236s] -- Installing: /home/julian/workspace/Studium/ros2_ws/install/chatting/lib/python3.12/site-packages/chatting/msg/__init__.py
[10.280s] Listing '/home/julian/workspace/Studium/ros2_ws/install/chatting/lib/python3.12/site-packages/chatting'...
[10.280s] Compiling '/home/julian/workspace/Studium/ros2_ws/install/chatting/lib/python3.12/site-packages/chatting/__init__.py'...
[10.280s] Listing '/home/julian/workspace/Studium/ros2_ws/install/chatting/lib/python3.12/site-packages/chatting/msg'...
[10.280s] Compiling '/home/julian/workspace/Studium/ros2_ws/install/chatting/lib/python3.12/site-packages/chatting/msg/__init__.py'...
[10.280s] Compiling '/home/julian/workspace/Studium/ros2_ws/install/chatting/lib/python3.12/site-packages/chatting/msg/_address_book.py'...
[10.287s] -- Installing: /home/julian/workspace/Studium/ros2_ws/install/chatting/lib/python3.12/site-packages/chatting/chatting_s__rosidl_typesupport_fastrtps_c.so
[10.287s] -- Set non-toolchain portion of runtime path of "/home/julian/workspace/Studium/ros2_ws/install/chatting/lib/python3.12/site-packages/chatting/chatting_s__rosidl_typesupport_fastrtps_c.so" to ""
[10.288s] -- Installing: /home/julian/workspace/Studium/ros2_ws/install/chatting/lib/python3.12/site-packages/chatting/chatting_s__rosidl_typesupport_introspection_c.so
[10.288s] -- Set non-toolchain portion of runtime path of "/home/julian/workspace/Studium/ros2_ws/install/chatting/lib/python3.12/site-packages/chatting/chatting_s__rosidl_typesupport_introspection_c.so" to ""
[10.288s] -- Installing: /home/julian/workspace/Studium/ros2_ws/install/chatting/lib/python3.12/site-packages/chatting/chatting_s__rosidl_typesupport_c.so
[10.288s] -- Set non-toolchain portion of runtime path of "/home/julian/workspace/Studium/ros2_ws/install/chatting/lib/python3.12/site-packages/chatting/chatting_s__rosidl_typesupport_c.so" to ""
[10.289s] -- Installing: /home/julian/workspace/Studium/ros2_ws/install/chatting/lib/libchatting__rosidl_generator_py.so
[10.289s] -- Set non-toolchain portion of runtime path of "/home/julian/workspace/Studium/ros2_ws/install/chatting/lib/libchatting__rosidl_generator_py.so" to ""
[10.289s] -- Installing: /home/julian/workspace/Studium/ros2_ws/install/chatting/share/chatting/msg/AddressBook.idl
[10.289s] -- Installing: /home/julian/workspace/Studium/ros2_ws/install/chatting/share/chatting/msg/AddressBook.msg
[10.289s] -- Installing: /home/julian/workspace/Studium/ros2_ws/install/chatting/lib/chatting/talker
[10.290s] -- Set non-toolchain portion of runtime path of "/home/julian/workspace/Studium/ros2_ws/install/chatting/lib/chatting/talker" to ""
[10.290s] -- Installing: /home/julian/workspace/Studium/ros2_ws/install/chatting/lib/chatting/listener
[10.294s] -- Set non-toolchain portion of runtime path of "/home/julian/workspace/Studium/ros2_ws/install/chatting/lib/chatting/listener" to ""
[10.294s] -- Installing: /home/julian/workspace/Studium/ros2_ws/install/chatting/share/ament_index/resource_index/package_run_dependencies/chatting
[10.294s] -- Installing: /home/julian/workspace/Studium/ros2_ws/install/chatting/share/ament_index/resource_index/parent_prefix_path/chatting
[10.294s] -- Installing: /home/julian/workspace/Studium/ros2_ws/install/chatting/share/chatting/environment/ament_prefix_path.sh
[10.295s] -- Installing: /home/julian/workspace/Studium/ros2_ws/install/chatting/share/chatting/environment/ament_prefix_path.dsv
[10.295s] -- Installing: /home/julian/workspace/Studium/ros2_ws/install/chatting/share/chatting/environment/path.sh
[10.295s] -- Installing: /home/julian/workspace/Studium/ros2_ws/install/chatting/share/chatting/environment/path.dsv
[10.295s] -- Installing: /home/julian/workspace/Studium/ros2_ws/install/chatting/share/chatting/local_setup.bash
[10.295s] -- Installing: /home/julian/workspace/Studium/ros2_ws/install/chatting/share/chatting/local_setup.sh
[10.295s] -- Installing: /home/julian/workspace/Studium/ros2_ws/install/chatting/share/chatting/local_setup.zsh
[10.295s] -- Installing: /home/julian/workspace/Studium/ros2_ws/install/chatting/share/chatting/local_setup.dsv
[10.295s] -- Installing: /home/julian/workspace/Studium/ros2_ws/install/chatting/share/chatting/package.dsv
[10.296s] -- Installing: /home/julian/workspace/Studium/ros2_ws/install/chatting/share/ament_index/resource_index/packages/chatting
[10.296s] -- Installing: /home/julian/workspace/Studium/ros2_ws/install/chatting/share/chatting/cmake/export_chatting__rosidl_generator_cExport.cmake
[10.296s] -- Installing: /home/julian/workspace/Studium/ros2_ws/install/chatting/share/chatting/cmake/export_chatting__rosidl_generator_cExport-noconfig.cmake
[10.296s] -- Installing: /home/julian/workspace/Studium/ros2_ws/install/chatting/share/chatting/cmake/export_chatting__rosidl_typesupport_fastrtps_cExport.cmake
[10.296s] -- Installing: /home/julian/workspace/Studium/ros2_ws/install/chatting/share/chatting/cmake/export_chatting__rosidl_typesupport_fastrtps_cExport-noconfig.cmake
[10.296s] -- Installing: /home/julian/workspace/Studium/ros2_ws/install/chatting/share/chatting/cmake/export_chatting__rosidl_generator_cppExport.cmake
[10.296s] -- Installing: /home/julian/workspace/Studium/ros2_ws/install/chatting/share/chatting/cmake/export_chatting__rosidl_typesupport_fastrtps_cppExport.cmake
[10.297s] -- Installing: /home/julian/workspace/Studium/ros2_ws/install/chatting/share/chatting/cmake/export_chatting__rosidl_typesupport_fastrtps_cppExport-noconfig.cmake
[10.297s] -- Installing: /home/julian/workspace/Studium/ros2_ws/install/chatting/share/chatting/cmake/chatting__rosidl_typesupport_introspection_cExport.cmake
[10.297s] -- Installing: /home/julian/workspace/Studium/ros2_ws/install/chatting/share/chatting/cmake/chatting__rosidl_typesupport_introspection_cExport-noconfig.cmake
[10.297s] -- Installing: /home/julian/workspace/Studium/ros2_ws/install/chatting/share/chatting/cmake/chatting__rosidl_typesupport_cExport.cmake
[10.297s] -- Installing: /home/julian/workspace/Studium/ros2_ws/install/chatting/share/chatting/cmake/chatting__rosidl_typesupport_cExport-noconfig.cmake
[10.297s] -- Installing: /home/julian/workspace/Studium/ros2_ws/install/chatting/share/chatting/cmake/chatting__rosidl_typesupport_introspection_cppExport.cmake
[10.298s] -- Installing: /home/julian/workspace/Studium/ros2_ws/install/chatting/share/chatting/cmake/chatting__rosidl_typesupport_introspection_cppExport-noconfig.cmake
[10.298s] -- Installing: /home/julian/workspace/Studium/ros2_ws/install/chatting/share/chatting/cmake/chatting__rosidl_typesupport_cppExport.cmake
[10.299s] -- Installing: /home/julian/workspace/Studium/ros2_ws/install/chatting/share/chatting/cmake/chatting__rosidl_typesupport_cppExport-noconfig.cmake
[10.299s] -- Installing: /home/julian/workspace/Studium/ros2_ws/install/chatting/share/chatting/cmake/export_chatting__rosidl_generator_pyExport.cmake
[10.299s] -- Installing: /home/julian/workspace/Studium/ros2_ws/install/chatting/share/chatting/cmake/export_chatting__rosidl_generator_pyExport-noconfig.cmake
[10.300s] -- Installing: /home/julian/workspace/Studium/ros2_ws/install/chatting/share/chatting/cmake/rosidl_cmake-extras.cmake
[10.300s] -- Installing: /home/julian/workspace/Studium/ros2_ws/install/chatting/share/chatting/cmake/ament_cmake_export_include_directories-extras.cmake
[10.300s] -- Installing: /home/julian/workspace/Studium/ros2_ws/install/chatting/share/chatting/cmake/ament_cmake_export_libraries-extras.cmake
[10.300s] -- Installing: /home/julian/workspace/Studium/ros2_ws/install/chatting/share/chatting/cmake/ament_cmake_export_targets-extras.cmake
[10.300s] -- Installing: /home/julian/workspace/Studium/ros2_ws/install/chatting/share/chatting/cmake/rosidl_cmake_export_typesupport_targets-extras.cmake
[10.300s] -- Installing: /home/julian/workspace/Studium/ros2_ws/install/chatting/share/chatting/cmake/ament_cmake_export_dependencies-extras.cmake
[10.301s] -- Installing: /home/julian/workspace/Studium/ros2_ws/install/chatting/share/chatting/cmake/rosidl_cmake_export_typesupport_libraries-extras.cmake
[10.301s] -- Installing: /home/julian/workspace/Studium/ros2_ws/install/chatting/share/chatting/cmake/chattingConfig.cmake
[10.301s] -- Installing: /home/julian/workspace/Studium/ros2_ws/install/chatting/share/chatting/cmake/chattingConfig-version.cmake
[10.301s] -- Installing: /home/julian/workspace/Studium/ros2_ws/install/chatting/share/chatting/package.xml
[10.303s] Invoked command in '/home/julian/workspace/Studium/ros2_ws/build/chatting' returned '0': CMAKE_PREFIX_PATH=${CMAKE_PREFIX_PATH}:/home/julian/workspace/Studium/ros2_ws/install/py_pubsub:/home/julian/workspace/Studium/ros2_ws/install/test_controller:/opt/ros/kilted /usr/bin/cmake --install /home/julian/workspace/Studium/ros2_ws/build/chatting
