-- Found ament_cmake: 2.7.3 (/opt/ros/kilted/share/ament_cmake/cmake)
-- Found Python3: /usr/bin/python3 (found version "3.12.3") found components: Interpreter 
-- Found rclcpp: 29.5.3 (/opt/ros/kilted/share/rclcpp/cmake)
-- Found rosidl_generator_c: 4.9.5 (/opt/ros/kilted/share/rosidl_generator_c/cmake)
-- Found rosidl_generator_cpp: 4.9.5 (/opt/ros/kilted/share/rosidl_generator_cpp/cmake)
-- Using all available rosidl_typesupport_c: rosidl_typesupport_fastrtps_c;rosidl_typesupport_introspection_c
-- Using all available rosidl_typesupport_cpp: rosidl_typesupport_fastrtps_cpp;rosidl_typesupport_introspection_cpp
-- Found rmw_implementation_cmake: 7.8.2 (/opt/ros/kilted/share/rmw_implementation_cmake/cmake)
-- Found rmw_fastrtps_cpp: 9.3.3 (/opt/ros/kilted/share/rmw_fastrtps_cpp/cmake)
-- Using RMW implementation 'rmw_fastrtps_cpp' as default
-- Found std_msgs: 5.5.1 (/opt/ros/kilted/share/std_msgs/cmake)
-- Found rosidl_default_generators: 1.7.1 (/opt/ros/kilted/share/rosidl_default_generators/cmake)
-- Found rosidl_adapter: 4.9.5 (/opt/ros/kilted/share/rosidl_adapter/cmake)
-- Found ament_cmake_ros_core: 0.14.3 (/opt/ros/kilted/share/ament_cmake_ros_core/cmake)
-- Using all available rosidl_typesupport_c: rosidl_typesupport_fastrtps_c;rosidl_typesupport_introspection_c
-- Using all available rosidl_typesupport_cpp: rosidl_typesupport_fastrtps_cpp;rosidl_typesupport_introspection_cpp
-- Found Python3: /usr/bin/python3 (found version "3.12.3") found components: Interpreter Development NumPy Development.Module Development.Embed 
-- Configuring done (1.5s)
-- Generating done (0.0s)
-- Build files have been written to: /home/julian/workspace/Studium/ros2_ws/build/chatting
[  2%] [34m[1mGenerating type hashes for ROS interfaces[0m
[  2%] Built target ament_cmake_python_copy_chatting
[  2%] Built target chatting__rosidl_generator_type_description
[  5%] [34m[1mGenerating C code for ROS interfaces[0m
[  7%] [34m[1mGenerating C++ code for ROS interfaces[0m
running egg_info
writing chatting.egg-info/PKG-INFO
writing dependency_links to chatting.egg-info/dependency_links.txt
writing top-level names to chatting.egg-info/top_level.txt
reading manifest file 'chatting.egg-info/SOURCES.txt'
writing manifest file 'chatting.egg-info/SOURCES.txt'
[  7%] Built target ament_cmake_python_build_chatting_egg
[  7%] Built target chatting__cpp
[ 10%] [32mBuilding C object CMakeFiles/chatting__rosidl_generator_c.dir/rosidl_generator_c/chatting/msg/detail/nachricht__description.c.o[0m
[ 13%] [32mBuilding C object CMakeFiles/chatting__rosidl_generator_c.dir/rosidl_generator_c/chatting/msg/detail/nachricht__functions.c.o[0m
[ 15%] [32mBuilding C object CMakeFiles/chatting__rosidl_generator_c.dir/rosidl_generator_c/chatting/msg/detail/nachricht__type_support.c.o[0m
[ 18%] [32m[1mLinking C shared library libchatting__rosidl_generator_c.so[0m
[ 18%] Built target chatting__rosidl_generator_c
[ 21%] [34m[1mGenerating C++ type support dispatch for ROS interfaces[0m
[ 23%] [34m[1mGenerating C type support for eProsima Fast-RTPS[0m
[ 26%] [34m[1mGenerating C++ type support for eProsima Fast-RTPS[0m
[ 28%] [34m[1mGenerating C introspection for ROS interfaces[0m
[ 31%] [34m[1mGenerating C type support dispatch for ROS interfaces[0m
[ 34%] [34m[1mGenerating C++ introspection for ROS interfaces[0m
[ 36%] [32mBuilding CXX object CMakeFiles/chatting__rosidl_typesupport_cpp.dir/rosidl_typesupport_cpp/chatting/msg/nachricht__type_support.cpp.o[0m
[ 39%] [32mBuilding CXX object CMakeFiles/chatting__rosidl_typesupport_fastrtps_c.dir/rosidl_typesupport_fastrtps_c/chatting/msg/detail/nachricht__type_support_c.cpp.o[0m
[ 42%] [32mBuilding CXX object CMakeFiles/chatting__rosidl_typesupport_c.dir/rosidl_typesupport_c/chatting/msg/nachricht__type_support.cpp.o[0m
[ 44%] [32mBuilding C object CMakeFiles/chatting__rosidl_typesupport_introspection_c.dir/rosidl_typesupport_introspection_c/chatting/msg/detail/nachricht__type_support.c.o[0m
[ 47%] [32mBuilding CXX object CMakeFiles/chatting__rosidl_typesupport_introspection_cpp.dir/rosidl_typesupport_introspection_cpp/chatting/msg/detail/nachricht__type_support.cpp.o[0m
[ 50%] [32mBuilding CXX object CMakeFiles/chatting__rosidl_typesupport_fastrtps_cpp.dir/rosidl_typesupport_fastrtps_cpp/chatting/msg/detail/dds_fastrtps/nachricht__type_support.cpp.o[0m
[ 52%] [32m[1mLinking C shared library libchatting__rosidl_typesupport_introspection_c.so[0m
[ 55%] [32m[1mLinking CXX shared library libchatting__rosidl_typesupport_c.so[0m
[ 55%] Built target chatting__rosidl_typesupport_introspection_c
[ 55%] Built target chatting__rosidl_typesupport_c
[ 57%] [32m[1mLinking CXX shared library libchatting__rosidl_typesupport_cpp.so[0m
[ 60%] [32m[1mLinking CXX shared library libchatting__rosidl_typesupport_introspection_cpp.so[0m
[ 60%] Built target chatting__rosidl_typesupport_cpp
[ 60%] Built target chatting__rosidl_typesupport_introspection_cpp
[ 63%] [32m[1mLinking CXX shared library libchatting__rosidl_typesupport_fastrtps_c.so[0m
[ 65%] [32m[1mLinking CXX shared library libchatting__rosidl_typesupport_fastrtps_cpp.so[0m
[ 65%] Built target chatting__rosidl_typesupport_fastrtps_c
[ 65%] Built target chatting__rosidl_typesupport_fastrtps_cpp
[ 65%] Built target chatting
[ 68%] [34m[1mGenerating Python code for ROS interfaces[0m
[ 71%] [32mBuilding CXX object CMakeFiles/talker.dir/src/publisher_lambda_function.cpp.o[0m
[ 73%] [32mBuilding CXX object CMakeFiles/listener.dir/src/subscriber_lambda_function.cpp.o[0m
[ 73%] Built target chatting__py
[ 76%] [32mBuilding C object CMakeFiles/chatting__rosidl_generator_py.dir/rosidl_generator_py/chatting/msg/_nachricht_s.c.o[0m
[ 78%] [32m[1mLinking C shared library libchatting__rosidl_generator_py.so[0m
[ 78%] Built target chatting__rosidl_generator_py
[ 81%] [32mBuilding C object CMakeFiles/chatting_s__rosidl_typesupport_introspection_c.dir/rosidl_generator_py/chatting/_chatting_s.ep.rosidl_typesupport_introspection_c.c.o[0m
[ 84%] [32mBuilding C object CMakeFiles/chatting_s__rosidl_typesupport_c.dir/rosidl_generator_py/chatting/_chatting_s.ep.rosidl_typesupport_c.c.o[0m
[ 86%] [32mBuilding C object CMakeFiles/chatting_s__rosidl_typesupport_fastrtps_c.dir/rosidl_generator_py/chatting/_chatting_s.ep.rosidl_typesupport_fastrtps_c.c.o[0m
[ 89%] [32m[1mLinking C shared module rosidl_generator_py/chatting/chatting_s__rosidl_typesupport_introspection_c.so[0m
[ 92%] [32m[1mLinking C shared module rosidl_generator_py/chatting/chatting_s__rosidl_typesupport_fastrtps_c.so[0m
[ 94%] [32m[1mLinking C shared module rosidl_generator_py/chatting/chatting_s__rosidl_typesupport_c.so[0m
[ 94%] Built target chatting_s__rosidl_typesupport_fastrtps_c
[ 94%] Built target chatting_s__rosidl_typesupport_introspection_c
[ 94%] Built target chatting_s__rosidl_typesupport_c
