[1.695s] Invoking command in '/home/julian/workspace/Studium/ros2_ws/py_pubsub': PYTHONPATH=/home/julian/workspace/Studium/ros2_ws/build/py_pubsub/prefix_override:/usr/lib/python3/dist-packages/colcon_core/task/python/colcon_distutils_commands:/home/julian/workspace/Studium/ros2_ws/install/py_pubsub/lib/python3.12/site-packages:${PYTHONPATH} /usr/bin/python3 -W ignore:setup.py install is deprecated -W ignore:easy_install command is deprecated setup.py egg_info --egg-base ../build/py_pubsub build --build-base /home/julian/workspace/Studium/ros2_ws/build/py_pubsub/build install --record /home/julian/workspace/Studium/ros2_ws/build/py_pubsub/install.log --single-version-externally-managed install_data
[2.020s] running egg_info
[2.021s] creating ../build/py_pubsub/py_pubsub.egg-info
[2.041s] writing ../build/py_pubsub/py_pubsub.egg-info/PKG-INFO
[2.041s] writing dependency_links to ../build/py_pubsub/py_pubsub.egg-info/dependency_links.txt
[2.042s] writing entry points to ../build/py_pubsub/py_pubsub.egg-info/entry_points.txt
[2.042s] writing requirements to ../build/py_pubsub/py_pubsub.egg-info/requires.txt
[2.043s] writing top-level names to ../build/py_pubsub/py_pubsub.egg-info/top_level.txt
[2.043s] writing manifest file '../build/py_pubsub/py_pubsub.egg-info/SOURCES.txt'
[2.074s] reading manifest file '../build/py_pubsub/py_pubsub.egg-info/SOURCES.txt'
[2.075s] adding license file 'LICENSE'
[2.075s] writing manifest file '../build/py_pubsub/py_pubsub.egg-info/SOURCES.txt'
[2.076s] running build
[2.076s] running build_py
[2.076s] creating /home/julian/workspace/Studium/ros2_ws/build/py_pubsub/build
[2.077s] creating /home/julian/workspace/Studium/ros2_ws/build/py_pubsub/build/lib
[2.077s] creating /home/julian/workspace/Studium/ros2_ws/build/py_pubsub/build/lib/py_pubsub
[2.077s] copying py_pubsub/publisher_member_function.py -> /home/julian/workspace/Studium/ros2_ws/build/py_pubsub/build/lib/py_pubsub
[2.077s] copying py_pubsub/subscriber_member_function.py -> /home/julian/workspace/Studium/ros2_ws/build/py_pubsub/build/lib/py_pubsub
[2.077s] copying py_pubsub/__init__.py -> /home/julian/workspace/Studium/ros2_ws/build/py_pubsub/build/lib/py_pubsub
[2.077s] running install
[2.084s] running install_lib
[2.120s] creating /home/julian/workspace/Studium/ros2_ws/install/py_pubsub/lib/python3.12/site-packages/py_pubsub
[2.120s] copying /home/julian/workspace/Studium/ros2_ws/build/py_pubsub/build/lib/py_pubsub/publisher_member_function.py -> /home/julian/workspace/Studium/ros2_ws/install/py_pubsub/lib/python3.12/site-packages/py_pubsub
[2.120s] copying /home/julian/workspace/Studium/ros2_ws/build/py_pubsub/build/lib/py_pubsub/subscriber_member_function.py -> /home/julian/workspace/Studium/ros2_ws/install/py_pubsub/lib/python3.12/site-packages/py_pubsub
[2.120s] copying /home/julian/workspace/Studium/ros2_ws/build/py_pubsub/build/lib/py_pubsub/__init__.py -> /home/julian/workspace/Studium/ros2_ws/install/py_pubsub/lib/python3.12/site-packages/py_pubsub
[2.121s] byte-compiling /home/julian/workspace/Studium/ros2_ws/install/py_pubsub/lib/python3.12/site-packages/py_pubsub/publisher_member_function.py to publisher_member_function.cpython-312.pyc
[2.122s] byte-compiling /home/julian/workspace/Studium/ros2_ws/install/py_pubsub/lib/python3.12/site-packages/py_pubsub/subscriber_member_function.py to subscriber_member_function.cpython-312.pyc
[2.123s] byte-compiling /home/julian/workspace/Studium/ros2_ws/install/py_pubsub/lib/python3.12/site-packages/py_pubsub/__init__.py to __init__.cpython-312.pyc
[2.124s] running install_data
[2.125s] creating /home/julian/workspace/Studium/ros2_ws/install/py_pubsub/share/ament_index
[2.126s] creating /home/julian/workspace/Studium/ros2_ws/install/py_pubsub/share/ament_index/resource_index
[2.126s] creating /home/julian/workspace/Studium/ros2_ws/install/py_pubsub/share/ament_index/resource_index/packages
[2.126s] copying resource/py_pubsub -> /home/julian/workspace/Studium/ros2_ws/install/py_pubsub/share/ament_index/resource_index/packages
[2.127s] copying package.xml -> /home/julian/workspace/Studium/ros2_ws/install/py_pubsub/share/py_pubsub
[2.127s] running install_egg_info
[2.151s] Copying ../build/py_pubsub/py_pubsub.egg-info to /home/julian/workspace/Studium/ros2_ws/install/py_pubsub/lib/python3.12/site-packages/py_pubsub-0.0.0-py3.12.egg-info
[2.151s] running install_scripts
[2.302s] Installing listener script to /home/julian/workspace/Studium/ros2_ws/install/py_pubsub/lib/py_pubsub
[2.302s] Installing talker script to /home/julian/workspace/Studium/ros2_ws/install/py_pubsub/lib/py_pubsub
[2.303s] writing list of installed files to '/home/julian/workspace/Studium/ros2_ws/build/py_pubsub/install.log'
[2.350s] Invoked command in '/home/julian/workspace/Studium/ros2_ws/py_pubsub' returned '0': PYTHONPATH=/home/julian/workspace/Studium/ros2_ws/build/py_pubsub/prefix_override:/usr/lib/python3/dist-packages/colcon_core/task/python/colcon_distutils_commands:/home/julian/workspace/Studium/ros2_ws/install/py_pubsub/lib/python3.12/site-packages:${PYTHONPATH} /usr/bin/python3 -W ignore:setup.py install is deprecated -W ignore:easy_install command is deprecated setup.py egg_info --egg-base ../build/py_pubsub build --build-base /home/julian/workspace/Studium/ros2_ws/build/py_pubsub/build install --record /home/julian/workspace/Studium/ros2_ws/build/py_pubsub/install.log --single-version-externally-managed install_data
