[0.028s] Invoking command in '/home/julian/workspace/Studium/ros2_ws/build/chatting': CMAKE_PREFIX_PATH=${CMAKE_PREFIX_PATH}:/home/julian/workspace/Studium/ros2_ws/install/py_pubsub:/home/julian/workspace/Studium/ros2_ws/install/test_controller:/opt/ros/kilted /usr/bin/cmake --build /home/julian/workspace/Studium/ros2_ws/build/chatting -- -j12 -l12
[0.347s] [  2%] [32mBuilding CXX object CMakeFiles/listener.dir/src/subscriber_lambda_function.cpp.o[0m
[0.347s] [  5%] [32mBuilding CXX object CMakeFiles/talker.dir/src/publisher_lambda_function.cpp.o[0m
[0.348s] [  7%] Built target chatting__rosidl_generator_type_description
[0.348s] [  7%] Built target ament_cmake_python_copy_chatting
[0.348s] [ 10%] [32mBuilding C object CMakeFiles/chatting__rosidl_generator_c.dir/rosidl_generator_c/chatting/msg/detail/address_book__type_support.c.o[0m
[0.348s] [ 13%] [32mBuilding C object CMakeFiles/chatting__rosidl_generator_c.dir/rosidl_generator_c/chatting/msg/detail/address_book__description.c.o[0m
[0.348s] [ 15%] [32mBuilding C object CMakeFiles/chatting__rosidl_generator_c.dir/rosidl_generator_c/chatting/msg/detail/address_book__functions.c.o[0m
[0.348s] [ 18%] Built target chatting__cpp
[0.349s] [ 21%] [32m[1mLinking C shared library libchatting__rosidl_generator_c.so[0m
[0.349s] [ 23%] Built target chatting__rosidl_generator_c
[0.349s] [ 28%] [34m[1mGenerating C++ type support dispatch for ROS interfaces[0m
[0.349s] [ 28%] [34m[1mGenerating C type support for eProsima Fast-RTPS[0m
[0.349s] [ 31%] [34m[1mGenerating C introspection for ROS interfaces[0m
[0.349s] [ 34%] [34m[1mGenerating C type support dispatch for ROS interfaces[0m
[0.349s] [ 36%] [34m[1mGenerating C++ type support for eProsima Fast-RTPS[0m
[0.349s] [ 39%] [34m[1mGenerating C++ introspection for ROS interfaces[0m
[0.376s] [01m[K/home/julian/workspace/Studium/ros2_ws/src/chatting/src/publisher_lambda_function.cpp:5:10:[m[K [01;31m[Kfatal error: [m[Kchatting/msg/address_book.hpp: No such file or directory
[0.377s]     5 | #include [01;31m[K"chatting/msg/address_book.hpp"[m[K
[0.377s]       |          [01;31m[K^~~~~~~~~~~~~~~~~~~~~~~~~~~~~~~[m[K
[0.377s] compilation terminated.
[0.380s] gmake[2]: *** [CMakeFiles/talker.dir/build.make:76: CMakeFiles/talker.dir/src/publisher_lambda_function.cpp.o] Error 1
[0.381s] gmake[1]: *** [CMakeFiles/Makefile2:625: CMakeFiles/talker.dir/all] Error 2
[0.381s] gmake[1]: *** Waiting for unfinished jobs....
[0.411s] running egg_info
[0.452s] writing chatting.egg-info/PKG-INFO
[0.453s] writing dependency_links to chatting.egg-info/dependency_links.txt
[0.454s] writing top-level names to chatting.egg-info/top_level.txt
[0.553s] reading manifest file 'chatting.egg-info/SOURCES.txt'
[0.553s] writing manifest file 'chatting.egg-info/SOURCES.txt'
[0.604s] [ 39%] Built target ament_cmake_python_build_chatting_egg
[0.687s] [ 42%] [32mBuilding CXX object CMakeFiles/chatting__rosidl_typesupport_c.dir/rosidl_typesupport_c/chatting/msg/address_book__type_support.cpp.o[0m
[0.708s] [ 44%] [32mBuilding CXX object CMakeFiles/chatting__rosidl_typesupport_introspection_cpp.dir/rosidl_typesupport_introspection_cpp/chatting/msg/detail/address_book__type_support.cpp.o[0m
[0.711s] [ 47%] [32mBuilding CXX object CMakeFiles/chatting__rosidl_typesupport_fastrtps_cpp.dir/rosidl_typesupport_fastrtps_cpp/chatting/msg/detail/dds_fastrtps/address_book__type_support.cpp.o[0m
[0.713s] [ 50%] [32mBuilding C object CMakeFiles/chatting__rosidl_typesupport_introspection_c.dir/rosidl_typesupport_introspection_c/chatting/msg/detail/address_book__type_support.c.o[0m
[0.733s] [ 52%] [32mBuilding CXX object CMakeFiles/chatting__rosidl_typesupport_fastrtps_c.dir/rosidl_typesupport_fastrtps_c/chatting/msg/detail/address_book__type_support_c.cpp.o[0m
[0.744s] [ 55%] [32m[1mLinking CXX shared library libchatting__rosidl_typesupport_c.so[0m
[0.772s] [ 57%] [32m[1mLinking C shared library libchatting__rosidl_typesupport_introspection_c.so[0m
[0.817s] [ 60%] [32mBuilding CXX object CMakeFiles/chatting__rosidl_typesupport_cpp.dir/rosidl_typesupport_cpp/chatting/msg/address_book__type_support.cpp.o[0m
[0.853s] [ 60%] Built target chatting__rosidl_typesupport_c
[0.866s] [ 60%] Built target chatting__rosidl_typesupport_introspection_c
[1.181s] [ 63%] [32m[1mLinking CXX shared library libchatting__rosidl_typesupport_introspection_cpp.so[0m
[1.356s] [ 65%] [32m[1mLinking CXX shared library libchatting__rosidl_typesupport_cpp.so[0m
[1.360s] [ 65%] Built target chatting__rosidl_typesupport_introspection_cpp
[1.498s] [ 65%] Built target chatting__rosidl_typesupport_cpp
[1.517s] [ 68%] [32m[1mLinking CXX shared library libchatting__rosidl_typesupport_fastrtps_cpp.so[0m
[1.541s] [ 71%] [32m[1mLinking CXX shared library libchatting__rosidl_typesupport_fastrtps_c.so[0m
[1.709s] [ 71%] Built target chatting__rosidl_typesupport_fastrtps_cpp
[1.717s] [ 71%] Built target chatting__rosidl_typesupport_fastrtps_c
[9.818s] [ 73%] [32m[1mLinking CXX executable listener[0m
[10.186s] [ 73%] Built target listener
[10.188s] gmake: *** [Makefile:146: all] Error 2
[10.192s] Invoked command in '/home/julian/workspace/Studium/ros2_ws/build/chatting' returned '2': CMAKE_PREFIX_PATH=${CMAKE_PREFIX_PATH}:/home/julian/workspace/Studium/ros2_ws/install/py_pubsub:/home/julian/workspace/Studium/ros2_ws/install/test_controller:/opt/ros/kilted /usr/bin/cmake --build /home/julian/workspace/Studium/ros2_ws/build/chatting -- -j12 -l12
