-- The C compiler identification is GNU 13.3.0
-- The CXX compiler identification is GNU 13.3.0
-- Detecting C compiler ABI info
-- Detecting C compiler ABI info - done
-- Check for working C compiler: /usr/bin/cc - skipped
-- Detecting C compile features
-- Detecting C compile features - done
-- Detecting CXX compiler ABI info
-- Detecting CXX compiler ABI info - done
-- Check for working CXX compiler: /usr/bin/c++ - skipped
-- Detecting CXX compile features
-- Detecting CXX compile features - done
-- Found ament_cmake: 2.7.3 (/opt/ros/kilted/share/ament_cmake/cmake)
-- Found Python3: /usr/bin/python3 (found version "3.12.3") found components: Interpreter 
-- Found rclcpp: 29.5.3 (/opt/ros/kilted/share/rclcpp/cmake)
-- Found rosidl_generator_c: 4.9.5 (/opt/ros/kilted/share/rosidl_generator_c/cmake)
-- Found rosidl_generator_cpp: 4.9.5 (/opt/ros/kilted/share/rosidl_generator_cpp/cmake)
-- Using all available rosidl_typesupport_c: rosidl_typesupport_fastrtps_c;rosidl_typesupport_introspection_c
-- Using all available rosidl_typesupport_cpp: rosidl_typesupport_fastrtps_cpp;rosidl_typesupport_introspection_cpp
-- Found rmw_implementation_cmake: 7.8.2 (/opt/ros/kilted/share/rmw_implementation_cmake/cmake)
-- Found rmw_fastrtps_cpp: 9.3.3 (/opt/ros/kilted/share/rmw_fastrtps_cpp/cmake)
-- Found OpenSSL: /usr/lib/x86_64-linux-gnu/libcrypto.so (found version "3.0.13")  
-- Using RMW implementation 'rmw_fastrtps_cpp' as default
-- Found std_msgs: 5.5.1 (/opt/ros/kilted/share/std_msgs/cmake)
-- Found rosidl_default_generators: 1.7.1 (/opt/ros/kilted/share/rosidl_default_generators/cmake)
-- Found rosidl_adapter: 4.9.5 (/opt/ros/kilted/share/rosidl_adapter/cmake)
-- Found ament_cmake_ros_core: 0.14.3 (/opt/ros/kilted/share/ament_cmake_ros_core/cmake)
-- Using all available rosidl_typesupport_c: rosidl_typesupport_fastrtps_c;rosidl_typesupport_introspection_c
-- Using all available rosidl_typesupport_cpp: rosidl_typesupport_fastrtps_cpp;rosidl_typesupport_introspection_cpp
-- Found Python3: /usr/bin/python3 (found version "3.12.3") found components: Interpreter Development NumPy Development.Module Development.Embed 
-- Configuring done (3.9s)
-- Generating done (0.0s)
-- Build files have been written to: /home/julian/workspace/Studium/ros2_ws/build/chatting
[  2%] [32mBuilding CXX object CMakeFiles/talker.dir/src/publisher_lambda_function.cpp.o[0m
[  5%] [34m[1mGenerating type hashes for ROS interfaces[0m
[  7%] [32mBuilding CXX object CMakeFiles/listener.dir/src/subscriber_lambda_function.cpp.o[0m
[  7%] Built target ament_cmake_python_copy_chatting
running egg_info
creating chatting.egg-info
writing chatting.egg-info/PKG-INFO
writing dependency_links to chatting.egg-info/dependency_links.txt
writing top-level names to chatting.egg-info/top_level.txt
writing manifest file 'chatting.egg-info/SOURCES.txt'
[  7%] Built target chatting__rosidl_generator_type_description
[01m[K/home/julian/workspace/Studium/ros2_ws/src/chatting/src/publisher_lambda_function.cpp:5:10:[m[K [01;31m[Kfatal error: [m[Kchatting/msg/address_book.hpp: No such file or directory
    5 | #include [01;31m[K"chatting/msg/address_book.hpp"[m[K
      |          [01;31m[K^~~~~~~~~~~~~~~~~~~~~~~~~~~~~~~[m[K
compilation terminated.
gmake[2]: *** [CMakeFiles/talker.dir/build.make:76: CMakeFiles/talker.dir/src/publisher_lambda_function.cpp.o] Error 1
gmake[1]: *** [CMakeFiles/Makefile2:625: CMakeFiles/talker.dir/all] Error 2
gmake[1]: *** Waiting for unfinished jobs....
[ 10%] [34m[1mGenerating C code for ROS interfaces[0m
[ 13%] [34m[1mGenerating C++ code for ROS interfaces[0m
reading manifest file 'chatting.egg-info/SOURCES.txt'
writing manifest file 'chatting.egg-info/SOURCES.txt'
[ 13%] Built target ament_cmake_python_build_chatting_egg
[ 13%] Built target chatting__cpp
[ 15%] [32mBuilding C object CMakeFiles/chatting__rosidl_generator_c.dir/rosidl_generator_c/chatting/msg/detail/address_book__type_support.c.o[0m
[ 18%] [32mBuilding C object CMakeFiles/chatting__rosidl_generator_c.dir/rosidl_generator_c/chatting/msg/detail/address_book__description.c.o[0m
[ 21%] [32mBuilding C object CMakeFiles/chatting__rosidl_generator_c.dir/rosidl_generator_c/chatting/msg/detail/address_book__functions.c.o[0m
gmake[2]: *** [CMakeFiles/chatting__rosidl_generator_c.dir/build.make:145: CMakeFiles/chatting__rosidl_generator_c.dir/rosidl_generator_c/chatting/msg/detail/address_book__type_support.c.o] Interrupt
gmake[2]: *** [CMakeFiles/listener.dir/build.make:76: CMakeFiles/listener.dir/src/subscriber_lambda_function.cpp.o] Interrupt
gmake[2]: *** [CMakeFiles/chatting__rosidl_generator_c.dir/build.make:117: CMakeFiles/chatting__rosidl_generator_c.dir/rosidl_generator_c/chatting/msg/detail/address_book__description.c.o] Interrupt
gmake[2]: *** [CMakeFiles/chatting__rosidl_generator_c.dir/build.make:131: CMakeFiles/chatting__rosidl_generator_c.dir/rosidl_generator_c/chatting/msg/detail/address_book__functions.c.o] Interrupt
gmake[1]: *** [CMakeFiles/Makefile2:651: CMakeFiles/listener.dir/all] Interrupt
gmake[1]: *** [CMakeFiles/Makefile2:245: CMakeFiles/chatting__rosidl_generator_c.dir/all] Interrupt
gmake: *** [Makefile:146: all] Interrupt
