[  2%] Built target chatting__rosidl_generator_type_description
[  2%] Built target ament_cmake_python_copy_chatting
[ 15%] Built target chatting__rosidl_generator_c
[ 18%] Built target chatting__cpp
[ 26%] Built target chatting__rosidl_typesupport_introspection_c
[ 34%] Built target chatting__rosidl_typesupport_c
[ 42%] Built target chatting__rosidl_typesupport_fastrtps_c
[ 50%] Built target chatting__rosidl_typesupport_introspection_cpp
[ 57%] Built target chatting__rosidl_typesupport_cpp
[ 65%] Built target chatting__rosidl_typesupport_fastrtps_cpp
[ 65%] Built target chatting
[ 68%] Built target chatting__py
[ 73%] Built target listener
[ 76%] [32mBuilding CXX object CMakeFiles/talker.dir/src/publisher_lambda_function.cpp.o[0m
[ 81%] Built target chatting__rosidl_generator_py
[ 86%] Built target chatting_s__rosidl_typesupport_c
[ 92%] Built target chatting_s__rosidl_typesupport_fastrtps_c
[ 97%] Built target chatting_s__rosidl_typesupport_introspection_c
running egg_info
writing chatting.egg-info/PKG-INFO
writing dependency_links to chatting.egg-info/dependency_links.txt
writing top-level names to chatting.egg-info/top_level.txt
reading manifest file 'chatting.egg-info/SOURCES.txt'
writing manifest file 'chatting.egg-info/SOURCES.txt'
[ 97%] Built target ament_cmake_python_build_chatting_egg
[100%] [32m[1mLinking CXX executable talker[0m
[100%] Built target talker
-- Install configuration: ""
-- Up-to-date: /home/julian/workspace/Studium/ros2_ws/install/chatting/share/ament_index/resource_index/rosidl_interfaces/chatting
-- Up-to-date: /home/julian/workspace/Studium/ros2_ws/install/chatting/share/chatting/msg/Nachricht.json
-- Up-to-date: /home/julian/workspace/Studium/ros2_ws/install/chatting/include/chatting/chatting
-- Up-to-date: /home/julian/workspace/Studium/ros2_ws/install/chatting/include/chatting/chatting/msg
-- Up-to-date: /home/julian/workspace/Studium/ros2_ws/install/chatting/include/chatting/chatting/msg/rosidl_generator_c__visibility_control.h
-- Up-to-date: /home/julian/workspace/Studium/ros2_ws/install/chatting/include/chatting/chatting/msg/address_book.h
-- Up-to-date: /home/julian/workspace/Studium/ros2_ws/install/chatting/include/chatting/chatting/msg/detail
-- Up-to-date: /home/julian/workspace/Studium/ros2_ws/install/chatting/include/chatting/chatting/msg/detail/nachricht__functions.c
-- Up-to-date: /home/julian/workspace/Studium/ros2_ws/install/chatting/include/chatting/chatting/msg/detail/address_book__functions.h
-- Up-to-date: /home/julian/workspace/Studium/ros2_ws/install/chatting/include/chatting/chatting/msg/detail/nachricht__type_support.h
-- Up-to-date: /home/julian/workspace/Studium/ros2_ws/install/chatting/include/chatting/chatting/msg/detail/nachricht__struct.h
-- Up-to-date: /home/julian/workspace/Studium/ros2_ws/install/chatting/include/chatting/chatting/msg/detail/nachricht__type_support.c
-- Up-to-date: /home/julian/workspace/Studium/ros2_ws/install/chatting/include/chatting/chatting/msg/detail/address_book__functions.c
-- Up-to-date: /home/julian/workspace/Studium/ros2_ws/install/chatting/include/chatting/chatting/msg/detail/address_book__type_support.c
-- Up-to-date: /home/julian/workspace/Studium/ros2_ws/install/chatting/include/chatting/chatting/msg/detail/address_book__struct.h
-- Up-to-date: /home/julian/workspace/Studium/ros2_ws/install/chatting/include/chatting/chatting/msg/detail/address_book__description.c
-- Up-to-date: /home/julian/workspace/Studium/ros2_ws/install/chatting/include/chatting/chatting/msg/detail/address_book__type_support.h
-- Up-to-date: /home/julian/workspace/Studium/ros2_ws/install/chatting/include/chatting/chatting/msg/detail/nachricht__description.c
-- Up-to-date: /home/julian/workspace/Studium/ros2_ws/install/chatting/include/chatting/chatting/msg/detail/nachricht__functions.h
-- Up-to-date: /home/julian/workspace/Studium/ros2_ws/install/chatting/include/chatting/chatting/msg/nachricht.h
-- Up-to-date: /home/julian/workspace/Studium/ros2_ws/install/chatting/share/chatting/environment/library_path.sh
-- Up-to-date: /home/julian/workspace/Studium/ros2_ws/install/chatting/share/chatting/environment/library_path.dsv
-- Up-to-date: /home/julian/workspace/Studium/ros2_ws/install/chatting/lib/libchatting__rosidl_generator_c.so
-- Up-to-date: /home/julian/workspace/Studium/ros2_ws/install/chatting/include/chatting/chatting
-- Up-to-date: /home/julian/workspace/Studium/ros2_ws/install/chatting/include/chatting/chatting/msg
-- Up-to-date: /home/julian/workspace/Studium/ros2_ws/install/chatting/include/chatting/chatting/msg/detail
-- Up-to-date: /home/julian/workspace/Studium/ros2_ws/install/chatting/include/chatting/chatting/msg/detail/address_book__rosidl_typesupport_fastrtps_c.h
-- Up-to-date: /home/julian/workspace/Studium/ros2_ws/install/chatting/include/chatting/chatting/msg/detail/nachricht__rosidl_typesupport_fastrtps_c.h
-- Up-to-date: /home/julian/workspace/Studium/ros2_ws/install/chatting/include/chatting/chatting/msg/rosidl_typesupport_fastrtps_c__visibility_control.h
-- Up-to-date: /home/julian/workspace/Studium/ros2_ws/install/chatting/lib/libchatting__rosidl_typesupport_fastrtps_c.so
-- Up-to-date: /home/julian/workspace/Studium/ros2_ws/install/chatting/include/chatting/chatting
-- Up-to-date: /home/julian/workspace/Studium/ros2_ws/install/chatting/include/chatting/chatting/msg
-- Up-to-date: /home/julian/workspace/Studium/ros2_ws/install/chatting/include/chatting/chatting/msg/address_book.hpp
-- Up-to-date: /home/julian/workspace/Studium/ros2_ws/install/chatting/include/chatting/chatting/msg/rosidl_generator_cpp__visibility_control.hpp
-- Up-to-date: /home/julian/workspace/Studium/ros2_ws/install/chatting/include/chatting/chatting/msg/nachricht.hpp
-- Up-to-date: /home/julian/workspace/Studium/ros2_ws/install/chatting/include/chatting/chatting/msg/detail
-- Up-to-date: /home/julian/workspace/Studium/ros2_ws/install/chatting/include/chatting/chatting/msg/detail/address_book__builder.hpp
-- Up-to-date: /home/julian/workspace/Studium/ros2_ws/install/chatting/include/chatting/chatting/msg/detail/address_book__struct.hpp
-- Up-to-date: /home/julian/workspace/Studium/ros2_ws/install/chatting/include/chatting/chatting/msg/detail/address_book__type_support.hpp
-- Up-to-date: /home/julian/workspace/Studium/ros2_ws/install/chatting/include/chatting/chatting/msg/detail/nachricht__builder.hpp
-- Up-to-date: /home/julian/workspace/Studium/ros2_ws/install/chatting/include/chatting/chatting/msg/detail/address_book__traits.hpp
-- Up-to-date: /home/julian/workspace/Studium/ros2_ws/install/chatting/include/chatting/chatting/msg/detail/nachricht__struct.hpp
-- Up-to-date: /home/julian/workspace/Studium/ros2_ws/install/chatting/include/chatting/chatting/msg/detail/nachricht__traits.hpp
-- Up-to-date: /home/julian/workspace/Studium/ros2_ws/install/chatting/include/chatting/chatting/msg/detail/nachricht__type_support.hpp
-- Up-to-date: /home/julian/workspace/Studium/ros2_ws/install/chatting/include/chatting/chatting
-- Up-to-date: /home/julian/workspace/Studium/ros2_ws/install/chatting/include/chatting/chatting/msg
-- Up-to-date: /home/julian/workspace/Studium/ros2_ws/install/chatting/include/chatting/chatting/msg/detail
-- Up-to-date: /home/julian/workspace/Studium/ros2_ws/install/chatting/include/chatting/chatting/msg/detail/nachricht__rosidl_typesupport_fastrtps_cpp.hpp
-- Up-to-date: /home/julian/workspace/Studium/ros2_ws/install/chatting/include/chatting/chatting/msg/detail/dds_fastrtps
-- Up-to-date: /home/julian/workspace/Studium/ros2_ws/install/chatting/include/chatting/chatting/msg/detail/address_book__rosidl_typesupport_fastrtps_cpp.hpp
-- Up-to-date: /home/julian/workspace/Studium/ros2_ws/install/chatting/include/chatting/chatting/msg/rosidl_typesupport_fastrtps_cpp__visibility_control.h
-- Up-to-date: /home/julian/workspace/Studium/ros2_ws/install/chatting/lib/libchatting__rosidl_typesupport_fastrtps_cpp.so
-- Up-to-date: /home/julian/workspace/Studium/ros2_ws/install/chatting/include/chatting/chatting
-- Up-to-date: /home/julian/workspace/Studium/ros2_ws/install/chatting/include/chatting/chatting/msg
-- Up-to-date: /home/julian/workspace/Studium/ros2_ws/install/chatting/include/chatting/chatting/msg/detail
-- Up-to-date: /home/julian/workspace/Studium/ros2_ws/install/chatting/include/chatting/chatting/msg/detail/nachricht__type_support.c
-- Up-to-date: /home/julian/workspace/Studium/ros2_ws/install/chatting/include/chatting/chatting/msg/detail/address_book__type_support.c
-- Up-to-date: /home/julian/workspace/Studium/ros2_ws/install/chatting/include/chatting/chatting/msg/detail/address_book__rosidl_typesupport_introspection_c.h
-- Up-to-date: /home/julian/workspace/Studium/ros2_ws/install/chatting/include/chatting/chatting/msg/detail/nachricht__rosidl_typesupport_introspection_c.h
-- Up-to-date: /home/julian/workspace/Studium/ros2_ws/install/chatting/include/chatting/chatting/msg/rosidl_typesupport_introspection_c__visibility_control.h
-- Up-to-date: /home/julian/workspace/Studium/ros2_ws/install/chatting/lib/libchatting__rosidl_typesupport_introspection_c.so
-- Up-to-date: /home/julian/workspace/Studium/ros2_ws/install/chatting/lib/libchatting__rosidl_typesupport_c.so
-- Up-to-date: /home/julian/workspace/Studium/ros2_ws/install/chatting/include/chatting/chatting
-- Up-to-date: /home/julian/workspace/Studium/ros2_ws/install/chatting/include/chatting/chatting/msg
-- Up-to-date: /home/julian/workspace/Studium/ros2_ws/install/chatting/include/chatting/chatting/msg/detail
-- Up-to-date: /home/julian/workspace/Studium/ros2_ws/install/chatting/include/chatting/chatting/msg/detail/nachricht__type_support.cpp
-- Up-to-date: /home/julian/workspace/Studium/ros2_ws/install/chatting/include/chatting/chatting/msg/detail/nachricht__rosidl_typesupport_introspection_cpp.hpp
-- Up-to-date: /home/julian/workspace/Studium/ros2_ws/install/chatting/include/chatting/chatting/msg/detail/address_book__type_support.cpp
-- Up-to-date: /home/julian/workspace/Studium/ros2_ws/install/chatting/include/chatting/chatting/msg/detail/address_book__rosidl_typesupport_introspection_cpp.hpp
-- Up-to-date: /home/julian/workspace/Studium/ros2_ws/install/chatting/lib/libchatting__rosidl_typesupport_introspection_cpp.so
-- Up-to-date: /home/julian/workspace/Studium/ros2_ws/install/chatting/lib/libchatting__rosidl_typesupport_cpp.so
-- Up-to-date: /home/julian/workspace/Studium/ros2_ws/install/chatting/share/chatting/environment/pythonpath.sh
-- Up-to-date: /home/julian/workspace/Studium/ros2_ws/install/chatting/share/chatting/environment/pythonpath.dsv
-- Up-to-date: /home/julian/workspace/Studium/ros2_ws/install/chatting/lib/python3.12/site-packages/chatting-0.0.0-py3.12.egg-info
-- Installing: /home/julian/workspace/Studium/ros2_ws/install/chatting/lib/python3.12/site-packages/chatting-0.0.0-py3.12.egg-info/dependency_links.txt
-- Installing: /home/julian/workspace/Studium/ros2_ws/install/chatting/lib/python3.12/site-packages/chatting-0.0.0-py3.12.egg-info/SOURCES.txt
-- Installing: /home/julian/workspace/Studium/ros2_ws/install/chatting/lib/python3.12/site-packages/chatting-0.0.0-py3.12.egg-info/top_level.txt
-- Installing: /home/julian/workspace/Studium/ros2_ws/install/chatting/lib/python3.12/site-packages/chatting-0.0.0-py3.12.egg-info/PKG-INFO
-- Up-to-date: /home/julian/workspace/Studium/ros2_ws/install/chatting/lib/python3.12/site-packages/chatting
-- Up-to-date: /home/julian/workspace/Studium/ros2_ws/install/chatting/lib/python3.12/site-packages/chatting/_chatting_s.ep.rosidl_typesupport_introspection_c.c
-- Up-to-date: /home/julian/workspace/Studium/ros2_ws/install/chatting/lib/python3.12/site-packages/chatting/chatting_s__rosidl_typesupport_c.so
-- Up-to-date: /home/julian/workspace/Studium/ros2_ws/install/chatting/lib/python3.12/site-packages/chatting/chatting_s__rosidl_typesupport_introspection_c.so
-- Up-to-date: /home/julian/workspace/Studium/ros2_ws/install/chatting/lib/python3.12/site-packages/chatting/chatting_s__rosidl_typesupport_fastrtps_c.so
-- Up-to-date: /home/julian/workspace/Studium/ros2_ws/install/chatting/lib/python3.12/site-packages/chatting/_chatting_s.ep.rosidl_typesupport_c.c
-- Up-to-date: /home/julian/workspace/Studium/ros2_ws/install/chatting/lib/python3.12/site-packages/chatting/_chatting_s.ep.rosidl_typesupport_fastrtps_c.c
-- Up-to-date: /home/julian/workspace/Studium/ros2_ws/install/chatting/lib/python3.12/site-packages/chatting/__init__.py
-- Up-to-date: /home/julian/workspace/Studium/ros2_ws/install/chatting/lib/python3.12/site-packages/chatting/msg
-- Up-to-date: /home/julian/workspace/Studium/ros2_ws/install/chatting/lib/python3.12/site-packages/chatting/msg/_nachricht.py
-- Up-to-date: /home/julian/workspace/Studium/ros2_ws/install/chatting/lib/python3.12/site-packages/chatting/msg/_address_book_s.c
-- Up-to-date: /home/julian/workspace/Studium/ros2_ws/install/chatting/lib/python3.12/site-packages/chatting/msg/_nachricht_s.c
-- Up-to-date: /home/julian/workspace/Studium/ros2_ws/install/chatting/lib/python3.12/site-packages/chatting/msg/_address_book.py
-- Up-to-date: /home/julian/workspace/Studium/ros2_ws/install/chatting/lib/python3.12/site-packages/chatting/msg/__init__.py
Listing '/home/julian/workspace/Studium/ros2_ws/install/chatting/lib/python3.12/site-packages/chatting'...
Listing '/home/julian/workspace/Studium/ros2_ws/install/chatting/lib/python3.12/site-packages/chatting/msg'...
-- Up-to-date: /home/julian/workspace/Studium/ros2_ws/install/chatting/lib/python3.12/site-packages/chatting/chatting_s__rosidl_typesupport_fastrtps_c.so
-- Up-to-date: /home/julian/workspace/Studium/ros2_ws/install/chatting/lib/python3.12/site-packages/chatting/chatting_s__rosidl_typesupport_introspection_c.so
-- Up-to-date: /home/julian/workspace/Studium/ros2_ws/install/chatting/lib/python3.12/site-packages/chatting/chatting_s__rosidl_typesupport_c.so
-- Up-to-date: /home/julian/workspace/Studium/ros2_ws/install/chatting/lib/libchatting__rosidl_generator_py.so
-- Up-to-date: /home/julian/workspace/Studium/ros2_ws/install/chatting/share/chatting/msg/Nachricht.idl
-- Up-to-date: /home/julian/workspace/Studium/ros2_ws/install/chatting/share/chatting/msg/Nachricht.msg
-- Installing: /home/julian/workspace/Studium/ros2_ws/install/chatting/lib/chatting/talker
-- Set non-toolchain portion of runtime path of "/home/julian/workspace/Studium/ros2_ws/install/chatting/lib/chatting/talker" to ""
-- Up-to-date: /home/julian/workspace/Studium/ros2_ws/install/chatting/lib/chatting/listener
-- Up-to-date: /home/julian/workspace/Studium/ros2_ws/install/chatting/share/ament_index/resource_index/package_run_dependencies/chatting
-- Up-to-date: /home/julian/workspace/Studium/ros2_ws/install/chatting/share/ament_index/resource_index/parent_prefix_path/chatting
-- Up-to-date: /home/julian/workspace/Studium/ros2_ws/install/chatting/share/chatting/environment/ament_prefix_path.sh
-- Up-to-date: /home/julian/workspace/Studium/ros2_ws/install/chatting/share/chatting/environment/ament_prefix_path.dsv
-- Up-to-date: /home/julian/workspace/Studium/ros2_ws/install/chatting/share/chatting/environment/path.sh
-- Up-to-date: /home/julian/workspace/Studium/ros2_ws/install/chatting/share/chatting/environment/path.dsv
-- Up-to-date: /home/julian/workspace/Studium/ros2_ws/install/chatting/share/chatting/local_setup.bash
-- Up-to-date: /home/julian/workspace/Studium/ros2_ws/install/chatting/share/chatting/local_setup.sh
-- Up-to-date: /home/julian/workspace/Studium/ros2_ws/install/chatting/share/chatting/local_setup.zsh
-- Up-to-date: /home/julian/workspace/Studium/ros2_ws/install/chatting/share/chatting/local_setup.dsv
-- Installing: /home/julian/workspace/Studium/ros2_ws/install/chatting/share/chatting/package.dsv
-- Up-to-date: /home/julian/workspace/Studium/ros2_ws/install/chatting/share/ament_index/resource_index/packages/chatting
-- Up-to-date: /home/julian/workspace/Studium/ros2_ws/install/chatting/share/chatting/cmake/export_chatting__rosidl_generator_cExport.cmake
-- Up-to-date: /home/julian/workspace/Studium/ros2_ws/install/chatting/share/chatting/cmake/export_chatting__rosidl_generator_cExport-noconfig.cmake
-- Up-to-date: /home/julian/workspace/Studium/ros2_ws/install/chatting/share/chatting/cmake/export_chatting__rosidl_typesupport_fastrtps_cExport.cmake
-- Up-to-date: /home/julian/workspace/Studium/ros2_ws/install/chatting/share/chatting/cmake/export_chatting__rosidl_typesupport_fastrtps_cExport-noconfig.cmake
-- Up-to-date: /home/julian/workspace/Studium/ros2_ws/install/chatting/share/chatting/cmake/export_chatting__rosidl_generator_cppExport.cmake
-- Up-to-date: /home/julian/workspace/Studium/ros2_ws/install/chatting/share/chatting/cmake/export_chatting__rosidl_typesupport_fastrtps_cppExport.cmake
-- Up-to-date: /home/julian/workspace/Studium/ros2_ws/install/chatting/share/chatting/cmake/export_chatting__rosidl_typesupport_fastrtps_cppExport-noconfig.cmake
-- Up-to-date: /home/julian/workspace/Studium/ros2_ws/install/chatting/share/chatting/cmake/chatting__rosidl_typesupport_introspection_cExport.cmake
-- Up-to-date: /home/julian/workspace/Studium/ros2_ws/install/chatting/share/chatting/cmake/chatting__rosidl_typesupport_introspection_cExport-noconfig.cmake
-- Up-to-date: /home/julian/workspace/Studium/ros2_ws/install/chatting/share/chatting/cmake/chatting__rosidl_typesupport_cExport.cmake
-- Up-to-date: /home/julian/workspace/Studium/ros2_ws/install/chatting/share/chatting/cmake/chatting__rosidl_typesupport_cExport-noconfig.cmake
-- Up-to-date: /home/julian/workspace/Studium/ros2_ws/install/chatting/share/chatting/cmake/chatting__rosidl_typesupport_introspection_cppExport.cmake
-- Up-to-date: /home/julian/workspace/Studium/ros2_ws/install/chatting/share/chatting/cmake/chatting__rosidl_typesupport_introspection_cppExport-noconfig.cmake
-- Up-to-date: /home/julian/workspace/Studium/ros2_ws/install/chatting/share/chatting/cmake/chatting__rosidl_typesupport_cppExport.cmake
-- Up-to-date: /home/julian/workspace/Studium/ros2_ws/install/chatting/share/chatting/cmake/chatting__rosidl_typesupport_cppExport-noconfig.cmake
-- Up-to-date: /home/julian/workspace/Studium/ros2_ws/install/chatting/share/chatting/cmake/export_chatting__rosidl_generator_pyExport.cmake
-- Up-to-date: /home/julian/workspace/Studium/ros2_ws/install/chatting/share/chatting/cmake/export_chatting__rosidl_generator_pyExport-noconfig.cmake
-- Up-to-date: /home/julian/workspace/Studium/ros2_ws/install/chatting/share/chatting/cmake/rosidl_cmake-extras.cmake
-- Up-to-date: /home/julian/workspace/Studium/ros2_ws/install/chatting/share/chatting/cmake/ament_cmake_export_include_directories-extras.cmake
-- Up-to-date: /home/julian/workspace/Studium/ros2_ws/install/chatting/share/chatting/cmake/ament_cmake_export_libraries-extras.cmake
-- Up-to-date: /home/julian/workspace/Studium/ros2_ws/install/chatting/share/chatting/cmake/ament_cmake_export_targets-extras.cmake
-- Up-to-date: /home/julian/workspace/Studium/ros2_ws/install/chatting/share/chatting/cmake/rosidl_cmake_export_typesupport_targets-extras.cmake
-- Up-to-date: /home/julian/workspace/Studium/ros2_ws/install/chatting/share/chatting/cmake/ament_cmake_export_dependencies-extras.cmake
-- Up-to-date: /home/julian/workspace/Studium/ros2_ws/install/chatting/share/chatting/cmake/rosidl_cmake_export_typesupport_libraries-extras.cmake
-- Up-to-date: /home/julian/workspace/Studium/ros2_ws/install/chatting/share/chatting/cmake/chattingConfig.cmake
-- Up-to-date: /home/julian/workspace/Studium/ros2_ws/install/chatting/share/chatting/cmake/chattingConfig-version.cmake
-- Up-to-date: /home/julian/workspace/Studium/ros2_ws/install/chatting/share/chatting/package.xml
