[0.028s] Invoking command in '/home/julian/workspace/Studium/ros2_ws/build/chatting': CMAKE_PREFIX_PATH=${CMAKE_PREFIX_PATH}:/home/julian/workspace/Studium/ros2_ws/install/py_pubsub:/home/julian/workspace/Studium/ros2_ws/install/test_controller:/opt/ros/kilted /usr/bin/cmake --build /home/julian/workspace/Studium/ros2_ws/build/chatting -- -j12 -l12
[0.333s] [  2%] Built target chatting__rosidl_generator_type_description
[0.333s] [  2%] Built target ament_cmake_python_copy_chatting
[0.335s] [ 15%] Built target chatting__rosidl_generator_c
[0.336s] [ 18%] Built target chatting__cpp
[0.336s] [ 26%] Built target chatting__rosidl_typesupport_introspection_c
[0.336s] [ 34%] Built target chatting__rosidl_typesupport_c
[0.337s] [ 42%] Built target chatting__rosidl_typesupport_fastrtps_c
[0.337s] [ 50%] Built target chatting__rosidl_typesupport_introspection_cpp
[0.337s] [ 57%] Built target chatting__rosidl_typesupport_cpp
[0.338s] [ 65%] Built target chatting__rosidl_typesupport_fastrtps_cpp
[0.338s] [ 65%] Built target chatting
[0.338s] [ 68%] Built target chatting__py
[0.339s] [ 73%] Built target listener
[0.339s] [ 76%] [32mBuilding CXX object CMakeFiles/talker.dir/src/publisher_lambda_function.cpp.o[0m
[0.339s] [ 81%] Built target chatting__rosidl_generator_py
[0.340s] [ 86%] Built target chatting_s__rosidl_typesupport_c
[0.340s] [ 92%] Built target chatting_s__rosidl_typesupport_fastrtps_c
[0.340s] [ 97%] Built target chatting_s__rosidl_typesupport_introspection_c
[0.344s] running egg_info
[0.361s] writing chatting.egg-info/PKG-INFO
[0.361s] writing dependency_links to chatting.egg-info/dependency_links.txt
[0.362s] writing top-level names to chatting.egg-info/top_level.txt
[0.423s] reading manifest file 'chatting.egg-info/SOURCES.txt'
[0.424s] writing manifest file 'chatting.egg-info/SOURCES.txt'
[0.451s] [ 97%] Built target ament_cmake_python_build_chatting_egg
[4.663s] [100%] [32m[1mLinking CXX executable talker[0m
[4.831s] [100%] Built target talker
[4.842s] Invoked command in '/home/julian/workspace/Studium/ros2_ws/build/chatting' returned '0': CMAKE_PREFIX_PATH=${CMAKE_PREFIX_PATH}:/home/julian/workspace/Studium/ros2_ws/install/py_pubsub:/home/julian/workspace/Studium/ros2_ws/install/test_controller:/opt/ros/kilted /usr/bin/cmake --build /home/julian/workspace/Studium/ros2_ws/build/chatting -- -j12 -l12
[4.842s] Invoking command in '/home/julian/workspace/Studium/ros2_ws/build/chatting': CMAKE_PREFIX_PATH=${CMAKE_PREFIX_PATH}:/home/julian/workspace/Studium/ros2_ws/install/py_pubsub:/home/julian/workspace/Studium/ros2_ws/install/test_controller:/opt/ros/kilted /usr/bin/cmake --install /home/julian/workspace/Studium/ros2_ws/build/chatting
[4.850s] -- Install configuration: ""
[4.851s] -- Up-to-date: /home/julian/workspace/Studium/ros2_ws/install/chatting/share/ament_index/resource_index/rosidl_interfaces/chatting
[4.851s] -- Up-to-date: /home/julian/workspace/Studium/ros2_ws/install/chatting/share/chatting/msg/Nachricht.json
[4.851s] -- Up-to-date: /home/julian/workspace/Studium/ros2_ws/install/chatting/include/chatting/chatting
[4.851s] -- Up-to-date: /home/julian/workspace/Studium/ros2_ws/install/chatting/include/chatting/chatting/msg
[4.851s] -- Up-to-date: /home/julian/workspace/Studium/ros2_ws/install/chatting/include/chatting/chatting/msg/rosidl_generator_c__visibility_control.h
[4.851s] -- Up-to-date: /home/julian/workspace/Studium/ros2_ws/install/chatting/include/chatting/chatting/msg/address_book.h
[4.851s] -- Up-to-date: /home/julian/workspace/Studium/ros2_ws/install/chatting/include/chatting/chatting/msg/detail
[4.851s] -- Up-to-date: /home/julian/workspace/Studium/ros2_ws/install/chatting/include/chatting/chatting/msg/detail/nachricht__functions.c
[4.851s] -- Up-to-date: /home/julian/workspace/Studium/ros2_ws/install/chatting/include/chatting/chatting/msg/detail/address_book__functions.h
[4.851s] -- Up-to-date: /home/julian/workspace/Studium/ros2_ws/install/chatting/include/chatting/chatting/msg/detail/nachricht__type_support.h
[4.851s] -- Up-to-date: /home/julian/workspace/Studium/ros2_ws/install/chatting/include/chatting/chatting/msg/detail/nachricht__struct.h
[4.851s] -- Up-to-date: /home/julian/workspace/Studium/ros2_ws/install/chatting/include/chatting/chatting/msg/detail/nachricht__type_support.c
[4.852s] -- Up-to-date: /home/julian/workspace/Studium/ros2_ws/install/chatting/include/chatting/chatting/msg/detail/address_book__functions.c
[4.852s] -- Up-to-date: /home/julian/workspace/Studium/ros2_ws/install/chatting/include/chatting/chatting/msg/detail/address_book__type_support.c
[4.852s] -- Up-to-date: /home/julian/workspace/Studium/ros2_ws/install/chatting/include/chatting/chatting/msg/detail/address_book__struct.h
[4.852s] -- Up-to-date: /home/julian/workspace/Studium/ros2_ws/install/chatting/include/chatting/chatting/msg/detail/address_book__description.c
[4.852s] -- Up-to-date: /home/julian/workspace/Studium/ros2_ws/install/chatting/include/chatting/chatting/msg/detail/address_book__type_support.h
[4.852s] -- Up-to-date: /home/julian/workspace/Studium/ros2_ws/install/chatting/include/chatting/chatting/msg/detail/nachricht__description.c
[4.852s] -- Up-to-date: /home/julian/workspace/Studium/ros2_ws/install/chatting/include/chatting/chatting/msg/detail/nachricht__functions.h
[4.852s] -- Up-to-date: /home/julian/workspace/Studium/ros2_ws/install/chatting/include/chatting/chatting/msg/nachricht.h
[4.853s] -- Up-to-date: /home/julian/workspace/Studium/ros2_ws/install/chatting/share/chatting/environment/library_path.sh
[4.853s] -- Up-to-date: /home/julian/workspace/Studium/ros2_ws/install/chatting/share/chatting/environment/library_path.dsv
[4.853s] -- Up-to-date: /home/julian/workspace/Studium/ros2_ws/install/chatting/lib/libchatting__rosidl_generator_c.so
[4.853s] -- Up-to-date: /home/julian/workspace/Studium/ros2_ws/install/chatting/include/chatting/chatting
[4.853s] -- Up-to-date: /home/julian/workspace/Studium/ros2_ws/install/chatting/include/chatting/chatting/msg
[4.853s] -- Up-to-date: /home/julian/workspace/Studium/ros2_ws/install/chatting/include/chatting/chatting/msg/detail
[4.853s] -- Up-to-date: /home/julian/workspace/Studium/ros2_ws/install/chatting/include/chatting/chatting/msg/detail/address_book__rosidl_typesupport_fastrtps_c.h
[4.853s] -- Up-to-date: /home/julian/workspace/Studium/ros2_ws/install/chatting/include/chatting/chatting/msg/detail/nachricht__rosidl_typesupport_fastrtps_c.h
[4.853s] -- Up-to-date: /home/julian/workspace/Studium/ros2_ws/install/chatting/include/chatting/chatting/msg/rosidl_typesupport_fastrtps_c__visibility_control.h
[4.853s] -- Up-to-date: /home/julian/workspace/Studium/ros2_ws/install/chatting/lib/libchatting__rosidl_typesupport_fastrtps_c.so
[4.853s] -- Up-to-date: /home/julian/workspace/Studium/ros2_ws/install/chatting/include/chatting/chatting
[4.853s] -- Up-to-date: /home/julian/workspace/Studium/ros2_ws/install/chatting/include/chatting/chatting/msg
[4.853s] -- Up-to-date: /home/julian/workspace/Studium/ros2_ws/install/chatting/include/chatting/chatting/msg/address_book.hpp
[4.853s] -- Up-to-date: /home/julian/workspace/Studium/ros2_ws/install/chatting/include/chatting/chatting/msg/rosidl_generator_cpp__visibility_control.hpp
[4.853s] -- Up-to-date: /home/julian/workspace/Studium/ros2_ws/install/chatting/include/chatting/chatting/msg/nachricht.hpp
[4.853s] -- Up-to-date: /home/julian/workspace/Studium/ros2_ws/install/chatting/include/chatting/chatting/msg/detail
[4.853s] -- Up-to-date: /home/julian/workspace/Studium/ros2_ws/install/chatting/include/chatting/chatting/msg/detail/address_book__builder.hpp
[4.853s] -- Up-to-date: /home/julian/workspace/Studium/ros2_ws/install/chatting/include/chatting/chatting/msg/detail/address_book__struct.hpp
[4.853s] -- Up-to-date: /home/julian/workspace/Studium/ros2_ws/install/chatting/include/chatting/chatting/msg/detail/address_book__type_support.hpp
[4.853s] -- Up-to-date: /home/julian/workspace/Studium/ros2_ws/install/chatting/include/chatting/chatting/msg/detail/nachricht__builder.hpp
[4.853s] -- Up-to-date: /home/julian/workspace/Studium/ros2_ws/install/chatting/include/chatting/chatting/msg/detail/address_book__traits.hpp
[4.853s] -- Up-to-date: /home/julian/workspace/Studium/ros2_ws/install/chatting/include/chatting/chatting/msg/detail/nachricht__struct.hpp
[4.854s] -- Up-to-date: /home/julian/workspace/Studium/ros2_ws/install/chatting/include/chatting/chatting/msg/detail/nachricht__traits.hpp
[4.854s] -- Up-to-date: /home/julian/workspace/Studium/ros2_ws/install/chatting/include/chatting/chatting/msg/detail/nachricht__type_support.hpp
[4.854s] -- Up-to-date: /home/julian/workspace/Studium/ros2_ws/install/chatting/include/chatting/chatting
[4.854s] -- Up-to-date: /home/julian/workspace/Studium/ros2_ws/install/chatting/include/chatting/chatting/msg
[4.854s] -- Up-to-date: /home/julian/workspace/Studium/ros2_ws/install/chatting/include/chatting/chatting/msg/detail
[4.854s] -- Up-to-date: /home/julian/workspace/Studium/ros2_ws/install/chatting/include/chatting/chatting/msg/detail/nachricht__rosidl_typesupport_fastrtps_cpp.hpp
[4.855s] -- Up-to-date: /home/julian/workspace/Studium/ros2_ws/install/chatting/include/chatting/chatting/msg/detail/dds_fastrtps
[4.855s] -- Up-to-date: /home/julian/workspace/Studium/ros2_ws/install/chatting/include/chatting/chatting/msg/detail/address_book__rosidl_typesupport_fastrtps_cpp.hpp
[4.855s] -- Up-to-date: /home/julian/workspace/Studium/ros2_ws/install/chatting/include/chatting/chatting/msg/rosidl_typesupport_fastrtps_cpp__visibility_control.h
[4.855s] -- Up-to-date: /home/julian/workspace/Studium/ros2_ws/install/chatting/lib/libchatting__rosidl_typesupport_fastrtps_cpp.so
[4.855s] -- Up-to-date: /home/julian/workspace/Studium/ros2_ws/install/chatting/include/chatting/chatting
[4.855s] -- Up-to-date: /home/julian/workspace/Studium/ros2_ws/install/chatting/include/chatting/chatting/msg
[4.855s] -- Up-to-date: /home/julian/workspace/Studium/ros2_ws/install/chatting/include/chatting/chatting/msg/detail
[4.855s] -- Up-to-date: /home/julian/workspace/Studium/ros2_ws/install/chatting/include/chatting/chatting/msg/detail/nachricht__type_support.c
[4.855s] -- Up-to-date: /home/julian/workspace/Studium/ros2_ws/install/chatting/include/chatting/chatting/msg/detail/address_book__type_support.c
[4.855s] -- Up-to-date: /home/julian/workspace/Studium/ros2_ws/install/chatting/include/chatting/chatting/msg/detail/address_book__rosidl_typesupport_introspection_c.h
[4.855s] -- Up-to-date: /home/julian/workspace/Studium/ros2_ws/install/chatting/include/chatting/chatting/msg/detail/nachricht__rosidl_typesupport_introspection_c.h
[4.855s] -- Up-to-date: /home/julian/workspace/Studium/ros2_ws/install/chatting/include/chatting/chatting/msg/rosidl_typesupport_introspection_c__visibility_control.h
[4.855s] -- Up-to-date: /home/julian/workspace/Studium/ros2_ws/install/chatting/lib/libchatting__rosidl_typesupport_introspection_c.so
[4.855s] -- Up-to-date: /home/julian/workspace/Studium/ros2_ws/install/chatting/lib/libchatting__rosidl_typesupport_c.so
[4.855s] -- Up-to-date: /home/julian/workspace/Studium/ros2_ws/install/chatting/include/chatting/chatting
[4.856s] -- Up-to-date: /home/julian/workspace/Studium/ros2_ws/install/chatting/include/chatting/chatting/msg
[4.856s] -- Up-to-date: /home/julian/workspace/Studium/ros2_ws/install/chatting/include/chatting/chatting/msg/detail
[4.856s] -- Up-to-date: /home/julian/workspace/Studium/ros2_ws/install/chatting/include/chatting/chatting/msg/detail/nachricht__type_support.cpp
[4.856s] -- Up-to-date: /home/julian/workspace/Studium/ros2_ws/install/chatting/include/chatting/chatting/msg/detail/nachricht__rosidl_typesupport_introspection_cpp.hpp
[4.856s] -- Up-to-date: /home/julian/workspace/Studium/ros2_ws/install/chatting/include/chatting/chatting/msg/detail/address_book__type_support.cpp
[4.856s] -- Up-to-date: /home/julian/workspace/Studium/ros2_ws/install/chatting/include/chatting/chatting/msg/detail/address_book__rosidl_typesupport_introspection_cpp.hpp
[4.856s] -- Up-to-date: /home/julian/workspace/Studium/ros2_ws/install/chatting/lib/libchatting__rosidl_typesupport_introspection_cpp.so
[4.856s] -- Up-to-date: /home/julian/workspace/Studium/ros2_ws/install/chatting/lib/libchatting__rosidl_typesupport_cpp.so
[4.856s] -- Up-to-date: /home/julian/workspace/Studium/ros2_ws/install/chatting/share/chatting/environment/pythonpath.sh
[4.856s] -- Up-to-date: /home/julian/workspace/Studium/ros2_ws/install/chatting/share/chatting/environment/pythonpath.dsv
[4.856s] -- Up-to-date: /home/julian/workspace/Studium/ros2_ws/install/chatting/lib/python3.12/site-packages/chatting-0.0.0-py3.12.egg-info
[4.856s] -- Installing: /home/julian/workspace/Studium/ros2_ws/install/chatting/lib/python3.12/site-packages/chatting-0.0.0-py3.12.egg-info/dependency_links.txt
[4.856s] -- Installing: /home/julian/workspace/Studium/ros2_ws/install/chatting/lib/python3.12/site-packages/chatting-0.0.0-py3.12.egg-info/SOURCES.txt
[4.856s] -- Installing: /home/julian/workspace/Studium/ros2_ws/install/chatting/lib/python3.12/site-packages/chatting-0.0.0-py3.12.egg-info/top_level.txt
[4.856s] -- Installing: /home/julian/workspace/Studium/ros2_ws/install/chatting/lib/python3.12/site-packages/chatting-0.0.0-py3.12.egg-info/PKG-INFO
[4.856s] -- Up-to-date: /home/julian/workspace/Studium/ros2_ws/install/chatting/lib/python3.12/site-packages/chatting
[4.856s] -- Up-to-date: /home/julian/workspace/Studium/ros2_ws/install/chatting/lib/python3.12/site-packages/chatting/_chatting_s.ep.rosidl_typesupport_introspection_c.c
[4.856s] -- Up-to-date: /home/julian/workspace/Studium/ros2_ws/install/chatting/lib/python3.12/site-packages/chatting/chatting_s__rosidl_typesupport_c.so
[4.856s] -- Up-to-date: /home/julian/workspace/Studium/ros2_ws/install/chatting/lib/python3.12/site-packages/chatting/chatting_s__rosidl_typesupport_introspection_c.so
[4.856s] -- Up-to-date: /home/julian/workspace/Studium/ros2_ws/install/chatting/lib/python3.12/site-packages/chatting/chatting_s__rosidl_typesupport_fastrtps_c.so
[4.856s] -- Up-to-date: /home/julian/workspace/Studium/ros2_ws/install/chatting/lib/python3.12/site-packages/chatting/_chatting_s.ep.rosidl_typesupport_c.c
[4.856s] -- Up-to-date: /home/julian/workspace/Studium/ros2_ws/install/chatting/lib/python3.12/site-packages/chatting/_chatting_s.ep.rosidl_typesupport_fastrtps_c.c
[4.856s] -- Up-to-date: /home/julian/workspace/Studium/ros2_ws/install/chatting/lib/python3.12/site-packages/chatting/__init__.py
[4.856s] -- Up-to-date: /home/julian/workspace/Studium/ros2_ws/install/chatting/lib/python3.12/site-packages/chatting/msg
[4.857s] -- Up-to-date: /home/julian/workspace/Studium/ros2_ws/install/chatting/lib/python3.12/site-packages/chatting/msg/_nachricht.py
[4.857s] -- Up-to-date: /home/julian/workspace/Studium/ros2_ws/install/chatting/lib/python3.12/site-packages/chatting/msg/_address_book_s.c
[4.857s] -- Up-to-date: /home/julian/workspace/Studium/ros2_ws/install/chatting/lib/python3.12/site-packages/chatting/msg/_nachricht_s.c
[4.857s] -- Up-to-date: /home/julian/workspace/Studium/ros2_ws/install/chatting/lib/python3.12/site-packages/chatting/msg/_address_book.py
[4.857s] -- Up-to-date: /home/julian/workspace/Studium/ros2_ws/install/chatting/lib/python3.12/site-packages/chatting/msg/__init__.py
[4.887s] Listing '/home/julian/workspace/Studium/ros2_ws/install/chatting/lib/python3.12/site-packages/chatting'...
[4.887s] Listing '/home/julian/workspace/Studium/ros2_ws/install/chatting/lib/python3.12/site-packages/chatting/msg'...
[4.892s] -- Up-to-date: /home/julian/workspace/Studium/ros2_ws/install/chatting/lib/python3.12/site-packages/chatting/chatting_s__rosidl_typesupport_fastrtps_c.so
[4.892s] -- Up-to-date: /home/julian/workspace/Studium/ros2_ws/install/chatting/lib/python3.12/site-packages/chatting/chatting_s__rosidl_typesupport_introspection_c.so
[4.892s] -- Up-to-date: /home/julian/workspace/Studium/ros2_ws/install/chatting/lib/python3.12/site-packages/chatting/chatting_s__rosidl_typesupport_c.so
[4.893s] -- Up-to-date: /home/julian/workspace/Studium/ros2_ws/install/chatting/lib/libchatting__rosidl_generator_py.so
[4.893s] -- Up-to-date: /home/julian/workspace/Studium/ros2_ws/install/chatting/share/chatting/msg/Nachricht.idl
[4.893s] -- Up-to-date: /home/julian/workspace/Studium/ros2_ws/install/chatting/share/chatting/msg/Nachricht.msg
[4.893s] -- Installing: /home/julian/workspace/Studium/ros2_ws/install/chatting/lib/chatting/talker
[4.894s] -- Set non-toolchain portion of runtime path of "/home/julian/workspace/Studium/ros2_ws/install/chatting/lib/chatting/talker" to ""
[4.895s] -- Up-to-date: /home/julian/workspace/Studium/ros2_ws/install/chatting/lib/chatting/listener
[4.895s] -- Up-to-date: /home/julian/workspace/Studium/ros2_ws/install/chatting/share/ament_index/resource_index/package_run_dependencies/chatting
[4.895s] -- Up-to-date: /home/julian/workspace/Studium/ros2_ws/install/chatting/share/ament_index/resource_index/parent_prefix_path/chatting
[4.895s] -- Up-to-date: /home/julian/workspace/Studium/ros2_ws/install/chatting/share/chatting/environment/ament_prefix_path.sh
[4.895s] -- Up-to-date: /home/julian/workspace/Studium/ros2_ws/install/chatting/share/chatting/environment/ament_prefix_path.dsv
[4.895s] -- Up-to-date: /home/julian/workspace/Studium/ros2_ws/install/chatting/share/chatting/environment/path.sh
[4.895s] -- Up-to-date: /home/julian/workspace/Studium/ros2_ws/install/chatting/share/chatting/environment/path.dsv
[4.895s] -- Up-to-date: /home/julian/workspace/Studium/ros2_ws/install/chatting/share/chatting/local_setup.bash
[4.895s] -- Up-to-date: /home/julian/workspace/Studium/ros2_ws/install/chatting/share/chatting/local_setup.sh
[4.895s] -- Up-to-date: /home/julian/workspace/Studium/ros2_ws/install/chatting/share/chatting/local_setup.zsh
[4.896s] -- Up-to-date: /home/julian/workspace/Studium/ros2_ws/install/chatting/share/chatting/local_setup.dsv
[4.896s] -- Installing: /home/julian/workspace/Studium/ros2_ws/install/chatting/share/chatting/package.dsv
[4.896s] -- Up-to-date: /home/julian/workspace/Studium/ros2_ws/install/chatting/share/ament_index/resource_index/packages/chatting
[4.896s] -- Up-to-date: /home/julian/workspace/Studium/ros2_ws/install/chatting/share/chatting/cmake/export_chatting__rosidl_generator_cExport.cmake
[4.896s] -- Up-to-date: /home/julian/workspace/Studium/ros2_ws/install/chatting/share/chatting/cmake/export_chatting__rosidl_generator_cExport-noconfig.cmake
[4.896s] -- Up-to-date: /home/julian/workspace/Studium/ros2_ws/install/chatting/share/chatting/cmake/export_chatting__rosidl_typesupport_fastrtps_cExport.cmake
[4.896s] -- Up-to-date: /home/julian/workspace/Studium/ros2_ws/install/chatting/share/chatting/cmake/export_chatting__rosidl_typesupport_fastrtps_cExport-noconfig.cmake
[4.897s] -- Up-to-date: /home/julian/workspace/Studium/ros2_ws/install/chatting/share/chatting/cmake/export_chatting__rosidl_generator_cppExport.cmake
[4.897s] -- Up-to-date: /home/julian/workspace/Studium/ros2_ws/install/chatting/share/chatting/cmake/export_chatting__rosidl_typesupport_fastrtps_cppExport.cmake
[4.897s] -- Up-to-date: /home/julian/workspace/Studium/ros2_ws/install/chatting/share/chatting/cmake/export_chatting__rosidl_typesupport_fastrtps_cppExport-noconfig.cmake
[4.897s] -- Up-to-date: /home/julian/workspace/Studium/ros2_ws/install/chatting/share/chatting/cmake/chatting__rosidl_typesupport_introspection_cExport.cmake
[4.897s] -- Up-to-date: /home/julian/workspace/Studium/ros2_ws/install/chatting/share/chatting/cmake/chatting__rosidl_typesupport_introspection_cExport-noconfig.cmake
[4.897s] -- Up-to-date: /home/julian/workspace/Studium/ros2_ws/install/chatting/share/chatting/cmake/chatting__rosidl_typesupport_cExport.cmake
[4.897s] -- Up-to-date: /home/julian/workspace/Studium/ros2_ws/install/chatting/share/chatting/cmake/chatting__rosidl_typesupport_cExport-noconfig.cmake
[4.897s] -- Up-to-date: /home/julian/workspace/Studium/ros2_ws/install/chatting/share/chatting/cmake/chatting__rosidl_typesupport_introspection_cppExport.cmake
[4.897s] -- Up-to-date: /home/julian/workspace/Studium/ros2_ws/install/chatting/share/chatting/cmake/chatting__rosidl_typesupport_introspection_cppExport-noconfig.cmake
[4.897s] -- Up-to-date: /home/julian/workspace/Studium/ros2_ws/install/chatting/share/chatting/cmake/chatting__rosidl_typesupport_cppExport.cmake
[4.897s] -- Up-to-date: /home/julian/workspace/Studium/ros2_ws/install/chatting/share/chatting/cmake/chatting__rosidl_typesupport_cppExport-noconfig.cmake
[4.897s] -- Up-to-date: /home/julian/workspace/Studium/ros2_ws/install/chatting/share/chatting/cmake/export_chatting__rosidl_generator_pyExport.cmake
[4.897s] -- Up-to-date: /home/julian/workspace/Studium/ros2_ws/install/chatting/share/chatting/cmake/export_chatting__rosidl_generator_pyExport-noconfig.cmake
[4.897s] -- Up-to-date: /home/julian/workspace/Studium/ros2_ws/install/chatting/share/chatting/cmake/rosidl_cmake-extras.cmake
[4.897s] -- Up-to-date: /home/julian/workspace/Studium/ros2_ws/install/chatting/share/chatting/cmake/ament_cmake_export_include_directories-extras.cmake
[4.897s] -- Up-to-date: /home/julian/workspace/Studium/ros2_ws/install/chatting/share/chatting/cmake/ament_cmake_export_libraries-extras.cmake
[4.897s] -- Up-to-date: /home/julian/workspace/Studium/ros2_ws/install/chatting/share/chatting/cmake/ament_cmake_export_targets-extras.cmake
[4.897s] -- Up-to-date: /home/julian/workspace/Studium/ros2_ws/install/chatting/share/chatting/cmake/rosidl_cmake_export_typesupport_targets-extras.cmake
[4.897s] -- Up-to-date: /home/julian/workspace/Studium/ros2_ws/install/chatting/share/chatting/cmake/ament_cmake_export_dependencies-extras.cmake
[4.897s] -- Up-to-date: /home/julian/workspace/Studium/ros2_ws/install/chatting/share/chatting/cmake/rosidl_cmake_export_typesupport_libraries-extras.cmake
[4.897s] -- Up-to-date: /home/julian/workspace/Studium/ros2_ws/install/chatting/share/chatting/cmake/chattingConfig.cmake
[4.897s] -- Up-to-date: /home/julian/workspace/Studium/ros2_ws/install/chatting/share/chatting/cmake/chattingConfig-version.cmake
[4.897s] -- Up-to-date: /home/julian/workspace/Studium/ros2_ws/install/chatting/share/chatting/package.xml
[4.899s] Invoked command in '/home/julian/workspace/Studium/ros2_ws/build/chatting' returned '0': CMAKE_PREFIX_PATH=${CMAKE_PREFIX_PATH}:/home/julian/workspace/Studium/ros2_ws/install/py_pubsub:/home/julian/workspace/Studium/ros2_ws/install/test_controller:/opt/ros/kilted /usr/bin/cmake --install /home/julian/workspace/Studium/ros2_ws/build/chatting
